[ 2015-07-25T00:00:47+08:00 ] 127.0.0.1 /bmap1/index.php/Home/Suggest/index
INFO: [ app_init ] --START--
INFO: Run Behavior\BuildLiteBehavior [ RunTime:0.000000s ]
INFO: [ app_init ] --END-- [ RunTime:0.000977s ]

[ 2015-07-25T00:01:21+08:00 ] 127.0.0.1 /bmap1/index.php/Home/Suggest/index
INFO: [ app_init ] --START--
INFO: Run Behavior\BuildLiteBehavior [ RunTime:0.000000s ]
INFO: [ app_init ] --END-- [ RunTime:0.001953s ]

[ 2015-07-25T00:02:19+08:00 ] 127.0.0.1 /bmap1/index.php/Home/Suggest/index
INFO: [ app_init ] --START--
INFO: Run Behavior\BuildLiteBehavior [ RunTime:0.000000s ]
INFO: [ app_init ] --END-- [ RunTime:0.000976s ]

[ 2015-07-25T00:02:58+08:00 ] 127.0.0.1 /bmap1/index.php/Home/Suggest/index
INFO: [ app_init ] --START--
INFO: Run Behavior\BuildLiteBehavior [ RunTime:0.000000s ]
INFO: [ app_init ] --END-- [ RunTime:0.000976s ]

[ 2015-07-25T00:03:12+08:00 ] 127.0.0.1 /bmap1/index.php/Home/Suggest/index
INFO: [ app_init ] --START--
INFO: Run Behavior\BuildLiteBehavior [ RunTime:0.000000s ]
INFO: [ app_init ] --END-- [ RunTime:0.000977s ]

[ 2015-07-25T00:17:52+08:00 ] 127.0.0.1 /bmap1/index.php/Home/Suggest/index
INFO: [ app_init ] --START--
INFO: Run Behavior\BuildLiteBehavior [ RunTime:0.000000s ]
INFO: [ app_init ] --END-- [ RunTime:0.000976s ]

[ 2015-07-25T00:34:54+08:00 ] 127.0.0.1 /bmap1/index.php/Home/Suggest/index
INFO: [ app_init ] --START--
INFO: Run Behavior\BuildLiteBehavior [ RunTime:0.000000s ]
INFO: [ app_init ] --END-- [ RunTime:0.000976s ]

[ 2015-07-25T00:35:05+08:00 ] 127.0.0.1 /bmap1/index.php/Home/Suggest/dofileup
INFO: [ app_init ] --START--
INFO: Run Behavior\BuildLiteBehavior [ RunTime:0.000000s ]
INFO: [ app_init ] --END-- [ RunTime:0.000976s ]

[ 2015-07-25T00:35:06+08:00 ] 127.0.0.1 /bmap1/index.php/Home/Suggest/index
INFO: [ app_init ] --START--
INFO: Run Behavior\BuildLiteBehavior [ RunTime:0.000000s ]
INFO: [ app_init ] --END-- [ RunTime:0.000977s ]

[ 2015-07-25T00:36:25+08:00 ] 127.0.0.1 /bmap1/index.php/Home/Suggest/index
INFO: [ app_init ] --START--
INFO: Run Behavior\BuildLiteBehavior [ RunTime:0.000000s ]
INFO: [ app_init ] --END-- [ RunTime:0.000976s ]

[ 2015-07-25T00:36:33+08:00 ] 127.0.0.1 /bmap1/index.php/Home/Suggest/dofileup
INFO: [ app_init ] --START--
INFO: Run Behavior\BuildLiteBehavior [ RunTime:0.000000s ]
INFO: [ app_init ] --END-- [ RunTime:0.000977s ]

[ 2015-07-25T00:36:34+08:00 ] 127.0.0.1 /bmap1/index.php/Home/Suggest/index
INFO: [ app_init ] --START--
INFO: Run Behavior\BuildLiteBehavior [ RunTime:0.000000s ]
INFO: [ app_init ] --END-- [ RunTime:0.000977s ]

[ 2015-07-25T00:39:10+08:00 ] 127.0.0.1 /bmap1/index.php/Home/Suggest/index
INFO: [ app_init ] --START--
INFO: Run Behavior\BuildLiteBehavior [ RunTime:0.000000s ]
INFO: [ app_init ] --END-- [ RunTime:0.000976s ]

[ 2015-07-25T00:39:18+08:00 ] 127.0.0.1 /bmap1/index.php/Home/Suggest/dofileup
INFO: [ app_init ] --START--
INFO: Run Behavior\BuildLiteBehavior [ RunTime:0.000000s ]
INFO: [ app_init ] --END-- [ RunTime:0.000977s ]

[ 2015-07-25T00:39:19+08:00 ] 127.0.0.1 /bmap1/index.php/Home/Suggest/index
INFO: [ app_init ] --START--
INFO: Run Behavior\BuildLiteBehavior [ RunTime:0.000000s ]
INFO: [ app_init ] --END-- [ RunTime:0.001954s ]

[ 2015-07-25T00:41:52+08:00 ] 127.0.0.1 /bmap1/index.php/Home/Suggest/index
INFO: [ app_init ] --START--
INFO: Run Behavior\BuildLiteBehavior [ RunTime:0.000000s ]
INFO: [ app_init ] --END-- [ RunTime:0.000976s ]

[ 2015-07-25T00:41:59+08:00 ] 127.0.0.1 /bmap1/index.php/Home/Suggest/dofileup
INFO: [ app_init ] --START--
INFO: Run Behavior\BuildLiteBehavior [ RunTime:0.000977s ]
INFO: [ app_init ] --END-- [ RunTime:0.001953s ]

[ 2015-07-25T00:45:13+08:00 ] 127.0.0.1 /bmap1/index.php/Home/Suggest/index
INFO: [ app_init ] --START--
INFO: Run Behavior\BuildLiteBehavior [ RunTime:0.000000s ]
INFO: [ app_init ] --END-- [ RunTime:0.000977s ]
ERR: 无法加载控制器:Suggest

[ 2015-07-25T00:45:49+08:00 ] 127.0.0.1 /bmap1/index.php/Home/Suggest/index
INFO: [ app_init ] --START--
INFO: Run Behavior\BuildLiteBehavior [ RunTime:0.000000s ]
INFO: [ app_init ] --END-- [ RunTime:0.000977s ]
ERR: 无法加载控制器:Suggest

[ 2015-07-25T00:46:12+08:00 ] 127.0.0.1 /bmap1/index.php/Home/Suggest/index
INFO: [ app_init ] --START--
INFO: Run Behavior\BuildLiteBehavior [ RunTime:0.000000s ]
INFO: [ app_init ] --END-- [ RunTime:0.000976s ]
ERR: 无法加载控制器:Suggest

[ 2015-07-25T00:47:43+08:00 ] 127.0.0.1 /bmap1/index.php/Home/Login/loginbefore
INFO: [ app_init ] --START--
INFO: Run Behavior\BuildLiteBehavior [ RunTime:0.000000s ]
INFO: [ app_init ] --END-- [ RunTime:0.000977s ]

[ 2015-07-25T00:47:43+08:00 ] 127.0.0.1 /bmap1/index.php/Home/Public/verify
INFO: [ app_init ] --START--
INFO: Run Behavior\BuildLiteBehavior [ RunTime:0.000000s ]
INFO: [ app_init ] --END-- [ RunTime:0.000976s ]

[ 2015-07-25T00:47:46+08:00 ] 127.0.0.1 /bmap1/index.php/Home/Suggestfile/index
INFO: [ app_init ] --START--
INFO: Run Behavior\BuildLiteBehavior [ RunTime:0.000000s ]
INFO: [ app_init ] --END-- [ RunTime:0.000977s ]

[ 2015-07-25T00:47:56+08:00 ] 127.0.0.1 /bmap1/index.php/Home/Suggestfile/dofileup
INFO: [ app_init ] --START--
INFO: Run Behavior\BuildLiteBehavior [ RunTime:0.000000s ]
INFO: [ app_init ] --END-- [ RunTime:0.000976s ]

[ 2015-07-25T00:48:21+08:00 ] 127.0.0.1 /bmap1/index.php/Home/Suggestfile/index
INFO: [ app_init ] --START--
INFO: Run Behavior\BuildLiteBehavior [ RunTime:0.000000s ]
INFO: [ app_init ] --END-- [ RunTime:0.001953s ]

[ 2015-07-25T00:48:28+08:00 ] 127.0.0.1 /bmap1/index.php/Home/Suggestfile/dofileup
INFO: [ app_init ] --START--
INFO: Run Behavior\BuildLiteBehavior [ RunTime:0.000000s ]
INFO: [ app_init ] --END-- [ RunTime:0.000977s ]

[ 2015-07-25T00:50:33+08:00 ] 127.0.0.1 /bmap1/index.php/Home/Suggestfile/index
INFO: [ app_init ] --START--
INFO: Run Behavior\BuildLiteBehavior [ RunTime:0.000000s ]
INFO: [ app_init ] --END-- [ RunTime:0.000977s ]

[ 2015-07-25T00:50:40+08:00 ] 127.0.0.1 /bmap1/index.php/Home/Suggestfile/dofileup
INFO: [ app_init ] --START--
INFO: Run Behavior\BuildLiteBehavior [ RunTime:0.000000s ]
INFO: [ app_init ] --END-- [ RunTime:0.001953s ]

[ 2015-07-25T00:54:43+08:00 ] 127.0.0.1 /bmap1/index.php/Home/Suggestfile/index
INFO: [ app_init ] --START--
INFO: Run Behavior\BuildLiteBehavior [ RunTime:0.000000s ]
INFO: [ app_init ] --END-- [ RunTime:0.000976s ]

[ 2015-07-25T00:54:50+08:00 ] 127.0.0.1 /bmap1/index.php/Home/Suggestfile/dofileup
INFO: [ app_init ] --START--
INFO: Run Behavior\BuildLiteBehavior [ RunTime:0.000000s ]
INFO: [ app_init ] --END-- [ RunTime:0.000976s ]

[ 2015-07-25T00:56:27+08:00 ] 127.0.0.1 /bmap1/index.php/Home/Suggestfile/index
INFO: [ app_init ] --START--
INFO: Run Behavior\BuildLiteBehavior [ RunTime:0.000000s ]
INFO: [ app_init ] --END-- [ RunTime:0.000976s ]

[ 2015-07-25T00:56:34+08:00 ] 127.0.0.1 /bmap1/index.php/Home/Suggestfile/dofileup
INFO: [ app_init ] --START--
INFO: Run Behavior\BuildLiteBehavior [ RunTime:0.000000s ]
INFO: [ app_init ] --END-- [ RunTime:0.001953s ]

[ 2015-07-25T00:58:03+08:00 ] 127.0.0.1 /bmap1/index.php/Home/Suggestfile/index
INFO: [ app_init ] --START--
INFO: Run Behavior\BuildLiteBehavior [ RunTime:0.000000s ]
INFO: [ app_init ] --END-- [ RunTime:0.000977s ]

[ 2015-07-25T00:58:09+08:00 ] 127.0.0.1 /bmap1/index.php/Home/Suggestfile/dofileup
INFO: [ app_init ] --START--
INFO: Run Behavior\BuildLiteBehavior [ RunTime:0.000000s ]
INFO: [ app_init ] --END-- [ RunTime:0.000977s ]

[ 2015-07-25T00:58:38+08:00 ] 127.0.0.1 /bmap1/index.php/Home/Suggestfile/index
INFO: [ app_init ] --START--
INFO: Run Behavior\BuildLiteBehavior [ RunTime:0.000000s ]
INFO: [ app_init ] --END-- [ RunTime:0.000976s ]

[ 2015-07-25T00:58:43+08:00 ] 127.0.0.1 /bmap1/index.php/Home/Suggestfile/dofileup
INFO: [ app_init ] --START--
INFO: Run Behavior\BuildLiteBehavior [ RunTime:0.000000s ]
INFO: [ app_init ] --END-- [ RunTime:0.000976s ]

[ 2015-07-25T00:59:08+08:00 ] 127.0.0.1 /bmap1/index.php/Home/Suggestfile/index
INFO: [ app_init ] --START--
INFO: Run Behavior\BuildLiteBehavior [ RunTime:0.000000s ]
INFO: [ app_init ] --END-- [ RunTime:0.000977s ]

[ 2015-07-25T00:59:13+08:00 ] 127.0.0.1 /bmap1/index.php/Home/Suggestfile/dofileup
INFO: [ app_init ] --START--
INFO: Run Behavior\BuildLiteBehavior [ RunTime:0.000000s ]
INFO: [ app_init ] --END-- [ RunTime:0.000977s ]

[ 2015-07-25T00:59:14+08:00 ] 127.0.0.1 /bmap1/index.php/Home/Suggestfile/index
INFO: [ app_init ] --START--
INFO: Run Behavior\BuildLiteBehavior [ RunTime:0.000000s ]
INFO: [ app_init ] --END-- [ RunTime:0.000977s ]

[ 2015-07-25T01:02:16+08:00 ] 127.0.0.1 /bmap1/index.php/Home/Suggestfile/index
INFO: [ app_init ] --START--
INFO: Run Behavior\BuildLiteBehavior [ RunTime:0.000000s ]
INFO: [ app_init ] --END-- [ RunTime:0.000976s ]

[ 2015-07-25T01:02:21+08:00 ] 127.0.0.1 /bmap1/index.php/Home/Suggestfile/dofileup
INFO: [ app_init ] --START--
INFO: Run Behavior\BuildLiteBehavior [ RunTime:0.000000s ]
INFO: [ app_init ] --END-- [ RunTime:0.000976s ]

[ 2015-07-25T01:03:03+08:00 ] 127.0.0.1 /bmap1/index.php/Home/Suggestfile/index
INFO: [ app_init ] --START--
INFO: Run Behavior\BuildLiteBehavior [ RunTime:0.000000s ]
INFO: [ app_init ] --END-- [ RunTime:0.000977s ]

[ 2015-07-25T01:03:09+08:00 ] 127.0.0.1 /bmap1/index.php/Home/Suggestfile/dofileup
INFO: [ app_init ] --START--
INFO: Run Behavior\BuildLiteBehavior [ RunTime:0.000000s ]
INFO: [ app_init ] --END-- [ RunTime:0.000977s ]

[ 2015-07-25T01:03:10+08:00 ] 127.0.0.1 /bmap1/index.php/Home/Suggestfile/index
INFO: [ app_init ] --START--
INFO: Run Behavior\BuildLiteBehavior [ RunTime:0.000000s ]
INFO: [ app_init ] --END-- [ RunTime:0.000976s ]

[ 2015-07-25T01:07:49+08:00 ] 127.0.0.1 /bmap1/index.php/Home/Suggestfile/index
INFO: [ app_init ] --START--
INFO: Run Behavior\BuildLiteBehavior [ RunTime:0.000000s ]
INFO: [ app_init ] --END-- [ RunTime:0.000976s ]

[ 2015-07-25T01:07:55+08:00 ] 127.0.0.1 /bmap1/index.php/Home/Suggestfile/dofileup
INFO: [ app_init ] --START--
INFO: Run Behavior\BuildLiteBehavior [ RunTime:0.000000s ]
INFO: [ app_init ] --END-- [ RunTime:0.000976s ]

[ 2015-07-25T01:07:57+08:00 ] 127.0.0.1 /bmap1/index.php/Home/Suggestfile/index
INFO: [ app_init ] --START--
INFO: Run Behavior\BuildLiteBehavior [ RunTime:0.000000s ]
INFO: [ app_init ] --END-- [ RunTime:0.000976s ]

[ 2015-07-25T01:10:25+08:00 ] 127.0.0.1 /bmap1/index.php/Home/Suggestfile/index
INFO: [ app_init ] --START--
INFO: Run Behavior\BuildLiteBehavior [ RunTime:0.000000s ]
INFO: [ app_init ] --END-- [ RunTime:0.000977s ]

[ 2015-07-25T01:10:31+08:00 ] 127.0.0.1 /bmap1/index.php/Home/Suggestfile/dofileup
INFO: [ app_init ] --START--
INFO: Run Behavior\BuildLiteBehavior [ RunTime:0.000000s ]
INFO: [ app_init ] --END-- [ RunTime:0.001953s ]

[ 2015-07-25T01:10:32+08:00 ] 127.0.0.1 /bmap1/index.php/Home/Suggestfile/index
INFO: [ app_init ] --START--
INFO: Run Behavior\BuildLiteBehavior [ RunTime:0.000000s ]
INFO: [ app_init ] --END-- [ RunTime:0.000976s ]

[ 2015-07-25T01:16:57+08:00 ] 127.0.0.1 /bmap1/index.php/Home/Suggestfile/index
INFO: [ app_init ] --START--
INFO: Run Behavior\BuildLiteBehavior [ RunTime:0.000000s ]
INFO: [ app_init ] --END-- [ RunTime:0.000977s ]

[ 2015-07-25T01:17:06+08:00 ] 127.0.0.1 /bmap1/index.php/Home/Suggestfile/dofileup
INFO: [ app_init ] --START--
INFO: Run Behavior\BuildLiteBehavior [ RunTime:0.000000s ]
INFO: [ app_init ] --END-- [ RunTime:0.000977s ]

[ 2015-07-25T20:17:59+08:00 ] 127.0.0.1 /bmap1/index.php/Home/Login/loginbefore
INFO: [ app_init ] --START--
INFO: Run Behavior\BuildLiteBehavior [ RunTime:0.000000s ]
INFO: [ app_init ] --END-- [ RunTime:0.000977s ]

[ 2015-07-25T20:17:59+08:00 ] 127.0.0.1 /bmap1/index.php/Home/Public/verify
INFO: [ app_init ] --START--
INFO: Run Behavior\BuildLiteBehavior [ RunTime:0.000000s ]
INFO: [ app_init ] --END-- [ RunTime:0.000976s ]

[ 2015-07-25T20:24:53+08:00 ] 127.0.0.1 /bmap1/index.php/Home/Suggestfile/index
INFO: [ app_init ] --START--
INFO: Run Behavior\BuildLiteBehavior [ RunTime:0.000000s ]
INFO: [ app_init ] --END-- [ RunTime:0.000976s ]

[ 2015-07-25T20:27:14+08:00 ] 127.0.0.1 /bmap1/index.php/Home/Suggestfile/index
INFO: [ app_init ] --START--
INFO: Run Behavior\BuildLiteBehavior [ RunTime:0.000000s ]
INFO: [ app_init ] --END-- [ RunTime:0.000977s ]

[ 2015-07-25T20:27:20+08:00 ] 127.0.0.1 /bmap1/index.php/Home/Suggestfile/dofileup
INFO: [ app_init ] --START--
INFO: Run Behavior\BuildLiteBehavior [ RunTime:0.000000s ]
INFO: [ app_init ] --END-- [ RunTime:0.000977s ]

[ 2015-07-25T20:27:57+08:00 ] 127.0.0.1 /bmap1/index.php/Home/Suggestfile/index
INFO: [ app_init ] --START--
INFO: Run Behavior\BuildLiteBehavior [ RunTime:0.000000s ]
INFO: [ app_init ] --END-- [ RunTime:0.000977s ]

[ 2015-07-25T20:28:02+08:00 ] 127.0.0.1 /bmap1/index.php/Home/Suggestfile/dofileup
INFO: [ app_init ] --START--
INFO: Run Behavior\BuildLiteBehavior [ RunTime:0.000000s ]
INFO: [ app_init ] --END-- [ RunTime:0.000976s ]

[ 2015-07-25T20:28:49+08:00 ] 127.0.0.1 /bmap1/index.php/Home/Suggestfile/index
INFO: [ app_init ] --START--
INFO: Run Behavior\BuildLiteBehavior [ RunTime:0.000000s ]
INFO: [ app_init ] --END-- [ RunTime:0.000976s ]

[ 2015-07-25T20:28:54+08:00 ] 127.0.0.1 /bmap1/index.php/Home/Suggestfile/dofileup
INFO: [ app_init ] --START--
INFO: Run Behavior\BuildLiteBehavior [ RunTime:0.000000s ]
INFO: [ app_init ] --END-- [ RunTime:0.000977s ]

[ 2015-07-25T20:32:02+08:00 ] 127.0.0.1 /bmap1/index.php/Home/Suggestfile/index
INFO: [ app_init ] --START--
INFO: Run Behavior\BuildLiteBehavior [ RunTime:0.000976s ]
INFO: [ app_init ] --END-- [ RunTime:0.000976s ]

[ 2015-07-25T20:32:06+08:00 ] 127.0.0.1 /bmap1/index.php/Home/Suggestfile/dofileup
INFO: [ app_init ] --START--
INFO: Run Behavior\BuildLiteBehavior [ RunTime:0.000000s ]
INFO: [ app_init ] --END-- [ RunTime:0.000977s ]

[ 2015-07-25T20:32:13+08:00 ] 127.0.0.1 /bmap1/index.php/Home/Suggestfile/index
INFO: [ app_init ] --START--
INFO: Run Behavior\BuildLiteBehavior [ RunTime:0.000000s ]
INFO: [ app_init ] --END-- [ RunTime:0.000976s ]

[ 2015-07-25T20:32:21+08:00 ] 127.0.0.1 /bmap1/index.php/Home/Suggestfile/dofileup
INFO: [ app_init ] --START--
INFO: Run Behavior\BuildLiteBehavior [ RunTime:0.000000s ]
INFO: [ app_init ] --END-- [ RunTime:0.001954s ]

[ 2015-07-25T20:32:57+08:00 ] 127.0.0.1 /bmap1/index.php/Home/Suggestfile/index
INFO: [ app_init ] --START--
INFO: Run Behavior\BuildLiteBehavior [ RunTime:0.000976s ]
INFO: [ app_init ] --END-- [ RunTime:0.001953s ]

[ 2015-07-25T20:33:06+08:00 ] 127.0.0.1 /bmap1/index.php/Home/Suggestfile/dofileup
INFO: [ app_init ] --START--
INFO: Run Behavior\BuildLiteBehavior [ RunTime:0.000000s ]
INFO: [ app_init ] --END-- [ RunTime:0.000977s ]

[ 2015-07-25T20:38:03+08:00 ] 127.0.0.1 /bmap1/index.php/Home/Suggestfile/index
INFO: [ app_init ] --START--
INFO: Run Behavior\BuildLiteBehavior [ RunTime:0.000000s ]
INFO: [ app_init ] --END-- [ RunTime:0.000976s ]

[ 2015-07-25T20:38:13+08:00 ] 127.0.0.1 /bmap1/index.php/Home/Suggestfile/dofileup
INFO: [ app_init ] --START--
INFO: Run Behavior\BuildLiteBehavior [ RunTime:0.000000s ]
INFO: [ app_init ] --END-- [ RunTime:0.000976s ]

[ 2015-07-25T20:38:14+08:00 ] 127.0.0.1 /bmap1/index.php/Home/Suggestfile/index
INFO: [ app_init ] --START--
INFO: Run Behavior\BuildLiteBehavior [ RunTime:0.000976s ]
INFO: [ app_init ] --END-- [ RunTime:0.001953s ]

[ 2015-07-25T20:47:09+08:00 ] 127.0.0.1 /bmap1/index.php/Home/Suggestfile/index
INFO: [ app_init ] --START--
INFO: Run Behavior\BuildLiteBehavior [ RunTime:0.000000s ]
INFO: [ app_init ] --END-- [ RunTime:0.000976s ]

[ 2015-07-25T20:47:16+08:00 ] 127.0.0.1 /bmap1/index.php/Home/Suggestfile/dofileup
INFO: [ app_init ] --START--
INFO: Run Behavior\BuildLiteBehavior [ RunTime:0.000000s ]
INFO: [ app_init ] --END-- [ RunTime:0.000976s ]

[ 2015-07-25T20:47:17+08:00 ] 127.0.0.1 /bmap1/index.php/Home/Suggestfile/index
INFO: [ app_init ] --START--
INFO: Run Behavior\BuildLiteBehavior [ RunTime:0.000000s ]
INFO: [ app_init ] --END-- [ RunTime:0.001953s ]

[ 2015-07-25T20:50:09+08:00 ] 127.0.0.1 /bmap1/index.php/Home/Suggestfile/index
INFO: [ app_init ] --START--
INFO: Run Behavior\BuildLiteBehavior [ RunTime:0.000000s ]
INFO: [ app_init ] --END-- [ RunTime:0.000977s ]

[ 2015-07-25T20:50:18+08:00 ] 127.0.0.1 /bmap1/index.php/Home/Suggestfile/index
INFO: [ app_init ] --START--
INFO: Run Behavior\BuildLiteBehavior [ RunTime:0.000000s ]
INFO: [ app_init ] --END-- [ RunTime:0.000976s ]

[ 2015-07-25T20:50:23+08:00 ] 127.0.0.1 /bmap1/index.php/Home/Suggestfile/dofileup
INFO: [ app_init ] --START--
INFO: Run Behavior\BuildLiteBehavior [ RunTime:0.000000s ]
INFO: [ app_init ] --END-- [ RunTime:0.000976s ]

[ 2015-07-25T20:50:24+08:00 ] 127.0.0.1 /bmap1/index.php/Home/Suggestfile/index
INFO: [ app_init ] --START--
INFO: Run Behavior\BuildLiteBehavior [ RunTime:0.000000s ]
INFO: [ app_init ] --END-- [ RunTime:0.001953s ]

[ 2015-07-25T20:54:36+08:00 ] 127.0.0.1 /bmap1/index.php/Home/Suggestfile/index
INFO: [ app_init ] --START--
INFO: Run Behavior\BuildLiteBehavior [ RunTime:0.000000s ]
INFO: [ app_init ] --END-- [ RunTime:0.000976s ]

[ 2015-07-25T20:54:41+08:00 ] 127.0.0.1 /bmap1/index.php/Home/Suggestfile/dofileup
INFO: [ app_init ] --START--
INFO: Run Behavior\BuildLiteBehavior [ RunTime:0.000000s ]
INFO: [ app_init ] --END-- [ RunTime:0.001953s ]

[ 2015-07-25T20:55:02+08:00 ] 127.0.0.1 /bmap1/index.php/Home/Suggestfile/dofileup
INFO: [ app_init ] --START--
INFO: Run Behavior\BuildLiteBehavior [ RunTime:0.000000s ]
INFO: [ app_init ] --END-- [ RunTime:0.000977s ]

[ 2015-07-25T21:01:26+08:00 ] 127.0.0.1 /bmap1/index.php/Home/Suggestfile/index
INFO: [ app_init ] --START--
INFO: Run Behavior\BuildLiteBehavior [ RunTime:0.000000s ]
INFO: [ app_init ] --END-- [ RunTime:0.001953s ]

[ 2015-07-25T21:01:33+08:00 ] 127.0.0.1 /bmap1/index.php/Home/Suggestfile/dofileup
INFO: [ app_init ] --START--
INFO: Run Behavior\BuildLiteBehavior [ RunTime:0.000000s ]
INFO: [ app_init ] --END-- [ RunTime:0.001953s ]
ERR: SQLSTATE[22007]: Invalid datetime format: 7 错误:  无效的类型 date 输入语法: "1437829292"

[ 2015-07-25T21:03:14+08:00 ] 127.0.0.1 /bmap1/index.php/Home/Suggestfile/index
INFO: [ app_init ] --START--
INFO: Run Behavior\BuildLiteBehavior [ RunTime:0.000000s ]
INFO: [ app_init ] --END-- [ RunTime:0.000977s ]

[ 2015-07-25T21:03:20+08:00 ] 127.0.0.1 /bmap1/index.php/Home/Suggestfile/dofileup
INFO: [ app_init ] --START--
INFO: Run Behavior\BuildLiteBehavior [ RunTime:0.000000s ]
INFO: [ app_init ] --END-- [ RunTime:0.000977s ]

[ 2015-07-25T21:11:48+08:00 ] 127.0.0.1 /bmap1/index.php/Home/Suggestfile/index
INFO: [ app_init ] --START--
INFO: Run Behavior\BuildLiteBehavior [ RunTime:0.000000s ]
INFO: [ app_init ] --END-- [ RunTime:0.000977s ]

[ 2015-07-25T21:11:54+08:00 ] 127.0.0.1 /bmap1/index.php/Home/Suggestfile/index/p/2.html
INFO: [ app_init ] --START--
INFO: Run Behavior\BuildLiteBehavior [ RunTime:0.000000s ]
INFO: [ app_init ] --END-- [ RunTime:0.000977s ]

[ 2015-07-25T21:11:57+08:00 ] 127.0.0.1 /bmap1/index.php/Home/Suggestfile/index/p/3.html
INFO: [ app_init ] --START--
INFO: Run Behavior\BuildLiteBehavior [ RunTime:0.000000s ]
INFO: [ app_init ] --END-- [ RunTime:0.000977s ]

[ 2015-07-25T21:12:00+08:00 ] 127.0.0.1 /bmap1/index.php/Home/Suggestfile/index/p/1.html
INFO: [ app_init ] --START--
INFO: Run Behavior\BuildLiteBehavior [ RunTime:0.000000s ]
INFO: [ app_init ] --END-- [ RunTime:0.000977s ]

[ 2015-07-25T21:14:28+08:00 ] 127.0.0.1 /bmap1/index.php/Home/Suggestfile/index/p/2.html
INFO: [ app_init ] --START--
INFO: Run Behavior\BuildLiteBehavior [ RunTime:0.000000s ]
INFO: [ app_init ] --END-- [ RunTime:0.000977s ]

[ 2015-07-25T21:14:54+08:00 ] 127.0.0.1 /bmap1/index.php/Home/Suggestfile/index/p/2.html
INFO: [ app_init ] --START--
INFO: Run Behavior\BuildLiteBehavior [ RunTime:0.000000s ]
INFO: [ app_init ] --END-- [ RunTime:0.000976s ]

[ 2015-07-25T21:15:02+08:00 ] 127.0.0.1 /bmap1/index.php/Home/Suggestfile/index/p/2.html
INFO: [ app_init ] --START--
INFO: Run Behavior\BuildLiteBehavior [ RunTime:0.000000s ]
INFO: [ app_init ] --END-- [ RunTime:0.000976s ]

[ 2015-07-25T21:15:09+08:00 ] 127.0.0.1 /bmap1/index.php/Home/Suggestfile/index/
INFO: [ app_init ] --START--
INFO: Run Behavior\BuildLiteBehavior [ RunTime:0.000000s ]
INFO: [ app_init ] --END-- [ RunTime:0.000976s ]

[ 2015-07-25T21:15:16+08:00 ] 127.0.0.1 /bmap1/index.php/Home/Suggestfile/index/p/3.html
INFO: [ app_init ] --START--
INFO: Run Behavior\BuildLiteBehavior [ RunTime:0.000000s ]
INFO: [ app_init ] --END-- [ RunTime:0.000976s ]

[ 2015-07-25T21:15:21+08:00 ] 127.0.0.1 /bmap1/index.php/Home/Suggestfile/index/
INFO: [ app_init ] --START--
INFO: Run Behavior\BuildLiteBehavior [ RunTime:0.000000s ]
INFO: [ app_init ] --END-- [ RunTime:0.000977s ]

[ 2015-07-25T21:21:40+08:00 ] 127.0.0.1 /bmap1/index.php/Home/Suggestfile/index/p/1.html
INFO: [ app_init ] --START--
INFO: Run Behavior\BuildLiteBehavior [ RunTime:0.000000s ]
INFO: [ app_init ] --END-- [ RunTime:0.000977s ]

[ 2015-07-25T21:21:54+08:00 ] 127.0.0.1 /bmap1/index.php/Home/Suggestfile/dofileup
INFO: [ app_init ] --START--
INFO: Run Behavior\BuildLiteBehavior [ RunTime:0.000000s ]
INFO: [ app_init ] --END-- [ RunTime:0.000977s ]

[ 2015-07-25T21:22:33+08:00 ] 127.0.0.1 /bmap1/index.php/Home/Suggestfile/index/p/3.html
INFO: [ app_init ] --START--
INFO: Run Behavior\BuildLiteBehavior [ RunTime:0.000000s ]
INFO: [ app_init ] --END-- [ RunTime:0.000976s ]

[ 2015-07-25T21:23:27+08:00 ] 127.0.0.1 /bmap1/index.php/Home/Suggestfile/dofileup
INFO: [ app_init ] --START--
INFO: Run Behavior\BuildLiteBehavior [ RunTime:0.000000s ]
INFO: [ app_init ] --END-- [ RunTime:0.000976s ]

[ 2015-07-25T21:23:56+08:00 ] 127.0.0.1 /bmap1/index.php/Home/Suggestfile/index/
INFO: [ app_init ] --START--
INFO: Run Behavior\BuildLiteBehavior [ RunTime:0.000000s ]
INFO: [ app_init ] --END-- [ RunTime:0.000000s ]

[ 2015-07-25T21:24:02+08:00 ] 127.0.0.1 /bmap1/index.php/Home/Suggestfile/dofileup
INFO: [ app_init ] --START--
INFO: Run Behavior\BuildLiteBehavior [ RunTime:0.000000s ]
INFO: [ app_init ] --END-- [ RunTime:0.000976s ]

[ 2015-07-25T21:24:08+08:00 ] 127.0.0.1 /bmap1/index.php/Home/Suggestfile/index/p/3.html
INFO: [ app_init ] --START--
INFO: Run Behavior\BuildLiteBehavior [ RunTime:0.000000s ]
INFO: [ app_init ] --END-- [ RunTime:0.000976s ]

[ 2015-07-25T21:26:19+08:00 ] 127.0.0.1 /bmap1/index.php/Home/Suggestfile/index/
INFO: [ app_init ] --START--
INFO: Run Behavior\BuildLiteBehavior [ RunTime:0.000000s ]
INFO: [ app_init ] --END-- [ RunTime:0.001954s ]

[ 2015-07-25T21:26:24+08:00 ] 127.0.0.1 /bmap1/index.php/Home/Suggestfile/dofileup
INFO: [ app_init ] --START--
INFO: Run Behavior\BuildLiteBehavior [ RunTime:0.000000s ]
INFO: [ app_init ] --END-- [ RunTime:0.000977s ]

[ 2015-07-25T21:26:25+08:00 ] 127.0.0.1 /bmap1/index.php/Home/Suggestfile/index.html
INFO: [ app_init ] --START--
INFO: Run Behavior\BuildLiteBehavior [ RunTime:0.000000s ]
INFO: [ app_init ] --END-- [ RunTime:0.000977s ]

[ 2015-07-25T21:26:37+08:00 ] 127.0.0.1 /bmap1/index.php/Home/Suggestfile/index/p/3.html
INFO: [ app_init ] --START--
INFO: Run Behavior\BuildLiteBehavior [ RunTime:0.000977s ]
INFO: [ app_init ] --END-- [ RunTime:0.001954s ]

[ 2015-07-25T21:27:11+08:00 ] 127.0.0.1 /bmap1/index.php/Home/Suggestfile/dofileup
INFO: [ app_init ] --START--
INFO: Run Behavior\BuildLiteBehavior [ RunTime:0.000000s ]
INFO: [ app_init ] --END-- [ RunTime:0.000976s ]

[ 2015-07-25T21:27:21+08:00 ] 127.0.0.1 /bmap1/index.php/Home/Suggestfile/index/p/3.html
INFO: [ app_init ] --START--
INFO: Run Behavior\BuildLiteBehavior [ RunTime:0.000000s ]
INFO: [ app_init ] --END-- [ RunTime:0.000977s ]

[ 2015-07-25T21:27:25+08:00 ] 127.0.0.1 /bmap1/index.php/Home/Suggestfile/index/p/3.html
INFO: [ app_init ] --START--
INFO: Run Behavior\BuildLiteBehavior [ RunTime:0.000000s ]
INFO: [ app_init ] --END-- [ RunTime:0.000976s ]

[ 2015-07-25T21:29:22+08:00 ] 127.0.0.1 /bmap1/index.php/Home/Suggestfile/index/p/3.html
INFO: [ app_init ] --START--
INFO: Run Behavior\BuildLiteBehavior [ RunTime:0.000000s ]
INFO: [ app_init ] --END-- [ RunTime:0.001953s ]

[ 2015-07-25T21:29:45+08:00 ] 127.0.0.1 /bmap1/index.php/Home/Suggestfile/index/p/3.html
INFO: [ app_init ] --START--
INFO: Run Behavior\BuildLiteBehavior [ RunTime:0.000000s ]
INFO: [ app_init ] --END-- [ RunTime:0.001954s ]

[ 2015-07-25T21:30:20+08:00 ] 127.0.0.1 /bmap1/index.php/Home/Suggestfile/index/p/4.html
INFO: [ app_init ] --START--
INFO: Run Behavior\BuildLiteBehavior [ RunTime:0.000000s ]
INFO: [ app_init ] --END-- [ RunTime:0.000977s ]

[ 2015-07-25T21:30:25+08:00 ] 127.0.0.1 /bmap1/index.php/Home/Suggestfile/index/p/1.html
INFO: [ app_init ] --START--
INFO: Run Behavior\BuildLiteBehavior [ RunTime:0.000000s ]
INFO: [ app_init ] --END-- [ RunTime:0.000977s ]

[ 2015-07-25T21:30:30+08:00 ] 127.0.0.1 /bmap1/index.php/Home/Suggestfile/index/p/2.html
INFO: [ app_init ] --START--
INFO: Run Behavior\BuildLiteBehavior [ RunTime:0.000000s ]
INFO: [ app_init ] --END-- [ RunTime:0.000977s ]

[ 2015-07-25T21:30:38+08:00 ] 127.0.0.1 /bmap1/index.php/Home/Suggestfile/index
INFO: [ app_init ] --START--
INFO: Run Behavior\BuildLiteBehavior [ RunTime:0.000000s ]
INFO: [ app_init ] --END-- [ RunTime:0.000977s ]

[ 2015-07-25T21:34:17+08:00 ] 127.0.0.1 /bmap1/index.php/Home/Suggestfile/index/p/4.html
INFO: [ app_init ] --START--
INFO: Run Behavior\BuildLiteBehavior [ RunTime:0.000000s ]
INFO: [ app_init ] --END-- [ RunTime:0.000977s ]

[ 2015-07-25T21:34:27+08:00 ] 127.0.0.1 /bmap1/index.php/Home/Suggestfile/index.html
INFO: [ app_init ] --START--
INFO: Run Behavior\BuildLiteBehavior [ RunTime:0.000000s ]
INFO: [ app_init ] --END-- [ RunTime:0.001953s ]

[ 2015-07-25T21:34:49+08:00 ] 127.0.0.1 /bmap1/index.php/Home/Suggestfile/index.html
INFO: [ app_init ] --START--
INFO: Run Behavior\BuildLiteBehavior [ RunTime:0.000000s ]
INFO: [ app_init ] --END-- [ RunTime:0.000976s ]

[ 2015-07-25T21:34:56+08:00 ] 127.0.0.1 /bmap1/index.php/Home/Suggestfile/index.html
INFO: [ app_init ] --START--
INFO: Run Behavior\BuildLiteBehavior [ RunTime:0.000000s ]
INFO: [ app_init ] --END-- [ RunTime:0.000977s ]

[ 2015-07-25T21:34:59+08:00 ] 127.0.0.1 /bmap1/index.php/Home/Suggestfile/index.html
INFO: [ app_init ] --START--
INFO: Run Behavior\BuildLiteBehavior [ RunTime:0.000000s ]
INFO: [ app_init ] --END-- [ RunTime:0.001953s ]

[ 2015-07-25T21:38:01+08:00 ] 127.0.0.1 /bmap1/index.php/Home/Suggestfile/index.html
INFO: [ app_init ] --START--
INFO: Run Behavior\BuildLiteBehavior [ RunTime:0.000000s ]
INFO: [ app_init ] --END-- [ RunTime:0.000977s ]

[ 2015-07-25T21:38:02+08:00 ] 127.0.0.1 /bmap1/index.php/Home/Suggestfile/index.html
INFO: [ app_init ] --START--
INFO: Run Behavior\BuildLiteBehavior [ RunTime:0.000000s ]
INFO: [ app_init ] --END-- [ RunTime:0.000976s ]

[ 2015-07-25T21:38:34+08:00 ] 127.0.0.1 /bmap1/index.php/Home/Suggestfile/index.html
INFO: [ app_init ] --START--
INFO: Run Behavior\BuildLiteBehavior [ RunTime:0.000000s ]
INFO: [ app_init ] --END-- [ RunTime:0.000977s ]

[ 2015-07-25T21:40:21+08:00 ] 127.0.0.1 /bmap1/index.php/Home/Suggestfile/index.html
INFO: [ app_init ] --START--
INFO: Run Behavior\BuildLiteBehavior [ RunTime:0.000000s ]
INFO: [ app_init ] --END-- [ RunTime:0.003906s ]

[ 2015-07-25T21:40:25+08:00 ] 127.0.0.1 /bmap1/index.php/Home/Suggestfile/index.html
INFO: [ app_init ] --START--
INFO: Run Behavior\BuildLiteBehavior [ RunTime:0.000000s ]
INFO: [ app_init ] --END-- [ RunTime:0.000977s ]

[ 2015-07-25T21:41:54+08:00 ] 127.0.0.1 /bmap1/index.php/Home/Suggestfile/index.html
INFO: [ app_init ] --START--
INFO: Run Behavior\BuildLiteBehavior [ RunTime:0.000000s ]
INFO: [ app_init ] --END-- [ RunTime:0.000976s ]

[ 2015-07-25T21:42:30+08:00 ] 127.0.0.1 /bmap1/index.php/Home/Login/loginbefore
INFO: [ app_init ] --START--
INFO: Run Behavior\BuildLiteBehavior [ RunTime:0.000000s ]
INFO: [ app_init ] --END-- [ RunTime:0.000977s ]

[ 2015-07-25T21:42:31+08:00 ] 127.0.0.1 /bmap1/index.php/Home/Public/verify
INFO: [ app_init ] --START--
INFO: Run Behavior\BuildLiteBehavior [ RunTime:0.000000s ]
INFO: [ app_init ] --END-- [ RunTime:0.001954s ]

[ 2015-07-25T21:42:35+08:00 ] 127.0.0.1 /bmap1/index.php/Home/Projects/index
INFO: [ app_init ] --START--
INFO: Run Behavior\BuildLiteBehavior [ RunTime:0.000000s ]
INFO: [ app_init ] --END-- [ RunTime:0.000977s ]

[ 2015-07-25T21:45:26+08:00 ] 127.0.0.1 /bmap1/index.php/Home/Projects/index
INFO: [ app_init ] --START--
INFO: Run Behavior\BuildLiteBehavior [ RunTime:0.000000s ]
INFO: [ app_init ] --END-- [ RunTime:0.002930s ]

[ 2015-07-25T21:45:30+08:00 ] 127.0.0.1 /bmap1/index.php/Home/Projects/index
INFO: [ app_init ] --START--
INFO: Run Behavior\BuildLiteBehavior [ RunTime:0.000000s ]
INFO: [ app_init ] --END-- [ RunTime:0.001953s ]

[ 2015-07-25T21:45:33+08:00 ] 127.0.0.1 /bmap1/index.php/Home/Suggestfile/index.html
INFO: [ app_init ] --START--
INFO: Run Behavior\BuildLiteBehavior [ RunTime:0.000000s ]
INFO: [ app_init ] --END-- [ RunTime:0.000977s ]

[ 2015-07-25T21:47:00+08:00 ] 127.0.0.1 /bmap1/index.php/Home/Suggestfile/index.html
INFO: [ app_init ] --START--
INFO: Run Behavior\BuildLiteBehavior [ RunTime:0.000000s ]
INFO: [ app_init ] --END-- [ RunTime:0.000977s ]

[ 2015-07-25T21:47:25+08:00 ] 127.0.0.1 /bmap1/index.php/Home/Suggestfile/index.html
INFO: [ app_init ] --START--
INFO: Run Behavior\BuildLiteBehavior [ RunTime:0.000000s ]
INFO: [ app_init ] --END-- [ RunTime:0.000976s ]

[ 2015-07-25T21:48:58+08:00 ] 127.0.0.1 /bmap1/index.php/Home/Suggestfile/index.html
INFO: [ app_init ] --START--
INFO: Run Behavior\BuildLiteBehavior [ RunTime:0.000000s ]
INFO: [ app_init ] --END-- [ RunTime:0.001954s ]

[ 2015-07-25T21:49:23+08:00 ] 127.0.0.1 /bmap1/index.php/Home/Suggestfile/index.html
INFO: [ app_init ] --START--
INFO: Run Behavior\BuildLiteBehavior [ RunTime:0.000000s ]
INFO: [ app_init ] --END-- [ RunTime:0.000976s ]

[ 2015-07-25T21:50:44+08:00 ] 127.0.0.1 /bmap1/index.php/Home/Suggestfile/index.html
INFO: [ app_init ] --START--
INFO: Run Behavior\BuildLiteBehavior [ RunTime:0.000000s ]
INFO: [ app_init ] --END-- [ RunTime:0.000976s ]

[ 2015-07-25T21:51:04+08:00 ] 127.0.0.1 /bmap1/index.php/Home/Login/loginbefore
INFO: [ app_init ] --START--
INFO: Run Behavior\BuildLiteBehavior [ RunTime:0.000000s ]
INFO: [ app_init ] --END-- [ RunTime:0.000977s ]

[ 2015-07-25T21:51:05+08:00 ] 127.0.0.1 /bmap1/index.php/Home/Public/verify
INFO: [ app_init ] --START--
INFO: Run Behavior\BuildLiteBehavior [ RunTime:0.000000s ]
INFO: [ app_init ] --END-- [ RunTime:0.000977s ]

[ 2015-07-25T21:51:50+08:00 ] 127.0.0.1 /bmap1/index.php/Home/Suggestfile/index
INFO: [ app_init ] --START--
INFO: Run Behavior\BuildLiteBehavior [ RunTime:0.000000s ]
INFO: [ app_init ] --END-- [ RunTime:0.000977s ]

[ 2015-07-25T21:52:01+08:00 ] 127.0.0.1 /bmap1/index.php/Home/Login/loginbefore
INFO: [ app_init ] --START--
INFO: Run Behavior\BuildLiteBehavior [ RunTime:0.000000s ]
INFO: [ app_init ] --END-- [ RunTime:0.001953s ]

[ 2015-07-25T21:52:01+08:00 ] 127.0.0.1 /bmap1/index.php/Home/Public/verify
INFO: [ app_init ] --START--
INFO: Run Behavior\BuildLiteBehavior [ RunTime:0.000000s ]
INFO: [ app_init ] --END-- [ RunTime:0.000977s ]

[ 2015-07-25T21:52:32+08:00 ] 127.0.0.1 /bmap1/index.php/Home/Suggestfile/index
INFO: [ app_init ] --START--
INFO: Run Behavior\BuildLiteBehavior [ RunTime:0.000000s ]
INFO: [ app_init ] --END-- [ RunTime:0.000977s ]

[ 2015-07-25T21:52:33+08:00 ] 127.0.0.1 /bmap1/index.php/Home/Suggestfile/index
INFO: [ app_init ] --START--
INFO: Run Behavior\BuildLiteBehavior [ RunTime:0.000976s ]
INFO: [ app_init ] --END-- [ RunTime:0.000976s ]

[ 2015-07-25T21:53:34+08:00 ] 127.0.0.1 /bmap1/index.php/Home/Suggestfile/index
INFO: [ app_init ] --START--
INFO: Run Behavior\BuildLiteBehavior [ RunTime:0.000000s ]
INFO: [ app_init ] --END-- [ RunTime:0.000977s ]

[ 2015-07-25T21:53:36+08:00 ] 127.0.0.1 /bmap1/index.php/Home/Suggestfile/index
INFO: [ app_init ] --START--
INFO: Run Behavior\BuildLiteBehavior [ RunTime:0.000000s ]
INFO: [ app_init ] --END-- [ RunTime:0.000977s ]

[ 2015-07-25T21:53:37+08:00 ] 127.0.0.1 /bmap1/index.php/Home/Suggestfile/index
INFO: [ app_init ] --START--
INFO: Run Behavior\BuildLiteBehavior [ RunTime:0.000000s ]
INFO: [ app_init ] --END-- [ RunTime:0.000976s ]

[ 2015-07-25T21:54:23+08:00 ] 127.0.0.1 /bmap1/index.php/Home/Suggestfile/index
INFO: [ app_init ] --START--
INFO: Run Behavior\BuildLiteBehavior [ RunTime:0.000000s ]
INFO: [ app_init ] --END-- [ RunTime:0.000977s ]

[ 2015-07-25T21:54:25+08:00 ] 127.0.0.1 /bmap1/index.php/Home/Suggestfile/index
INFO: [ app_init ] --START--
INFO: Run Behavior\BuildLiteBehavior [ RunTime:0.000000s ]
INFO: [ app_init ] --END-- [ RunTime:0.000977s ]

[ 2015-07-25T21:54:39+08:00 ] 127.0.0.1 /bmap1/index.php/Home/Suggestfile/index
INFO: [ app_init ] --START--
INFO: Run Behavior\BuildLiteBehavior [ RunTime:0.000000s ]
INFO: [ app_init ] --END-- [ RunTime:0.000976s ]

[ 2015-07-25T21:54:42+08:00 ] 127.0.0.1 /bmap1/index.php/Home/Suggestfile/index
INFO: [ app_init ] --START--
INFO: Run Behavior\BuildLiteBehavior [ RunTime:0.000000s ]
INFO: [ app_init ] --END-- [ RunTime:0.000977s ]

[ 2015-07-25T21:58:10+08:00 ] 127.0.0.1 /bmap1/index.php/Home/Suggestfile/index
INFO: [ app_init ] --START--
INFO: Run Behavior\BuildLiteBehavior [ RunTime:0.000000s ]
INFO: [ app_init ] --END-- [ RunTime:0.000976s ]

[ 2015-07-25T21:59:21+08:00 ] 127.0.0.1 /bmap1/index.php/Home/Projects/index
INFO: [ app_init ] --START--
INFO: Run Behavior\BuildLiteBehavior [ RunTime:0.000000s ]
INFO: [ app_init ] --END-- [ RunTime:0.000977s ]

[ 2015-07-25T21:59:27+08:00 ] 127.0.0.1 /bmap1/index.php/Home/Suggestfile/index
INFO: [ app_init ] --START--
INFO: Run Behavior\BuildLiteBehavior [ RunTime:0.000977s ]
INFO: [ app_init ] --END-- [ RunTime:0.000977s ]

[ 2015-07-25T22:07:30+08:00 ] 127.0.0.1 /bmap1/index.php/Home/Suggestfile/index
INFO: [ app_init ] --START--
INFO: Run Behavior\BuildLiteBehavior [ RunTime:0.000000s ]
INFO: [ app_init ] --END-- [ RunTime:0.000976s ]

[ 2015-07-25T22:08:33+08:00 ] 127.0.0.1 /bmap1/index.php/Home/Suggestfile/index
INFO: [ app_init ] --START--
INFO: Run Behavior\BuildLiteBehavior [ RunTime:0.000000s ]
INFO: [ app_init ] --END-- [ RunTime:0.000977s ]

[ 2015-07-25T22:09:33+08:00 ] 127.0.0.1 /bmap1/index.php/Home/Suggestfile/index
INFO: [ app_init ] --START--
INFO: Run Behavior\BuildLiteBehavior [ RunTime:0.000000s ]
INFO: [ app_init ] --END-- [ RunTime:0.001953s ]

[ 2015-07-25T22:09:01+08:00 ] 127.0.0.1 /bmap1/index.php/Home/Suggestfile/index
INFO: [ app_init ] --START--
INFO: Run Behavior\BuildLiteBehavior [ RunTime:0.000000s ]
INFO: [ app_init ] --END-- [ RunTime:0.000976s ]

[ 2015-07-25T22:09:04+08:00 ] 127.0.0.1 /bmap1/index.php/Home/Suggestfile/index
INFO: [ app_init ] --START--
INFO: Run Behavior\BuildLiteBehavior [ RunTime:0.000000s ]
INFO: [ app_init ] --END-- [ RunTime:0.001953s ]

[ 2015-07-25T22:10:41+08:00 ] 127.0.0.1 /bmap1/index.php/Home/Suggestfile/index
INFO: [ app_init ] --START--
INFO: Run Behavior\BuildLiteBehavior [ RunTime:0.000000s ]
INFO: [ app_init ] --END-- [ RunTime:0.000977s ]

[ 2015-07-25T22:10:44+08:00 ] 127.0.0.1 /bmap1/index.php/Home/Suggestfile/index
INFO: [ app_init ] --START--
INFO: Run Behavior\BuildLiteBehavior [ RunTime:0.000000s ]
INFO: [ app_init ] --END-- [ RunTime:0.000976s ]

[ 2015-07-25T22:12:09+08:00 ] 127.0.0.1 /bmap1/index.php/Home/Suggestfile/index
INFO: [ app_init ] --START--
INFO: Run Behavior\BuildLiteBehavior [ RunTime:0.000000s ]
INFO: [ app_init ] --END-- [ RunTime:0.000977s ]

[ 2015-07-25T22:12:10+08:00 ] 127.0.0.1 /bmap1/index.php/Home/Suggestfile/index
INFO: [ app_init ] --START--
INFO: Run Behavior\BuildLiteBehavior [ RunTime:0.000000s ]
INFO: [ app_init ] --END-- [ RunTime:0.000976s ]

[ 2015-07-25T22:14:21+08:00 ] 127.0.0.1 /bmap1/index.php/Home/Suggestfile/index
INFO: [ app_init ] --START--
INFO: Run Behavior\BuildLiteBehavior [ RunTime:0.000000s ]
INFO: [ app_init ] --END-- [ RunTime:0.001953s ]

[ 2015-07-25T22:14:41+08:00 ] 127.0.0.1 /bmap1/index.php/Home/Suggestfile/index
INFO: [ app_init ] --START--
INFO: Run Behavior\BuildLiteBehavior [ RunTime:0.000000s ]
INFO: [ app_init ] --END-- [ RunTime:0.001953s ]

[ 2015-07-25T22:15:03+08:00 ] 127.0.0.1 /bmap1/index.php/Home/Suggestfile/index
INFO: [ app_init ] --START--
INFO: Run Behavior\BuildLiteBehavior [ RunTime:0.000000s ]
INFO: [ app_init ] --END-- [ RunTime:0.000976s ]

[ 2015-07-25T22:20:45+08:00 ] 127.0.0.1 /bmap1/index.php/Home/Suggestfile/index
INFO: [ app_init ] --START--
INFO: Run Behavior\BuildLiteBehavior [ RunTime:0.000000s ]
INFO: [ app_init ] --END-- [ RunTime:0.000977s ]

[ 2015-07-25T22:21:04+08:00 ] 127.0.0.1 /bmap1/index.php/Home/Suggestfile/index
INFO: [ app_init ] --START--
INFO: Run Behavior\BuildLiteBehavior [ RunTime:0.000000s ]
INFO: [ app_init ] --END-- [ RunTime:0.001953s ]

[ 2015-07-25T22:21:07+08:00 ] 127.0.0.1 /bmap1/index.php/Home/Suggestfile/index
INFO: [ app_init ] --START--
INFO: Run Behavior\BuildLiteBehavior [ RunTime:0.000000s ]
INFO: [ app_init ] --END-- [ RunTime:0.000977s ]

[ 2015-07-25T22:22:36+08:00 ] 127.0.0.1 /bmap1/index.php/Home/Suggestfile/index
INFO: [ app_init ] --START--
INFO: Run Behavior\BuildLiteBehavior [ RunTime:0.000000s ]
INFO: [ app_init ] --END-- [ RunTime:0.000977s ]

[ 2015-07-25T22:22:39+08:00 ] 127.0.0.1 /bmap1/index.php/Home/Suggestfile/index
INFO: [ app_init ] --START--
INFO: Run Behavior\BuildLiteBehavior [ RunTime:0.000000s ]
INFO: [ app_init ] --END-- [ RunTime:0.000977s ]

[ 2015-07-25T22:23:35+08:00 ] 127.0.0.1 /bmap1/index.php/Home/Suggestfile/index
INFO: [ app_init ] --START--
INFO: Run Behavior\BuildLiteBehavior [ RunTime:0.000000s ]
INFO: [ app_init ] --END-- [ RunTime:0.000977s ]

[ 2015-07-25T22:24:08+08:00 ] 127.0.0.1 /bmap1/index.php/Home/Suggestfile/index
INFO: [ app_init ] --START--
INFO: Run Behavior\BuildLiteBehavior [ RunTime:0.000000s ]
INFO: [ app_init ] --END-- [ RunTime:0.001953s ]

[ 2015-07-25T22:24:11+08:00 ] 127.0.0.1 /bmap1/index.php/Home/Suggestfile/index
INFO: [ app_init ] --START--
INFO: Run Behavior\BuildLiteBehavior [ RunTime:0.000000s ]
INFO: [ app_init ] --END-- [ RunTime:0.000977s ]

[ 2015-07-25T22:25:16+08:00 ] 127.0.0.1 /bmap1/index.php/Home/Suggestfile/index
INFO: [ app_init ] --START--
INFO: Run Behavior\BuildLiteBehavior [ RunTime:0.000000s ]
INFO: [ app_init ] --END-- [ RunTime:0.000976s ]

[ 2015-07-25T22:25:30+08:00 ] 127.0.0.1 /bmap1/index.php/Home/Suggestfile/index
INFO: [ app_init ] --START--
INFO: Run Behavior\BuildLiteBehavior [ RunTime:0.000000s ]
INFO: [ app_init ] --END-- [ RunTime:0.000976s ]

[ 2015-07-25T22:25:33+08:00 ] 127.0.0.1 /bmap1/index.php/Home/Projects/index
INFO: [ app_init ] --START--
INFO: Run Behavior\BuildLiteBehavior [ RunTime:0.000000s ]
INFO: [ app_init ] --END-- [ RunTime:0.000000s ]

[ 2015-07-25T22:25:41+08:00 ] 127.0.0.1 /bmap1/index.php/Home/Suggestfile/index
INFO: [ app_init ] --START--
INFO: Run Behavior\BuildLiteBehavior [ RunTime:0.000000s ]
INFO: [ app_init ] --END-- [ RunTime:0.000977s ]

[ 2015-07-25T22:25:44+08:00 ] 127.0.0.1 /bmap1/index.php/Home/Suggestfile/index
INFO: [ app_init ] --START--
INFO: Run Behavior\BuildLiteBehavior [ RunTime:0.000000s ]
INFO: [ app_init ] --END-- [ RunTime:0.000976s ]

[ 2015-07-25T22:28:46+08:00 ] 127.0.0.1 /bmap1/index.php/Home/Suggestfile/index
INFO: [ app_init ] --START--
INFO: Run Behavior\BuildLiteBehavior [ RunTime:0.000000s ]
INFO: [ app_init ] --END-- [ RunTime:0.000976s ]

[ 2015-07-25T22:28:57+08:00 ] 127.0.0.1 /bmap1/index.php/Home/Suggestfile/index
INFO: [ app_init ] --START--
INFO: Run Behavior\BuildLiteBehavior [ RunTime:0.000000s ]
INFO: [ app_init ] --END-- [ RunTime:0.000976s ]

[ 2015-07-25T22:30:18+08:00 ] 127.0.0.1 /bmap1/index.php/Home/Suggestfile/index
INFO: [ app_init ] --START--
INFO: Run Behavior\BuildLiteBehavior [ RunTime:0.000000s ]
INFO: [ app_init ] --END-- [ RunTime:0.000977s ]

[ 2015-07-25T22:32:08+08:00 ] 127.0.0.1 /bmap1/index.php/Home/Suggestfile/index
INFO: [ app_init ] --START--
INFO: Run Behavior\BuildLiteBehavior [ RunTime:0.000000s ]
INFO: [ app_init ] --END-- [ RunTime:0.000977s ]

[ 2015-07-25T22:32:20+08:00 ] 127.0.0.1 /bmap1/index.php/Home/Suggestfile/index/p/4.html
INFO: [ app_init ] --START--
INFO: Run Behavior\BuildLiteBehavior [ RunTime:0.000976s ]
INFO: [ app_init ] --END-- [ RunTime:0.001953s ]

[ 2015-07-25T22:32:24+08:00 ] 127.0.0.1 /bmap1/index.php/Home/Suggestfile/index/p/3.html
INFO: [ app_init ] --START--
INFO: Run Behavior\BuildLiteBehavior [ RunTime:0.000000s ]
INFO: [ app_init ] --END-- [ RunTime:0.000976s ]

[ 2015-07-25T22:32:27+08:00 ] 127.0.0.1 /bmap1/index.php/Home/Suggestfile/index/p/2.html
INFO: [ app_init ] --START--
INFO: Run Behavior\BuildLiteBehavior [ RunTime:0.000000s ]
INFO: [ app_init ] --END-- [ RunTime:0.000976s ]

[ 2015-07-25T22:32:31+08:00 ] 127.0.0.1 /bmap1/index.php/Home/Suggestfile/index/p/1.html
INFO: [ app_init ] --START--
INFO: Run Behavior\BuildLiteBehavior [ RunTime:0.000000s ]
INFO: [ app_init ] --END-- [ RunTime:0.000977s ]

[ 2015-07-25T22:32:33+08:00 ] 127.0.0.1 /bmap1/index.php/Home/Suggestfile/index/p/1.html
INFO: [ app_init ] --START--
INFO: Run Behavior\BuildLiteBehavior [ RunTime:0.000000s ]
INFO: [ app_init ] --END-- [ RunTime:0.001954s ]

[ 2015-07-25T22:35:51+08:00 ] 127.0.0.1 /bmap1/index.php/Home/Suggestfile/index/p/1.html
INFO: [ app_init ] --START--
INFO: Run Behavior\BuildLiteBehavior [ RunTime:0.000000s ]
INFO: [ app_init ] --END-- [ RunTime:0.000976s ]

[ 2015-07-25T22:35:56+08:00 ] 127.0.0.1 /bmap1/index.php/Home/Suggestfile/index/
INFO: [ app_init ] --START--
INFO: Run Behavior\BuildLiteBehavior [ RunTime:0.000000s ]
INFO: [ app_init ] --END-- [ RunTime:0.000976s ]

[ 2015-07-25T22:35:58+08:00 ] 127.0.0.1 /bmap1/index.php/Home/Suggestfile/index/
INFO: [ app_init ] --START--
INFO: Run Behavior\BuildLiteBehavior [ RunTime:0.000000s ]
INFO: [ app_init ] --END-- [ RunTime:0.000976s ]

[ 2015-07-25T22:36:01+08:00 ] 127.0.0.1 /bmap1/index.php/Home/Suggestfile/index/
INFO: [ app_init ] --START--
INFO: Run Behavior\BuildLiteBehavior [ RunTime:0.000000s ]
INFO: [ app_init ] --END-- [ RunTime:0.000977s ]

[ 2015-07-25T22:36:18+08:00 ] 127.0.0.1 /bmap1/index.php/Home/Suggestfile/index/
INFO: [ app_init ] --START--
INFO: Run Behavior\BuildLiteBehavior [ RunTime:0.000000s ]
INFO: [ app_init ] --END-- [ RunTime:0.000977s ]

[ 2015-07-25T22:36:21+08:00 ] 127.0.0.1 /bmap1/index.php/Home/Suggestfile/index/
INFO: [ app_init ] --START--
INFO: Run Behavior\BuildLiteBehavior [ RunTime:0.000000s ]
INFO: [ app_init ] --END-- [ RunTime:0.000000s ]

[ 2015-07-25T22:44:03+08:00 ] 127.0.0.1 /bmap1/index.php/Home/Suggestfile/index/
INFO: [ app_init ] --START--
INFO: Run Behavior\BuildLiteBehavior [ RunTime:0.000000s ]
INFO: [ app_init ] --END-- [ RunTime:0.000976s ]

[ 2015-07-25T22:44:33+08:00 ] 127.0.0.1 /bmap1/index.php/Home/Suggestfile/index/
INFO: [ app_init ] --START--
INFO: Run Behavior\BuildLiteBehavior [ RunTime:0.000000s ]
INFO: [ app_init ] --END-- [ RunTime:0.001953s ]

[ 2015-07-25T22:45:24+08:00 ] 127.0.0.1 /bmap1/index.php/Home/Suggestfile/index/
INFO: [ app_init ] --START--
INFO: Run Behavior\BuildLiteBehavior [ RunTime:0.000000s ]
INFO: [ app_init ] --END-- [ RunTime:0.000977s ]

[ 2015-07-25T22:45:27+08:00 ] 127.0.0.1 /bmap1/index.php/Home/Suggestfile/index/
INFO: [ app_init ] --START--
INFO: Run Behavior\BuildLiteBehavior [ RunTime:0.000000s ]
INFO: [ app_init ] --END-- [ RunTime:0.000976s ]

[ 2015-07-25T22:46:45+08:00 ] 127.0.0.1 /bmap1/index.php/Home/Suggestfile/index/p/2.html
INFO: [ app_init ] --START--
INFO: Run Behavior\BuildLiteBehavior [ RunTime:0.000000s ]
INFO: [ app_init ] --END-- [ RunTime:0.000977s ]

[ 2015-07-25T22:46:52+08:00 ] 127.0.0.1 /bmap1/index.php/Home/Suggestfile/index/p/1.html
INFO: [ app_init ] --START--
INFO: Run Behavior\BuildLiteBehavior [ RunTime:0.000000s ]
INFO: [ app_init ] --END-- [ RunTime:0.001953s ]

[ 2015-07-25T22:46:58+08:00 ] 127.0.0.1 /bmap1/index.php/Home/Suggestfile/index/p/3.html
INFO: [ app_init ] --START--
INFO: Run Behavior\BuildLiteBehavior [ RunTime:0.000000s ]
INFO: [ app_init ] --END-- [ RunTime:0.000976s ]

[ 2015-07-25T22:47:01+08:00 ] 127.0.0.1 /bmap1/index.php/Home/Suggestfile/index/p/4.html
INFO: [ app_init ] --START--
INFO: Run Behavior\BuildLiteBehavior [ RunTime:0.000000s ]
INFO: [ app_init ] --END-- [ RunTime:0.001953s ]

[ 2015-07-25T22:51:30+08:00 ] 127.0.0.1 /bmap1/index.php/Home/Suggestfile/index/p/1.html
INFO: [ app_init ] --START--
INFO: Run Behavior\BuildLiteBehavior [ RunTime:0.000000s ]
INFO: [ app_init ] --END-- [ RunTime:0.000977s ]

[ 2015-07-25T22:51:37+08:00 ] 127.0.0.1 /bmap1/index.php/Home/Suggestfile/index/
INFO: [ app_init ] --START--
INFO: Run Behavior\BuildLiteBehavior [ RunTime:0.000000s ]
INFO: [ app_init ] --END-- [ RunTime:0.000000s ]

[ 2015-07-25T22:52:03+08:00 ] 127.0.0.1 /bmap1/index.php/Home/Suggestfile/index/
INFO: [ app_init ] --START--
INFO: Run Behavior\BuildLiteBehavior [ RunTime:0.000000s ]
INFO: [ app_init ] --END-- [ RunTime:0.000977s ]

[ 2015-07-25T22:52:23+08:00 ] 127.0.0.1 /bmap1/index.php/Home/Suggestfile/dofileup
INFO: [ app_init ] --START--
INFO: Run Behavior\BuildLiteBehavior [ RunTime:0.000000s ]
INFO: [ app_init ] --END-- [ RunTime:0.001953s ]

[ 2015-07-25T22:52:39+08:00 ] 127.0.0.1 /bmap1/index.php/Home/Suggestfile/index/p/4.html
INFO: [ app_init ] --START--
INFO: Run Behavior\BuildLiteBehavior [ RunTime:0.000000s ]
INFO: [ app_init ] --END-- [ RunTime:0.000976s ]

[ 2015-07-25T22:56:16+08:00 ] 127.0.0.1 /bmap1/index.php/Home/Suggestfile/dofileup
INFO: [ app_init ] --START--
INFO: Run Behavior\BuildLiteBehavior [ RunTime:0.000000s ]
INFO: [ app_init ] --END-- [ RunTime:0.001953s ]

[ 2015-07-25T23:04:33+08:00 ] 127.0.0.1 /bmap1/index.php/Home/Suggestfile/index/p/1.html
INFO: [ app_init ] --START--
INFO: Run Behavior\BuildLiteBehavior [ RunTime:0.000000s ]
INFO: [ app_init ] --END-- [ RunTime:0.001953s ]

[ 2015-07-25T23:04:40+08:00 ] 127.0.0.1 /bmap1/index.php/Home/Suggestfile/index/p/2.html
INFO: [ app_init ] --START--
INFO: Run Behavior\BuildLiteBehavior [ RunTime:0.000000s ]
INFO: [ app_init ] --END-- [ RunTime:0.000977s ]

[ 2015-07-25T23:04:52+08:00 ] 127.0.0.1 /bmap1/index.php/Home/Suggestfile/index/
INFO: [ app_init ] --START--
INFO: Run Behavior\BuildLiteBehavior [ RunTime:0.000000s ]
INFO: [ app_init ] --END-- [ RunTime:0.000976s ]

[ 2015-07-25T23:04:54+08:00 ] 127.0.0.1 /bmap1/index.php/Home/Suggestfile/index/
INFO: [ app_init ] --START--
INFO: Run Behavior\BuildLiteBehavior [ RunTime:0.000000s ]
INFO: [ app_init ] --END-- [ RunTime:0.000977s ]

[ 2015-07-25T23:05:00+08:00 ] 127.0.0.1 /bmap1/index.php/Home/Suggestfile/index/p/3.html
INFO: [ app_init ] --START--
INFO: Run Behavior\BuildLiteBehavior [ RunTime:0.000000s ]
INFO: [ app_init ] --END-- [ RunTime:0.001953s ]

[ 2015-07-25T23:05:03+08:00 ] 127.0.0.1 /bmap1/index.php/Home/Suggestfile/index/p/4.html
INFO: [ app_init ] --START--
INFO: Run Behavior\BuildLiteBehavior [ RunTime:0.000000s ]
INFO: [ app_init ] --END-- [ RunTime:0.000976s ]

[ 2015-07-25T23:10:41+08:00 ] 127.0.0.1 /bmap1/index.php/Home/Suggestfile/index/p/4.html
INFO: [ app_init ] --START--
INFO: Run Behavior\BuildLiteBehavior [ RunTime:0.000000s ]
INFO: [ app_init ] --END-- [ RunTime:0.000976s ]

[ 2015-07-25T23:10:52+08:00 ] 127.0.0.1 /bmap1/index.php/Home/Suggestfile/index/
INFO: [ app_init ] --START--
INFO: Run Behavior\BuildLiteBehavior [ RunTime:0.000000s ]
INFO: [ app_init ] --END-- [ RunTime:0.000976s ]

[ 2015-07-25T23:11:06+08:00 ] 127.0.0.1 /bmap1/index.php/Home/Suggestfile/index/
INFO: [ app_init ] --START--
INFO: Run Behavior\BuildLiteBehavior [ RunTime:0.000000s ]
INFO: [ app_init ] --END-- [ RunTime:0.000976s ]

[ 2015-07-25T23:12:40+08:00 ] 127.0.0.1 /bmap1/index.php/Home/Suggestfile/index/
INFO: [ app_init ] --START--
INFO: Run Behavior\BuildLiteBehavior [ RunTime:0.000000s ]
INFO: [ app_init ] --END-- [ RunTime:0.000977s ]

[ 2015-07-25T23:12:57+08:00 ] 127.0.0.1 /bmap1/index.php/Home/Login/loginbefore
INFO: [ app_init ] --START--
INFO: Run Behavior\BuildLiteBehavior [ RunTime:0.000000s ]
INFO: [ app_init ] --END-- [ RunTime:0.000977s ]

[ 2015-07-25T23:12:57+08:00 ] 127.0.0.1 /bmap1/index.php/Home/Public/verify
INFO: [ app_init ] --START--
INFO: Run Behavior\BuildLiteBehavior [ RunTime:0.000000s ]
INFO: [ app_init ] --END-- [ RunTime:0.000977s ]

[ 2015-07-25T23:13:04+08:00 ] 127.0.0.1 /bmap1/index.php/Home/Suggestfile/index
INFO: [ app_init ] --START--
INFO: Run Behavior\BuildLiteBehavior [ RunTime:0.000000s ]
INFO: [ app_init ] --END-- [ RunTime:0.000976s ]

[ 2015-07-25T23:13:11+08:00 ] 127.0.0.1 /bmap1/index.php/Home/Login/loginbefore
INFO: [ app_init ] --START--
INFO: Run Behavior\BuildLiteBehavior [ RunTime:0.000000s ]
INFO: [ app_init ] --END-- [ RunTime:0.000976s ]

[ 2015-07-25T23:13:11+08:00 ] 127.0.0.1 /bmap1/index.php/Home/Public/verify
INFO: [ app_init ] --START--
INFO: Run Behavior\BuildLiteBehavior [ RunTime:0.000000s ]
INFO: [ app_init ] --END-- [ RunTime:0.000976s ]

[ 2015-07-25T23:15:45+08:00 ] 127.0.0.1 /bmap1/index.php/Home/Suggestfile/index
INFO: [ app_init ] --START--
INFO: Run Behavior\BuildLiteBehavior [ RunTime:0.000000s ]
INFO: [ app_init ] --END-- [ RunTime:0.000976s ]

[ 2015-07-25T23:15:47+08:00 ] 127.0.0.1 /bmap1/index.php/Home/Suggestfile/index
INFO: [ app_init ] --START--
INFO: Run Behavior\BuildLiteBehavior [ RunTime:0.000000s ]
INFO: [ app_init ] --END-- [ RunTime:0.000976s ]

[ 2015-07-25T23:16:01+08:00 ] 127.0.0.1 /bmap1/index.php/Home/Suggestfile/index
INFO: [ app_init ] --START--
INFO: Run Behavior\BuildLiteBehavior [ RunTime:0.000000s ]
INFO: [ app_init ] --END-- [ RunTime:0.000977s ]

[ 2015-07-25T23:16:07+08:00 ] 127.0.0.1 /bmap1/index.php/Home/Suggestfile/index/p/2.html
INFO: [ app_init ] --START--
INFO: Run Behavior\BuildLiteBehavior [ RunTime:0.000000s ]
INFO: [ app_init ] --END-- [ RunTime:0.000976s ]

[ 2015-07-25T23:16:10+08:00 ] 127.0.0.1 /bmap1/index.php/Home/Suggestfile/index/p/3.html
INFO: [ app_init ] --START--
INFO: Run Behavior\BuildLiteBehavior [ RunTime:0.000000s ]
INFO: [ app_init ] --END-- [ RunTime:0.000977s ]

[ 2015-07-25T23:16:13+08:00 ] 127.0.0.1 /bmap1/index.php/Home/Suggestfile/index/p/4.html
INFO: [ app_init ] --START--
INFO: Run Behavior\BuildLiteBehavior [ RunTime:0.000000s ]
INFO: [ app_init ] --END-- [ RunTime:0.000000s ]

[ 2015-07-25T23:16:19+08:00 ] 127.0.0.1 /bmap1/index.php/Home/Suggestfile/index/p/1.html
INFO: [ app_init ] --START--
INFO: Run Behavior\BuildLiteBehavior [ RunTime:0.000000s ]
INFO: [ app_init ] --END-- [ RunTime:0.000977s ]

[ 2015-07-25T23:16:31+08:00 ] 127.0.0.1 /bmap1/index.php/Home/Suggestfile/index/p/4.html
INFO: [ app_init ] --START--
INFO: Run Behavior\BuildLiteBehavior [ RunTime:0.000000s ]
INFO: [ app_init ] --END-- [ RunTime:0.000976s ]

[ 2015-07-25T23:16:52+08:00 ] 127.0.0.1 /bmap1/index.php/Home/Suggestfile/index/p/1.html
INFO: [ app_init ] --START--
INFO: Run Behavior\BuildLiteBehavior [ RunTime:0.000000s ]
INFO: [ app_init ] --END-- [ RunTime:0.000976s ]

[ 2015-07-25T23:16:54+08:00 ] 127.0.0.1 /bmap1/index.php/Home/Suggestfile/del/id/1
INFO: [ app_init ] --START--
INFO: Run Behavior\BuildLiteBehavior [ RunTime:0.000000s ]
INFO: [ app_init ] --END-- [ RunTime:0.000977s ]

[ 2015-07-25T23:17:02+08:00 ] 127.0.0.1 /bmap1/index.php/Home/Suggestfile/index/p/1.html
INFO: [ app_init ] --START--
INFO: Run Behavior\BuildLiteBehavior [ RunTime:0.000000s ]
INFO: [ app_init ] --END-- [ RunTime:0.000977s ]

[ 2015-07-25T23:17:05+08:00 ] 127.0.0.1 /bmap1/index.php/Home/Suggestfile/index/p/1.html
INFO: [ app_init ] --START--
INFO: Run Behavior\BuildLiteBehavior [ RunTime:0.000000s ]
INFO: [ app_init ] --END-- [ RunTime:0.000976s ]

[ 2015-07-25T23:18:47+08:00 ] 127.0.0.1 /bmap1/index.php/Home/Suggestfile/index/p/1.html
INFO: [ app_init ] --START--
INFO: Run Behavior\BuildLiteBehavior [ RunTime:0.000000s ]
INFO: [ app_init ] --END-- [ RunTime:0.000976s ]

[ 2015-07-25T23:19:03+08:00 ] 127.0.0.1 /bmap1/index.php/Home/Suggestfile/index
INFO: [ app_init ] --START--
INFO: Run Behavior\BuildLiteBehavior [ RunTime:0.000000s ]
INFO: [ app_init ] --END-- [ RunTime:0.000977s ]

[ 2015-07-25T23:23:20+08:00 ] 127.0.0.1 /bmap1/index.php/Home/Suggestfile/index/p/1.html
INFO: [ app_init ] --START--
INFO: Run Behavior\BuildLiteBehavior [ RunTime:0.000976s ]
INFO: [ app_init ] --END-- [ RunTime:0.001953s ]

[ 2015-07-25T23:26:18+08:00 ] 127.0.0.1 /bmap1/index.php/Home/Projects/index/p/2.html
INFO: [ app_init ] --START--
INFO: Run Behavior\BuildLiteBehavior [ RunTime:0.000000s ]
INFO: [ app_init ] --END-- [ RunTime:0.000977s ]

[ 2015-07-25T23:26:20+08:00 ] 127.0.0.1 /bmap1/index.php/Home/Projects/index/p/11.html
INFO: [ app_init ] --START--
INFO: Run Behavior\BuildLiteBehavior [ RunTime:0.000000s ]
INFO: [ app_init ] --END-- [ RunTime:0.000977s ]

[ 2015-07-25T23:26:21+08:00 ] 127.0.0.1 /bmap1/index.php/Home/Projects/index/p/12.html
INFO: [ app_init ] --START--
INFO: Run Behavior\BuildLiteBehavior [ RunTime:0.000000s ]
INFO: [ app_init ] --END-- [ RunTime:0.000977s ]

[ 2015-07-25T23:26:23+08:00 ] 127.0.0.1 /bmap1/index.php/Home/Projects/index/p/13.html
INFO: [ app_init ] --START--
INFO: Run Behavior\BuildLiteBehavior [ RunTime:0.000000s ]
INFO: [ app_init ] --END-- [ RunTime:0.000977s ]

[ 2015-07-25T23:26:25+08:00 ] 127.0.0.1 /bmap1/index.php/Home/Projects/index/p/14.html
INFO: [ app_init ] --START--
INFO: Run Behavior\BuildLiteBehavior [ RunTime:0.000000s ]
INFO: [ app_init ] --END-- [ RunTime:0.000977s ]

[ 2015-07-25T23:26:26+08:00 ] 127.0.0.1 /bmap1/index.php/Home/Projects/index/p/15.html
INFO: [ app_init ] --START--
INFO: Run Behavior\BuildLiteBehavior [ RunTime:0.000000s ]
INFO: [ app_init ] --END-- [ RunTime:0.000976s ]

[ 2015-07-25T23:26:27+08:00 ] 127.0.0.1 /bmap1/index.php/Home/Projects/index/p/16.html
INFO: [ app_init ] --START--
INFO: Run Behavior\BuildLiteBehavior [ RunTime:0.000000s ]
INFO: [ app_init ] --END-- [ RunTime:0.000976s ]

[ 2015-07-25T23:26:28+08:00 ] 127.0.0.1 /bmap1/index.php/Home/Projects/index/p/17.html
INFO: [ app_init ] --START--
INFO: Run Behavior\BuildLiteBehavior [ RunTime:0.000000s ]
INFO: [ app_init ] --END-- [ RunTime:0.000977s ]

[ 2015-07-25T23:26:29+08:00 ] 127.0.0.1 /bmap1/index.php/Home/Projects/index/p/18.html
INFO: [ app_init ] --START--
INFO: Run Behavior\BuildLiteBehavior [ RunTime:0.000000s ]
INFO: [ app_init ] --END-- [ RunTime:0.000977s ]

[ 2015-07-25T23:26:30+08:00 ] 127.0.0.1 /bmap1/index.php/Home/Projects/index/p/19.html
INFO: [ app_init ] --START--
INFO: Run Behavior\BuildLiteBehavior [ RunTime:0.000000s ]
INFO: [ app_init ] --END-- [ RunTime:0.000977s ]

[ 2015-07-25T23:26:32+08:00 ] 127.0.0.1 /bmap1/index.php/Home/Projects/index/p/1.html
INFO: [ app_init ] --START--
INFO: Run Behavior\BuildLiteBehavior [ RunTime:0.000000s ]
INFO: [ app_init ] --END-- [ RunTime:0.000976s ]

[ 2015-07-25T23:27:51+08:00 ] 127.0.0.1 /bmap1/index.php/Home/Projects/index/p/1.html
INFO: [ app_init ] --START--
INFO: Run Behavior\BuildLiteBehavior [ RunTime:0.000000s ]
INFO: [ app_init ] --END-- [ RunTime:0.001953s ]

[ 2015-07-25T23:27:53+08:00 ] 127.0.0.1 /bmap1/index.php/Home/Projects/index/p/1.html
INFO: [ app_init ] --START--
INFO: Run Behavior\BuildLiteBehavior [ RunTime:0.000000s ]
INFO: [ app_init ] --END-- [ RunTime:0.000976s ]

[ 2015-07-25T23:28:59+08:00 ] 127.0.0.1 /bmap1/index.php/Home/Projects/index/p/1.html
INFO: [ app_init ] --START--
INFO: Run Behavior\BuildLiteBehavior [ RunTime:0.000000s ]
INFO: [ app_init ] --END-- [ RunTime:0.000977s ]

[ 2015-07-25T23:29:03+08:00 ] 127.0.0.1 /bmap1/index.php/Home/Projects/index/p/1.html
INFO: [ app_init ] --START--
INFO: Run Behavior\BuildLiteBehavior [ RunTime:0.000000s ]
INFO: [ app_init ] --END-- [ RunTime:0.000977s ]

[ 2015-07-25T23:29:05+08:00 ] 127.0.0.1 /bmap1/index.php/Home/Projects/index/p/1.html
INFO: [ app_init ] --START--
INFO: Run Behavior\BuildLiteBehavior [ RunTime:0.000000s ]
INFO: [ app_init ] --END-- [ RunTime:0.000977s ]

[ 2015-07-25T23:29:09+08:00 ] 127.0.0.1 /bmap1/index.php/Home/Projects/index/p/1.html
INFO: [ app_init ] --START--
INFO: Run Behavior\BuildLiteBehavior [ RunTime:0.000000s ]
INFO: [ app_init ] --END-- [ RunTime:0.000976s ]

[ 2015-07-25T23:29:30+08:00 ] 127.0.0.1 /bmap1/index.php/Home/Projects/index/p/1.html
INFO: [ app_init ] --START--
INFO: Run Behavior\BuildLiteBehavior [ RunTime:0.000000s ]
INFO: [ app_init ] --END-- [ RunTime:0.000976s ]

[ 2015-07-25T23:29:33+08:00 ] 127.0.0.1 /bmap1/index.php/Home/Projects/index/p/1.html
INFO: [ app_init ] --START--
INFO: Run Behavior\BuildLiteBehavior [ RunTime:0.000000s ]
INFO: [ app_init ] --END-- [ RunTime:0.000977s ]

[ 2015-07-25T23:29:40+08:00 ] 127.0.0.1 /bmap1/index.php/Home/Projects/index/
INFO: [ app_init ] --START--
INFO: Run Behavior\BuildLiteBehavior [ RunTime:0.000000s ]
INFO: [ app_init ] --END-- [ RunTime:0.000976s ]

[ 2015-07-25T23:29:44+08:00 ] 127.0.0.1 /bmap1/index.php/Home/Projects/index/
INFO: [ app_init ] --START--
INFO: Run Behavior\BuildLiteBehavior [ RunTime:0.000000s ]
INFO: [ app_init ] --END-- [ RunTime:0.000977s ]

[ 2015-07-25T23:30:08+08:00 ] 127.0.0.1 /bmap1/index.php/Home/Projects/index/
INFO: [ app_init ] --START--
INFO: Run Behavior\BuildLiteBehavior [ RunTime:0.000000s ]
INFO: [ app_init ] --END-- [ RunTime:0.000000s ]

[ 2015-07-25T23:30:26+08:00 ] 127.0.0.1 /bmap1/index.php/Home/Projects/index/
INFO: [ app_init ] --START--
INFO: Run Behavior\BuildLiteBehavior [ RunTime:0.000000s ]
INFO: [ app_init ] --END-- [ RunTime:0.000977s ]

[ 2015-07-25T23:37:03+08:00 ] 127.0.0.1 /bmap1/index.php/Home/Projects/index/
INFO: [ app_init ] --START--
INFO: Run Behavior\BuildLiteBehavior [ RunTime:0.000000s ]
INFO: [ app_init ] --END-- [ RunTime:0.001953s ]

[ 2015-07-25T23:37:07+08:00 ] 127.0.0.1 /bmap1/index.php/Home/Projects/index/
INFO: [ app_init ] --START--
INFO: Run Behavior\BuildLiteBehavior [ RunTime:0.000000s ]
INFO: [ app_init ] --END-- [ RunTime:0.000977s ]

[ 2015-07-25T23:39:09+08:00 ] 127.0.0.1 /bmap1/index.php/Home/Projects/index/
INFO: [ app_init ] --START--
INFO: Run Behavior\BuildLiteBehavior [ RunTime:0.000000s ]
INFO: [ app_init ] --END-- [ RunTime:0.001953s ]

[ 2015-07-25T23:39:31+08:00 ] 127.0.0.1 /bmap1/index.php/Home/Projects/index/
INFO: [ app_init ] --START--
INFO: Run Behavior\BuildLiteBehavior [ RunTime:0.000000s ]
INFO: [ app_init ] --END-- [ RunTime:0.000976s ]

[ 2015-07-25T23:39:46+08:00 ] 127.0.0.1 /bmap1/index.php/Home/Projects/index/
INFO: [ app_init ] --START--
INFO: Run Behavior\BuildLiteBehavior [ RunTime:0.000000s ]
INFO: [ app_init ] --END-- [ RunTime:0.000977s ]

[ 2015-07-25T23:40:04+08:00 ] 127.0.0.1 /bmap1/index.php/Home/Projects/index/
INFO: [ app_init ] --START--
INFO: Run Behavior\BuildLiteBehavior [ RunTime:0.000000s ]
INFO: [ app_init ] --END-- [ RunTime:0.000977s ]

[ 2015-07-25T23:40:25+08:00 ] 127.0.0.1 /bmap1/index.php/Home/Projects/index/
INFO: [ app_init ] --START--
INFO: Run Behavior\BuildLiteBehavior [ RunTime:0.000000s ]
INFO: [ app_init ] --END-- [ RunTime:0.000977s ]

[ 2015-07-25T23:40:50+08:00 ] 127.0.0.1 /bmap1/index.php/Home/Projects/index/
INFO: [ app_init ] --START--
INFO: Run Behavior\BuildLiteBehavior [ RunTime:0.000000s ]
INFO: [ app_init ] --END-- [ RunTime:0.000977s ]

[ 2015-07-25T23:46:22+08:00 ] 127.0.0.1 /bmap1/index.php/Home/Suggestfile/index
INFO: [ app_init ] --START--
INFO: Run Behavior\BuildLiteBehavior [ RunTime:0.000000s ]
INFO: [ app_init ] --END-- [ RunTime:0.001953s ]

[ 2015-07-25T23:46:26+08:00 ] 127.0.0.1 /bmap1/index.php/Home/Suggestfile/index
INFO: [ app_init ] --START--
INFO: Run Behavior\BuildLiteBehavior [ RunTime:0.000000s ]
INFO: [ app_init ] --END-- [ RunTime:0.000976s ]

[ 2015-07-25T23:47:13+08:00 ] 127.0.0.1 /bmap1/index.php/Home/Suggestfile/index
INFO: [ app_init ] --START--
INFO: Run Behavior\BuildLiteBehavior [ RunTime:0.000000s ]
INFO: [ app_init ] --END-- [ RunTime:0.000976s ]

[ 2015-07-25T23:48:14+08:00 ] 127.0.0.1 /bmap1/index.php/Home/Suggestfile/index
INFO: [ app_init ] --START--
INFO: Run Behavior\BuildLiteBehavior [ RunTime:0.000000s ]
INFO: [ app_init ] --END-- [ RunTime:0.000977s ]

[ 2015-07-25T23:50:34+08:00 ] 127.0.0.1 /bmap1/index.php/Home/Suggestfile/index
INFO: [ app_init ] --START--
INFO: Run Behavior\BuildLiteBehavior [ RunTime:0.000000s ]
INFO: [ app_init ] --END-- [ RunTime:0.000976s ]

[ 2015-07-25T23:50:37+08:00 ] 127.0.0.1 /bmap1/index.php/Home/Suggestfile/index
INFO: [ app_init ] --START--
INFO: Run Behavior\BuildLiteBehavior [ RunTime:0.000000s ]
INFO: [ app_init ] --END-- [ RunTime:0.000976s ]

[ 2015-07-25T23:50:50+08:00 ] 127.0.0.1 /bmap1/index.php/Home/Suggestfile/index
INFO: [ app_init ] --START--
INFO: Run Behavior\BuildLiteBehavior [ RunTime:0.000000s ]
INFO: [ app_init ] --END-- [ RunTime:0.000976s ]

[ 2015-07-25T23:51:54+08:00 ] 127.0.0.1 /bmap1/index.php/Home/Suggestfile/index
INFO: [ app_init ] --START--
INFO: Run Behavior\BuildLiteBehavior [ RunTime:0.000000s ]
INFO: [ app_init ] --END-- [ RunTime:0.000976s ]

[ 2015-07-25T23:54:33+08:00 ] 127.0.0.1 /bmap1/index.php/Home/Suggestfile/index
INFO: [ app_init ] --START--
INFO: Run Behavior\BuildLiteBehavior [ RunTime:0.000976s ]
INFO: [ app_init ] --END-- [ RunTime:0.000976s ]

[ 2015-07-25T23:54:53+08:00 ] 127.0.0.1 /bmap1/index.php/Home/Projects/index
INFO: [ app_init ] --START--
INFO: Run Behavior\BuildLiteBehavior [ RunTime:0.000000s ]
INFO: [ app_init ] --END-- [ RunTime:0.000976s ]

[ 2015-07-25T23:57:28+08:00 ] 127.0.0.1 /bmap1/index.php/Home/Suggestfile/index
INFO: [ app_init ] --START--
INFO: Run Behavior\BuildLiteBehavior [ RunTime:0.000000s ]
INFO: [ app_init ] --END-- [ RunTime:0.001953s ]

[ 2015-07-25T23:57:30+08:00 ] 127.0.0.1 /bmap1/index.php/Home/Login/Loginafter
INFO: [ app_init ] --START--
INFO: Run Behavior\BuildLiteBehavior [ RunTime:0.000000s ]
INFO: [ app_init ] --END-- [ RunTime:0.000977s ]

[ 2015-07-25T23:57:34+08:00 ] 127.0.0.1 /bmap1/index.php/Home/Login/Loginafter
INFO: [ app_init ] --START--
INFO: Run Behavior\BuildLiteBehavior [ RunTime:0.000000s ]
INFO: [ app_init ] --END-- [ RunTime:0.000977s ]

[ 2015-07-25T23:57:34+08:00 ] 127.0.0.1 /bmap1/index.php/Home/Public/verify
INFO: [ app_init ] --START--
INFO: Run Behavior\BuildLiteBehavior [ RunTime:0.000000s ]
INFO: [ app_init ] --END-- [ RunTime:0.000977s ]

[ 2015-07-25T23:57:42+08:00 ] 127.0.0.1 /bmap1/index.php/Home/Projects/index
INFO: [ app_init ] --START--
INFO: Run Behavior\BuildLiteBehavior [ RunTime:0.000000s ]
INFO: [ app_init ] --END-- [ RunTime:0.000977s ]

[ 2015-07-25T23:59:17+08:00 ] 127.0.0.1 /bmap1/index.php/Home/Login/Loginafter
INFO: [ app_init ] --START--
INFO: Run Behavior\BuildLiteBehavior [ RunTime:0.000000s ]
INFO: [ app_init ] --END-- [ RunTime:0.000977s ]

[ 2015-07-25T23:59:18+08:00 ] 127.0.0.1 /bmap1/index.php/Home/Public/verify
INFO: [ app_init ] --START--
INFO: Run Behavior\BuildLiteBehavior [ RunTime:0.000000s ]
INFO: [ app_init ] --END-- [ RunTime:0.001953s ]

