[ 2015-07-12T10:07:49+08:00 ] 127.0.0.1 /bmap/index.php/Home/Login/loginbefore
INFO: [ app_init ] --START--
INFO: Run Behavior\BuildLiteBehavior [ RunTime:0.000000s ]
INFO: [ app_init ] --END-- [ RunTime:0.081054s ]

[ 2015-07-12T10:07:50+08:00 ] 127.0.0.1 /bmap/index.php/Home/Public/verify
INFO: [ app_init ] --START--
INFO: Run Behavior\BuildLiteBehavior [ RunTime:0.000000s ]
INFO: [ app_init ] --END-- [ RunTime:0.006836s ]

[ 2015-07-12T10:12:08+08:00 ] 127.0.0.1 /bmap/index.php/Home/Login/schoolInfo
INFO: [ app_init ] --START--
INFO: Run Behavior\BuildLiteBehavior [ RunTime:0.000000s ]
INFO: [ app_init ] --END-- [ RunTime:0.000977s ]

[ 2015-07-12T10:12:33+08:00 ] 127.0.0.1 /bmap/index.php/Home/Login/schoolInfo
INFO: [ app_init ] --START--
INFO: Run Behavior\BuildLiteBehavior [ RunTime:0.000000s ]
INFO: [ app_init ] --END-- [ RunTime:0.000977s ]

[ 2015-07-12T10:14:21+08:00 ] 127.0.0.1 /bmap/index.php/Home/Login/schoolInfo
INFO: [ app_init ] --START--
INFO: Run Behavior\BuildLiteBehavior [ RunTime:0.000000s ]
INFO: [ app_init ] --END-- [ RunTime:0.001953s ]

[ 2015-07-12T10:16:39+08:00 ] 127.0.0.1 /bmap/index.php/Home/Login/schoolInfo
INFO: [ app_init ] --START--
INFO: Run Behavior\BuildLiteBehavior [ RunTime:0.000000s ]
INFO: [ app_init ] --END-- [ RunTime:0.000977s ]

[ 2015-07-12T10:17:17+08:00 ] 127.0.0.1 /bmap/index.php/Home/Login/schoolInfo
INFO: [ app_init ] --START--
INFO: Run Behavior\BuildLiteBehavior [ RunTime:0.000000s ]
INFO: [ app_init ] --END-- [ RunTime:0.000976s ]

[ 2015-07-12T10:18:35+08:00 ] 127.0.0.1 /bmap/index.php/Home/Login/loginbefore
INFO: [ app_init ] --START--
INFO: Run Behavior\BuildLiteBehavior [ RunTime:0.000000s ]
INFO: [ app_init ] --END-- [ RunTime:0.000977s ]

[ 2015-07-12T10:18:35+08:00 ] 127.0.0.1 /bmap/index.php/Home/Public/verify
INFO: [ app_init ] --START--
INFO: Run Behavior\BuildLiteBehavior [ RunTime:0.000000s ]
INFO: [ app_init ] --END-- [ RunTime:0.001953s ]

[ 2015-07-12T10:18:37+08:00 ] 127.0.0.1 /bmap/index.php/Home/Login/schoolInfo
INFO: [ app_init ] --START--
INFO: Run Behavior\BuildLiteBehavior [ RunTime:0.000000s ]
INFO: [ app_init ] --END-- [ RunTime:0.026368s ]
INFO: [ app_begin ] --START--
INFO: Run Behavior\ReadHtmlCacheBehavior [ RunTime:0.001953s ]
INFO: [ app_begin ] --END-- [ RunTime:0.001953s ]
SQL: select fields_name as "field",fields_type as "type",fields_not_null as "null",fields_key_name as "key",fields_default as "default",fields_default as "extra" from table_msg('tp_schools'); [ RunTime:0.0938s ]
SQL: SELECT location FROM tp_schools  [ RunTime:0.0313s ]
SQL: select ST_AsText('010100002031BF0D0062669FC728825C40E544BB0A29A33640') [ RunTime:0.0000s ]
SQL: select ST_AsText('010100002031BF0D0062669FC728825C40E544BB0A29A33640') [ RunTime:0.0000s ]
SQL: select ST_AsText('010100002031BF0D00850662D9CC815C4022FFCC203EA83640') [ RunTime:0.0000s ]
SQL: select ST_AsText('010100002031BF0D004EB7EC10FF785C402028B7ED7B943640') [ RunTime:0.0000s ]
SQL: select ST_AsText('010100002031BF0D0029ED0DBE30795C401DC9E53FA48F3640') [ RunTime:0.0000s ]
SQL: select ST_AsText('010100002031BF0D0072F90FE9B7775C40F1F44A5986903640') [ RunTime:0.0000s ]
SQL: select ST_AsText('010100002031BF0D0088653387A4765C401422E010AA943640') [ RunTime:0.0000s ]
SQL: select ST_AsText('010100002031BF0D0045813E9127795C40C7681D554DC83640') [ RunTime:0.0000s ]
SQL: select ST_AsText('010100002031BF0D0048FB1F60AD825C404C8E3BA583B53640') [ RunTime:0.0000s ]
SQL: select ST_AsText('010100002031BF0D00B85A272EC7735C40EACF7EA488AC3640') [ RunTime:0.0000s ]
INFO: [ app_end ] --START--
INFO: Run Behavior\ShowPageTraceBehavior [ RunTime:0.000000s ]
INFO: [ app_end ] --END-- [ RunTime:0.000000s ]

[ 2015-07-12T10:18:52+08:00 ] 127.0.0.1 /bmap/index.php/Home/Login/schoolInfo
INFO: [ app_init ] --START--
INFO: Run Behavior\BuildLiteBehavior [ RunTime:0.000000s ]
INFO: [ app_init ] --END-- [ RunTime:0.000976s ]
INFO: [ app_begin ] --START--
INFO: Run Behavior\ReadHtmlCacheBehavior [ RunTime:0.002930s ]
INFO: [ app_begin ] --END-- [ RunTime:0.002930s ]
SQL: select fields_name as "field",fields_type as "type",fields_not_null as "null",fields_key_name as "key",fields_default as "default",fields_default as "extra" from table_msg('tp_schools'); [ RunTime:0.1094s ]
SQL: SELECT location FROM tp_schools  [ RunTime:0.0156s ]
SQL: select ST_AsText('010100002031BF0D0062669FC728825C40E544BB0A29A33640') [ RunTime:0.0000s ]
SQL: select ST_AsText('010100002031BF0D0062669FC728825C40E544BB0A29A33640') [ RunTime:0.0000s ]
SQL: select ST_AsText('010100002031BF0D00850662D9CC815C4022FFCC203EA83640') [ RunTime:0.0000s ]
SQL: select ST_AsText('010100002031BF0D004EB7EC10FF785C402028B7ED7B943640') [ RunTime:0.0000s ]
SQL: select ST_AsText('010100002031BF0D0029ED0DBE30795C401DC9E53FA48F3640') [ RunTime:0.0000s ]
SQL: select ST_AsText('010100002031BF0D0072F90FE9B7775C40F1F44A5986903640') [ RunTime:0.0000s ]
SQL: select ST_AsText('010100002031BF0D0088653387A4765C401422E010AA943640') [ RunTime:0.0000s ]
SQL: select ST_AsText('010100002031BF0D0045813E9127795C40C7681D554DC83640') [ RunTime:0.0000s ]
SQL: select ST_AsText('010100002031BF0D0048FB1F60AD825C404C8E3BA583B53640') [ RunTime:0.0000s ]
SQL: select ST_AsText('010100002031BF0D00B85A272EC7735C40EACF7EA488AC3640') [ RunTime:0.0000s ]
INFO: [ app_end ] --START--
INFO: Run Behavior\ShowPageTraceBehavior [ RunTime:0.015625s ]
INFO: [ app_end ] --END-- [ RunTime:0.015625s ]

[ 2015-07-12T10:21:36+08:00 ] 127.0.0.1 /bmap/index.php/Home/Login/loginbefore
INFO: [ app_init ] --START--
INFO: Run Behavior\BuildLiteBehavior [ RunTime:0.000000s ]
INFO: [ app_init ] --END-- [ RunTime:0.000977s ]

[ 2015-07-12T10:21:36+08:00 ] 127.0.0.1 /bmap/index.php/Home/Public/verify
INFO: [ app_init ] --START--
INFO: Run Behavior\BuildLiteBehavior [ RunTime:0.000000s ]
INFO: [ app_init ] --END-- [ RunTime:0.000976s ]

[ 2015-07-12T10:21:39+08:00 ] 127.0.0.1 /bmap/index.php/Home/Login/schoolInfo
INFO: [ app_init ] --START--
INFO: Run Behavior\BuildLiteBehavior [ RunTime:0.000000s ]
INFO: [ app_init ] --END-- [ RunTime:0.000976s ]
INFO: [ app_begin ] --START--
INFO: Run Behavior\ReadHtmlCacheBehavior [ RunTime:0.000977s ]
INFO: [ app_begin ] --END-- [ RunTime:0.000977s ]
SQL: select fields_name as "field",fields_type as "type",fields_not_null as "null",fields_key_name as "key",fields_default as "default",fields_default as "extra" from table_msg('tp_schools'); [ RunTime:0.0938s ]
SQL: SELECT location FROM tp_schools  [ RunTime:0.0156s ]
SQL: select ST_AsText('010100002031BF0D0062669FC728825C40E544BB0A29A33640') [ RunTime:0.0000s ]
SQL: select ST_AsText('010100002031BF0D0062669FC728825C40E544BB0A29A33640') [ RunTime:0.0000s ]
SQL: select ST_AsText('010100002031BF0D00850662D9CC815C4022FFCC203EA83640') [ RunTime:0.0000s ]
SQL: select ST_AsText('010100002031BF0D004EB7EC10FF785C402028B7ED7B943640') [ RunTime:0.0000s ]
SQL: select ST_AsText('010100002031BF0D0029ED0DBE30795C401DC9E53FA48F3640') [ RunTime:0.0000s ]
SQL: select ST_AsText('010100002031BF0D0072F90FE9B7775C40F1F44A5986903640') [ RunTime:0.0000s ]
SQL: select ST_AsText('010100002031BF0D0088653387A4765C401422E010AA943640') [ RunTime:0.0000s ]
SQL: select ST_AsText('010100002031BF0D0045813E9127795C40C7681D554DC83640') [ RunTime:0.0000s ]
SQL: select ST_AsText('010100002031BF0D0048FB1F60AD825C404C8E3BA583B53640') [ RunTime:0.0000s ]
SQL: select ST_AsText('010100002031BF0D00B85A272EC7735C40EACF7EA488AC3640') [ RunTime:0.0000s ]
INFO: [ app_end ] --START--
INFO: Run Behavior\ShowPageTraceBehavior [ RunTime:0.000000s ]
INFO: [ app_end ] --END-- [ RunTime:0.000000s ]

[ 2015-07-12T10:22:04+08:00 ] 127.0.0.1 /bmap/index.php/Home/Login/loginbefore
INFO: [ app_init ] --START--
INFO: Run Behavior\BuildLiteBehavior [ RunTime:0.000000s ]
INFO: [ app_init ] --END-- [ RunTime:0.000977s ]

[ 2015-07-12T10:22:04+08:00 ] 127.0.0.1 /bmap/index.php/Home/Public/verify
INFO: [ app_init ] --START--
INFO: Run Behavior\BuildLiteBehavior [ RunTime:0.000000s ]
INFO: [ app_init ] --END-- [ RunTime:0.000976s ]

[ 2015-07-12T10:22:07+08:00 ] 127.0.0.1 /bmap/index.php/Home/Login/schoolInfo
INFO: [ app_init ] --START--
INFO: Run Behavior\BuildLiteBehavior [ RunTime:0.000000s ]
INFO: [ app_init ] --END-- [ RunTime:0.015625s ]
INFO: [ app_begin ] --START--
INFO: Run Behavior\ReadHtmlCacheBehavior [ RunTime:0.000000s ]
INFO: [ app_begin ] --END-- [ RunTime:0.000000s ]
SQL: select fields_name as "field",fields_type as "type",fields_not_null as "null",fields_key_name as "key",fields_default as "default",fields_default as "extra" from table_msg('tp_schools'); [ RunTime:0.0938s ]
SQL: SELECT location FROM tp_schools  [ RunTime:0.0156s ]
SQL: select ST_AsText('010100002031BF0D0062669FC728825C40E544BB0A29A33640') [ RunTime:0.0000s ]
SQL: select ST_AsText('010100002031BF0D0062669FC728825C40E544BB0A29A33640') [ RunTime:0.0156s ]
SQL: select ST_AsText('010100002031BF0D00850662D9CC815C4022FFCC203EA83640') [ RunTime:0.0000s ]
SQL: select ST_AsText('010100002031BF0D004EB7EC10FF785C402028B7ED7B943640') [ RunTime:0.0000s ]
SQL: select ST_AsText('010100002031BF0D0029ED0DBE30795C401DC9E53FA48F3640') [ RunTime:0.0000s ]
SQL: select ST_AsText('010100002031BF0D0072F90FE9B7775C40F1F44A5986903640') [ RunTime:0.0000s ]
SQL: select ST_AsText('010100002031BF0D0088653387A4765C401422E010AA943640') [ RunTime:0.0000s ]
SQL: select ST_AsText('010100002031BF0D0045813E9127795C40C7681D554DC83640') [ RunTime:0.0000s ]
SQL: select ST_AsText('010100002031BF0D0048FB1F60AD825C404C8E3BA583B53640') [ RunTime:0.0000s ]
SQL: select ST_AsText('010100002031BF0D00B85A272EC7735C40EACF7EA488AC3640') [ RunTime:0.0000s ]
INFO: [ app_end ] --START--
INFO: Run Behavior\ShowPageTraceBehavior [ RunTime:0.015625s ]
INFO: [ app_end ] --END-- [ RunTime:0.015625s ]

[ 2015-07-12T10:27:41+08:00 ] 127.0.0.1 /bmap/index.php/Home/Login/schoolInfo
INFO: [ app_init ] --START--
INFO: Run Behavior\BuildLiteBehavior [ RunTime:0.000000s ]
INFO: [ app_init ] --END-- [ RunTime:0.000976s ]

[ 2015-07-12T10:29:40+08:00 ] 127.0.0.1 /bmap/index.php/Home/Login/schoolInfo
INFO: [ app_init ] --START--
INFO: Run Behavior\BuildLiteBehavior [ RunTime:0.000000s ]
INFO: [ app_init ] --END-- [ RunTime:0.001954s ]

[ 2015-07-12T10:29:45+08:00 ] 127.0.0.1 /bmap/index.php/Home/Login/loginbefore
INFO: [ app_init ] --START--
INFO: Run Behavior\BuildLiteBehavior [ RunTime:0.000000s ]
INFO: [ app_init ] --END-- [ RunTime:0.000976s ]

[ 2015-07-12T10:29:45+08:00 ] 127.0.0.1 /bmap/index.php/Home/Public/verify
INFO: [ app_init ] --START--
INFO: Run Behavior\BuildLiteBehavior [ RunTime:0.000000s ]
INFO: [ app_init ] --END-- [ RunTime:0.000977s ]

[ 2015-07-12T10:29:48+08:00 ] 127.0.0.1 /bmap/index.php/Home/Login/schoolInfo
INFO: [ app_init ] --START--
INFO: Run Behavior\BuildLiteBehavior [ RunTime:0.000000s ]
INFO: [ app_init ] --END-- [ RunTime:0.000977s ]
INFO: [ app_begin ] --START--
INFO: Run Behavior\ReadHtmlCacheBehavior [ RunTime:0.000977s ]
INFO: [ app_begin ] --END-- [ RunTime:0.000977s ]
SQL: select fields_name as "field",fields_type as "type",fields_not_null as "null",fields_key_name as "key",fields_default as "default",fields_default as "extra" from table_msg('tp_schools'); [ RunTime:0.1250s ]
SQL: SELECT location FROM tp_schools  [ RunTime:0.0156s ]
SQL: select ST_AsText('010100002031BF0D0062669FC728825C40E544BB0A29A33640') [ RunTime:0.0000s ]
SQL: select ST_AsText('010100002031BF0D0062669FC728825C40E544BB0A29A33640') [ RunTime:0.0000s ]
SQL: select ST_AsText('010100002031BF0D00850662D9CC815C4022FFCC203EA83640') [ RunTime:0.0000s ]
SQL: select ST_AsText('010100002031BF0D004EB7EC10FF785C402028B7ED7B943640') [ RunTime:0.0000s ]
SQL: select ST_AsText('010100002031BF0D0029ED0DBE30795C401DC9E53FA48F3640') [ RunTime:0.0000s ]
SQL: select ST_AsText('010100002031BF0D0072F90FE9B7775C40F1F44A5986903640') [ RunTime:0.0000s ]
SQL: select ST_AsText('010100002031BF0D0088653387A4765C401422E010AA943640') [ RunTime:0.0000s ]
SQL: select ST_AsText('010100002031BF0D0045813E9127795C40C7681D554DC83640') [ RunTime:0.0156s ]
SQL: select ST_AsText('010100002031BF0D0048FB1F60AD825C404C8E3BA583B53640') [ RunTime:0.0000s ]
SQL: select ST_AsText('010100002031BF0D00B85A272EC7735C40EACF7EA488AC3640') [ RunTime:0.0000s ]
INFO: [ app_end ] --START--
INFO: Run Behavior\ShowPageTraceBehavior [ RunTime:0.000000s ]
INFO: [ app_end ] --END-- [ RunTime:0.000000s ]

[ 2015-07-12T10:30:26+08:00 ] 127.0.0.1 /bmap/index.php/Home/Login/loginbefore
INFO: [ app_init ] --START--
INFO: Run Behavior\BuildLiteBehavior [ RunTime:0.000000s ]
INFO: [ app_init ] --END-- [ RunTime:0.001953s ]

[ 2015-07-12T10:30:27+08:00 ] 127.0.0.1 /bmap/index.php/Home/Public/verify
INFO: [ app_init ] --START--
INFO: Run Behavior\BuildLiteBehavior [ RunTime:0.000000s ]
INFO: [ app_init ] --END-- [ RunTime:0.000977s ]

[ 2015-07-12T10:30:29+08:00 ] 127.0.0.1 /bmap/index.php/Home/Login/schoolInfo
INFO: [ app_init ] --START--
INFO: Run Behavior\BuildLiteBehavior [ RunTime:0.000000s ]
INFO: [ app_init ] --END-- [ RunTime:0.001953s ]
INFO: [ app_begin ] --START--
INFO: Run Behavior\ReadHtmlCacheBehavior [ RunTime:0.001954s ]
INFO: [ app_begin ] --END-- [ RunTime:0.001954s ]
SQL: select fields_name as "field",fields_type as "type",fields_not_null as "null",fields_key_name as "key",fields_default as "default",fields_default as "extra" from table_msg('tp_schools'); [ RunTime:0.1816s ]
SQL: SELECT location FROM tp_schools  [ RunTime:0.0264s ]
SQL: select ST_AsText('010100002031BF0D0062669FC728825C40E544BB0A29A33640') [ RunTime:0.0020s ]
SQL: select ST_AsText('010100002031BF0D0062669FC728825C40E544BB0A29A33640') [ RunTime:0.0010s ]
SQL: select ST_AsText('010100002031BF0D00850662D9CC815C4022FFCC203EA83640') [ RunTime:0.0010s ]
SQL: select ST_AsText('010100002031BF0D004EB7EC10FF785C402028B7ED7B943640') [ RunTime:0.0010s ]
SQL: select ST_AsText('010100002031BF0D0029ED0DBE30795C401DC9E53FA48F3640') [ RunTime:0.0010s ]
SQL: select ST_AsText('010100002031BF0D0072F90FE9B7775C40F1F44A5986903640') [ RunTime:0.0020s ]
SQL: select ST_AsText('010100002031BF0D0088653387A4765C401422E010AA943640') [ RunTime:0.0010s ]
SQL: select ST_AsText('010100002031BF0D0045813E9127795C40C7681D554DC83640') [ RunTime:0.0010s ]
SQL: select ST_AsText('010100002031BF0D0048FB1F60AD825C404C8E3BA583B53640') [ RunTime:0.0010s ]
SQL: select ST_AsText('010100002031BF0D00B85A272EC7735C40EACF7EA488AC3640') [ RunTime:0.0010s ]
INFO: [ app_end ] --START--
INFO: Run Behavior\ShowPageTraceBehavior [ RunTime:0.000976s ]
INFO: [ app_end ] --END-- [ RunTime:0.000976s ]

[ 2015-07-12T10:33:07+08:00 ] 127.0.0.1 /bmap/index.php/Home/Login/loginbefore
INFO: [ app_init ] --START--
INFO: Run Behavior\BuildLiteBehavior [ RunTime:0.000000s ]
INFO: [ app_init ] --END-- [ RunTime:0.000976s ]

[ 2015-07-12T10:33:07+08:00 ] 127.0.0.1 /bmap/index.php/Home/Public/verify
INFO: [ app_init ] --START--
INFO: Run Behavior\BuildLiteBehavior [ RunTime:0.000000s ]
INFO: [ app_init ] --END-- [ RunTime:0.002930s ]

[ 2015-07-12T10:33:11+08:00 ] 127.0.0.1 /bmap/index.php/Home/Login/schoolInfo
INFO: [ app_init ] --START--
INFO: Run Behavior\BuildLiteBehavior [ RunTime:0.000000s ]
INFO: [ app_init ] --END-- [ RunTime:0.001953s ]
INFO: [ app_begin ] --START--
INFO: Run Behavior\ReadHtmlCacheBehavior [ RunTime:0.000977s ]
INFO: [ app_begin ] --END-- [ RunTime:0.000977s ]
SQL: select fields_name as "field",fields_type as "type",fields_not_null as "null",fields_key_name as "key",fields_default as "default",fields_default as "extra" from table_msg('tp_schools'); [ RunTime:0.0938s ]
SQL: SELECT location FROM tp_schools  [ RunTime:0.0156s ]
SQL: select ST_AsText('010100002031BF0D0062669FC728825C40E544BB0A29A33640') [ RunTime:0.0000s ]
SQL: select ST_AsText('010100002031BF0D0062669FC728825C40E544BB0A29A33640') [ RunTime:0.0000s ]
SQL: select ST_AsText('010100002031BF0D00850662D9CC815C4022FFCC203EA83640') [ RunTime:0.0000s ]
SQL: select ST_AsText('010100002031BF0D004EB7EC10FF785C402028B7ED7B943640') [ RunTime:0.0000s ]
SQL: select ST_AsText('010100002031BF0D0029ED0DBE30795C401DC9E53FA48F3640') [ RunTime:0.0000s ]
SQL: select ST_AsText('010100002031BF0D0072F90FE9B7775C40F1F44A5986903640') [ RunTime:0.0000s ]
SQL: select ST_AsText('010100002031BF0D0088653387A4765C401422E010AA943640') [ RunTime:0.0000s ]
SQL: select ST_AsText('010100002031BF0D0045813E9127795C40C7681D554DC83640') [ RunTime:0.0000s ]
SQL: select ST_AsText('010100002031BF0D0048FB1F60AD825C404C8E3BA583B53640') [ RunTime:0.0000s ]
SQL: select ST_AsText('010100002031BF0D00B85A272EC7735C40EACF7EA488AC3640') [ RunTime:0.0000s ]
INFO: [ app_end ] --START--
INFO: Run Behavior\ShowPageTraceBehavior [ RunTime:0.000000s ]
INFO: [ app_end ] --END-- [ RunTime:0.000000s ]

[ 2015-07-12T10:45:42+08:00 ] 127.0.0.1 /bmap/index.php/Home/Login/loginbefore
INFO: [ app_init ] --START--
INFO: Run Behavior\BuildLiteBehavior [ RunTime:0.000000s ]
INFO: [ app_init ] --END-- [ RunTime:0.000976s ]

[ 2015-07-12T10:45:43+08:00 ] 127.0.0.1 /bmap/index.php/Home/Public/verify
INFO: [ app_init ] --START--
INFO: Run Behavior\BuildLiteBehavior [ RunTime:0.000000s ]
INFO: [ app_init ] --END-- [ RunTime:0.000977s ]

[ 2015-07-12T10:45:47+08:00 ] 127.0.0.1 /bmap/index.php/Home/Login/schoolInfo
INFO: [ app_init ] --START--
INFO: Run Behavior\BuildLiteBehavior [ RunTime:0.000000s ]
INFO: [ app_init ] --END-- [ RunTime:0.000976s ]
INFO: [ app_begin ] --START--
INFO: Run Behavior\ReadHtmlCacheBehavior [ RunTime:0.000977s ]
INFO: [ app_begin ] --END-- [ RunTime:0.001953s ]
SQL: select fields_name as "field",fields_type as "type",fields_not_null as "null",fields_key_name as "key",fields_default as "default",fields_default as "extra" from table_msg('tp_schools'); [ RunTime:0.1602s ]
SQL: SELECT location FROM tp_schools  [ RunTime:0.0156s ]
SQL: select ST_AsText('010100002031BF0D0062669FC728825C40E544BB0A29A33640') [ RunTime:0.0000s ]
SQL: select ST_AsText('010100002031BF0D006C7A50508A825C408E5BCCCF0DA93640') [ RunTime:0.0000s ]
SQL: select ST_AsText('010100002031BF0D001E6B4606B9795C401ADD41EC4C953640') [ RunTime:0.0000s ]
SQL: select ST_AsText('010100002031BF0D00FF774485EA795C40FBCC599F72903640') [ RunTime:0.0000s ]
SQL: select ST_AsText('010100002031BF0D00B3D2A41474785C405BE9B5D958913640') [ RunTime:0.0000s ]
SQL: select ST_AsText('010100002031BF0D008869DFDC5F775C40D40CA9A278953640') [ RunTime:0.0000s ]
SQL: select ST_AsText('010100002031BF0D00D4450A65E1795C408BA8893E1FC93640') [ RunTime:0.0000s ]
SQL: select ST_AsText('010100002031BF0D00E06932E36D835C4097E4805D4DB63640') [ RunTime:0.0000s ]
SQL: select ST_AsText('010100002031BF0D001BBCAFCA85745C40BC1FB75F3EAD3640') [ RunTime:0.0000s ]
INFO: [ app_end ] --START--
INFO: Run Behavior\ShowPageTraceBehavior [ RunTime:0.000000s ]
INFO: [ app_end ] --END-- [ RunTime:0.000000s ]

[ 2015-07-12T10:56:05+08:00 ] 127.0.0.1 /bmap/index.php/Home/Login/loginbefore
INFO: [ app_init ] --START--
INFO: Run Behavior\BuildLiteBehavior [ RunTime:0.000000s ]
INFO: [ app_init ] --END-- [ RunTime:0.000976s ]

[ 2015-07-12T10:56:06+08:00 ] 127.0.0.1 /bmap/index.php/Home/Public/verify
INFO: [ app_init ] --START--
INFO: Run Behavior\BuildLiteBehavior [ RunTime:0.000000s ]
INFO: [ app_init ] --END-- [ RunTime:0.001953s ]

[ 2015-07-12T10:56:09+08:00 ] 127.0.0.1 /bmap/index.php/Home/Login/schoolInfo
INFO: [ app_init ] --START--
INFO: Run Behavior\BuildLiteBehavior [ RunTime:0.000000s ]
INFO: [ app_init ] --END-- [ RunTime:0.000000s ]
INFO: [ app_begin ] --START--
INFO: Run Behavior\ReadHtmlCacheBehavior [ RunTime:0.000000s ]
INFO: [ app_begin ] --END-- [ RunTime:0.000000s ]
SQL: select fields_name as "field",fields_type as "type",fields_not_null as "null",fields_key_name as "key",fields_default as "default",fields_default as "extra" from table_msg('tp_schools'); [ RunTime:0.1328s ]
SQL: SELECT location FROM tp_schools  [ RunTime:0.0205s ]
SQL: select ST_AsText('010100002031BF0D0062669FC728825C40E544BB0A29A33640') [ RunTime:0.0000s ]
SQL: select ST_AsText('010100002031BF0D006C7A50508A825C408E5BCCCF0DA93640') [ RunTime:0.0156s ]
SQL: select ST_AsText('010100002031BF0D001E6B4606B9795C401ADD41EC4C953640') [ RunTime:0.0000s ]
SQL: select ST_AsText('010100002031BF0D00FF774485EA795C40FBCC599F72903640') [ RunTime:0.0000s ]
SQL: select ST_AsText('010100002031BF0D00B3D2A41474785C405BE9B5D958913640') [ RunTime:0.0000s ]
SQL: select ST_AsText('010100002031BF0D008869DFDC5F775C40D40CA9A278953640') [ RunTime:0.0000s ]
SQL: select ST_AsText('010100002031BF0D00D4450A65E1795C408BA8893E1FC93640') [ RunTime:0.0000s ]
SQL: select ST_AsText('010100002031BF0D00E06932E36D835C4097E4805D4DB63640') [ RunTime:0.0000s ]
SQL: select ST_AsText('010100002031BF0D001BBCAFCA85745C40BC1FB75F3EAD3640') [ RunTime:0.0000s ]
INFO: [ app_end ] --START--
INFO: Run Behavior\ShowPageTraceBehavior [ RunTime:0.015625s ]
INFO: [ app_end ] --END-- [ RunTime:0.015625s ]

[ 2015-07-12T11:18:39+08:00 ] 127.0.0.1 /bmap/index.php/Home/Login/schoolInfo
INFO: [ app_init ] --START--
INFO: Run Behavior\BuildLiteBehavior [ RunTime:0.000000s ]
INFO: [ app_init ] --END-- [ RunTime:0.005859s ]

[ 2015-07-12T11:18:45+08:00 ] 127.0.0.1 /bmap/index.php/Home/Login/schoolInfo
INFO: [ app_init ] --START--
INFO: Run Behavior\BuildLiteBehavior [ RunTime:0.000000s ]
INFO: [ app_init ] --END-- [ RunTime:0.001954s ]

[ 2015-07-12T11:20:27+08:00 ] 127.0.0.1 /bmap/index.php/Home/Login/schoolInfo
INFO: [ app_init ] --START--
INFO: Run Behavior\BuildLiteBehavior [ RunTime:0.000000s ]
INFO: [ app_init ] --END-- [ RunTime:0.000977s ]

[ 2015-07-12T11:20:48+08:00 ] 127.0.0.1 /bmap/index.php/Home/Login/schoolInfo
INFO: [ app_init ] --START--
INFO: Run Behavior\BuildLiteBehavior [ RunTime:0.000000s ]
INFO: [ app_init ] --END-- [ RunTime:0.001953s ]
ERR: SQLSTATE[42601]: Syntax error: 7 错误:  语法错误 在 "location" 或附近的
LINE 1: select ST_AsText('Array['location']')
                                 ^

[ 2015-07-12T11:21:06+08:00 ] 127.0.0.1 /bmap/index.php/Home/Login/schoolInfo
INFO: [ app_init ] --START--
INFO: Run Behavior\BuildLiteBehavior [ RunTime:0.000000s ]
INFO: [ app_init ] --END-- [ RunTime:0.000976s ]
ERR: SQLSTATE[XX000]: Internal error: 7 错误:  parse error - invalid geometry
HINT:  "Ar" <-- parse error at position 2 within geometry
CONTEXT:  SQL 函数 "st_astext" 语句 1

[ 2015-07-12T11:51:45+08:00 ] 127.0.0.1 /bmap/index.php/Home/Login/schoolInfo
INFO: [ app_init ] --START--
INFO: Run Behavior\BuildLiteBehavior [ RunTime:0.000000s ]
INFO: [ app_init ] --END-- [ RunTime:0.000977s ]

[ 2015-07-12T11:52:00+08:00 ] 127.0.0.1 /bmap/index.php/Home/Login/schoolInfo
INFO: [ app_init ] --START--
INFO: Run Behavior\BuildLiteBehavior [ RunTime:0.000000s ]
INFO: [ app_init ] --END-- [ RunTime:0.003907s ]

[ 2015-07-12T11:52:17+08:00 ] 127.0.0.1 /bmap/index.php/Home/Login/schoolInfo
INFO: [ app_init ] --START--
INFO: Run Behavior\BuildLiteBehavior [ RunTime:0.000000s ]
INFO: [ app_init ] --END-- [ RunTime:0.000977s ]

[ 2015-07-12T11:54:20+08:00 ] 127.0.0.1 /bmap/index.php/Home/Login/schoolInfo
INFO: [ app_init ] --START--
INFO: Run Behavior\BuildLiteBehavior [ RunTime:0.000000s ]
INFO: [ app_init ] --END-- [ RunTime:0.000976s ]

[ 2015-07-12T11:54:46+08:00 ] 127.0.0.1 /bmap/index.php/Home/Login/schoolInfo
INFO: [ app_init ] --START--
INFO: Run Behavior\BuildLiteBehavior [ RunTime:0.000000s ]
INFO: [ app_init ] --END-- [ RunTime:0.000976s ]
ERR: SQLSTATE[XX000]: Internal error: 7 错误:  parse error - invalid geometry
HINT:  "Ar" <-- parse error at position 2 within geometry
CONTEXT:  SQL 函数 "st_astext" 语句 1

[ 2015-07-12T11:55:25+08:00 ] 127.0.0.1 /bmap/index.php/Home/Login/schoolInfo
INFO: [ app_init ] --START--
INFO: Run Behavior\BuildLiteBehavior [ RunTime:0.000000s ]
INFO: [ app_init ] --END-- [ RunTime:0.000977s ]

[ 2015-07-12T11:56:22+08:00 ] 127.0.0.1 /bmap/index.php/Home/Login/schoolInfo
INFO: [ app_init ] --START--
INFO: Run Behavior\BuildLiteBehavior [ RunTime:0.000000s ]
INFO: [ app_init ] --END-- [ RunTime:0.000977s ]

[ 2015-07-12T12:01:48+08:00 ] 127.0.0.1 /bmap/index.php/Home/Login/schoolInfo
INFO: [ app_init ] --START--
INFO: Run Behavior\BuildLiteBehavior [ RunTime:0.000000s ]
INFO: [ app_init ] --END-- [ RunTime:0.000976s ]
ERR: SQLSTATE[42601]: Syntax error: 7 错误:  语法错误 在 "location" 或附近的
LINE 1: select ST_AsText('Array[\'location\']')
                                  ^

[ 2015-07-12T12:02:36+08:00 ] 127.0.0.1 /bmap/index.php/Home/Login/schoolInfo
INFO: [ app_init ] --START--
INFO: Run Behavior\BuildLiteBehavior [ RunTime:0.000000s ]
INFO: [ app_init ] --END-- [ RunTime:0.000977s ]
ERR: SQLSTATE[42601]: Syntax error: 7 错误:  语法错误 在 "location" 或附近的
LINE 1: select ST_AsText('Array['location']')
                                 ^

[ 2015-07-12T12:03:02+08:00 ] 127.0.0.1 /bmap/index.php/Home/Login/schoolInfo
INFO: [ app_init ] --START--
INFO: Run Behavior\BuildLiteBehavior [ RunTime:0.000000s ]
INFO: [ app_init ] --END-- [ RunTime:0.005859s ]

[ 2015-07-12T12:03:37+08:00 ] 127.0.0.1 /bmap/index.php/Home/Login/schoolInfo
INFO: [ app_init ] --START--
INFO: Run Behavior\BuildLiteBehavior [ RunTime:0.000000s ]
INFO: [ app_init ] --END-- [ RunTime:0.000976s ]

[ 2015-07-12T12:03:46+08:00 ] 127.0.0.1 /bmap/index.php/Home/Login/schoolInfo
INFO: [ app_init ] --START--
INFO: Run Behavior\BuildLiteBehavior [ RunTime:0.000000s ]
INFO: [ app_init ] --END-- [ RunTime:0.002929s ]

[ 2015-07-12T12:07:10+08:00 ] 127.0.0.1 /bmap/index.php/Home/Login/schoolInfo
INFO: [ app_init ] --START--
INFO: Run Behavior\BuildLiteBehavior [ RunTime:0.000977s ]
INFO: [ app_init ] --END-- [ RunTime:0.001953s ]
ERR: SQLSTATE[42601]: Syntax error: 7 错误:  语法错误 在 "\" 或附近的
LINE 1: select ST_AsText(\'0['location']\')
                         ^

[ 2015-07-12T12:07:31+08:00 ] 127.0.0.1 /bmap/index.php/Home/Login/schoolInfo
INFO: [ app_init ] --START--
INFO: Run Behavior\BuildLiteBehavior [ RunTime:0.000000s ]
INFO: [ app_init ] --END-- [ RunTime:0.000977s ]
ERR: SQLSTATE[42601]: Syntax error: 7 错误:  语法错误 在 "\" 或附近的
LINE 1: select ST_AsText(\'Array['location']\')
                         ^

[ 2015-07-12T12:07:55+08:00 ] 127.0.0.1 /bmap/index.php/Home/Login/schoolInfo
INFO: [ app_init ] --START--
INFO: Run Behavior\BuildLiteBehavior [ RunTime:0.000000s ]
INFO: [ app_init ] --END-- [ RunTime:0.005859s ]

[ 2015-07-12T12:08:36+08:00 ] 127.0.0.1 /bmap/index.php/Home/Login/schoolInfo
INFO: [ app_init ] --START--
INFO: Run Behavior\BuildLiteBehavior [ RunTime:0.000000s ]
INFO: [ app_init ] --END-- [ RunTime:0.001953s ]
ERR: SQLSTATE[42883]: Undefined function: 7 错误:  函数 st_astext(text[]) 不存在
LINE 1: select ST_AsText(Array['location'])
               ^
HINT:  没有匹配指定名称和参数类型的函数. 您也许需要增加明确的类型转换.

[ 2015-07-12T12:09:06+08:00 ] 127.0.0.1 /bmap/index.php/Home/Login/schoolInfo
INFO: [ app_init ] --START--
INFO: Run Behavior\BuildLiteBehavior [ RunTime:0.000000s ]
INFO: [ app_init ] --END-- [ RunTime:0.000976s ]
ERR: SQLSTATE[42601]: Syntax error: 7 错误:  语法错误 在 "$" 或附近的
LINE 1: select ST_AsText($Query[$i]["location"])
                         ^

[ 2015-07-12T12:09:28+08:00 ] 127.0.0.1 /bmap/index.php/Home/Login/schoolInfo
INFO: [ app_init ] --START--
INFO: Run Behavior\BuildLiteBehavior [ RunTime:0.000000s ]
INFO: [ app_init ] --END-- [ RunTime:0.000977s ]
ERR: SQLSTATE[XX000]: Internal error: 7 错误:  parse error - invalid geometry
HINT:  "$Q" <-- parse error at position 2 within geometry
CONTEXT:  SQL 函数 "st_astext" 语句 1

[ 2015-07-12T12:09:41+08:00 ] 127.0.0.1 /bmap/index.php/Home/Login/schoolInfo
INFO: [ app_init ] --START--
INFO: Run Behavior\BuildLiteBehavior [ RunTime:0.000000s ]
INFO: [ app_init ] --END-- [ RunTime:0.007812s ]
ERR: SQLSTATE[XX000]: Internal error: 7 错误:  parse error - invalid geometry
HINT:  " $Q" <-- parse error at position 3 within geometry
CONTEXT:  SQL 函数 "st_astext" 语句 1

[ 2015-07-12T12:11:58+08:00 ] 127.0.0.1 /bmap/index.php/Home/Login/schoolInfo
INFO: [ app_init ] --START--
INFO: Run Behavior\BuildLiteBehavior [ RunTime:0.000000s ]
INFO: [ app_init ] --END-- [ RunTime:0.000977s ]

[ 2015-07-12T12:12:08+08:00 ] 127.0.0.1 /bmap/index.php/Home/Login/schoolInfo
INFO: [ app_init ] --START--
INFO: Run Behavior\BuildLiteBehavior [ RunTime:0.000000s ]
INFO: [ app_init ] --END-- [ RunTime:0.000977s ]

[ 2015-07-12T12:13:10+08:00 ] 127.0.0.1 /bmap/index.php/Home/Login/schoolInfo
INFO: [ app_init ] --START--
INFO: Run Behavior\BuildLiteBehavior [ RunTime:0.000000s ]
INFO: [ app_init ] --END-- [ RunTime:0.000976s ]

[ 2015-07-12T12:17:30+08:00 ] 127.0.0.1 /bmap/index.php/Home/Login/schoolInfo
INFO: [ app_init ] --START--
INFO: Run Behavior\BuildLiteBehavior [ RunTime:0.000000s ]
INFO: [ app_init ] --END-- [ RunTime:0.000977s ]
ERR: SQLSTATE[XX000]: Internal error: 7 错误:  parse error - invalid geometry
HINT:  "Ar" <-- parse error at position 2 within geometry
CONTEXT:  SQL 函数 "st_astext" 语句 1

[ 2015-07-12T12:21:15+08:00 ] 127.0.0.1 /bmap/index.php/Home/Login/schoolInfo
INFO: [ app_init ] --START--
INFO: Run Behavior\BuildLiteBehavior [ RunTime:0.000000s ]
INFO: [ app_init ] --END-- [ RunTime:0.001953s ]
ERR: SQLSTATE[XX000]: Internal error: 7 错误:  parse error - invalid geometry
HINT:  "Ar" <-- parse error at position 2 within geometry
CONTEXT:  SQL 函数 "st_astext" 语句 1

[ 2015-07-12T12:21:53+08:00 ] 127.0.0.1 /bmap/index.php/Home/Login/schoolInfo
INFO: [ app_init ] --START--
INFO: Run Behavior\BuildLiteBehavior [ RunTime:0.000000s ]
INFO: [ app_init ] --END-- [ RunTime:0.000000s ]

[ 2015-07-12T12:22:32+08:00 ] 127.0.0.1 /bmap/index.php/Home/Login/schoolInfo
INFO: [ app_init ] --START--
INFO: Run Behavior\BuildLiteBehavior [ RunTime:0.000000s ]
INFO: [ app_init ] --END-- [ RunTime:0.025391s ]

[ 2015-07-12T12:22:33+08:00 ] 127.0.0.1 /bmap/index.php/Home/Login/schoolInfo
INFO: [ app_init ] --START--
INFO: Run Behavior\BuildLiteBehavior [ RunTime:0.000000s ]
INFO: [ app_init ] --END-- [ RunTime:0.001954s ]

[ 2015-07-12T12:22:58+08:00 ] 127.0.0.1 /bmap/index.php/Home/Login/schoolInfo
INFO: [ app_init ] --START--
INFO: Run Behavior\BuildLiteBehavior [ RunTime:0.000000s ]
INFO: [ app_init ] --END-- [ RunTime:0.000976s ]

[ 2015-07-12T12:23:37+08:00 ] 127.0.0.1 /bmap/index.php/Home/Login/schoolInfo
INFO: [ app_init ] --START--
INFO: Run Behavior\BuildLiteBehavior [ RunTime:0.000000s ]
INFO: [ app_init ] --END-- [ RunTime:0.000977s ]
INFO: [ app_begin ] --START--
INFO: Run Behavior\ReadHtmlCacheBehavior [ RunTime:0.001953s ]
INFO: [ app_begin ] --END-- [ RunTime:0.001953s ]
SQL: select fields_name as "field",fields_type as "type",fields_not_null as "null",fields_key_name as "key",fields_default as "default",fields_default as "extra" from table_msg('tp_schools'); [ RunTime:0.1299s ]
SQL: SELECT location FROM tp_schools  [ RunTime:0.0156s ]
SQL: select ST_AsText('010100002031BF0D0062669FC728825C40E544BB0A29A33640') [ RunTime:0.0000s ]
SQL: select ST_AsText('010100002031BF0D006C7A50508A825C408E5BCCCF0DA93640') [ RunTime:0.0000s ]
SQL: select ST_AsText('010100002031BF0D001E6B4606B9795C401ADD41EC4C953640') [ RunTime:0.0000s ]
SQL: select ST_AsText('010100002031BF0D00FF774485EA795C40FBCC599F72903640') [ RunTime:0.0156s ]
SQL: select ST_AsText('010100002031BF0D00B3D2A41474785C405BE9B5D958913640') [ RunTime:0.0000s ]
SQL: select ST_AsText('010100002031BF0D008869DFDC5F775C40D40CA9A278953640') [ RunTime:0.0000s ]
SQL: select ST_AsText('010100002031BF0D00D4450A65E1795C408BA8893E1FC93640') [ RunTime:0.0000s ]
SQL: select ST_AsText('010100002031BF0D00E06932E36D835C4097E4805D4DB63640') [ RunTime:0.0000s ]
SQL: select ST_AsText('010100002031BF0D001BBCAFCA85745C40BC1FB75F3EAD3640') [ RunTime:0.0000s ]
INFO: [ app_end ] --START--
INFO: Run Behavior\ShowPageTraceBehavior [ RunTime:0.000000s ]
INFO: [ app_end ] --END-- [ RunTime:0.000000s ]

[ 2015-07-12T12:24:19+08:00 ] 127.0.0.1 /bmap/index.php/Home/Login/loginbefore
INFO: [ app_init ] --START--
INFO: Run Behavior\BuildLiteBehavior [ RunTime:0.000000s ]
INFO: [ app_init ] --END-- [ RunTime:0.001953s ]

[ 2015-07-12T12:24:20+08:00 ] 127.0.0.1 /bmap/index.php/Home/Public/verify
INFO: [ app_init ] --START--
INFO: Run Behavior\BuildLiteBehavior [ RunTime:0.000000s ]
INFO: [ app_init ] --END-- [ RunTime:0.000977s ]

[ 2015-07-12T12:24:22+08:00 ] 127.0.0.1 /bmap/index.php/Home/Login/schoolInfo
INFO: [ app_init ] --START--
INFO: Run Behavior\BuildLiteBehavior [ RunTime:0.000000s ]
INFO: [ app_init ] --END-- [ RunTime:0.000977s ]
INFO: [ app_begin ] --START--
INFO: Run Behavior\ReadHtmlCacheBehavior [ RunTime:0.000977s ]
INFO: [ app_begin ] --END-- [ RunTime:0.000977s ]
SQL: select fields_name as "field",fields_type as "type",fields_not_null as "null",fields_key_name as "key",fields_default as "default",fields_default as "extra" from table_msg('tp_schools'); [ RunTime:0.1211s ]
SQL: SELECT location FROM tp_schools  [ RunTime:0.0186s ]
SQL: select ST_AsText('010100002031BF0D0062669FC728825C40E544BB0A29A33640') [ RunTime:0.0020s ]
SQL: select ST_AsText('010100002031BF0D006C7A50508A825C408E5BCCCF0DA93640') [ RunTime:0.0020s ]
SQL: select ST_AsText('010100002031BF0D001E6B4606B9795C401ADD41EC4C953640') [ RunTime:0.0010s ]
SQL: select ST_AsText('010100002031BF0D00FF774485EA795C40FBCC599F72903640') [ RunTime:0.0010s ]
SQL: select ST_AsText('010100002031BF0D00B3D2A41474785C405BE9B5D958913640') [ RunTime:0.0010s ]
SQL: select ST_AsText('010100002031BF0D008869DFDC5F775C40D40CA9A278953640') [ RunTime:0.0010s ]
SQL: select ST_AsText('010100002031BF0D00D4450A65E1795C408BA8893E1FC93640') [ RunTime:0.0010s ]
SQL: select ST_AsText('010100002031BF0D00E06932E36D835C4097E4805D4DB63640') [ RunTime:0.0010s ]
SQL: select ST_AsText('010100002031BF0D001BBCAFCA85745C40BC1FB75F3EAD3640') [ RunTime:0.0010s ]
INFO: [ app_end ] --START--
INFO: Run Behavior\ShowPageTraceBehavior [ RunTime:0.001953s ]
INFO: [ app_end ] --END-- [ RunTime:0.001953s ]

[ 2015-07-12T12:24:40+08:00 ] 127.0.0.1 /bmap/index.php/Home/Login/loginbefore
INFO: [ app_init ] --START--
INFO: Run Behavior\BuildLiteBehavior [ RunTime:0.000000s ]
INFO: [ app_init ] --END-- [ RunTime:0.001953s ]

[ 2015-07-12T12:24:40+08:00 ] 127.0.0.1 /bmap/index.php/Home/Public/verify
INFO: [ app_init ] --START--
INFO: Run Behavior\BuildLiteBehavior [ RunTime:0.000000s ]
INFO: [ app_init ] --END-- [ RunTime:0.000977s ]

[ 2015-07-12T12:24:43+08:00 ] 127.0.0.1 /bmap/index.php/Home/Login/schoolInfo
INFO: [ app_init ] --START--
INFO: Run Behavior\BuildLiteBehavior [ RunTime:0.000000s ]
INFO: [ app_init ] --END-- [ RunTime:0.008789s ]
INFO: [ app_begin ] --START--
INFO: Run Behavior\ReadHtmlCacheBehavior [ RunTime:0.001953s ]
INFO: [ app_begin ] --END-- [ RunTime:0.001953s ]
SQL: select fields_name as "field",fields_type as "type",fields_not_null as "null",fields_key_name as "key",fields_default as "default",fields_default as "extra" from table_msg('tp_schools'); [ RunTime:0.1914s ]
SQL: SELECT location FROM tp_schools  [ RunTime:0.0215s ]
SQL: select ST_AsText('010100002031BF0D0062669FC728825C40E544BB0A29A33640') [ RunTime:0.0020s ]
SQL: select ST_AsText('010100002031BF0D006C7A50508A825C408E5BCCCF0DA93640') [ RunTime:0.0010s ]
SQL: select ST_AsText('010100002031BF0D001E6B4606B9795C401ADD41EC4C953640') [ RunTime:0.0010s ]
SQL: select ST_AsText('010100002031BF0D00FF774485EA795C40FBCC599F72903640') [ RunTime:0.0010s ]
SQL: select ST_AsText('010100002031BF0D00B3D2A41474785C405BE9B5D958913640') [ RunTime:0.0010s ]
SQL: select ST_AsText('010100002031BF0D008869DFDC5F775C40D40CA9A278953640') [ RunTime:0.0010s ]
SQL: select ST_AsText('010100002031BF0D00D4450A65E1795C408BA8893E1FC93640') [ RunTime:0.0020s ]
SQL: select ST_AsText('010100002031BF0D00E06932E36D835C4097E4805D4DB63640') [ RunTime:0.0078s ]
SQL: select ST_AsText('010100002031BF0D001BBCAFCA85745C40BC1FB75F3EAD3640') [ RunTime:0.0059s ]
INFO: [ app_end ] --START--
INFO: Run Behavior\ShowPageTraceBehavior [ RunTime:0.000977s ]
INFO: [ app_end ] --END-- [ RunTime:0.001953s ]

[ 2015-07-12T12:25:04+08:00 ] 127.0.0.1 /bmap/index.php/Home/Login/loginbefore
INFO: [ app_init ] --START--
INFO: Run Behavior\BuildLiteBehavior [ RunTime:0.000000s ]
INFO: [ app_init ] --END-- [ RunTime:0.000977s ]

[ 2015-07-12T12:25:04+08:00 ] 127.0.0.1 /bmap/index.php/Home/Public/verify
INFO: [ app_init ] --START--
INFO: Run Behavior\BuildLiteBehavior [ RunTime:0.000000s ]
INFO: [ app_init ] --END-- [ RunTime:0.000977s ]

[ 2015-07-12T12:25:08+08:00 ] 127.0.0.1 /bmap/index.php/Home/Login/schoolInfo
INFO: [ app_init ] --START--
INFO: Run Behavior\BuildLiteBehavior [ RunTime:0.000000s ]
INFO: [ app_init ] --END-- [ RunTime:0.001953s ]
INFO: [ app_begin ] --START--
INFO: Run Behavior\ReadHtmlCacheBehavior [ RunTime:0.000977s ]
INFO: [ app_begin ] --END-- [ RunTime:0.000977s ]
SQL: select fields_name as "field",fields_type as "type",fields_not_null as "null",fields_key_name as "key",fields_default as "default",fields_default as "extra" from table_msg('tp_schools'); [ RunTime:0.1436s ]
SQL: SELECT location FROM tp_schools  [ RunTime:0.0215s ]
SQL: select ST_AsText('010100002031BF0D0062669FC728825C40E544BB0A29A33640') [ RunTime:0.0215s ]
SQL: select ST_AsText('010100002031BF0D006C7A50508A825C408E5BCCCF0DA93640') [ RunTime:0.0000s ]
SQL: select ST_AsText('010100002031BF0D001E6B4606B9795C401ADD41EC4C953640') [ RunTime:0.0010s ]
SQL: select ST_AsText('010100002031BF0D00FF774485EA795C40FBCC599F72903640') [ RunTime:0.0010s ]
SQL: select ST_AsText('010100002031BF0D00B3D2A41474785C405BE9B5D958913640') [ RunTime:0.0010s ]
SQL: select ST_AsText('010100002031BF0D008869DFDC5F775C40D40CA9A278953640') [ RunTime:0.0000s ]
SQL: select ST_AsText('010100002031BF0D00D4450A65E1795C408BA8893E1FC93640') [ RunTime:0.0020s ]
SQL: select ST_AsText('010100002031BF0D00E06932E36D835C4097E4805D4DB63640') [ RunTime:0.0010s ]
SQL: select ST_AsText('010100002031BF0D001BBCAFCA85745C40BC1FB75F3EAD3640') [ RunTime:0.0010s ]
INFO: [ app_end ] --START--
INFO: Run Behavior\ShowPageTraceBehavior [ RunTime:0.001953s ]
INFO: [ app_end ] --END-- [ RunTime:0.001953s ]

[ 2015-07-12T14:49:23+08:00 ] 127.0.0.1 /bmap/
INFO: [ app_init ] --START--
INFO: Run Behavior\BuildLiteBehavior [ RunTime:0.000976s ]
INFO: [ app_init ] --END-- [ RunTime:0.001953s ]

[ 2015-07-12T14:49:26+08:00 ] 127.0.0.1 /bmap/index.php/Home/Login/schoolInfo
INFO: [ app_init ] --START--
INFO: Run Behavior\BuildLiteBehavior [ RunTime:0.000976s ]
INFO: [ app_init ] --END-- [ RunTime:0.000976s ]

[ 2015-07-12T14:52:55+08:00 ] 127.0.0.1 /bmap/index.php/Home/Login/schoolInfo
INFO: [ app_init ] --START--
INFO: Run Behavior\BuildLiteBehavior [ RunTime:0.000000s ]
INFO: [ app_init ] --END-- [ RunTime:0.001953s ]

[ 2015-07-12T14:55:21+08:00 ] 127.0.0.1 /bmap/index.php/Home/Login/schoolInfo
INFO: [ app_init ] --START--
INFO: Run Behavior\BuildLiteBehavior [ RunTime:0.000000s ]
INFO: [ app_init ] --END-- [ RunTime:0.000976s ]

[ 2015-07-12T14:55:28+08:00 ] 127.0.0.1 /bmap/index.php/Home/Login/schoolInfo
INFO: [ app_init ] --START--
INFO: Run Behavior\BuildLiteBehavior [ RunTime:0.000000s ]
INFO: [ app_init ] --END-- [ RunTime:0.001953s ]

[ 2015-07-12T15:01:14+08:00 ] 127.0.0.1 /bmap/index.php/Home/Login/schoolInfo
INFO: [ app_init ] --START--
INFO: Run Behavior\BuildLiteBehavior [ RunTime:0.000000s ]
INFO: [ app_init ] --END-- [ RunTime:0.003906s ]

[ 2015-07-12T15:05:46+08:00 ] 127.0.0.1 /bmap/index.php/Home/Login/schoolInfo
INFO: [ app_init ] --START--
INFO: Run Behavior\BuildLiteBehavior [ RunTime:0.000000s ]
INFO: [ app_init ] --END-- [ RunTime:0.024414s ]

[ 2015-07-12T15:07:11+08:00 ] 127.0.0.1 /bmap/index.php/Home/Login/schoolInfo
INFO: [ app_init ] --START--
INFO: Run Behavior\BuildLiteBehavior [ RunTime:0.000000s ]
INFO: [ app_init ] --END-- [ RunTime:0.000976s ]

[ 2015-07-12T15:07:18+08:00 ] 127.0.0.1 /bmap/index.php/Home/Login/schoolInfo
INFO: [ app_init ] --START--
INFO: Run Behavior\BuildLiteBehavior [ RunTime:0.000976s ]
INFO: [ app_init ] --END-- [ RunTime:0.001953s ]

[ 2015-07-12T15:08:10+08:00 ] 127.0.0.1 /bmap/index.php/Home/Login/schoolInfo
INFO: [ app_init ] --START--
INFO: Run Behavior\BuildLiteBehavior [ RunTime:0.000000s ]
INFO: [ app_init ] --END-- [ RunTime:0.000977s ]

[ 2015-07-12T15:11:33+08:00 ] 127.0.0.1 /bmap/index.php/Home/Login/schoolInfo
INFO: [ app_init ] --START--
INFO: Run Behavior\BuildLiteBehavior [ RunTime:0.000000s ]
INFO: [ app_init ] --END-- [ RunTime:0.000976s ]

[ 2015-07-12T15:12:03+08:00 ] 127.0.0.1 /bmap/index.php/Home/Login/schoolInfo
INFO: [ app_init ] --START--
INFO: Run Behavior\BuildLiteBehavior [ RunTime:0.000000s ]
INFO: [ app_init ] --END-- [ RunTime:0.001953s ]

[ 2015-07-12T15:12:55+08:00 ] 127.0.0.1 /bmap/index.php/Home/Public/verify
INFO: [ app_init ] --START--
INFO: Run Behavior\BuildLiteBehavior [ RunTime:0.000000s ]
INFO: [ app_init ] --END-- [ RunTime:0.000976s ]

[ 2015-07-12T15:12:58+08:00 ] 127.0.0.1 /bmap/index.php/Home/Login/schoolInfo
INFO: [ app_init ] --START--
INFO: Run Behavior\BuildLiteBehavior [ RunTime:0.000000s ]
INFO: [ app_init ] --END-- [ RunTime:0.000977s ]
INFO: [ app_begin ] --START--
INFO: Run Behavior\ReadHtmlCacheBehavior [ RunTime:0.001953s ]
INFO: [ app_begin ] --END-- [ RunTime:0.001953s ]
SQL: select fields_name as "field",fields_type as "type",fields_not_null as "null",fields_key_name as "key",fields_default as "default",fields_default as "extra" from table_msg('tp_schools'); [ RunTime:0.0938s ]
SQL: SELECT location FROM tp_schools  [ RunTime:0.0156s ]
SQL: SELECT * FROM tp_schools  [ RunTime:0.0000s ]
SQL: select ST_AsText('010100002031BF0D0062669FC728825C40E544BB0A29A33640') [ RunTime:0.0000s ]
SQL: select ST_AsText('010100002031BF0D006C7A50508A825C408E5BCCCF0DA93640') [ RunTime:0.0000s ]
SQL: select ST_AsText('010100002031BF0D001E6B4606B9795C401ADD41EC4C953640') [ RunTime:0.0000s ]
SQL: select ST_AsText('010100002031BF0D00FF774485EA795C40FBCC599F72903640') [ RunTime:0.0000s ]
SQL: select ST_AsText('010100002031BF0D00B3D2A41474785C405BE9B5D958913640') [ RunTime:0.0000s ]
SQL: select ST_AsText('010100002031BF0D008869DFDC5F775C40D40CA9A278953640') [ RunTime:0.0000s ]
SQL: select ST_AsText('010100002031BF0D00D4450A65E1795C408BA8893E1FC93640') [ RunTime:0.0000s ]
SQL: select ST_AsText('010100002031BF0D00E06932E36D835C4097E4805D4DB63640') [ RunTime:0.0000s ]
SQL: select ST_AsText('010100002031BF0D001BBCAFCA85745C40BC1FB75F3EAD3640') [ RunTime:0.0000s ]
INFO: [ app_end ] --START--
INFO: Run Behavior\ShowPageTraceBehavior [ RunTime:0.000000s ]
INFO: [ app_end ] --END-- [ RunTime:0.000000s ]

[ 2015-07-12T15:13:12+08:00 ] 127.0.0.1 /bmap/index.php/Home/Login/loginbefore
INFO: [ app_init ] --START--
INFO: Run Behavior\BuildLiteBehavior [ RunTime:0.000000s ]
INFO: [ app_init ] --END-- [ RunTime:0.000000s ]

[ 2015-07-12T15:13:12+08:00 ] 127.0.0.1 /bmap/index.php/Home/Public/verify
INFO: [ app_init ] --START--
INFO: Run Behavior\BuildLiteBehavior [ RunTime:0.000000s ]
INFO: [ app_init ] --END-- [ RunTime:0.001953s ]

[ 2015-07-12T15:13:14+08:00 ] 127.0.0.1 /bmap/index.php/Home/Login/schoolInfo
INFO: [ app_init ] --START--
INFO: Run Behavior\BuildLiteBehavior [ RunTime:0.000977s ]
INFO: [ app_init ] --END-- [ RunTime:0.000977s ]
INFO: [ app_begin ] --START--
INFO: Run Behavior\ReadHtmlCacheBehavior [ RunTime:0.000976s ]
INFO: [ app_begin ] --END-- [ RunTime:0.001953s ]
SQL: select fields_name as "field",fields_type as "type",fields_not_null as "null",fields_key_name as "key",fields_default as "default",fields_default as "extra" from table_msg('tp_schools'); [ RunTime:0.0977s ]
SQL: SELECT location FROM tp_schools  [ RunTime:0.0352s ]
SQL: SELECT * FROM tp_schools  [ RunTime:0.0020s ]
SQL: select ST_AsText('010100002031BF0D0062669FC728825C40E544BB0A29A33640') [ RunTime:0.0000s ]
SQL: select ST_AsText('010100002031BF0D006C7A50508A825C408E5BCCCF0DA93640') [ RunTime:0.0000s ]
SQL: select ST_AsText('010100002031BF0D001E6B4606B9795C401ADD41EC4C953640') [ RunTime:0.0000s ]
SQL: select ST_AsText('010100002031BF0D00FF774485EA795C40FBCC599F72903640') [ RunTime:0.0000s ]
SQL: select ST_AsText('010100002031BF0D00B3D2A41474785C405BE9B5D958913640') [ RunTime:0.0000s ]
SQL: select ST_AsText('010100002031BF0D008869DFDC5F775C40D40CA9A278953640') [ RunTime:0.0000s ]
SQL: select ST_AsText('010100002031BF0D00D4450A65E1795C408BA8893E1FC93640') [ RunTime:0.0156s ]
SQL: select ST_AsText('010100002031BF0D00E06932E36D835C4097E4805D4DB63640') [ RunTime:0.0000s ]
SQL: select ST_AsText('010100002031BF0D001BBCAFCA85745C40BC1FB75F3EAD3640') [ RunTime:0.0000s ]
INFO: [ app_end ] --START--
INFO: Run Behavior\ShowPageTraceBehavior [ RunTime:0.000000s ]
INFO: [ app_end ] --END-- [ RunTime:0.000000s ]

[ 2015-07-12T15:13:49+08:00 ] 127.0.0.1 /bmap/index.php/Home/Login/schoolInfo
INFO: [ app_init ] --START--
INFO: Run Behavior\BuildLiteBehavior [ RunTime:0.000000s ]
INFO: [ app_init ] --END-- [ RunTime:0.000977s ]

[ 2015-07-12T15:15:00+08:00 ] 127.0.0.1 /bmap/index.php/Home/Login/schoolInfo
INFO: [ app_init ] --START--
INFO: Run Behavior\BuildLiteBehavior [ RunTime:0.000000s ]
INFO: [ app_init ] --END-- [ RunTime:0.000977s ]
INFO: [ app_begin ] --START--
INFO: Run Behavior\ReadHtmlCacheBehavior [ RunTime:0.001953s ]
INFO: [ app_begin ] --END-- [ RunTime:0.001953s ]
SQL: select fields_name as "field",fields_type as "type",fields_not_null as "null",fields_key_name as "key",fields_default as "default",fields_default as "extra" from table_msg('tp_schools'); [ RunTime:0.1582s ]
SQL: SELECT location FROM tp_schools  [ RunTime:0.0225s ]
SQL: SELECT * FROM tp_schools  [ RunTime:0.0020s ]
SQL: select ST_AsText('010100002031BF0D0062669FC728825C40E544BB0A29A33640') [ RunTime:0.0059s ]
SQL: select ST_AsText('010100002031BF0D006C7A50508A825C408E5BCCCF0DA93640') [ RunTime:0.0010s ]
SQL: select ST_AsText('010100002031BF0D001E6B4606B9795C401ADD41EC4C953640') [ RunTime:0.0010s ]
SQL: select ST_AsText('010100002031BF0D00FF774485EA795C40FBCC599F72903640') [ RunTime:0.0010s ]
SQL: select ST_AsText('010100002031BF0D00B3D2A41474785C405BE9B5D958913640') [ RunTime:0.0020s ]
SQL: select ST_AsText('010100002031BF0D008869DFDC5F775C40D40CA9A278953640') [ RunTime:0.0010s ]
SQL: select ST_AsText('010100002031BF0D00D4450A65E1795C408BA8893E1FC93640') [ RunTime:0.0010s ]
SQL: select ST_AsText('010100002031BF0D00E06932E36D835C4097E4805D4DB63640') [ RunTime:0.0010s ]
SQL: select ST_AsText('010100002031BF0D001BBCAFCA85745C40BC1FB75F3EAD3640') [ RunTime:0.0010s ]
INFO: [ app_end ] --START--
INFO: Run Behavior\ShowPageTraceBehavior [ RunTime:0.001953s ]
INFO: [ app_end ] --END-- [ RunTime:0.001953s ]

[ 2015-07-12T15:21:06+08:00 ] 127.0.0.1 /bmap/index.php/Home/Login/loginbefore
INFO: [ app_init ] --START--
INFO: Run Behavior\BuildLiteBehavior [ RunTime:0.000000s ]
INFO: [ app_init ] --END-- [ RunTime:0.000976s ]

[ 2015-07-12T15:21:06+08:00 ] 127.0.0.1 /bmap/index.php/Home/Public/verify
INFO: [ app_init ] --START--
INFO: Run Behavior\BuildLiteBehavior [ RunTime:0.000000s ]
INFO: [ app_init ] --END-- [ RunTime:0.001953s ]

[ 2015-07-12T15:21:13+08:00 ] 127.0.0.1 /bmap/index.php/Home/Login/schoolInfo
INFO: [ app_init ] --START--
INFO: Run Behavior\BuildLiteBehavior [ RunTime:0.000000s ]
INFO: [ app_init ] --END-- [ RunTime:0.000976s ]
INFO: [ app_begin ] --START--
INFO: Run Behavior\ReadHtmlCacheBehavior [ RunTime:0.001953s ]
INFO: [ app_begin ] --END-- [ RunTime:0.001953s ]
SQL: select fields_name as "field",fields_type as "type",fields_not_null as "null",fields_key_name as "key",fields_default as "default",fields_default as "extra" from table_msg('tp_schools'); [ RunTime:0.1260s ]
SQL: SELECT location FROM tp_schools  [ RunTime:0.0156s ]
SQL: SELECT * FROM tp_schools  [ RunTime:0.0000s ]
SQL: select ST_AsText('010100002031BF0D0062669FC728825C40E544BB0A29A33640') [ RunTime:0.0156s ]
SQL: select ST_AsText('010100002031BF0D006C7A50508A825C408E5BCCCF0DA93640') [ RunTime:0.0000s ]
SQL: select ST_AsText('010100002031BF0D001E6B4606B9795C401ADD41EC4C953640') [ RunTime:0.0000s ]
SQL: select ST_AsText('010100002031BF0D00FF774485EA795C40FBCC599F72903640') [ RunTime:0.0000s ]
SQL: select ST_AsText('010100002031BF0D00B3D2A41474785C405BE9B5D958913640') [ RunTime:0.0000s ]
SQL: select ST_AsText('010100002031BF0D008869DFDC5F775C40D40CA9A278953640') [ RunTime:0.0000s ]
SQL: select ST_AsText('010100002031BF0D00D4450A65E1795C408BA8893E1FC93640') [ RunTime:0.0000s ]
SQL: select ST_AsText('010100002031BF0D00E06932E36D835C4097E4805D4DB63640') [ RunTime:0.0000s ]
SQL: select ST_AsText('010100002031BF0D001BBCAFCA85745C40BC1FB75F3EAD3640') [ RunTime:0.0000s ]
INFO: [ app_end ] --START--
INFO: Run Behavior\ShowPageTraceBehavior [ RunTime:0.000000s ]
INFO: [ app_end ] --END-- [ RunTime:0.000000s ]

[ 2015-07-12T15:23:11+08:00 ] 127.0.0.1 /bmap/index.php/Home/Login/loginbefore
INFO: [ app_init ] --START--
INFO: Run Behavior\BuildLiteBehavior [ RunTime:0.000000s ]
INFO: [ app_init ] --END-- [ RunTime:0.013672s ]

[ 2015-07-12T15:23:12+08:00 ] 127.0.0.1 /bmap/index.php/Home/Public/verify
INFO: [ app_init ] --START--
INFO: Run Behavior\BuildLiteBehavior [ RunTime:0.000000s ]
INFO: [ app_init ] --END-- [ RunTime:0.001953s ]

[ 2015-07-12T15:23:16+08:00 ] 127.0.0.1 /bmap/index.php/Home/Login/schoolInfo
INFO: [ app_init ] --START--
INFO: Run Behavior\BuildLiteBehavior [ RunTime:0.000000s ]
INFO: [ app_init ] --END-- [ RunTime:0.000977s ]
INFO: [ app_begin ] --START--
INFO: Run Behavior\ReadHtmlCacheBehavior [ RunTime:0.001953s ]
INFO: [ app_begin ] --END-- [ RunTime:0.002930s ]
SQL: select fields_name as "field",fields_type as "type",fields_not_null as "null",fields_key_name as "key",fields_default as "default",fields_default as "extra" from table_msg('tp_schools'); [ RunTime:0.0938s ]
SQL: SELECT location FROM tp_schools  [ RunTime:0.0303s ]
SQL: SELECT * FROM tp_schools  [ RunTime:0.0010s ]
SQL: select ST_AsText('010100002031BF0D0062669FC728825C40E544BB0A29A33640') [ RunTime:0.0020s ]
SQL: select ST_AsText('010100002031BF0D006C7A50508A825C408E5BCCCF0DA93640') [ RunTime:0.0010s ]
SQL: select ST_AsText('010100002031BF0D001E6B4606B9795C401ADD41EC4C953640') [ RunTime:0.0010s ]
SQL: select ST_AsText('010100002031BF0D00FF774485EA795C40FBCC599F72903640') [ RunTime:0.0010s ]
SQL: select ST_AsText('010100002031BF0D00B3D2A41474785C405BE9B5D958913640') [ RunTime:0.0010s ]
SQL: select ST_AsText('010100002031BF0D008869DFDC5F775C40D40CA9A278953640') [ RunTime:0.0000s ]
SQL: select ST_AsText('010100002031BF0D00D4450A65E1795C408BA8893E1FC93640') [ RunTime:0.0000s ]
SQL: select ST_AsText('010100002031BF0D00E06932E36D835C4097E4805D4DB63640') [ RunTime:0.0000s ]
SQL: select ST_AsText('010100002031BF0D001BBCAFCA85745C40BC1FB75F3EAD3640') [ RunTime:0.0000s ]
INFO: [ app_end ] --START--
INFO: Run Behavior\ShowPageTraceBehavior [ RunTime:0.000000s ]
INFO: [ app_end ] --END-- [ RunTime:0.000000s ]

[ 2015-07-12T15:23:31+08:00 ] 127.0.0.1 /bmap/index.php/Home/Login/schoolInfo
INFO: [ app_init ] --START--
INFO: Run Behavior\BuildLiteBehavior [ RunTime:0.000000s ]
INFO: [ app_init ] --END-- [ RunTime:0.000977s ]

[ 2015-07-12T15:24:46+08:00 ] 127.0.0.1 /bmap/index.php/Home/Login/schoolInfo
INFO: [ app_init ] --START--
INFO: Run Behavior\BuildLiteBehavior [ RunTime:0.000000s ]
INFO: [ app_init ] --END-- [ RunTime:0.000977s ]

[ 2015-07-12T15:25:21+08:00 ] 127.0.0.1 /bmap/index.php/Home/Login/schoolInfo
INFO: [ app_init ] --START--
INFO: Run Behavior\BuildLiteBehavior [ RunTime:0.000000s ]
INFO: [ app_init ] --END-- [ RunTime:0.001953s ]

[ 2015-07-12T15:27:51+08:00 ] 127.0.0.1 /bmap/index.php/Home/Login/
INFO: [ app_init ] --START--
INFO: Run Behavior\BuildLiteBehavior [ RunTime:0.000000s ]
INFO: [ app_init ] --END-- [ RunTime:0.000976s ]
ERR: 非法操作:index

[ 2015-07-12T15:28:01+08:00 ] 127.0.0.1 /bmap/index.php/Home/Login/schoolInfo
INFO: [ app_init ] --START--
INFO: Run Behavior\BuildLiteBehavior [ RunTime:0.000000s ]
INFO: [ app_init ] --END-- [ RunTime:0.000977s ]
INFO: [ app_begin ] --START--
INFO: Run Behavior\ReadHtmlCacheBehavior [ RunTime:0.001953s ]
INFO: [ app_begin ] --END-- [ RunTime:0.001953s ]
SQL: select fields_name as "field",fields_type as "type",fields_not_null as "null",fields_key_name as "key",fields_default as "default",fields_default as "extra" from table_msg('tp_schools'); [ RunTime:0.1230s ]
SQL: SELECT location FROM tp_schools  [ RunTime:0.0205s ]
SQL: SELECT * FROM tp_schools  [ RunTime:0.0010s ]
SQL: select ST_AsText('010100002031BF0D0062669FC728825C40E544BB0A29A33640') [ RunTime:0.0020s ]
SQL: select ST_AsText('010100002031BF0D006C7A50508A825C408E5BCCCF0DA93640') [ RunTime:0.0010s ]
SQL: select ST_AsText('010100002031BF0D001E6B4606B9795C401ADD41EC4C953640') [ RunTime:0.0010s ]
SQL: select ST_AsText('010100002031BF0D00FF774485EA795C40FBCC599F72903640') [ RunTime:0.0000s ]
SQL: select ST_AsText('010100002031BF0D00B3D2A41474785C405BE9B5D958913640') [ RunTime:0.0000s ]
SQL: select ST_AsText('010100002031BF0D008869DFDC5F775C40D40CA9A278953640') [ RunTime:0.0000s ]
SQL: select ST_AsText('010100002031BF0D00D4450A65E1795C408BA8893E1FC93640') [ RunTime:0.0000s ]
SQL: select ST_AsText('010100002031BF0D00E06932E36D835C4097E4805D4DB63640') [ RunTime:0.0000s ]
SQL: select ST_AsText('010100002031BF0D001BBCAFCA85745C40BC1FB75F3EAD3640') [ RunTime:0.0000s ]
INFO: [ app_end ] --START--
INFO: Run Behavior\ShowPageTraceBehavior [ RunTime:0.000000s ]
INFO: [ app_end ] --END-- [ RunTime:0.000000s ]

[ 2015-07-12T15:28:16+08:00 ] 127.0.0.1 /bmap/index.php/Home/Login/loginbefore
INFO: [ app_init ] --START--
INFO: Run Behavior\BuildLiteBehavior [ RunTime:0.000000s ]
INFO: [ app_init ] --END-- [ RunTime:0.000976s ]

[ 2015-07-12T15:28:17+08:00 ] 127.0.0.1 /bmap/index.php/Home/Public/verify
INFO: [ app_init ] --START--
INFO: Run Behavior\BuildLiteBehavior [ RunTime:0.000000s ]
INFO: [ app_init ] --END-- [ RunTime:0.000977s ]

[ 2015-07-12T15:28:19+08:00 ] 127.0.0.1 /bmap/index.php/Home/Login/loginbefore
INFO: [ app_init ] --START--
INFO: Run Behavior\BuildLiteBehavior [ RunTime:0.000000s ]
INFO: [ app_init ] --END-- [ RunTime:0.001953s ]

[ 2015-07-12T15:28:19+08:00 ] 127.0.0.1 /bmap/index.php/Home/Public/verify
INFO: [ app_init ] --START--
INFO: Run Behavior\BuildLiteBehavior [ RunTime:0.000000s ]
INFO: [ app_init ] --END-- [ RunTime:0.002929s ]

[ 2015-07-12T15:28:32+08:00 ] 127.0.0.1 /bmap/index.php/Home/Login/loginbefore
INFO: [ app_init ] --START--
INFO: Run Behavior\BuildLiteBehavior [ RunTime:0.000000s ]
INFO: [ app_init ] --END-- [ RunTime:0.000977s ]

[ 2015-07-12T15:28:32+08:00 ] 127.0.0.1 /bmap/index.php/Home/Public/verify
INFO: [ app_init ] --START--
INFO: Run Behavior\BuildLiteBehavior [ RunTime:0.000000s ]
INFO: [ app_init ] --END-- [ RunTime:0.000977s ]

[ 2015-07-12T15:28:34+08:00 ] 127.0.0.1 /bmap/index.php/Home/Login/schoolInfo
INFO: [ app_init ] --START--
INFO: Run Behavior\BuildLiteBehavior [ RunTime:0.000000s ]
INFO: [ app_init ] --END-- [ RunTime:0.000976s ]
INFO: [ app_begin ] --START--
INFO: Run Behavior\ReadHtmlCacheBehavior [ RunTime:0.001953s ]
INFO: [ app_begin ] --END-- [ RunTime:0.001953s ]
SQL: select fields_name as "field",fields_type as "type",fields_not_null as "null",fields_key_name as "key",fields_default as "default",fields_default as "extra" from table_msg('tp_schools'); [ RunTime:0.1055s ]
SQL: SELECT location FROM tp_schools  [ RunTime:0.0176s ]
SQL: SELECT * FROM tp_schools  [ RunTime:0.0000s ]
SQL: select ST_AsText('010100002031BF0D0062669FC728825C40E544BB0A29A33640') [ RunTime:0.0000s ]
SQL: select ST_AsText('010100002031BF0D006C7A50508A825C408E5BCCCF0DA93640') [ RunTime:0.0156s ]
SQL: select ST_AsText('010100002031BF0D001E6B4606B9795C401ADD41EC4C953640') [ RunTime:0.0000s ]
SQL: select ST_AsText('010100002031BF0D00FF774485EA795C40FBCC599F72903640') [ RunTime:0.0000s ]
SQL: select ST_AsText('010100002031BF0D00B3D2A41474785C405BE9B5D958913640') [ RunTime:0.0000s ]
SQL: select ST_AsText('010100002031BF0D008869DFDC5F775C40D40CA9A278953640') [ RunTime:0.0000s ]
SQL: select ST_AsText('010100002031BF0D00D4450A65E1795C408BA8893E1FC93640') [ RunTime:0.0000s ]
SQL: select ST_AsText('010100002031BF0D00E06932E36D835C4097E4805D4DB63640') [ RunTime:0.0000s ]
SQL: select ST_AsText('010100002031BF0D001BBCAFCA85745C40BC1FB75F3EAD3640') [ RunTime:0.0000s ]
INFO: [ app_end ] --START--
INFO: Run Behavior\ShowPageTraceBehavior [ RunTime:0.000000s ]
INFO: [ app_end ] --END-- [ RunTime:0.000000s ]

[ 2015-07-12T15:29:19+08:00 ] 127.0.0.1 /bmap/index.php/Home/Login/loginbefore
INFO: [ app_init ] --START--
INFO: Run Behavior\BuildLiteBehavior [ RunTime:0.000000s ]
INFO: [ app_init ] --END-- [ RunTime:0.000977s ]

[ 2015-07-12T15:29:19+08:00 ] 127.0.0.1 /bmap/index.php/Home/Public/verify
INFO: [ app_init ] --START--
INFO: Run Behavior\BuildLiteBehavior [ RunTime:0.000000s ]
INFO: [ app_init ] --END-- [ RunTime:0.014648s ]

[ 2015-07-12T15:29:21+08:00 ] 127.0.0.1 /bmap/index.php/Home/Login/schoolInfo
INFO: [ app_init ] --START--
INFO: Run Behavior\BuildLiteBehavior [ RunTime:0.000000s ]
INFO: [ app_init ] --END-- [ RunTime:0.000977s ]
INFO: [ app_begin ] --START--
INFO: Run Behavior\ReadHtmlCacheBehavior [ RunTime:0.001953s ]
INFO: [ app_begin ] --END-- [ RunTime:0.001953s ]
SQL: select fields_name as "field",fields_type as "type",fields_not_null as "null",fields_key_name as "key",fields_default as "default",fields_default as "extra" from table_msg('tp_schools'); [ RunTime:0.1123s ]
SQL: SELECT location FROM tp_schools  [ RunTime:0.0137s ]
SQL: SELECT * FROM tp_schools  [ RunTime:0.0000s ]
SQL: select ST_AsText('010100002031BF0D0062669FC728825C40E544BB0A29A33640') [ RunTime:0.0156s ]
SQL: select ST_AsText('010100002031BF0D006C7A50508A825C408E5BCCCF0DA93640') [ RunTime:0.0000s ]
SQL: select ST_AsText('010100002031BF0D001E6B4606B9795C401ADD41EC4C953640') [ RunTime:0.0000s ]
SQL: select ST_AsText('010100002031BF0D00FF774485EA795C40FBCC599F72903640') [ RunTime:0.0000s ]
SQL: select ST_AsText('010100002031BF0D00B3D2A41474785C405BE9B5D958913640') [ RunTime:0.0000s ]
SQL: select ST_AsText('010100002031BF0D008869DFDC5F775C40D40CA9A278953640') [ RunTime:0.0000s ]
SQL: select ST_AsText('010100002031BF0D00D4450A65E1795C408BA8893E1FC93640') [ RunTime:0.0000s ]
SQL: select ST_AsText('010100002031BF0D00E06932E36D835C4097E4805D4DB63640') [ RunTime:0.0000s ]
SQL: select ST_AsText('010100002031BF0D001BBCAFCA85745C40BC1FB75F3EAD3640') [ RunTime:0.0000s ]
INFO: [ app_end ] --START--
INFO: Run Behavior\ShowPageTraceBehavior [ RunTime:0.000000s ]
INFO: [ app_end ] --END-- [ RunTime:0.000000s ]

[ 2015-07-12T15:29:23+08:00 ] 127.0.0.1 /bmap/index.php/Home/Login/schoolInfo
INFO: [ app_init ] --START--
INFO: Run Behavior\BuildLiteBehavior [ RunTime:0.000000s ]
INFO: [ app_init ] --END-- [ RunTime:0.000977s ]
INFO: [ app_begin ] --START--
INFO: Run Behavior\ReadHtmlCacheBehavior [ RunTime:0.001953s ]
INFO: [ app_begin ] --END-- [ RunTime:0.001953s ]
SQL: select fields_name as "field",fields_type as "type",fields_not_null as "null",fields_key_name as "key",fields_default as "default",fields_default as "extra" from table_msg('tp_schools'); [ RunTime:0.1279s ]
SQL: SELECT location FROM tp_schools  [ RunTime:0.0176s ]
SQL: SELECT * FROM tp_schools  [ RunTime:0.0000s ]
SQL: select ST_AsText('010100002031BF0D0062669FC728825C40E544BB0A29A33640') [ RunTime:0.0000s ]
SQL: select ST_AsText('010100002031BF0D006C7A50508A825C408E5BCCCF0DA93640') [ RunTime:0.0000s ]
SQL: select ST_AsText('010100002031BF0D001E6B4606B9795C401ADD41EC4C953640') [ RunTime:0.0000s ]
SQL: select ST_AsText('010100002031BF0D00FF774485EA795C40FBCC599F72903640') [ RunTime:0.0000s ]
SQL: select ST_AsText('010100002031BF0D00B3D2A41474785C405BE9B5D958913640') [ RunTime:0.0000s ]
SQL: select ST_AsText('010100002031BF0D008869DFDC5F775C40D40CA9A278953640') [ RunTime:0.0000s ]
SQL: select ST_AsText('010100002031BF0D00D4450A65E1795C408BA8893E1FC93640') [ RunTime:0.0000s ]
SQL: select ST_AsText('010100002031BF0D00E06932E36D835C4097E4805D4DB63640') [ RunTime:0.0000s ]
SQL: select ST_AsText('010100002031BF0D001BBCAFCA85745C40BC1FB75F3EAD3640') [ RunTime:0.0000s ]
INFO: [ app_end ] --START--
INFO: Run Behavior\ShowPageTraceBehavior [ RunTime:0.000000s ]
INFO: [ app_end ] --END-- [ RunTime:0.000000s ]

[ 2015-07-12T15:29:29+08:00 ] 127.0.0.1 /bmap/index.php/Home/Login/loginbefore
INFO: [ app_init ] --START--
INFO: Run Behavior\BuildLiteBehavior [ RunTime:0.000000s ]
INFO: [ app_init ] --END-- [ RunTime:0.000976s ]

[ 2015-07-12T15:29:30+08:00 ] 127.0.0.1 /bmap/index.php/Home/Public/verify
INFO: [ app_init ] --START--
INFO: Run Behavior\BuildLiteBehavior [ RunTime:0.000000s ]
INFO: [ app_init ] --END-- [ RunTime:0.000976s ]

[ 2015-07-12T15:29:31+08:00 ] 127.0.0.1 /bmap/index.php/Home/Login/schoolInfo
INFO: [ app_init ] --START--
INFO: Run Behavior\BuildLiteBehavior [ RunTime:0.000000s ]
INFO: [ app_init ] --END-- [ RunTime:0.000976s ]
INFO: [ app_begin ] --START--
INFO: Run Behavior\ReadHtmlCacheBehavior [ RunTime:0.000977s ]
INFO: [ app_begin ] --END-- [ RunTime:0.001953s ]
SQL: select fields_name as "field",fields_type as "type",fields_not_null as "null",fields_key_name as "key",fields_default as "default",fields_default as "extra" from table_msg('tp_schools'); [ RunTime:0.1123s ]
SQL: SELECT location FROM tp_schools  [ RunTime:0.0156s ]
SQL: SELECT * FROM tp_schools  [ RunTime:0.0000s ]
SQL: select ST_AsText('010100002031BF0D0062669FC728825C40E544BB0A29A33640') [ RunTime:0.0000s ]
SQL: select ST_AsText('010100002031BF0D006C7A50508A825C408E5BCCCF0DA93640') [ RunTime:0.0000s ]
SQL: select ST_AsText('010100002031BF0D001E6B4606B9795C401ADD41EC4C953640') [ RunTime:0.0000s ]
SQL: select ST_AsText('010100002031BF0D00FF774485EA795C40FBCC599F72903640') [ RunTime:0.0000s ]
SQL: select ST_AsText('010100002031BF0D00B3D2A41474785C405BE9B5D958913640') [ RunTime:0.0000s ]
SQL: select ST_AsText('010100002031BF0D008869DFDC5F775C40D40CA9A278953640') [ RunTime:0.0000s ]
SQL: select ST_AsText('010100002031BF0D00D4450A65E1795C408BA8893E1FC93640') [ RunTime:0.0000s ]
SQL: select ST_AsText('010100002031BF0D00E06932E36D835C4097E4805D4DB63640') [ RunTime:0.0010s ]
SQL: select ST_AsText('010100002031BF0D001BBCAFCA85745C40BC1FB75F3EAD3640') [ RunTime:0.0000s ]
INFO: [ app_end ] --START--
INFO: Run Behavior\ShowPageTraceBehavior [ RunTime:0.000000s ]
INFO: [ app_end ] --END-- [ RunTime:0.000000s ]

[ 2015-07-12T15:29:55+08:00 ] 127.0.0.1 /bmap/index.php/Home/Login/loginbefore
INFO: [ app_init ] --START--
INFO: Run Behavior\BuildLiteBehavior [ RunTime:0.000000s ]
INFO: [ app_init ] --END-- [ RunTime:0.002929s ]

[ 2015-07-12T15:29:55+08:00 ] 127.0.0.1 /bmap/index.php/Home/Public/verify
INFO: [ app_init ] --START--
INFO: Run Behavior\BuildLiteBehavior [ RunTime:0.000000s ]
INFO: [ app_init ] --END-- [ RunTime:0.004882s ]

[ 2015-07-12T15:29:57+08:00 ] 127.0.0.1 /bmap/index.php/Home/Login/schoolInfo
INFO: [ app_init ] --START--
INFO: Run Behavior\BuildLiteBehavior [ RunTime:0.000000s ]
INFO: [ app_init ] --END-- [ RunTime:0.000976s ]
INFO: [ app_begin ] --START--
INFO: Run Behavior\ReadHtmlCacheBehavior [ RunTime:0.000977s ]
INFO: [ app_begin ] --END-- [ RunTime:0.000977s ]
SQL: select fields_name as "field",fields_type as "type",fields_not_null as "null",fields_key_name as "key",fields_default as "default",fields_default as "extra" from table_msg('tp_schools'); [ RunTime:0.1338s ]
SQL: SELECT location FROM tp_schools  [ RunTime:0.0156s ]
SQL: SELECT * FROM tp_schools  [ RunTime:0.0000s ]
SQL: select ST_AsText('010100002031BF0D0062669FC728825C40E544BB0A29A33640') [ RunTime:0.0000s ]
SQL: select ST_AsText('010100002031BF0D006C7A50508A825C408E5BCCCF0DA93640') [ RunTime:0.0000s ]
SQL: select ST_AsText('010100002031BF0D001E6B4606B9795C401ADD41EC4C953640') [ RunTime:0.0000s ]
SQL: select ST_AsText('010100002031BF0D00FF774485EA795C40FBCC599F72903640') [ RunTime:0.0000s ]
SQL: select ST_AsText('010100002031BF0D00B3D2A41474785C405BE9B5D958913640') [ RunTime:0.0000s ]
SQL: select ST_AsText('010100002031BF0D008869DFDC5F775C40D40CA9A278953640') [ RunTime:0.0000s ]
SQL: select ST_AsText('010100002031BF0D00D4450A65E1795C408BA8893E1FC93640') [ RunTime:0.0000s ]
SQL: select ST_AsText('010100002031BF0D00E06932E36D835C4097E4805D4DB63640') [ RunTime:0.0000s ]
SQL: select ST_AsText('010100002031BF0D001BBCAFCA85745C40BC1FB75F3EAD3640') [ RunTime:0.0000s ]
INFO: [ app_end ] --START--
INFO: Run Behavior\ShowPageTraceBehavior [ RunTime:0.000000s ]
INFO: [ app_end ] --END-- [ RunTime:0.000000s ]

[ 2015-07-12T15:30:21+08:00 ] 127.0.0.1 /bmap/index.php/Home/Login/schoolInfo
INFO: [ app_init ] --START--
INFO: Run Behavior\BuildLiteBehavior [ RunTime:0.000000s ]
INFO: [ app_init ] --END-- [ RunTime:0.001953s ]

[ 2015-07-12T15:31:44+08:00 ] 127.0.0.1 /bmap/index.php/Home/Login/loginbefore
INFO: [ app_init ] --START--
INFO: Run Behavior\BuildLiteBehavior [ RunTime:0.000000s ]
INFO: [ app_init ] --END-- [ RunTime:0.000976s ]

[ 2015-07-12T15:31:44+08:00 ] 127.0.0.1 /bmap/index.php/Home/Public/verify
INFO: [ app_init ] --START--
INFO: Run Behavior\BuildLiteBehavior [ RunTime:0.000000s ]
INFO: [ app_init ] --END-- [ RunTime:0.000976s ]

[ 2015-07-12T15:31:46+08:00 ] 127.0.0.1 /bmap/index.php/Home/Login/schoolInfo
INFO: [ app_init ] --START--
INFO: Run Behavior\BuildLiteBehavior [ RunTime:0.000000s ]
INFO: [ app_init ] --END-- [ RunTime:0.002930s ]
INFO: [ app_begin ] --START--
INFO: Run Behavior\ReadHtmlCacheBehavior [ RunTime:0.001953s ]
INFO: [ app_begin ] --END-- [ RunTime:0.001953s ]
SQL: select fields_name as "field",fields_type as "type",fields_not_null as "null",fields_key_name as "key",fields_default as "default",fields_default as "extra" from table_msg('tp_schools'); [ RunTime:0.1006s ]
SQL: SELECT location FROM tp_schools  [ RunTime:0.0361s ]
SQL: SELECT * FROM tp_schools  [ RunTime:0.0000s ]
SQL: select ST_AsText('010100002031BF0D0062669FC728825C40E544BB0A29A33640') [ RunTime:0.0000s ]
SQL: select ST_AsText('010100002031BF0D006C7A50508A825C408E5BCCCF0DA93640') [ RunTime:0.0000s ]
SQL: select ST_AsText('010100002031BF0D001E6B4606B9795C401ADD41EC4C953640') [ RunTime:0.0000s ]
SQL: select ST_AsText('010100002031BF0D00FF774485EA795C40FBCC599F72903640') [ RunTime:0.0000s ]
SQL: select ST_AsText('010100002031BF0D00B3D2A41474785C405BE9B5D958913640') [ RunTime:0.0000s ]
SQL: select ST_AsText('010100002031BF0D008869DFDC5F775C40D40CA9A278953640') [ RunTime:0.0156s ]
SQL: select ST_AsText('010100002031BF0D00D4450A65E1795C408BA8893E1FC93640') [ RunTime:0.0000s ]
SQL: select ST_AsText('010100002031BF0D00E06932E36D835C4097E4805D4DB63640') [ RunTime:0.0000s ]
SQL: select ST_AsText('010100002031BF0D001BBCAFCA85745C40BC1FB75F3EAD3640') [ RunTime:0.0000s ]
INFO: [ app_end ] --START--
INFO: Run Behavior\ShowPageTraceBehavior [ RunTime:0.000000s ]
INFO: [ app_end ] --END-- [ RunTime:0.000000s ]

[ 2015-07-12T15:33:07+08:00 ] 127.0.0.1 /bmap/index.php/Home/Login/loginbefore
INFO: [ app_init ] --START--
INFO: Run Behavior\BuildLiteBehavior [ RunTime:0.000000s ]
INFO: [ app_init ] --END-- [ RunTime:0.000976s ]

[ 2015-07-12T15:33:07+08:00 ] 127.0.0.1 /bmap/index.php/Home/Public/verify
INFO: [ app_init ] --START--
INFO: Run Behavior\BuildLiteBehavior [ RunTime:0.000000s ]
INFO: [ app_init ] --END-- [ RunTime:0.002930s ]

[ 2015-07-12T15:33:09+08:00 ] 127.0.0.1 /bmap/index.php/Home/Login/schoolInfo
INFO: [ app_init ] --START--
INFO: Run Behavior\BuildLiteBehavior [ RunTime:0.000000s ]
INFO: [ app_init ] --END-- [ RunTime:0.001953s ]
INFO: [ app_begin ] --START--
INFO: Run Behavior\ReadHtmlCacheBehavior [ RunTime:0.002929s ]
INFO: [ app_begin ] --END-- [ RunTime:0.002929s ]
SQL: select fields_name as "field",fields_type as "type",fields_not_null as "null",fields_key_name as "key",fields_default as "default",fields_default as "extra" from table_msg('tp_schools'); [ RunTime:0.1348s ]
SQL: SELECT location FROM tp_schools  [ RunTime:0.0156s ]
SQL: SELECT * FROM tp_schools  [ RunTime:0.0000s ]
SQL: select ST_AsText('010100002031BF0D0062669FC728825C40E544BB0A29A33640') [ RunTime:0.0000s ]
SQL: select ST_AsText('010100002031BF0D006C7A50508A825C408E5BCCCF0DA93640') [ RunTime:0.0000s ]
SQL: select ST_AsText('010100002031BF0D001E6B4606B9795C401ADD41EC4C953640') [ RunTime:0.0000s ]
SQL: select ST_AsText('010100002031BF0D00FF774485EA795C40FBCC599F72903640') [ RunTime:0.0000s ]
SQL: select ST_AsText('010100002031BF0D00B3D2A41474785C405BE9B5D958913640') [ RunTime:0.0000s ]
SQL: select ST_AsText('010100002031BF0D008869DFDC5F775C40D40CA9A278953640') [ RunTime:0.0156s ]
SQL: select ST_AsText('010100002031BF0D00D4450A65E1795C408BA8893E1FC93640') [ RunTime:0.0000s ]
SQL: select ST_AsText('010100002031BF0D00E06932E36D835C4097E4805D4DB63640') [ RunTime:0.0000s ]
SQL: select ST_AsText('010100002031BF0D001BBCAFCA85745C40BC1FB75F3EAD3640') [ RunTime:0.0000s ]
INFO: [ app_end ] --START--
INFO: Run Behavior\ShowPageTraceBehavior [ RunTime:0.000000s ]
INFO: [ app_end ] --END-- [ RunTime:0.000000s ]

[ 2015-07-12T15:33:28+08:00 ] 127.0.0.1 /bmap/index.php/Home/Login/schoolInfo
INFO: [ app_init ] --START--
INFO: Run Behavior\BuildLiteBehavior [ RunTime:0.000000s ]
INFO: [ app_init ] --END-- [ RunTime:0.000977s ]
INFO: [ app_begin ] --START--
INFO: Run Behavior\ReadHtmlCacheBehavior [ RunTime:0.000976s ]
INFO: [ app_begin ] --END-- [ RunTime:0.000976s ]
SQL: select fields_name as "field",fields_type as "type",fields_not_null as "null",fields_key_name as "key",fields_default as "default",fields_default as "extra" from table_msg('tp_schools'); [ RunTime:0.1406s ]
SQL: SELECT location FROM tp_schools  [ RunTime:0.0205s ]
SQL: SELECT * FROM tp_schools  [ RunTime:0.0010s ]
SQL: select ST_AsText('010100002031BF0D0062669FC728825C40E544BB0A29A33640') [ RunTime:0.0029s ]
SQL: select ST_AsText('010100002031BF0D006C7A50508A825C408E5BCCCF0DA93640') [ RunTime:0.0010s ]
SQL: select ST_AsText('010100002031BF0D001E6B4606B9795C401ADD41EC4C953640') [ RunTime:0.0000s ]
SQL: select ST_AsText('010100002031BF0D00FF774485EA795C40FBCC599F72903640') [ RunTime:0.0010s ]
SQL: select ST_AsText('010100002031BF0D00B3D2A41474785C405BE9B5D958913640') [ RunTime:0.0010s ]
SQL: select ST_AsText('010100002031BF0D008869DFDC5F775C40D40CA9A278953640') [ RunTime:0.0020s ]
SQL: select ST_AsText('010100002031BF0D00D4450A65E1795C408BA8893E1FC93640') [ RunTime:0.0068s ]
SQL: select ST_AsText('010100002031BF0D00E06932E36D835C4097E4805D4DB63640') [ RunTime:0.0010s ]
SQL: select ST_AsText('010100002031BF0D001BBCAFCA85745C40BC1FB75F3EAD3640') [ RunTime:0.0010s ]
INFO: [ app_end ] --START--
INFO: Run Behavior\ShowPageTraceBehavior [ RunTime:0.001953s ]
INFO: [ app_end ] --END-- [ RunTime:0.001953s ]

[ 2015-07-12T15:36:18+08:00 ] 127.0.0.1 /bmap/index.php/Home/Login/loginbefore
INFO: [ app_init ] --START--
INFO: Run Behavior\BuildLiteBehavior [ RunTime:0.000000s ]
INFO: [ app_init ] --END-- [ RunTime:0.000976s ]

[ 2015-07-12T15:36:18+08:00 ] 127.0.0.1 /bmap/index.php/Home/Public/verify
INFO: [ app_init ] --START--
INFO: Run Behavior\BuildLiteBehavior [ RunTime:0.000000s ]
INFO: [ app_init ] --END-- [ RunTime:0.001954s ]

[ 2015-07-12T15:36:20+08:00 ] 127.0.0.1 /bmap/index.php/Home/Login/schoolInfo
INFO: [ app_init ] --START--
INFO: Run Behavior\BuildLiteBehavior [ RunTime:0.000000s ]
INFO: [ app_init ] --END-- [ RunTime:0.000976s ]
INFO: [ app_begin ] --START--
INFO: Run Behavior\ReadHtmlCacheBehavior [ RunTime:0.000000s ]
INFO: [ app_begin ] --END-- [ RunTime:0.000000s ]
SQL: select fields_name as "field",fields_type as "type",fields_not_null as "null",fields_key_name as "key",fields_default as "default",fields_default as "extra" from table_msg('tp_schools'); [ RunTime:0.1367s ]
SQL: SELECT location FROM tp_schools  [ RunTime:0.0156s ]
SQL: SELECT * FROM tp_schools  [ RunTime:0.0000s ]
SQL: select ST_AsText('010100002031BF0D0062669FC728825C40E544BB0A29A33640') [ RunTime:0.0000s ]
SQL: select ST_AsText('010100002031BF0D006C7A50508A825C408E5BCCCF0DA93640') [ RunTime:0.0000s ]
SQL: select ST_AsText('010100002031BF0D001E6B4606B9795C401ADD41EC4C953640') [ RunTime:0.0000s ]
SQL: select ST_AsText('010100002031BF0D00FF774485EA795C40FBCC599F72903640') [ RunTime:0.0000s ]
SQL: select ST_AsText('010100002031BF0D00B3D2A41474785C405BE9B5D958913640') [ RunTime:0.0000s ]
SQL: select ST_AsText('010100002031BF0D008869DFDC5F775C40D40CA9A278953640') [ RunTime:0.0000s ]
SQL: select ST_AsText('010100002031BF0D00D4450A65E1795C408BA8893E1FC93640') [ RunTime:0.0010s ]
SQL: select ST_AsText('010100002031BF0D00E06932E36D835C4097E4805D4DB63640') [ RunTime:0.0000s ]
SQL: select ST_AsText('010100002031BF0D001BBCAFCA85745C40BC1FB75F3EAD3640') [ RunTime:0.0000s ]
INFO: [ app_end ] --START--
INFO: Run Behavior\ShowPageTraceBehavior [ RunTime:0.000000s ]
INFO: [ app_end ] --END-- [ RunTime:0.000000s ]

[ 2015-07-12T15:37:50+08:00 ] 127.0.0.1 /bmap/index.php/Home/Login/loginbefore
INFO: [ app_init ] --START--
INFO: Run Behavior\BuildLiteBehavior [ RunTime:0.000000s ]
INFO: [ app_init ] --END-- [ RunTime:0.001953s ]

[ 2015-07-12T15:37:50+08:00 ] 127.0.0.1 /bmap/index.php/Home/Public/verify
INFO: [ app_init ] --START--
INFO: Run Behavior\BuildLiteBehavior [ RunTime:0.000000s ]
INFO: [ app_init ] --END-- [ RunTime:0.003906s ]

[ 2015-07-12T15:37:52+08:00 ] 127.0.0.1 /bmap/index.php/Home/Login/schoolInfo
INFO: [ app_init ] --START--
INFO: Run Behavior\BuildLiteBehavior [ RunTime:0.000000s ]
INFO: [ app_init ] --END-- [ RunTime:0.000976s ]
INFO: [ app_begin ] --START--
INFO: Run Behavior\ReadHtmlCacheBehavior [ RunTime:0.000976s ]
INFO: [ app_begin ] --END-- [ RunTime:0.001953s ]
SQL: select fields_name as "field",fields_type as "type",fields_not_null as "null",fields_key_name as "key",fields_default as "default",fields_default as "extra" from table_msg('tp_schools'); [ RunTime:0.1846s ]
SQL: SELECT location FROM tp_schools  [ RunTime:0.0313s ]
SQL: SELECT * FROM tp_schools  [ RunTime:0.0000s ]
SQL: select ST_AsText('010100002031BF0D0062669FC728825C40E544BB0A29A33640') [ RunTime:0.0000s ]
SQL: select ST_AsText('010100002031BF0D006C7A50508A825C408E5BCCCF0DA93640') [ RunTime:0.0000s ]
SQL: select ST_AsText('010100002031BF0D001E6B4606B9795C401ADD41EC4C953640') [ RunTime:0.0000s ]
SQL: select ST_AsText('010100002031BF0D00FF774485EA795C40FBCC599F72903640') [ RunTime:0.0000s ]
SQL: select ST_AsText('010100002031BF0D00B3D2A41474785C405BE9B5D958913640') [ RunTime:0.0000s ]
SQL: select ST_AsText('010100002031BF0D008869DFDC5F775C40D40CA9A278953640') [ RunTime:0.0166s ]
SQL: select ST_AsText('010100002031BF0D00D4450A65E1795C408BA8893E1FC93640') [ RunTime:0.0000s ]
SQL: select ST_AsText('010100002031BF0D00E06932E36D835C4097E4805D4DB63640') [ RunTime:0.0000s ]
SQL: select ST_AsText('010100002031BF0D001BBCAFCA85745C40BC1FB75F3EAD3640') [ RunTime:0.0000s ]
INFO: [ app_end ] --START--
INFO: Run Behavior\ShowPageTraceBehavior [ RunTime:0.000000s ]
INFO: [ app_end ] --END-- [ RunTime:0.000000s ]

[ 2015-07-12T15:38:17+08:00 ] 127.0.0.1 /bmap/index.php/Home/Login/loginbefore
INFO: [ app_init ] --START--
INFO: Run Behavior\BuildLiteBehavior [ RunTime:0.000000s ]
INFO: [ app_init ] --END-- [ RunTime:0.000977s ]

[ 2015-07-12T15:38:17+08:00 ] 127.0.0.1 /bmap/index.php/Home/Public/verify
INFO: [ app_init ] --START--
INFO: Run Behavior\BuildLiteBehavior [ RunTime:0.000000s ]
INFO: [ app_init ] --END-- [ RunTime:0.000977s ]

[ 2015-07-12T15:38:20+08:00 ] 127.0.0.1 /bmap/index.php/Home/Login/schoolInfo
INFO: [ app_init ] --START--
INFO: Run Behavior\BuildLiteBehavior [ RunTime:0.000000s ]
INFO: [ app_init ] --END-- [ RunTime:0.001953s ]
INFO: [ app_begin ] --START--
INFO: Run Behavior\ReadHtmlCacheBehavior [ RunTime:0.000000s ]
INFO: [ app_begin ] --END-- [ RunTime:0.000000s ]
SQL: select fields_name as "field",fields_type as "type",fields_not_null as "null",fields_key_name as "key",fields_default as "default",fields_default as "extra" from table_msg('tp_schools'); [ RunTime:0.1006s ]
SQL: SELECT location FROM tp_schools  [ RunTime:0.0332s ]
SQL: SELECT * FROM tp_schools  [ RunTime:0.0000s ]
SQL: select ST_AsText('010100002031BF0D0062669FC728825C40E544BB0A29A33640') [ RunTime:0.0000s ]
SQL: select ST_AsText('010100002031BF0D006C7A50508A825C408E5BCCCF0DA93640') [ RunTime:0.0000s ]
SQL: select ST_AsText('010100002031BF0D001E6B4606B9795C401ADD41EC4C953640') [ RunTime:0.0000s ]
SQL: select ST_AsText('010100002031BF0D00FF774485EA795C40FBCC599F72903640') [ RunTime:0.0000s ]
SQL: select ST_AsText('010100002031BF0D00B3D2A41474785C405BE9B5D958913640') [ RunTime:0.0000s ]
SQL: select ST_AsText('010100002031BF0D008869DFDC5F775C40D40CA9A278953640') [ RunTime:0.0000s ]
SQL: select ST_AsText('010100002031BF0D00D4450A65E1795C408BA8893E1FC93640') [ RunTime:0.0156s ]
SQL: select ST_AsText('010100002031BF0D00E06932E36D835C4097E4805D4DB63640') [ RunTime:0.0000s ]
SQL: select ST_AsText('010100002031BF0D001BBCAFCA85745C40BC1FB75F3EAD3640') [ RunTime:0.0000s ]
INFO: [ app_end ] --START--
INFO: Run Behavior\ShowPageTraceBehavior [ RunTime:0.000000s ]
INFO: [ app_end ] --END-- [ RunTime:0.000000s ]

[ 2015-07-12T15:38:52+08:00 ] 127.0.0.1 /bmap/index.php/Home/Login/loginbefore
INFO: [ app_init ] --START--
INFO: Run Behavior\BuildLiteBehavior [ RunTime:0.000000s ]
INFO: [ app_init ] --END-- [ RunTime:0.001953s ]

[ 2015-07-12T15:38:52+08:00 ] 127.0.0.1 /bmap/index.php/Home/Public/verify
INFO: [ app_init ] --START--
INFO: Run Behavior\BuildLiteBehavior [ RunTime:0.000000s ]
INFO: [ app_init ] --END-- [ RunTime:0.000977s ]

[ 2015-07-12T15:38:55+08:00 ] 127.0.0.1 /bmap/index.php/Home/Login/schoolInfo
INFO: [ app_init ] --START--
INFO: Run Behavior\BuildLiteBehavior [ RunTime:0.000000s ]
INFO: [ app_init ] --END-- [ RunTime:0.000977s ]
INFO: [ app_begin ] --START--
INFO: Run Behavior\ReadHtmlCacheBehavior [ RunTime:0.000977s ]
INFO: [ app_begin ] --END-- [ RunTime:0.000977s ]
SQL: select fields_name as "field",fields_type as "type",fields_not_null as "null",fields_key_name as "key",fields_default as "default",fields_default as "extra" from table_msg('tp_schools'); [ RunTime:0.1582s ]
SQL: SELECT location FROM tp_schools  [ RunTime:0.2451s ]
SQL: SELECT * FROM tp_schools  [ RunTime:0.0010s ]
SQL: select ST_AsText('010100002031BF0D0062669FC728825C40E544BB0A29A33640') [ RunTime:0.0029s ]
SQL: select ST_AsText('010100002031BF0D006C7A50508A825C408E5BCCCF0DA93640') [ RunTime:0.0010s ]
SQL: select ST_AsText('010100002031BF0D001E6B4606B9795C401ADD41EC4C953640') [ RunTime:0.0010s ]
SQL: select ST_AsText('010100002031BF0D00FF774485EA795C40FBCC599F72903640') [ RunTime:0.0010s ]
SQL: select ST_AsText('010100002031BF0D00B3D2A41474785C405BE9B5D958913640') [ RunTime:0.0010s ]
SQL: select ST_AsText('010100002031BF0D008869DFDC5F775C40D40CA9A278953640') [ RunTime:0.0010s ]
SQL: select ST_AsText('010100002031BF0D00D4450A65E1795C408BA8893E1FC93640') [ RunTime:0.0010s ]
SQL: select ST_AsText('010100002031BF0D00E06932E36D835C4097E4805D4DB63640') [ RunTime:0.0010s ]
SQL: select ST_AsText('010100002031BF0D001BBCAFCA85745C40BC1FB75F3EAD3640') [ RunTime:0.0010s ]
INFO: [ app_end ] --START--
INFO: Run Behavior\ShowPageTraceBehavior [ RunTime:0.000977s ]
INFO: [ app_end ] --END-- [ RunTime:0.001953s ]

[ 2015-07-12T15:40:40+08:00 ] 127.0.0.1 /bmap/index.php/Home/Login/loginbefore
INFO: [ app_init ] --START--
INFO: Run Behavior\BuildLiteBehavior [ RunTime:0.000000s ]
INFO: [ app_init ] --END-- [ RunTime:0.006836s ]

[ 2015-07-12T15:40:41+08:00 ] 127.0.0.1 /bmap/index.php/Home/Public/verify
INFO: [ app_init ] --START--
INFO: Run Behavior\BuildLiteBehavior [ RunTime:0.000000s ]
INFO: [ app_init ] --END-- [ RunTime:0.000977s ]

[ 2015-07-12T15:40:43+08:00 ] 127.0.0.1 /bmap/index.php/Home/Login/schoolInfo
INFO: [ app_init ] --START--
INFO: Run Behavior\BuildLiteBehavior [ RunTime:0.000000s ]
INFO: [ app_init ] --END-- [ RunTime:0.000977s ]
INFO: [ app_begin ] --START--
INFO: Run Behavior\ReadHtmlCacheBehavior [ RunTime:0.000976s ]
INFO: [ app_begin ] --END-- [ RunTime:0.001953s ]
SQL: select fields_name as "field",fields_type as "type",fields_not_null as "null",fields_key_name as "key",fields_default as "default",fields_default as "extra" from table_msg('tp_schools'); [ RunTime:0.1094s ]
SQL: SELECT location FROM tp_schools  [ RunTime:0.0156s ]
SQL: SELECT * FROM tp_schools  [ RunTime:0.0000s ]
SQL: select ST_AsText('010100002031BF0D0062669FC728825C40E544BB0A29A33640') [ RunTime:0.0000s ]
SQL: select ST_AsText('010100002031BF0D006C7A50508A825C408E5BCCCF0DA93640') [ RunTime:0.0000s ]
SQL: select ST_AsText('010100002031BF0D001E6B4606B9795C401ADD41EC4C953640') [ RunTime:0.0000s ]
SQL: select ST_AsText('010100002031BF0D00FF774485EA795C40FBCC599F72903640') [ RunTime:0.0000s ]
SQL: select ST_AsText('010100002031BF0D00B3D2A41474785C405BE9B5D958913640') [ RunTime:0.0000s ]
SQL: select ST_AsText('010100002031BF0D008869DFDC5F775C40D40CA9A278953640') [ RunTime:0.0000s ]
SQL: select ST_AsText('010100002031BF0D00D4450A65E1795C408BA8893E1FC93640') [ RunTime:0.0000s ]
SQL: select ST_AsText('010100002031BF0D00E06932E36D835C4097E4805D4DB63640') [ RunTime:0.0156s ]
SQL: select ST_AsText('010100002031BF0D001BBCAFCA85745C40BC1FB75F3EAD3640') [ RunTime:0.0000s ]
INFO: [ app_end ] --START--
INFO: Run Behavior\ShowPageTraceBehavior [ RunTime:0.000000s ]
INFO: [ app_end ] --END-- [ RunTime:0.000000s ]

[ 2015-07-12T15:42:29+08:00 ] 127.0.0.1 /bmap/index.php/Home/Login/loginbefore
INFO: [ app_init ] --START--
INFO: Run Behavior\BuildLiteBehavior [ RunTime:0.000000s ]
INFO: [ app_init ] --END-- [ RunTime:0.001953s ]

[ 2015-07-12T15:42:29+08:00 ] 127.0.0.1 /bmap/index.php/Home/Public/verify
INFO: [ app_init ] --START--
INFO: Run Behavior\BuildLiteBehavior [ RunTime:0.000000s ]
INFO: [ app_init ] --END-- [ RunTime:0.000976s ]

[ 2015-07-12T15:42:32+08:00 ] 127.0.0.1 /bmap/index.php/Home/Login/schoolInfo
INFO: [ app_init ] --START--
INFO: Run Behavior\BuildLiteBehavior [ RunTime:0.000000s ]
INFO: [ app_init ] --END-- [ RunTime:0.000976s ]
INFO: [ app_begin ] --START--
INFO: Run Behavior\ReadHtmlCacheBehavior [ RunTime:0.001953s ]
INFO: [ app_begin ] --END-- [ RunTime:0.001953s ]
SQL: select fields_name as "field",fields_type as "type",fields_not_null as "null",fields_key_name as "key",fields_default as "default",fields_default as "extra" from table_msg('tp_schools'); [ RunTime:0.1182s ]
SQL: SELECT location FROM tp_schools  [ RunTime:0.0176s ]
SQL: SELECT * FROM tp_schools  [ RunTime:0.0010s ]
SQL: select ST_AsText('010100002031BF0D0062669FC728825C40E544BB0A29A33640') [ RunTime:0.0020s ]
SQL: select ST_AsText('010100002031BF0D006C7A50508A825C408E5BCCCF0DA93640') [ RunTime:0.0010s ]
SQL: select ST_AsText('010100002031BF0D001E6B4606B9795C401ADD41EC4C953640') [ RunTime:0.0000s ]
SQL: select ST_AsText('010100002031BF0D00FF774485EA795C40FBCC599F72903640') [ RunTime:0.0010s ]
SQL: select ST_AsText('010100002031BF0D00B3D2A41474785C405BE9B5D958913640') [ RunTime:0.0010s ]
SQL: select ST_AsText('010100002031BF0D008869DFDC5F775C40D40CA9A278953640') [ RunTime:0.0010s ]
SQL: select ST_AsText('010100002031BF0D00D4450A65E1795C408BA8893E1FC93640') [ RunTime:0.0020s ]
SQL: select ST_AsText('010100002031BF0D00E06932E36D835C4097E4805D4DB63640') [ RunTime:0.0010s ]
SQL: select ST_AsText('010100002031BF0D001BBCAFCA85745C40BC1FB75F3EAD3640') [ RunTime:0.0010s ]
INFO: [ app_end ] --START--
INFO: Run Behavior\ShowPageTraceBehavior [ RunTime:0.001953s ]
INFO: [ app_end ] --END-- [ RunTime:0.001953s ]

[ 2015-07-12T17:47:03+08:00 ] 127.0.0.1 /bmap/index.php/Home/Login/loginbefore
INFO: [ app_init ] --START--
INFO: Run Behavior\BuildLiteBehavior [ RunTime:0.000000s ]
INFO: [ app_init ] --END-- [ RunTime:0.013672s ]

[ 2015-07-12T17:47:04+08:00 ] 127.0.0.1 /bmap/index.php/Home/Public/verify
INFO: [ app_init ] --START--
INFO: Run Behavior\BuildLiteBehavior [ RunTime:0.000000s ]
INFO: [ app_init ] --END-- [ RunTime:0.000976s ]

[ 2015-07-12T17:47:07+08:00 ] 127.0.0.1 /bmap/index.php/Home/Login/schoolInfo
INFO: [ app_init ] --START--
INFO: Run Behavior\BuildLiteBehavior [ RunTime:0.000000s ]
INFO: [ app_init ] --END-- [ RunTime:0.000977s ]
INFO: [ app_begin ] --START--
INFO: Run Behavior\ReadHtmlCacheBehavior [ RunTime:0.001953s ]
INFO: [ app_begin ] --END-- [ RunTime:0.001953s ]
SQL: select fields_name as "field",fields_type as "type",fields_not_null as "null",fields_key_name as "key",fields_default as "default",fields_default as "extra" from table_msg('tp_schools'); [ RunTime:0.1074s ]
SQL: SELECT location FROM tp_schools  [ RunTime:0.0205s ]
SQL: SELECT * FROM tp_schools  [ RunTime:0.0000s ]
SQL: select ST_AsText('010100002031BF0D0062669FC728825C40E544BB0A29A33640') [ RunTime:0.0000s ]
SQL: select ST_AsText('010100002031BF0D006C7A50508A825C408E5BCCCF0DA93640') [ RunTime:0.0000s ]
SQL: select ST_AsText('010100002031BF0D001E6B4606B9795C401ADD41EC4C953640') [ RunTime:0.0000s ]
SQL: select ST_AsText('010100002031BF0D00FF774485EA795C40FBCC599F72903640') [ RunTime:0.0000s ]
SQL: select ST_AsText('010100002031BF0D00B3D2A41474785C405BE9B5D958913640') [ RunTime:0.0000s ]
SQL: select ST_AsText('010100002031BF0D008869DFDC5F775C40D40CA9A278953640') [ RunTime:0.0000s ]
SQL: select ST_AsText('010100002031BF0D00D4450A65E1795C408BA8893E1FC93640') [ RunTime:0.0000s ]
SQL: select ST_AsText('010100002031BF0D00E06932E36D835C4097E4805D4DB63640') [ RunTime:0.0000s ]
SQL: select ST_AsText('010100002031BF0D001BBCAFCA85745C40BC1FB75F3EAD3640') [ RunTime:0.0000s ]
INFO: [ app_end ] --START--
INFO: Run Behavior\ShowPageTraceBehavior [ RunTime:0.004883s ]
INFO: [ app_end ] --END-- [ RunTime:0.004883s ]

