[ 2015-07-16T14:32:52+08:00 ] 127.0.0.1 /bmap/index.php/Home/Login/loginbefore
INFO: [ app_init ] --START--
INFO: Run Behavior\BuildLiteBehavior [ RunTime:0.000977s ]
INFO: [ app_init ] --END-- [ RunTime:0.001953s ]

[ 2015-07-16T14:32:53+08:00 ] 127.0.0.1 /bmap/index.php/Home/Public/verify
INFO: [ app_init ] --START--
INFO: Run Behavior\BuildLiteBehavior [ RunTime:0.000000s ]
INFO: [ app_init ] --END-- [ RunTime:0.000977s ]

[ 2015-07-16T14:33:56+08:00 ] 127.0.0.1 /bmap/index.php/Home/School/searchSchool
INFO: [ app_init ] --START--
INFO: Run Behavior\BuildLiteBehavior [ RunTime:0.000000s ]
INFO: [ app_init ] --END-- [ RunTime:0.000977s ]

[ 2015-07-16T14:34:01+08:00 ] 127.0.0.1 /bmap/index.php/Home/School/searchSchool
INFO: [ app_init ] --START--
INFO: Run Behavior\BuildLiteBehavior [ RunTime:0.000000s ]
INFO: [ app_init ] --END-- [ RunTime:0.000000s ]

[ 2015-07-16T14:42:55+08:00 ] 127.0.0.1 /bmap/index.php/Home/Login/loginbefore
INFO: [ app_init ] --START--
INFO: Run Behavior\BuildLiteBehavior [ RunTime:0.000000s ]
INFO: [ app_init ] --END-- [ RunTime:0.000976s ]

[ 2015-07-16T14:42:55+08:00 ] 127.0.0.1 /bmap/index.php/Home/Public/verify
INFO: [ app_init ] --START--
INFO: Run Behavior\BuildLiteBehavior [ RunTime:0.000000s ]
INFO: [ app_init ] --END-- [ RunTime:0.002930s ]

[ 2015-07-16T14:42:59+08:00 ] 127.0.0.1 /bmap/index.php/Home/School/searchSchool?searchInfo=sss
INFO: [ app_init ] --START--
INFO: Run Behavior\BuildLiteBehavior [ RunTime:0.000000s ]
INFO: [ app_init ] --END-- [ RunTime:0.002929s ]
INFO: [ app_begin ] --START--
INFO: Run Behavior\ReadHtmlCacheBehavior [ RunTime:0.001954s ]
INFO: [ app_begin ] --END-- [ RunTime:0.001954s ]
NOTIC: [8] Undefined index: suggestId D:\Bitnami\apache2\htdocs\bmap\Home\Home\Controller\SchoolController.class.php 第 46 行.
INFO: [ app_end ] --START--
INFO: Run Behavior\ShowPageTraceBehavior [ RunTime:0.001953s ]
INFO: [ app_end ] --END-- [ RunTime:0.001953s ]

[ 2015-07-16T14:43:38+08:00 ] 127.0.0.1 /bmap/index.php/Home/Login/loginbefore
INFO: [ app_init ] --START--
INFO: Run Behavior\BuildLiteBehavior [ RunTime:0.000000s ]
INFO: [ app_init ] --END-- [ RunTime:0.001954s ]

[ 2015-07-16T14:43:39+08:00 ] 127.0.0.1 /bmap/index.php/Home/Public/verify
INFO: [ app_init ] --START--
INFO: Run Behavior\BuildLiteBehavior [ RunTime:0.000000s ]
INFO: [ app_init ] --END-- [ RunTime:0.000977s ]

[ 2015-07-16T14:44:02+08:00 ] 127.0.0.1 /bmap/index.php/Home/Login/loginbefore
INFO: [ app_init ] --START--
INFO: Run Behavior\BuildLiteBehavior [ RunTime:0.000000s ]
INFO: [ app_init ] --END-- [ RunTime:0.026367s ]

[ 2015-07-16T14:44:02+08:00 ] 127.0.0.1 /bmap/index.php/Home/Public/verify
INFO: [ app_init ] --START--
INFO: Run Behavior\BuildLiteBehavior [ RunTime:0.000000s ]
INFO: [ app_init ] --END-- [ RunTime:0.005860s ]

[ 2015-07-16T14:44:06+08:00 ] 127.0.0.1 /bmap/index.php/Home/School/searchSchool?searchInfo=ddd
INFO: [ app_init ] --START--
INFO: Run Behavior\BuildLiteBehavior [ RunTime:0.000000s ]
INFO: [ app_init ] --END-- [ RunTime:0.000977s ]
INFO: [ app_begin ] --START--
INFO: Run Behavior\ReadHtmlCacheBehavior [ RunTime:0.001953s ]
INFO: [ app_begin ] --END-- [ RunTime:0.001953s ]
NOTIC: [8] Undefined index: suggestId D:\Bitnami\apache2\htdocs\bmap\Home\Home\Controller\SchoolController.class.php 第 46 行.
INFO: [ app_end ] --START--
INFO: Run Behavior\ShowPageTraceBehavior [ RunTime:0.000977s ]
INFO: [ app_end ] --END-- [ RunTime:0.000977s ]

[ 2015-07-16T15:14:42+08:00 ] 127.0.0.1 /bmap/index.php/Home/Login/loginbefore
INFO: [ app_init ] --START--
INFO: Run Behavior\BuildLiteBehavior [ RunTime:0.000000s ]
INFO: [ app_init ] --END-- [ RunTime:0.000976s ]

[ 2015-07-16T15:14:42+08:00 ] 127.0.0.1 /bmap/index.php/Home/Public/verify
INFO: [ app_init ] --START--
INFO: Run Behavior\BuildLiteBehavior [ RunTime:0.000000s ]
INFO: [ app_init ] --END-- [ RunTime:0.000976s ]

[ 2015-07-16T15:16:13+08:00 ] 127.0.0.1 /bmap/index.php/Home/Login/loginbefore
INFO: [ app_init ] --START--
INFO: Run Behavior\BuildLiteBehavior [ RunTime:0.000000s ]
INFO: [ app_init ] --END-- [ RunTime:0.000000s ]

[ 2015-07-16T15:16:13+08:00 ] 127.0.0.1 /bmap/index.php/Home/Public/verify
INFO: [ app_init ] --START--
INFO: Run Behavior\BuildLiteBehavior [ RunTime:0.000000s ]
INFO: [ app_init ] --END-- [ RunTime:0.000977s ]

[ 2015-07-16T15:17:10+08:00 ] 127.0.0.1 /bmap/index.php/Home/Login/loginbefore
INFO: [ app_init ] --START--
INFO: Run Behavior\BuildLiteBehavior [ RunTime:0.000000s ]
INFO: [ app_init ] --END-- [ RunTime:0.000977s ]

[ 2015-07-16T15:17:10+08:00 ] 127.0.0.1 /bmap/index.php/Home/Public/verify
INFO: [ app_init ] --START--
INFO: Run Behavior\BuildLiteBehavior [ RunTime:0.000977s ]
INFO: [ app_init ] --END-- [ RunTime:0.000977s ]

[ 2015-07-16T15:17:21+08:00 ] 127.0.0.1 /bmap/index.php/Home/School/searchSchool?searchInfo=%E6%B9%96%E5%8C%97
INFO: [ app_init ] --START--
INFO: Run Behavior\BuildLiteBehavior [ RunTime:0.000000s ]
INFO: [ app_init ] --END-- [ RunTime:0.000977s ]
INFO: [ app_begin ] --START--
INFO: Run Behavior\ReadHtmlCacheBehavior [ RunTime:0.000977s ]
INFO: [ app_begin ] --END-- [ RunTime:0.000977s ]
SQL: select fields_name as "field",fields_type as "type",fields_not_null as "null",fields_key_name as "key",fields_default as "default",fields_default as "extra" from table_msg('tp_schools'); [ RunTime:0.1719s ]
SQL: SELECT * FROM tp_schools WHERE schoolname LIKE '%湖北%'  [ RunTime:0.0000s ]
INFO: [ app_end ] --START--
INFO: Run Behavior\ShowPageTraceBehavior [ RunTime:0.000000s ]
INFO: [ app_end ] --END-- [ RunTime:0.000000s ]

[ 2015-07-16T15:17:25+08:00 ] 127.0.0.1 /bmap/index.php/Home/School/searchSchool?searchInfo=%E6%B7%B1%E5%9C%B3
INFO: [ app_init ] --START--
INFO: Run Behavior\BuildLiteBehavior [ RunTime:0.000977s ]
INFO: [ app_init ] --END-- [ RunTime:0.000977s ]
INFO: [ app_begin ] --START--
INFO: Run Behavior\ReadHtmlCacheBehavior [ RunTime:0.001953s ]
INFO: [ app_begin ] --END-- [ RunTime:0.001953s ]
SQL: select fields_name as "field",fields_type as "type",fields_not_null as "null",fields_key_name as "key",fields_default as "default",fields_default as "extra" from table_msg('tp_schools'); [ RunTime:0.0938s ]
SQL: SELECT * FROM tp_schools WHERE schoolname LIKE '%深圳%'  [ RunTime:0.9590s ]
NOTIC: [8] Array to string conversion D:\Bitnami\apache2\htdocs\bmap\Home\Home\Controller\SchoolController.class.php 第 54 行.
ERR: SQLSTATE[42601]: Syntax error: 7 错误:  语法错误 在 "/" 或附近的
LINE 1: select ST_AsText(/'Array['location']/')
                         ^

[ 2015-07-16T15:23:21+08:00 ] 127.0.0.1 /bmap/index.php/Home/Login/loginbefore
INFO: [ app_init ] --START--
INFO: Run Behavior\BuildLiteBehavior [ RunTime:0.000000s ]
INFO: [ app_init ] --END-- [ RunTime:0.000977s ]

[ 2015-07-16T15:23:21+08:00 ] 127.0.0.1 /bmap/index.php/Home/Public/verify
INFO: [ app_init ] --START--
INFO: Run Behavior\BuildLiteBehavior [ RunTime:0.000000s ]
INFO: [ app_init ] --END-- [ RunTime:0.001953s ]

[ 2015-07-16T15:23:28+08:00 ] 127.0.0.1 /bmap/index.php/Home/School/searchSchool
INFO: [ app_init ] --START--
INFO: Run Behavior\BuildLiteBehavior [ RunTime:0.000000s ]
INFO: [ app_init ] --END-- [ RunTime:0.001953s ]
INFO: [ app_begin ] --START--
INFO: Run Behavior\ReadHtmlCacheBehavior [ RunTime:0.000976s ]
INFO: [ app_begin ] --END-- [ RunTime:0.001953s ]
NOTIC: [8] Undefined index: suggestId D:\Bitnami\apache2\htdocs\bmap\Home\Home\Controller\SchoolController.class.php 第 46 行.
SQL: select fields_name as "field",fields_type as "type",fields_not_null as "null",fields_key_name as "key",fields_default as "default",fields_default as "extra" from table_msg('tp_schools'); [ RunTime:0.1172s ]
SQL: SELECT * FROM tp_schools WHERE schoolname LIKE '%%'  [ RunTime:0.1543s ]
NOTIC: [8] Array to string conversion D:\Bitnami\apache2\htdocs\bmap\Home\Home\Controller\SchoolController.class.php 第 54 行.
ERR: SQLSTATE[42601]: Syntax error: 7 错误:  语法错误 在 "/" 或附近的
LINE 1: select ST_AsText(/'Array['location']/')
                         ^

[ 2015-07-16T15:23:36+08:00 ] 127.0.0.1 /bmap/index.php/Home/School/searchSchool
INFO: [ app_init ] --START--
INFO: Run Behavior\BuildLiteBehavior [ RunTime:0.000000s ]
INFO: [ app_init ] --END-- [ RunTime:0.000977s ]
INFO: [ app_begin ] --START--
INFO: Run Behavior\ReadHtmlCacheBehavior [ RunTime:0.001953s ]
INFO: [ app_begin ] --END-- [ RunTime:0.001953s ]
NOTIC: [8] Undefined index: suggestId D:\Bitnami\apache2\htdocs\bmap\Home\Home\Controller\SchoolController.class.php 第 46 行.
SQL: select fields_name as "field",fields_type as "type",fields_not_null as "null",fields_key_name as "key",fields_default as "default",fields_default as "extra" from table_msg('tp_schools'); [ RunTime:0.1094s ]
SQL: SELECT * FROM tp_schools WHERE schoolname LIKE '%%'  [ RunTime:0.1250s ]
NOTIC: [8] Array to string conversion D:\Bitnami\apache2\htdocs\bmap\Home\Home\Controller\SchoolController.class.php 第 54 行.
ERR: SQLSTATE[42601]: Syntax error: 7 错误:  语法错误 在 "/" 或附近的
LINE 1: select ST_AsText(/'Array['location']/')
                         ^

[ 2015-07-16T15:25:28+08:00 ] 127.0.0.1 /bmap/index.php/Home/Login/loginbefore
INFO: [ app_init ] --START--
INFO: Run Behavior\BuildLiteBehavior [ RunTime:0.000000s ]
INFO: [ app_init ] --END-- [ RunTime:0.000976s ]

[ 2015-07-16T15:25:29+08:00 ] 127.0.0.1 /bmap/index.php/Home/Public/verify
INFO: [ app_init ] --START--
INFO: Run Behavior\BuildLiteBehavior [ RunTime:0.000000s ]
INFO: [ app_init ] --END-- [ RunTime:0.001953s ]

[ 2015-07-16T15:25:35+08:00 ] 127.0.0.1 /bmap/index.php/Home/School/searchSchool
INFO: [ app_init ] --START--
INFO: Run Behavior\BuildLiteBehavior [ RunTime:0.000000s ]
INFO: [ app_init ] --END-- [ RunTime:0.001953s ]
INFO: [ app_begin ] --START--
INFO: Run Behavior\ReadHtmlCacheBehavior [ RunTime:0.001953s ]
INFO: [ app_begin ] --END-- [ RunTime:0.001953s ]
NOTIC: [8] Undefined index: suggestId D:\Bitnami\apache2\htdocs\bmap\Home\Home\Controller\SchoolController.class.php 第 46 行.
SQL: select fields_name as "field",fields_type as "type",fields_not_null as "null",fields_key_name as "key",fields_default as "default",fields_default as "extra" from table_msg('tp_schools'); [ RunTime:0.1094s ]
SQL: SELECT * FROM tp_schools WHERE schoolname LIKE '%%'  [ RunTime:0.1445s ]
NOTIC: [8] Array to string conversion D:\Bitnami\apache2\htdocs\bmap\Home\Home\Controller\SchoolController.class.php 第 54 行.
ERR: SQLSTATE[42601]: Syntax error: 7 错误:  语法错误 在 "/" 或附近的
LINE 1: select ST_AsText(/'Array['location']/')
                         ^

[ 2015-07-16T15:38:13+08:00 ] 127.0.0.1 /bmap/index.php/Home/Login/loginbefore
INFO: [ app_init ] --START--
INFO: Run Behavior\BuildLiteBehavior [ RunTime:0.000000s ]
INFO: [ app_init ] --END-- [ RunTime:0.001953s ]

[ 2015-07-16T15:38:13+08:00 ] 127.0.0.1 /bmap/index.php/Home/Public/verify
INFO: [ app_init ] --START--
INFO: Run Behavior\BuildLiteBehavior [ RunTime:0.000000s ]
INFO: [ app_init ] --END-- [ RunTime:0.000976s ]

[ 2015-07-16T15:38:18+08:00 ] 127.0.0.1 /bmap/index.php/Home/School/searchSchool
INFO: [ app_init ] --START--
INFO: Run Behavior\BuildLiteBehavior [ RunTime:0.000000s ]
INFO: [ app_init ] --END-- [ RunTime:0.000976s ]
INFO: [ app_begin ] --START--
INFO: Run Behavior\ReadHtmlCacheBehavior [ RunTime:0.001953s ]
INFO: [ app_begin ] --END-- [ RunTime:0.001953s ]
NOTIC: [8] Undefined index: suggestId D:\Bitnami\apache2\htdocs\bmap\Home\Home\Controller\SchoolController.class.php 第 46 行.
SQL: select fields_name as "field",fields_type as "type",fields_not_null as "null",fields_key_name as "key",fields_default as "default",fields_default as "extra" from table_msg('tp_schools'); [ RunTime:0.1123s ]
SQL: SELECT * FROM tp_schools WHERE schoolname LIKE '%%'  [ RunTime:0.1250s ]
INFO: [ app_end ] --START--
INFO: Run Behavior\ShowPageTraceBehavior [ RunTime:0.000000s ]
INFO: [ app_end ] --END-- [ RunTime:0.000000s ]

[ 2015-07-16T15:39:22+08:00 ] 127.0.0.1 /bmap/index.php/Home/School/searchSchool
INFO: [ app_init ] --START--
INFO: Run Behavior\BuildLiteBehavior [ RunTime:0.000000s ]
INFO: [ app_init ] --END-- [ RunTime:0.000976s ]

[ 2015-07-16T15:41:45+08:00 ] 127.0.0.1 /bmap/index.php/Home/School/searchSchool
INFO: [ app_init ] --START--
INFO: Run Behavior\BuildLiteBehavior [ RunTime:0.000976s ]
INFO: [ app_init ] --END-- [ RunTime:0.000976s ]

[ 2015-07-16T15:43:30+08:00 ] 127.0.0.1 /bmap/index.php/Home/School/searchSchool
INFO: [ app_init ] --START--
INFO: Run Behavior\BuildLiteBehavior [ RunTime:0.000000s ]
INFO: [ app_init ] --END-- [ RunTime:0.000976s ]

[ 2015-07-16T15:43:36+08:00 ] 127.0.0.1 /bmap/index.php/Home/School/searchSchool
INFO: [ app_init ] --START--
INFO: Run Behavior\BuildLiteBehavior [ RunTime:0.000000s ]
INFO: [ app_init ] --END-- [ RunTime:0.000977s ]

[ 2015-07-16T15:44:48+08:00 ] 127.0.0.1 /bmap/index.php/Home/School/searchSchool
INFO: [ app_init ] --START--
INFO: Run Behavior\BuildLiteBehavior [ RunTime:0.000000s ]
INFO: [ app_init ] --END-- [ RunTime:0.000977s ]

[ 2015-07-16T15:45:01+08:00 ] 127.0.0.1 /bmap/index.php/Home/School/searchSchool
INFO: [ app_init ] --START--
INFO: Run Behavior\BuildLiteBehavior [ RunTime:0.000000s ]
INFO: [ app_init ] --END-- [ RunTime:0.000976s ]

[ 2015-07-16T15:46:12+08:00 ] 127.0.0.1 /bmap/index.php/Home/School/searchSchool
INFO: [ app_init ] --START--
INFO: Run Behavior\BuildLiteBehavior [ RunTime:0.000977s ]
INFO: [ app_init ] --END-- [ RunTime:0.000977s ]

[ 2015-07-16T15:46:18+08:00 ] 127.0.0.1 /bmap/index.php/Home/School/searchSchool
INFO: [ app_init ] --START--
INFO: Run Behavior\BuildLiteBehavior [ RunTime:0.000000s ]
INFO: [ app_init ] --END-- [ RunTime:0.000976s ]

[ 2015-07-16T15:46:34+08:00 ] 127.0.0.1 /bmap/index.php/Home/Login/loginbefore
INFO: [ app_init ] --START--
INFO: Run Behavior\BuildLiteBehavior [ RunTime:0.000976s ]
INFO: [ app_init ] --END-- [ RunTime:0.000976s ]

[ 2015-07-16T15:46:34+08:00 ] 127.0.0.1 /bmap/index.php/Home/Public/verify
INFO: [ app_init ] --START--
INFO: Run Behavior\BuildLiteBehavior [ RunTime:0.000976s ]
INFO: [ app_init ] --END-- [ RunTime:0.000976s ]

[ 2015-07-16T15:46:40+08:00 ] 127.0.0.1 /bmap/index.php/Home/School/searchSchool
INFO: [ app_init ] --START--
INFO: Run Behavior\BuildLiteBehavior [ RunTime:0.000000s ]
INFO: [ app_init ] --END-- [ RunTime:0.003906s ]
INFO: [ app_begin ] --START--
INFO: Run Behavior\ReadHtmlCacheBehavior [ RunTime:0.001953s ]
INFO: [ app_begin ] --END-- [ RunTime:0.001953s ]
NOTIC: [8] Undefined index: suggestId D:\Bitnami\apache2\htdocs\bmap\Home\Home\Controller\SchoolController.class.php 第 46 行.
SQL: select fields_name as "field",fields_type as "type",fields_not_null as "null",fields_key_name as "key",fields_default as "default",fields_default as "extra" from table_msg('tp_schools'); [ RunTime:0.1143s ]
SQL: SELECT * FROM tp_schools WHERE schoolname LIKE '%%'  [ RunTime:0.1426s ]
INFO: [ app_end ] --START--
INFO: Run Behavior\ShowPageTraceBehavior [ RunTime:0.000000s ]
INFO: [ app_end ] --END-- [ RunTime:0.000000s ]

[ 2015-07-16T15:46:48+08:00 ] 127.0.0.1 /bmap/index.php/Home/School/searchSchool
INFO: [ app_init ] --START--
INFO: Run Behavior\BuildLiteBehavior [ RunTime:0.000000s ]
INFO: [ app_init ] --END-- [ RunTime:0.000977s ]

[ 2015-07-16T15:47:50+08:00 ] 127.0.0.1 /bmap/index.php/Home/School/searchSchool
INFO: [ app_init ] --START--
INFO: Run Behavior\BuildLiteBehavior [ RunTime:0.000000s ]
INFO: [ app_init ] --END-- [ RunTime:0.000977s ]

[ 2015-07-16T15:48:49+08:00 ] 127.0.0.1 /bmap/index.php/Home/Login/loginbefore
INFO: [ app_init ] --START--
INFO: Run Behavior\BuildLiteBehavior [ RunTime:0.000000s ]
INFO: [ app_init ] --END-- [ RunTime:0.000977s ]

[ 2015-07-16T15:48:50+08:00 ] 127.0.0.1 /bmap/index.php/Home/Public/verify
INFO: [ app_init ] --START--
INFO: Run Behavior\BuildLiteBehavior [ RunTime:0.000000s ]
INFO: [ app_init ] --END-- [ RunTime:0.000977s ]

[ 2015-07-16T15:48:55+08:00 ] 127.0.0.1 /bmap/index.php/Home/School/searchSchool
INFO: [ app_init ] --START--
INFO: Run Behavior\BuildLiteBehavior [ RunTime:0.000000s ]
INFO: [ app_init ] --END-- [ RunTime:0.000977s ]
INFO: [ app_begin ] --START--
INFO: Run Behavior\ReadHtmlCacheBehavior [ RunTime:0.000977s ]
INFO: [ app_begin ] --END-- [ RunTime:0.000977s ]
NOTIC: [8] Undefined index: suggestId D:\Bitnami\apache2\htdocs\bmap\Home\Home\Controller\SchoolController.class.php 第 46 行.
SQL: select fields_name as "field",fields_type as "type",fields_not_null as "null",fields_key_name as "key",fields_default as "default",fields_default as "extra" from table_msg('tp_schools'); [ RunTime:0.1094s ]
SQL: SELECT * FROM tp_schools WHERE schoolname LIKE '%%'  [ RunTime:0.1406s ]
INFO: [ app_end ] --START--
INFO: Run Behavior\ShowPageTraceBehavior [ RunTime:0.000000s ]
INFO: [ app_end ] --END-- [ RunTime:0.000000s ]

[ 2015-07-16T15:49:54+08:00 ] 127.0.0.1 /bmap/index.php/Home/Login/loginbefore
INFO: [ app_init ] --START--
INFO: Run Behavior\BuildLiteBehavior [ RunTime:0.000000s ]
INFO: [ app_init ] --END-- [ RunTime:0.002930s ]

[ 2015-07-16T15:49:54+08:00 ] 127.0.0.1 /bmap/index.php/Home/Public/verify
INFO: [ app_init ] --START--
INFO: Run Behavior\BuildLiteBehavior [ RunTime:0.000000s ]
INFO: [ app_init ] --END-- [ RunTime:0.000977s ]

[ 2015-07-16T15:49:59+08:00 ] 127.0.0.1 /bmap/index.php/Home/School/searchSchool?searchInfo=%E6%B7%B1%E5%9C%B3
INFO: [ app_init ] --START--
INFO: Run Behavior\BuildLiteBehavior [ RunTime:0.000000s ]
INFO: [ app_init ] --END-- [ RunTime:0.000977s ]
INFO: [ app_begin ] --START--
INFO: Run Behavior\ReadHtmlCacheBehavior [ RunTime:0.001953s ]
INFO: [ app_begin ] --END-- [ RunTime:0.001953s ]
SQL: select fields_name as "field",fields_type as "type",fields_not_null as "null",fields_key_name as "key",fields_default as "default",fields_default as "extra" from table_msg('tp_schools'); [ RunTime:0.1357s ]
SQL: SELECT * FROM tp_schools WHERE schoolname LIKE '%深圳%'  [ RunTime:0.1367s ]
INFO: [ app_end ] --START--
INFO: Run Behavior\ShowPageTraceBehavior [ RunTime:0.001953s ]
INFO: [ app_end ] --END-- [ RunTime:0.001953s ]

[ 2015-07-16T16:15:51+08:00 ] 127.0.0.1 /bmap/index.php/Home/Login/loginbefore
INFO: [ app_init ] --START--
INFO: Run Behavior\BuildLiteBehavior [ RunTime:0.000000s ]
INFO: [ app_init ] --END-- [ RunTime:0.000977s ]

[ 2015-07-16T16:15:51+08:00 ] 127.0.0.1 /bmap/index.php/Home/Public/verify
INFO: [ app_init ] --START--
INFO: Run Behavior\BuildLiteBehavior [ RunTime:0.000000s ]
INFO: [ app_init ] --END-- [ RunTime:0.000976s ]

[ 2015-07-16T16:15:58+08:00 ] 127.0.0.1 /bmap/index.php/Home/School/searchSchool?searchInfo=%E6%B0%91%E6%B2%BB
INFO: [ app_init ] --START--
INFO: Run Behavior\BuildLiteBehavior [ RunTime:0.000000s ]
INFO: [ app_init ] --END-- [ RunTime:0.000976s ]
INFO: [ app_begin ] --START--
INFO: Run Behavior\ReadHtmlCacheBehavior [ RunTime:0.001953s ]
INFO: [ app_begin ] --END-- [ RunTime:0.001953s ]
SQL: select fields_name as "field",fields_type as "type",fields_not_null as "null",fields_key_name as "key",fields_default as "default",fields_default as "extra" from table_msg('tp_schools'); [ RunTime:0.1250s ]
SQL: SELECT * FROM tp_schools WHERE schoolname LIKE '%民治%'  [ RunTime:0.1250s ]
SQL: SELECT location FROM tp_schools WHERE schoolname LIKE '%民治%'  [ RunTime:0.0000s ]
NOTIC: [8] Undefined variable: schools D:\Bitnami\apache2\htdocs\bmap\Home\Home\Controller\SchoolController.class.php 第 55 行.

[ 2015-07-16T16:17:59+08:00 ] 127.0.0.1 /bmap/index.php/Home/Login/loginbefore
INFO: [ app_init ] --START--
INFO: Run Behavior\BuildLiteBehavior [ RunTime:0.000000s ]
INFO: [ app_init ] --END-- [ RunTime:0.000976s ]

[ 2015-07-16T16:17:59+08:00 ] 127.0.0.1 /bmap/index.php/Home/Public/verify
INFO: [ app_init ] --START--
INFO: Run Behavior\BuildLiteBehavior [ RunTime:0.000000s ]
INFO: [ app_init ] --END-- [ RunTime:0.000976s ]

[ 2015-07-16T16:18:03+08:00 ] 127.0.0.1 /bmap/index.php/Home/School/searchSchool
INFO: [ app_init ] --START--
INFO: Run Behavior\BuildLiteBehavior [ RunTime:0.000000s ]
INFO: [ app_init ] --END-- [ RunTime:0.001953s ]
ERR: SQLSTATE[42703]: Undefined column: 7 错误:  字段 "深圳市民治中学" 不存在
LINE 1: SELECT location FROM tp_schools WHERE ( 深圳市民治中学 ) 
                                                ^

[ 2015-07-16T16:20:03+08:00 ] 127.0.0.1 /bmap/index.php/Home/School/searchSchool
INFO: [ app_init ] --START--
INFO: Run Behavior\BuildLiteBehavior [ RunTime:0.000000s ]
INFO: [ app_init ] --END-- [ RunTime:0.000976s ]
ERR: SQLSTATE[42703]: Undefined column: 7 错误:  字段 "深圳市民治中学" 不存在
LINE 1: SELECT location FROM tp_schools WHERE ( schoolname="深圳市民...
                                                           ^

[ 2015-07-16T16:21:07+08:00 ] 127.0.0.1 /bmap/index.php/Home/School/searchSchool
INFO: [ app_init ] --START--
INFO: Run Behavior\BuildLiteBehavior [ RunTime:0.000000s ]
INFO: [ app_init ] --END-- [ RunTime:0.000976s ]

[ 2015-07-16T16:24:04+08:00 ] 127.0.0.1 /bmap/index.php/Home/Login/loginbefore
INFO: [ app_init ] --START--
INFO: Run Behavior\BuildLiteBehavior [ RunTime:0.000000s ]
INFO: [ app_init ] --END-- [ RunTime:0.000976s ]

[ 2015-07-16T16:24:05+08:00 ] 127.0.0.1 /bmap/index.php/Home/Public/verify
INFO: [ app_init ] --START--
INFO: Run Behavior\BuildLiteBehavior [ RunTime:0.000976s ]
INFO: [ app_init ] --END-- [ RunTime:0.001953s ]

[ 2015-07-16T16:24:11+08:00 ] 127.0.0.1 /bmap/index.php/Home/School/searchSchool?searchInfo=%E6%B0%91%E6%B2%BB
INFO: [ app_init ] --START--
INFO: Run Behavior\BuildLiteBehavior [ RunTime:0.000000s ]
INFO: [ app_init ] --END-- [ RunTime:0.000976s ]
INFO: [ app_begin ] --START--
INFO: Run Behavior\ReadHtmlCacheBehavior [ RunTime:0.002930s ]
INFO: [ app_begin ] --END-- [ RunTime:0.002930s ]
SQL: select fields_name as "field",fields_type as "type",fields_not_null as "null",fields_key_name as "key",fields_default as "default",fields_default as "extra" from table_msg('tp_schools'); [ RunTime:0.1094s ]
SQL: SELECT * FROM tp_schools WHERE schoolname LIKE '%民治%'  [ RunTime:0.1406s ]
SQL: SELECT location FROM tp_schools WHERE schoolname LIKE '%民治%'  [ RunTime:0.0000s ]
SQL: select ST_AsText('010100002031BF0D0062669FC728825C40E544BB0A29A33640') [ RunTime:0.0156s ]
INFO: [ app_end ] --START--
INFO: Run Behavior\ShowPageTraceBehavior [ RunTime:0.000000s ]
INFO: [ app_end ] --END-- [ RunTime:0.000000s ]

[ 2015-07-16T16:25:47+08:00 ] 127.0.0.1 /bmap/index.php/Home/Login/loginbefore
INFO: [ app_init ] --START--
INFO: Run Behavior\BuildLiteBehavior [ RunTime:0.000000s ]
INFO: [ app_init ] --END-- [ RunTime:0.000977s ]

[ 2015-07-16T16:25:47+08:00 ] 127.0.0.1 /bmap/index.php/Home/Public/verify
INFO: [ app_init ] --START--
INFO: Run Behavior\BuildLiteBehavior [ RunTime:0.000000s ]
INFO: [ app_init ] --END-- [ RunTime:0.001953s ]

[ 2015-07-16T16:25:55+08:00 ] 127.0.0.1 /bmap/index.php/Home/School/searchSchool?searchInfo=%E6%B0%91%E6%B2%BB
INFO: [ app_init ] --START--
INFO: Run Behavior\BuildLiteBehavior [ RunTime:0.000000s ]
INFO: [ app_init ] --END-- [ RunTime:0.001953s ]
INFO: [ app_begin ] --START--
INFO: Run Behavior\ReadHtmlCacheBehavior [ RunTime:0.000976s ]
INFO: [ app_begin ] --END-- [ RunTime:0.000976s ]
SQL: select fields_name as "field",fields_type as "type",fields_not_null as "null",fields_key_name as "key",fields_default as "default",fields_default as "extra" from table_msg('tp_schools'); [ RunTime:0.1406s ]
SQL: SELECT * FROM tp_schools WHERE schoolname LIKE '%民治%'  [ RunTime:0.1455s ]
SQL: SELECT location FROM tp_schools WHERE schoolname LIKE '%民治%'  [ RunTime:0.0156s ]
SQL: select ST_AsText('010100002031BF0D0062669FC728825C40E544BB0A29A33640') [ RunTime:0.0000s ]
INFO: [ app_end ] --START--
INFO: Run Behavior\ShowPageTraceBehavior [ RunTime:0.000000s ]
INFO: [ app_end ] --END-- [ RunTime:0.000000s ]

[ 2015-07-16T16:26:00+08:00 ] 127.0.0.1 /bmap/index.php/Home/School/searchSchool?searchInfo=%E6%B0%91%E6%B2%BB
INFO: [ app_init ] --START--
INFO: Run Behavior\BuildLiteBehavior [ RunTime:0.000000s ]
INFO: [ app_init ] --END-- [ RunTime:0.001953s ]
INFO: [ app_begin ] --START--
INFO: Run Behavior\ReadHtmlCacheBehavior [ RunTime:0.001953s ]
INFO: [ app_begin ] --END-- [ RunTime:0.001953s ]
SQL: select fields_name as "field",fields_type as "type",fields_not_null as "null",fields_key_name as "key",fields_default as "default",fields_default as "extra" from table_msg('tp_schools'); [ RunTime:0.1406s ]
SQL: SELECT * FROM tp_schools WHERE schoolname LIKE '%民治%'  [ RunTime:0.1455s ]
SQL: SELECT location FROM tp_schools WHERE schoolname LIKE '%民治%'  [ RunTime:0.0000s ]
SQL: select ST_AsText('010100002031BF0D0062669FC728825C40E544BB0A29A33640') [ RunTime:0.0000s ]
INFO: [ app_end ] --START--
INFO: Run Behavior\ShowPageTraceBehavior [ RunTime:0.000000s ]
INFO: [ app_end ] --END-- [ RunTime:0.000000s ]

[ 2015-07-16T16:27:22+08:00 ] 127.0.0.1 /bmap/index.php/Home/Login/loginbefore
INFO: [ app_init ] --START--
INFO: Run Behavior\BuildLiteBehavior [ RunTime:0.000000s ]
INFO: [ app_init ] --END-- [ RunTime:0.000976s ]

[ 2015-07-16T16:27:23+08:00 ] 127.0.0.1 /bmap/index.php/Home/Public/verify
INFO: [ app_init ] --START--
INFO: Run Behavior\BuildLiteBehavior [ RunTime:0.000000s ]
INFO: [ app_init ] --END-- [ RunTime:0.000976s ]

[ 2015-07-16T16:28:30+08:00 ] 127.0.0.1 /bmap/index.php/Home/Login/loginbefore
INFO: [ app_init ] --START--
INFO: Run Behavior\BuildLiteBehavior [ RunTime:0.000000s ]
INFO: [ app_init ] --END-- [ RunTime:0.000977s ]

[ 2015-07-16T16:28:31+08:00 ] 127.0.0.1 /bmap/index.php/Home/Public/verify
INFO: [ app_init ] --START--
INFO: Run Behavior\BuildLiteBehavior [ RunTime:0.000000s ]
INFO: [ app_init ] --END-- [ RunTime:0.001953s ]

[ 2015-07-16T16:30:56+08:00 ] 127.0.0.1 /bmap/index.php/Home/Login/loginbefore
INFO: [ app_init ] --START--
INFO: Run Behavior\BuildLiteBehavior [ RunTime:0.000000s ]
INFO: [ app_init ] --END-- [ RunTime:0.000976s ]

[ 2015-07-16T16:30:56+08:00 ] 127.0.0.1 /bmap/index.php/Home/Public/verify
INFO: [ app_init ] --START--
INFO: Run Behavior\BuildLiteBehavior [ RunTime:0.000000s ]
INFO: [ app_init ] --END-- [ RunTime:0.001953s ]

[ 2015-07-16T16:31:03+08:00 ] 127.0.0.1 /bmap/index.php/Home/School/searchSchool?searchInfo=%E6%B0%91%E6%B2%BB
INFO: [ app_init ] --START--
INFO: Run Behavior\BuildLiteBehavior [ RunTime:0.000000s ]
INFO: [ app_init ] --END-- [ RunTime:0.000977s ]
INFO: [ app_begin ] --START--
INFO: Run Behavior\ReadHtmlCacheBehavior [ RunTime:0.001953s ]
INFO: [ app_begin ] --END-- [ RunTime:0.001953s ]
SQL: select fields_name as "field",fields_type as "type",fields_not_null as "null",fields_key_name as "key",fields_default as "default",fields_default as "extra" from table_msg('tp_schools'); [ RunTime:0.1260s ]
SQL: SELECT * FROM tp_schools WHERE schoolname LIKE '%民治%'  [ RunTime:0.1406s ]
SQL: SELECT location FROM tp_schools WHERE schoolname LIKE '%民治%'  [ RunTime:0.0000s ]
SQL: select ST_AsText('010100002031BF0D0062669FC728825C40E544BB0A29A33640') [ RunTime:0.0000s ]
INFO: [ app_end ] --START--
INFO: Run Behavior\ShowPageTraceBehavior [ RunTime:0.000000s ]
INFO: [ app_end ] --END-- [ RunTime:0.000000s ]

[ 2015-07-16T16:32:25+08:00 ] 127.0.0.1 /bmap/index.php/Home/Login/loginbefore
INFO: [ app_init ] --START--
INFO: Run Behavior\BuildLiteBehavior [ RunTime:0.000000s ]
INFO: [ app_init ] --END-- [ RunTime:0.000977s ]

[ 2015-07-16T16:32:25+08:00 ] 127.0.0.1 /bmap/index.php/Home/Public/verify
INFO: [ app_init ] --START--
INFO: Run Behavior\BuildLiteBehavior [ RunTime:0.000000s ]
INFO: [ app_init ] --END-- [ RunTime:0.001953s ]

[ 2015-07-16T16:32:31+08:00 ] 127.0.0.1 /bmap/index.php/Home/School/searchSchool?searchInfo=%E6%B0%91%E6%B2%BB
INFO: [ app_init ] --START--
INFO: Run Behavior\BuildLiteBehavior [ RunTime:0.000000s ]
INFO: [ app_init ] --END-- [ RunTime:0.000976s ]
INFO: [ app_begin ] --START--
INFO: Run Behavior\ReadHtmlCacheBehavior [ RunTime:0.000977s ]
INFO: [ app_begin ] --END-- [ RunTime:0.001953s ]
SQL: select fields_name as "field",fields_type as "type",fields_not_null as "null",fields_key_name as "key",fields_default as "default",fields_default as "extra" from table_msg('tp_schools'); [ RunTime:0.1094s ]
SQL: SELECT * FROM tp_schools WHERE schoolname LIKE '%民治%'  [ RunTime:0.1475s ]
SQL: SELECT location FROM tp_schools WHERE schoolname LIKE '%民治%'  [ RunTime:0.0000s ]
SQL: select ST_AsText('010100002031BF0D0062669FC728825C40E544BB0A29A33640') [ RunTime:0.0000s ]
INFO: [ app_end ] --START--
INFO: Run Behavior\ShowPageTraceBehavior [ RunTime:0.000000s ]
INFO: [ app_end ] --END-- [ RunTime:0.000000s ]

[ 2015-07-16T16:33:08+08:00 ] 127.0.0.1 /bmap/index.php/Home/Login/loginbefore
INFO: [ app_init ] --START--
INFO: Run Behavior\BuildLiteBehavior [ RunTime:0.000000s ]
INFO: [ app_init ] --END-- [ RunTime:0.000976s ]

[ 2015-07-16T16:33:08+08:00 ] 127.0.0.1 /bmap/index.php/Home/Public/verify
INFO: [ app_init ] --START--
INFO: Run Behavior\BuildLiteBehavior [ RunTime:0.000000s ]
INFO: [ app_init ] --END-- [ RunTime:0.017579s ]

[ 2015-07-16T16:33:14+08:00 ] 127.0.0.1 /bmap/index.php/Home/School/searchSchool?searchInfo=%E6%B0%91%E6%B2%BB
INFO: [ app_init ] --START--
INFO: Run Behavior\BuildLiteBehavior [ RunTime:0.000000s ]
INFO: [ app_init ] --END-- [ RunTime:0.000976s ]
INFO: [ app_begin ] --START--
INFO: Run Behavior\ReadHtmlCacheBehavior [ RunTime:0.000976s ]
INFO: [ app_begin ] --END-- [ RunTime:0.001953s ]
SQL: select fields_name as "field",fields_type as "type",fields_not_null as "null",fields_key_name as "key",fields_default as "default",fields_default as "extra" from table_msg('tp_schools'); [ RunTime:0.1426s ]
SQL: SELECT * FROM tp_schools WHERE schoolname LIKE '%民治%'  [ RunTime:0.1797s ]
SQL: SELECT location FROM tp_schools WHERE schoolname LIKE '%民治%'  [ RunTime:0.0000s ]
SQL: select ST_AsText('010100002031BF0D0062669FC728825C40E544BB0A29A33640') [ RunTime:0.0156s ]
INFO: [ app_end ] --START--
INFO: Run Behavior\ShowPageTraceBehavior [ RunTime:0.000000s ]
INFO: [ app_end ] --END-- [ RunTime:0.000000s ]

[ 2015-07-16T16:36:33+08:00 ] 127.0.0.1 /bmap/index.php/Home/Login/loginbefore
INFO: [ app_init ] --START--
INFO: Run Behavior\BuildLiteBehavior [ RunTime:0.000000s ]
INFO: [ app_init ] --END-- [ RunTime:0.001953s ]

[ 2015-07-16T16:36:33+08:00 ] 127.0.0.1 /bmap/index.php/Home/Public/verify
INFO: [ app_init ] --START--
INFO: Run Behavior\BuildLiteBehavior [ RunTime:0.000000s ]
INFO: [ app_init ] --END-- [ RunTime:0.000977s ]

[ 2015-07-16T16:36:39+08:00 ] 127.0.0.1 /bmap/index.php/Home/School/searchSchool?searchInfo=%E6%B0%91%E6%B2%BB
INFO: [ app_init ] --START--
INFO: Run Behavior\BuildLiteBehavior [ RunTime:0.000000s ]
INFO: [ app_init ] --END-- [ RunTime:0.001953s ]
INFO: [ app_begin ] --START--
INFO: Run Behavior\ReadHtmlCacheBehavior [ RunTime:0.001953s ]
INFO: [ app_begin ] --END-- [ RunTime:0.001953s ]
SQL: select fields_name as "field",fields_type as "type",fields_not_null as "null",fields_key_name as "key",fields_default as "default",fields_default as "extra" from table_msg('tp_schools'); [ RunTime:0.1836s ]
SQL: SELECT * FROM tp_schools WHERE schoolname LIKE '%民治%'  [ RunTime:0.1484s ]
SQL: SELECT location FROM tp_schools WHERE schoolname LIKE '%民治%'  [ RunTime:0.0000s ]
SQL: select ST_AsText('010100002031BF0D0062669FC728825C40E544BB0A29A33640') [ RunTime:0.0156s ]
INFO: [ app_end ] --START--
INFO: Run Behavior\ShowPageTraceBehavior [ RunTime:0.000000s ]
INFO: [ app_end ] --END-- [ RunTime:0.000000s ]

[ 2015-07-16T16:37:39+08:00 ] 127.0.0.1 /bmap/index.php/Home/Login/loginbefore
INFO: [ app_init ] --START--
INFO: Run Behavior\BuildLiteBehavior [ RunTime:0.000000s ]
INFO: [ app_init ] --END-- [ RunTime:0.000976s ]

[ 2015-07-16T16:37:40+08:00 ] 127.0.0.1 /bmap/index.php/Home/Public/verify
INFO: [ app_init ] --START--
INFO: Run Behavior\BuildLiteBehavior [ RunTime:0.000977s ]
INFO: [ app_init ] --END-- [ RunTime:0.001953s ]

[ 2015-07-16T16:38:00+08:00 ] 127.0.0.1 /bmap/index.php/Home/Login/loginbefore
INFO: [ app_init ] --START--
INFO: Run Behavior\BuildLiteBehavior [ RunTime:0.000000s ]
INFO: [ app_init ] --END-- [ RunTime:0.000976s ]

[ 2015-07-16T16:38:00+08:00 ] 127.0.0.1 /bmap/index.php/Home/Public/verify
INFO: [ app_init ] --START--
INFO: Run Behavior\BuildLiteBehavior [ RunTime:0.000977s ]
INFO: [ app_init ] --END-- [ RunTime:0.001953s ]

[ 2015-07-16T16:38:35+08:00 ] 127.0.0.1 /bmap/index.php/Home/Login/loginbefore
INFO: [ app_init ] --START--
INFO: Run Behavior\BuildLiteBehavior [ RunTime:0.000000s ]
INFO: [ app_init ] --END-- [ RunTime:0.000976s ]

[ 2015-07-16T16:38:35+08:00 ] 127.0.0.1 /bmap/index.php/Home/Public/verify
INFO: [ app_init ] --START--
INFO: Run Behavior\BuildLiteBehavior [ RunTime:0.000000s ]
INFO: [ app_init ] --END-- [ RunTime:0.000976s ]

[ 2015-07-16T16:38:41+08:00 ] 127.0.0.1 /bmap/index.php/Home/School/searchSchool?searchInfo=%E6%B7%B1%E5%9C%B3
INFO: [ app_init ] --START--
INFO: Run Behavior\BuildLiteBehavior [ RunTime:0.000000s ]
INFO: [ app_init ] --END-- [ RunTime:0.001953s ]
INFO: [ app_begin ] --START--
INFO: Run Behavior\ReadHtmlCacheBehavior [ RunTime:0.000977s ]
INFO: [ app_begin ] --END-- [ RunTime:0.001953s ]
SQL: select fields_name as "field",fields_type as "type",fields_not_null as "null",fields_key_name as "key",fields_default as "default",fields_default as "extra" from table_msg('tp_schools'); [ RunTime:0.1279s ]
SQL: SELECT * FROM tp_schools WHERE schoolname LIKE '%深圳%'  [ RunTime:0.1279s ]
SQL: SELECT location FROM tp_schools WHERE schoolname LIKE '%深圳%'  [ RunTime:0.0000s ]
SQL: select ST_AsText('010100002031BF0D0062669FC728825C40E544BB0A29A33640') [ RunTime:0.0156s ]
SQL: select ST_AsText('010100002031BF0D006C7A50508A825C408E5BCCCF0DA93640') [ RunTime:0.0000s ]
SQL: select ST_AsText('010100002031BF0D001E6B4606B9795C401ADD41EC4C953640') [ RunTime:0.0000s ]
SQL: select ST_AsText('010100002031BF0D00FF774485EA795C40FBCC599F72903640') [ RunTime:0.0000s ]
SQL: select ST_AsText('010100002031BF0D00B3D2A41474785C405BE9B5D958913640') [ RunTime:0.0000s ]
SQL: select ST_AsText('010100002031BF0D008869DFDC5F775C40D40CA9A278953640') [ RunTime:0.0000s ]
SQL: select ST_AsText('010100002031BF0D00D4450A65E1795C408BA8893E1FC93640') [ RunTime:0.0000s ]
INFO: [ app_end ] --START--
INFO: Run Behavior\ShowPageTraceBehavior [ RunTime:0.000000s ]
INFO: [ app_end ] --END-- [ RunTime:0.000000s ]

[ 2015-07-16T16:41:18+08:00 ] 127.0.0.1 /bmap/index.php/Home/Login/loginbefore
INFO: [ app_init ] --START--
INFO: Run Behavior\BuildLiteBehavior [ RunTime:0.000000s ]
INFO: [ app_init ] --END-- [ RunTime:0.000977s ]

[ 2015-07-16T16:41:19+08:00 ] 127.0.0.1 /bmap/index.php/Home/Public/verify
INFO: [ app_init ] --START--
INFO: Run Behavior\BuildLiteBehavior [ RunTime:0.000000s ]
INFO: [ app_init ] --END-- [ RunTime:0.000977s ]

[ 2015-07-16T16:42:03+08:00 ] 127.0.0.1 /bmap/index.php/Home/Login/loginbefore
INFO: [ app_init ] --START--
INFO: Run Behavior\BuildLiteBehavior [ RunTime:0.000000s ]
INFO: [ app_init ] --END-- [ RunTime:0.000976s ]

[ 2015-07-16T16:42:03+08:00 ] 127.0.0.1 /bmap/index.php/Home/Public/verify
INFO: [ app_init ] --START--
INFO: Run Behavior\BuildLiteBehavior [ RunTime:0.000977s ]
INFO: [ app_init ] --END-- [ RunTime:0.001954s ]

[ 2015-07-16T16:42:48+08:00 ] 127.0.0.1 /bmap/index.php/Home/Login/loginbefore
INFO: [ app_init ] --START--
INFO: Run Behavior\BuildLiteBehavior [ RunTime:0.000000s ]
INFO: [ app_init ] --END-- [ RunTime:0.000977s ]

[ 2015-07-16T16:42:48+08:00 ] 127.0.0.1 /bmap/index.php/Home/Public/verify
INFO: [ app_init ] --START--
INFO: Run Behavior\BuildLiteBehavior [ RunTime:0.000000s ]
INFO: [ app_init ] --END-- [ RunTime:0.008789s ]

[ 2015-07-16T16:42:54+08:00 ] 127.0.0.1 /bmap/index.php/Home/School/searchSchool?searchInfo=%E6%B0%91%E6%B2%BB
INFO: [ app_init ] --START--
INFO: Run Behavior\BuildLiteBehavior [ RunTime:0.000000s ]
INFO: [ app_init ] --END-- [ RunTime:0.000977s ]
INFO: [ app_begin ] --START--
INFO: Run Behavior\ReadHtmlCacheBehavior [ RunTime:0.001953s ]
INFO: [ app_begin ] --END-- [ RunTime:0.001953s ]
SQL: select fields_name as "field",fields_type as "type",fields_not_null as "null",fields_key_name as "key",fields_default as "default",fields_default as "extra" from table_msg('tp_schools'); [ RunTime:0.1289s ]
SQL: SELECT * FROM tp_schools WHERE schoolname LIKE '%民治%'  [ RunTime:0.1250s ]
SQL: SELECT location FROM tp_schools WHERE schoolname LIKE '%民治%'  [ RunTime:0.0000s ]
SQL: select ST_AsText('010100002031BF0D0062669FC728825C40E544BB0A29A33640') [ RunTime:0.0000s ]
INFO: [ app_end ] --START--
INFO: Run Behavior\ShowPageTraceBehavior [ RunTime:0.000000s ]
INFO: [ app_end ] --END-- [ RunTime:0.000000s ]

[ 2015-07-16T16:45:03+08:00 ] 127.0.0.1 /bmap/index.php/Home/Login/loginbefore
INFO: [ app_init ] --START--
INFO: Run Behavior\BuildLiteBehavior [ RunTime:0.000000s ]
INFO: [ app_init ] --END-- [ RunTime:0.000977s ]

[ 2015-07-16T16:45:03+08:00 ] 127.0.0.1 /bmap/index.php/Home/Public/verify
INFO: [ app_init ] --START--
INFO: Run Behavior\BuildLiteBehavior [ RunTime:0.000000s ]
INFO: [ app_init ] --END-- [ RunTime:0.000977s ]

[ 2015-07-16T16:45:49+08:00 ] 127.0.0.1 /bmap/index.php/Home/Login/loginbefore
INFO: [ app_init ] --START--
INFO: Run Behavior\BuildLiteBehavior [ RunTime:0.000000s ]
INFO: [ app_init ] --END-- [ RunTime:0.000976s ]

[ 2015-07-16T16:45:49+08:00 ] 127.0.0.1 /bmap/index.php/Home/Public/verify
INFO: [ app_init ] --START--
INFO: Run Behavior\BuildLiteBehavior [ RunTime:0.000000s ]
INFO: [ app_init ] --END-- [ RunTime:0.007813s ]

[ 2015-07-16T16:45:58+08:00 ] 127.0.0.1 /bmap/index.php/Home/School/searchSchool?searchInfo=%E6%B0%91%E6%B2%BB
INFO: [ app_init ] --START--
INFO: Run Behavior\BuildLiteBehavior [ RunTime:0.000000s ]
INFO: [ app_init ] --END-- [ RunTime:0.003907s ]
INFO: [ app_begin ] --START--
INFO: Run Behavior\ReadHtmlCacheBehavior [ RunTime:0.000976s ]
INFO: [ app_begin ] --END-- [ RunTime:0.000976s ]
SQL: select fields_name as "field",fields_type as "type",fields_not_null as "null",fields_key_name as "key",fields_default as "default",fields_default as "extra" from table_msg('tp_schools'); [ RunTime:0.1494s ]
SQL: SELECT * FROM tp_schools WHERE schoolname LIKE '%民治%'  [ RunTime:0.1426s ]
SQL: SELECT location FROM tp_schools WHERE schoolname LIKE '%民治%'  [ RunTime:0.0000s ]
SQL: select ST_AsText('010100002031BF0D0062669FC728825C40E544BB0A29A33640') [ RunTime:0.0000s ]
INFO: [ app_end ] --START--
INFO: Run Behavior\ShowPageTraceBehavior [ RunTime:0.000000s ]
INFO: [ app_end ] --END-- [ RunTime:0.000000s ]

[ 2015-07-16T16:48:24+08:00 ] 127.0.0.1 /bmap/index.php/Home/Login/loginbefore
INFO: [ app_init ] --START--
INFO: Run Behavior\BuildLiteBehavior [ RunTime:0.000000s ]
INFO: [ app_init ] --END-- [ RunTime:0.000976s ]

[ 2015-07-16T16:48:24+08:00 ] 127.0.0.1 /bmap/index.php/Home/Public/verify
INFO: [ app_init ] --START--
INFO: Run Behavior\BuildLiteBehavior [ RunTime:0.000000s ]
INFO: [ app_init ] --END-- [ RunTime:0.000976s ]

[ 2015-07-16T16:51:08+08:00 ] 127.0.0.1 /bmap/index.php/Home/Login/loginbefore
INFO: [ app_init ] --START--
INFO: Run Behavior\BuildLiteBehavior [ RunTime:0.000000s ]
INFO: [ app_init ] --END-- [ RunTime:0.000977s ]

[ 2015-07-16T16:51:08+08:00 ] 127.0.0.1 /bmap/index.php/Home/Public/verify
INFO: [ app_init ] --START--
INFO: Run Behavior\BuildLiteBehavior [ RunTime:0.000000s ]
INFO: [ app_init ] --END-- [ RunTime:0.003906s ]

[ 2015-07-16T16:51:21+08:00 ] 127.0.0.1 /bmap/index.php/Home/Login/loginbefore
INFO: [ app_init ] --START--
INFO: Run Behavior\BuildLiteBehavior [ RunTime:0.000000s ]
INFO: [ app_init ] --END-- [ RunTime:0.000976s ]

[ 2015-07-16T16:51:21+08:00 ] 127.0.0.1 /bmap/index.php/Home/Public/verify
INFO: [ app_init ] --START--
INFO: Run Behavior\BuildLiteBehavior [ RunTime:0.000000s ]
INFO: [ app_init ] --END-- [ RunTime:0.000976s ]

[ 2015-07-16T16:53:07+08:00 ] 127.0.0.1 /bmap/index.php/Home/Login/loginbefore
INFO: [ app_init ] --START--
INFO: Run Behavior\BuildLiteBehavior [ RunTime:0.000000s ]
INFO: [ app_init ] --END-- [ RunTime:0.000976s ]

[ 2015-07-16T16:53:07+08:00 ] 127.0.0.1 /bmap/index.php/Home/Public/verify
INFO: [ app_init ] --START--
INFO: Run Behavior\BuildLiteBehavior [ RunTime:0.000000s ]
INFO: [ app_init ] --END-- [ RunTime:0.000976s ]

[ 2015-07-16T16:53:21+08:00 ] 127.0.0.1 /bmap/index.php/Home/Login/loginbefore
INFO: [ app_init ] --START--
INFO: Run Behavior\BuildLiteBehavior [ RunTime:0.000000s ]
INFO: [ app_init ] --END-- [ RunTime:0.000976s ]

[ 2015-07-16T16:53:22+08:00 ] 127.0.0.1 /bmap/index.php/Home/Public/verify
INFO: [ app_init ] --START--
INFO: Run Behavior\BuildLiteBehavior [ RunTime:0.000000s ]
INFO: [ app_init ] --END-- [ RunTime:0.000977s ]

[ 2015-07-16T16:53:27+08:00 ] 127.0.0.1 /bmap/index.php/Home/School/schoolInfo
INFO: [ app_init ] --START--
INFO: Run Behavior\BuildLiteBehavior [ RunTime:0.000000s ]
INFO: [ app_init ] --END-- [ RunTime:0.000976s ]
INFO: [ app_begin ] --START--
INFO: Run Behavior\ReadHtmlCacheBehavior [ RunTime:0.001953s ]
INFO: [ app_begin ] --END-- [ RunTime:0.001953s ]
SQL: select fields_name as "field",fields_type as "type",fields_not_null as "null",fields_key_name as "key",fields_default as "default",fields_default as "extra" from table_msg('tp_schools'); [ RunTime:0.1094s ]
SQL: SELECT location FROM tp_schools  [ RunTime:0.1250s ]
SQL: SELECT * FROM tp_schools  [ RunTime:0.0000s ]
SQL: select ST_AsText('010100002031BF0D0062669FC728825C40E544BB0A29A33640') [ RunTime:0.0313s ]
SQL: select ST_AsText('010100002031BF0D006C7A50508A825C408E5BCCCF0DA93640') [ RunTime:0.0000s ]
SQL: select ST_AsText('010100002031BF0D001E6B4606B9795C401ADD41EC4C953640') [ RunTime:0.0000s ]
SQL: select ST_AsText('010100002031BF0D00FF774485EA795C40FBCC599F72903640') [ RunTime:0.0000s ]
SQL: select ST_AsText('010100002031BF0D00B3D2A41474785C405BE9B5D958913640') [ RunTime:0.0000s ]
SQL: select ST_AsText('010100002031BF0D008869DFDC5F775C40D40CA9A278953640') [ RunTime:0.0000s ]
SQL: select ST_AsText('010100002031BF0D00D4450A65E1795C408BA8893E1FC93640') [ RunTime:0.0000s ]
SQL: select ST_AsText('010100002031BF0D00E06932E36D835C4097E4805D4DB63640') [ RunTime:0.0000s ]
SQL: select ST_AsText('010100002031BF0D001BBCAFCA85745C40BC1FB75F3EAD3640') [ RunTime:0.0000s ]
INFO: [ app_end ] --START--
INFO: Run Behavior\ShowPageTraceBehavior [ RunTime:0.000000s ]
INFO: [ app_end ] --END-- [ RunTime:0.000000s ]

[ 2015-07-16T16:53:31+08:00 ] 127.0.0.1 /bmap/index.php/Home/Login/loginbefore
INFO: [ app_init ] --START--
INFO: Run Behavior\BuildLiteBehavior [ RunTime:0.000000s ]
INFO: [ app_init ] --END-- [ RunTime:0.001953s ]

[ 2015-07-16T16:53:31+08:00 ] 127.0.0.1 /bmap/index.php/Home/Public/verify
INFO: [ app_init ] --START--
INFO: Run Behavior\BuildLiteBehavior [ RunTime:0.000000s ]
INFO: [ app_init ] --END-- [ RunTime:0.000977s ]

[ 2015-07-16T16:54:27+08:00 ] 127.0.0.1 /bmap/index.php/Home/Login/loginbefore
INFO: [ app_init ] --START--
INFO: Run Behavior\BuildLiteBehavior [ RunTime:0.000000s ]
INFO: [ app_init ] --END-- [ RunTime:0.000977s ]

[ 2015-07-16T16:54:27+08:00 ] 127.0.0.1 /bmap/index.php/Home/Public/verify
INFO: [ app_init ] --START--
INFO: Run Behavior\BuildLiteBehavior [ RunTime:0.000000s ]
INFO: [ app_init ] --END-- [ RunTime:0.001953s ]

[ 2015-07-16T16:54:34+08:00 ] 127.0.0.1 /bmap/index.php/Home/School/searchSchool?searchInfo=%E6%B0%91%E6%B2%BB
INFO: [ app_init ] --START--
INFO: Run Behavior\BuildLiteBehavior [ RunTime:0.000000s ]
INFO: [ app_init ] --END-- [ RunTime:0.000977s ]
INFO: [ app_begin ] --START--
INFO: Run Behavior\ReadHtmlCacheBehavior [ RunTime:0.001953s ]
INFO: [ app_begin ] --END-- [ RunTime:0.001953s ]
SQL: select fields_name as "field",fields_type as "type",fields_not_null as "null",fields_key_name as "key",fields_default as "default",fields_default as "extra" from table_msg('tp_schools'); [ RunTime:0.1250s ]
SQL: SELECT * FROM tp_schools WHERE schoolname LIKE '%民治%'  [ RunTime:0.1611s ]
SQL: SELECT location FROM tp_schools WHERE schoolname LIKE '%民治%'  [ RunTime:0.0000s ]
SQL: select ST_AsText('010100002031BF0D0062669FC728825C40E544BB0A29A33640') [ RunTime:0.0000s ]
INFO: [ app_end ] --START--
INFO: Run Behavior\ShowPageTraceBehavior [ RunTime:0.000000s ]
INFO: [ app_end ] --END-- [ RunTime:0.000000s ]

[ 2015-07-16T17:10:56+08:00 ] 127.0.0.1 /bmap/index.php/Home/Login/loginbefore
INFO: [ app_init ] --START--
INFO: Run Behavior\BuildLiteBehavior [ RunTime:0.000000s ]
INFO: [ app_init ] --END-- [ RunTime:0.000977s ]

[ 2015-07-16T17:10:56+08:00 ] 127.0.0.1 /bmap/index.php/Home/Public/verify
INFO: [ app_init ] --START--
INFO: Run Behavior\BuildLiteBehavior [ RunTime:0.000000s ]
INFO: [ app_init ] --END-- [ RunTime:0.000976s ]

[ 2015-07-16T17:11:03+08:00 ] 127.0.0.1 /bmap/index.php/Home/School/schoolInfo
INFO: [ app_init ] --START--
INFO: Run Behavior\BuildLiteBehavior [ RunTime:0.000977s ]
INFO: [ app_init ] --END-- [ RunTime:0.001953s ]
INFO: [ app_begin ] --START--
INFO: Run Behavior\ReadHtmlCacheBehavior [ RunTime:0.002930s ]
INFO: [ app_begin ] --END-- [ RunTime:0.002930s ]
SQL: select fields_name as "field",fields_type as "type",fields_not_null as "null",fields_key_name as "key",fields_default as "default",fields_default as "extra" from table_msg('tp_schools'); [ RunTime:0.1309s ]
SQL: SELECT location FROM tp_schools  [ RunTime:0.1377s ]
SQL: SELECT * FROM tp_schools  [ RunTime:0.0010s ]
SQL: select ST_AsText('010100002031BF0D0062669FC728825C40E544BB0A29A33640') [ RunTime:0.0020s ]
SQL: select ST_AsText('010100002031BF0D006C7A50508A825C408E5BCCCF0DA93640') [ RunTime:0.0010s ]
SQL: select ST_AsText('010100002031BF0D001E6B4606B9795C401ADD41EC4C953640') [ RunTime:0.0010s ]
SQL: select ST_AsText('010100002031BF0D00FF774485EA795C40FBCC599F72903640') [ RunTime:0.0010s ]
SQL: select ST_AsText('010100002031BF0D00B3D2A41474785C405BE9B5D958913640') [ RunTime:0.0010s ]
SQL: select ST_AsText('010100002031BF0D008869DFDC5F775C40D40CA9A278953640') [ RunTime:0.0000s ]
SQL: select ST_AsText('010100002031BF0D00D4450A65E1795C408BA8893E1FC93640') [ RunTime:0.0000s ]
SQL: select ST_AsText('010100002031BF0D00E06932E36D835C4097E4805D4DB63640') [ RunTime:0.0000s ]
SQL: select ST_AsText('010100002031BF0D001BBCAFCA85745C40BC1FB75F3EAD3640') [ RunTime:0.0000s ]
INFO: [ app_end ] --START--
INFO: Run Behavior\ShowPageTraceBehavior [ RunTime:0.000000s ]
INFO: [ app_end ] --END-- [ RunTime:0.000000s ]

[ 2015-07-16T17:13:00+08:00 ] 127.0.0.1 /bmap/index.php/Home/Login/loginbefore
INFO: [ app_init ] --START--
INFO: Run Behavior\BuildLiteBehavior [ RunTime:0.000000s ]
INFO: [ app_init ] --END-- [ RunTime:0.001954s ]

[ 2015-07-16T17:13:00+08:00 ] 127.0.0.1 /bmap/index.php/Home/Public/verify
INFO: [ app_init ] --START--
INFO: Run Behavior\BuildLiteBehavior [ RunTime:0.000000s ]
INFO: [ app_init ] --END-- [ RunTime:0.000977s ]

[ 2015-07-16T17:13:16+08:00 ] 127.0.0.1 /bmap/index.php/Home/Login/loginbefore
INFO: [ app_init ] --START--
INFO: Run Behavior\BuildLiteBehavior [ RunTime:0.000000s ]
INFO: [ app_init ] --END-- [ RunTime:0.000977s ]

[ 2015-07-16T17:13:17+08:00 ] 127.0.0.1 /bmap/index.php/Home/Public/verify
INFO: [ app_init ] --START--
INFO: Run Behavior\BuildLiteBehavior [ RunTime:0.000000s ]
INFO: [ app_init ] --END-- [ RunTime:0.000977s ]

[ 2015-07-16T17:13:32+08:00 ] 127.0.0.1 /bmap/index.php/Home/Login/loginbefore
INFO: [ app_init ] --START--
INFO: Run Behavior\BuildLiteBehavior [ RunTime:0.000000s ]
INFO: [ app_init ] --END-- [ RunTime:0.000976s ]

[ 2015-07-16T17:13:32+08:00 ] 127.0.0.1 /bmap/index.php/Home/Public/verify
INFO: [ app_init ] --START--
INFO: Run Behavior\BuildLiteBehavior [ RunTime:0.000000s ]
INFO: [ app_init ] --END-- [ RunTime:0.000977s ]

[ 2015-07-16T17:15:28+08:00 ] 127.0.0.1 /bmap/index.php/Home/Login/loginbefore
INFO: [ app_init ] --START--
INFO: Run Behavior\BuildLiteBehavior [ RunTime:0.000000s ]
INFO: [ app_init ] --END-- [ RunTime:0.001953s ]

[ 2015-07-16T17:15:29+08:00 ] 127.0.0.1 /bmap/index.php/Home/Public/verify
INFO: [ app_init ] --START--
INFO: Run Behavior\BuildLiteBehavior [ RunTime:0.000000s ]
INFO: [ app_init ] --END-- [ RunTime:0.000976s ]

[ 2015-07-16T17:16:50+08:00 ] 127.0.0.1 /bmap/index.php/Home/Login/loginbefore
INFO: [ app_init ] --START--
INFO: Run Behavior\BuildLiteBehavior [ RunTime:0.000000s ]
INFO: [ app_init ] --END-- [ RunTime:0.000976s ]

[ 2015-07-16T17:16:51+08:00 ] 127.0.0.1 /bmap/index.php/Home/Public/verify
INFO: [ app_init ] --START--
INFO: Run Behavior\BuildLiteBehavior [ RunTime:0.000000s ]
INFO: [ app_init ] --END-- [ RunTime:0.000977s ]

[ 2015-07-16T17:19:37+08:00 ] 127.0.0.1 /bmap/index.php/Home/Login/loginbefore
INFO: [ app_init ] --START--
INFO: Run Behavior\BuildLiteBehavior [ RunTime:0.000000s ]
INFO: [ app_init ] --END-- [ RunTime:0.000977s ]

[ 2015-07-16T17:19:37+08:00 ] 127.0.0.1 /bmap/index.php/Home/Public/verify
INFO: [ app_init ] --START--
INFO: Run Behavior\BuildLiteBehavior [ RunTime:0.000000s ]
INFO: [ app_init ] --END-- [ RunTime:0.001953s ]

[ 2015-07-16T17:19:46+08:00 ] 127.0.0.1 /bmap/index.php/Home/School/searchSchool?searchInfo=%E6%B0%91%E6%B2%BB
INFO: [ app_init ] --START--
INFO: Run Behavior\BuildLiteBehavior [ RunTime:0.000000s ]
INFO: [ app_init ] --END-- [ RunTime:0.002929s ]
INFO: [ app_begin ] --START--
INFO: Run Behavior\ReadHtmlCacheBehavior [ RunTime:0.001953s ]
INFO: [ app_begin ] --END-- [ RunTime:0.001953s ]
SQL: select fields_name as "field",fields_type as "type",fields_not_null as "null",fields_key_name as "key",fields_default as "default",fields_default as "extra" from table_msg('tp_schools'); [ RunTime:0.1348s ]
SQL: SELECT * FROM tp_schools WHERE schoolname LIKE '%民治%'  [ RunTime:0.2461s ]
SQL: SELECT location FROM tp_schools WHERE schoolname LIKE '%民治%'  [ RunTime:0.0000s ]
SQL: select ST_AsText('010100002031BF0D0062669FC728825C40E544BB0A29A33640') [ RunTime:0.0156s ]
INFO: [ app_end ] --START--
INFO: Run Behavior\ShowPageTraceBehavior [ RunTime:0.000000s ]
INFO: [ app_end ] --END-- [ RunTime:0.000000s ]

[ 2015-07-16T17:21:59+08:00 ] 127.0.0.1 /bmap/index.php/Home/Login/loginbefore
INFO: [ app_init ] --START--
INFO: Run Behavior\BuildLiteBehavior [ RunTime:0.000000s ]
INFO: [ app_init ] --END-- [ RunTime:0.000977s ]

[ 2015-07-16T17:22:00+08:00 ] 127.0.0.1 /bmap/index.php/Home/Public/verify
INFO: [ app_init ] --START--
INFO: Run Behavior\BuildLiteBehavior [ RunTime:0.000000s ]
INFO: [ app_init ] --END-- [ RunTime:0.003906s ]

[ 2015-07-16T17:22:06+08:00 ] 127.0.0.1 /bmap/index.php/Home/School/searchSchool?searchInfo=%E6%B0%91%E6%B2%BB
INFO: [ app_init ] --START--
INFO: Run Behavior\BuildLiteBehavior [ RunTime:0.000000s ]
INFO: [ app_init ] --END-- [ RunTime:0.005859s ]
INFO: [ app_begin ] --START--
INFO: Run Behavior\ReadHtmlCacheBehavior [ RunTime:0.000977s ]
INFO: [ app_begin ] --END-- [ RunTime:0.001953s ]
SQL: select fields_name as "field",fields_type as "type",fields_not_null as "null",fields_key_name as "key",fields_default as "default",fields_default as "extra" from table_msg('tp_schools'); [ RunTime:0.1094s ]
SQL: SELECT * FROM tp_schools WHERE schoolname LIKE '%民治%'  [ RunTime:0.1563s ]
SQL: SELECT location FROM tp_schools WHERE schoolname LIKE '%民治%'  [ RunTime:0.0000s ]
SQL: select ST_AsText('010100002031BF0D0062669FC728825C40E544BB0A29A33640') [ RunTime:0.0000s ]
INFO: [ app_end ] --START--
INFO: Run Behavior\ShowPageTraceBehavior [ RunTime:0.000000s ]
INFO: [ app_end ] --END-- [ RunTime:0.000000s ]

[ 2015-07-16T17:22:17+08:00 ] 127.0.0.1 /bmap/index.php/Home/Login/loginbefore
INFO: [ app_init ] --START--
INFO: Run Behavior\BuildLiteBehavior [ RunTime:0.000000s ]
INFO: [ app_init ] --END-- [ RunTime:0.000977s ]

[ 2015-07-16T17:22:17+08:00 ] 127.0.0.1 /bmap/index.php/Home/Public/verify
INFO: [ app_init ] --START--
INFO: Run Behavior\BuildLiteBehavior [ RunTime:0.000000s ]
INFO: [ app_init ] --END-- [ RunTime:0.000977s ]

[ 2015-07-16T17:22:25+08:00 ] 127.0.0.1 /bmap/index.php/Home/School/searchSchool?searchInfo=%E6%B0%91%E6%B2%BB
INFO: [ app_init ] --START--
INFO: Run Behavior\BuildLiteBehavior [ RunTime:0.001953s ]
INFO: [ app_init ] --END-- [ RunTime:0.003906s ]
INFO: [ app_begin ] --START--
INFO: Run Behavior\ReadHtmlCacheBehavior [ RunTime:0.000977s ]
INFO: [ app_begin ] --END-- [ RunTime:0.000977s ]
SQL: select fields_name as "field",fields_type as "type",fields_not_null as "null",fields_key_name as "key",fields_default as "default",fields_default as "extra" from table_msg('tp_schools'); [ RunTime:0.1250s ]
SQL: SELECT * FROM tp_schools WHERE schoolname LIKE '%民治%'  [ RunTime:0.1582s ]
SQL: SELECT location FROM tp_schools WHERE schoolname LIKE '%民治%'  [ RunTime:0.0020s ]
SQL: select ST_AsText('010100002031BF0D0062669FC728825C40E544BB0A29A33640') [ RunTime:0.0029s ]
INFO: [ app_end ] --START--
INFO: Run Behavior\ShowPageTraceBehavior [ RunTime:0.001953s ]
INFO: [ app_end ] --END-- [ RunTime:0.001953s ]

[ 2015-07-16T17:22:31+08:00 ] 127.0.0.1 /bmap/index.php/Home/School/searchSchool?searchInfo=%E6%B7%B1%E5%9C%B3
INFO: [ app_init ] --START--
INFO: Run Behavior\BuildLiteBehavior [ RunTime:0.000000s ]
INFO: [ app_init ] --END-- [ RunTime:0.001954s ]
INFO: [ app_begin ] --START--
INFO: Run Behavior\ReadHtmlCacheBehavior [ RunTime:0.000976s ]
INFO: [ app_begin ] --END-- [ RunTime:0.001953s ]
SQL: select fields_name as "field",fields_type as "type",fields_not_null as "null",fields_key_name as "key",fields_default as "default",fields_default as "extra" from table_msg('tp_schools'); [ RunTime:0.1094s ]
SQL: SELECT * FROM tp_schools WHERE schoolname LIKE '%深圳%'  [ RunTime:0.2305s ]
SQL: SELECT location FROM tp_schools WHERE schoolname LIKE '%深圳%'  [ RunTime:0.0000s ]
SQL: select ST_AsText('010100002031BF0D0062669FC728825C40E544BB0A29A33640') [ RunTime:0.0000s ]
SQL: select ST_AsText('010100002031BF0D006C7A50508A825C408E5BCCCF0DA93640') [ RunTime:0.0000s ]
SQL: select ST_AsText('010100002031BF0D001E6B4606B9795C401ADD41EC4C953640') [ RunTime:0.0156s ]
SQL: select ST_AsText('010100002031BF0D00FF774485EA795C40FBCC599F72903640') [ RunTime:0.0000s ]
SQL: select ST_AsText('010100002031BF0D00B3D2A41474785C405BE9B5D958913640') [ RunTime:0.0000s ]
SQL: select ST_AsText('010100002031BF0D008869DFDC5F775C40D40CA9A278953640') [ RunTime:0.0000s ]
SQL: select ST_AsText('010100002031BF0D00D4450A65E1795C408BA8893E1FC93640') [ RunTime:0.0000s ]
INFO: [ app_end ] --START--
INFO: Run Behavior\ShowPageTraceBehavior [ RunTime:0.000000s ]
INFO: [ app_end ] --END-- [ RunTime:0.000000s ]

[ 2015-07-16T17:22:41+08:00 ] 127.0.0.1 /bmap/index.php/Home/Login/loginbefore
INFO: [ app_init ] --START--
INFO: Run Behavior\BuildLiteBehavior [ RunTime:0.000000s ]
INFO: [ app_init ] --END-- [ RunTime:0.000977s ]

[ 2015-07-16T17:22:41+08:00 ] 127.0.0.1 /bmap/index.php/Home/Public/verify
INFO: [ app_init ] --START--
INFO: Run Behavior\BuildLiteBehavior [ RunTime:0.000000s ]
INFO: [ app_init ] --END-- [ RunTime:0.000976s ]

[ 2015-07-16T17:23:22+08:00 ] 127.0.0.1 /bmap/index.php/Home/School/schoolInfo
INFO: [ app_init ] --START--
INFO: Run Behavior\BuildLiteBehavior [ RunTime:0.000000s ]
INFO: [ app_init ] --END-- [ RunTime:0.000977s ]
INFO: [ app_begin ] --START--
INFO: Run Behavior\ReadHtmlCacheBehavior [ RunTime:0.001953s ]
INFO: [ app_begin ] --END-- [ RunTime:0.001953s ]
SQL: select fields_name as "field",fields_type as "type",fields_not_null as "null",fields_key_name as "key",fields_default as "default",fields_default as "extra" from table_msg('tp_schools'); [ RunTime:0.1406s ]
SQL: SELECT location FROM tp_schools  [ RunTime:0.1406s ]
SQL: SELECT * FROM tp_schools  [ RunTime:0.0000s ]
SQL: select ST_AsText('010100002031BF0D0062669FC728825C40E544BB0A29A33640') [ RunTime:0.0000s ]
SQL: select ST_AsText('010100002031BF0D006C7A50508A825C408E5BCCCF0DA93640') [ RunTime:0.0000s ]
SQL: select ST_AsText('010100002031BF0D001E6B4606B9795C401ADD41EC4C953640') [ RunTime:0.0000s ]
SQL: select ST_AsText('010100002031BF0D00FF774485EA795C40FBCC599F72903640') [ RunTime:0.0000s ]
SQL: select ST_AsText('010100002031BF0D00B3D2A41474785C405BE9B5D958913640') [ RunTime:0.0000s ]
SQL: select ST_AsText('010100002031BF0D008869DFDC5F775C40D40CA9A278953640') [ RunTime:0.0000s ]
SQL: select ST_AsText('010100002031BF0D00D4450A65E1795C408BA8893E1FC93640') [ RunTime:0.0000s ]
SQL: select ST_AsText('010100002031BF0D00E06932E36D835C4097E4805D4DB63640') [ RunTime:0.0000s ]
SQL: select ST_AsText('010100002031BF0D001BBCAFCA85745C40BC1FB75F3EAD3640') [ RunTime:0.0000s ]
INFO: [ app_end ] --START--
INFO: Run Behavior\ShowPageTraceBehavior [ RunTime:0.015625s ]
INFO: [ app_end ] --END-- [ RunTime:0.015625s ]

[ 2015-07-16T17:23:43+08:00 ] 127.0.0.1 /bmap/index.php/Home/School/searchSchool?searchInfo=%E6%B0%91%E6%B2%BB
INFO: [ app_init ] --START--
INFO: Run Behavior\BuildLiteBehavior [ RunTime:0.000000s ]
INFO: [ app_init ] --END-- [ RunTime:0.001953s ]
INFO: [ app_begin ] --START--
INFO: Run Behavior\ReadHtmlCacheBehavior [ RunTime:0.008789s ]
INFO: [ app_begin ] --END-- [ RunTime:0.008789s ]
SQL: select fields_name as "field",fields_type as "type",fields_not_null as "null",fields_key_name as "key",fields_default as "default",fields_default as "extra" from table_msg('tp_schools'); [ RunTime:0.1094s ]
SQL: SELECT * FROM tp_schools WHERE schoolname LIKE '%民治%'  [ RunTime:0.1455s ]
SQL: SELECT location FROM tp_schools WHERE schoolname LIKE '%民治%'  [ RunTime:0.0000s ]
SQL: select ST_AsText('010100002031BF0D0062669FC728825C40E544BB0A29A33640') [ RunTime:0.0000s ]
INFO: [ app_end ] --START--
INFO: Run Behavior\ShowPageTraceBehavior [ RunTime:0.000000s ]
INFO: [ app_end ] --END-- [ RunTime:0.000000s ]

[ 2015-07-16T17:24:24+08:00 ] 127.0.0.1 /bmap/index.php/Home/School/schoolInfo
INFO: [ app_init ] --START--
INFO: Run Behavior\BuildLiteBehavior [ RunTime:0.000000s ]
INFO: [ app_init ] --END-- [ RunTime:0.000976s ]
INFO: [ app_begin ] --START--
INFO: Run Behavior\ReadHtmlCacheBehavior [ RunTime:0.001953s ]
INFO: [ app_begin ] --END-- [ RunTime:0.001953s ]
SQL: select fields_name as "field",fields_type as "type",fields_not_null as "null",fields_key_name as "key",fields_default as "default",fields_default as "extra" from table_msg('tp_schools'); [ RunTime:0.1250s ]
SQL: SELECT location FROM tp_schools  [ RunTime:0.1611s ]
SQL: SELECT * FROM tp_schools  [ RunTime:0.0020s ]
SQL: select ST_AsText('010100002031BF0D0062669FC728825C40E544BB0A29A33640') [ RunTime:0.0020s ]
SQL: select ST_AsText('010100002031BF0D006C7A50508A825C408E5BCCCF0DA93640') [ RunTime:0.0020s ]
SQL: select ST_AsText('010100002031BF0D001E6B4606B9795C401ADD41EC4C953640') [ RunTime:0.0000s ]
SQL: select ST_AsText('010100002031BF0D00FF774485EA795C40FBCC599F72903640') [ RunTime:0.0000s ]
SQL: select ST_AsText('010100002031BF0D00B3D2A41474785C405BE9B5D958913640') [ RunTime:0.0000s ]
SQL: select ST_AsText('010100002031BF0D008869DFDC5F775C40D40CA9A278953640') [ RunTime:0.0000s ]
SQL: select ST_AsText('010100002031BF0D00D4450A65E1795C408BA8893E1FC93640') [ RunTime:0.0000s ]
SQL: select ST_AsText('010100002031BF0D00E06932E36D835C4097E4805D4DB63640') [ RunTime:0.0000s ]
SQL: select ST_AsText('010100002031BF0D001BBCAFCA85745C40BC1FB75F3EAD3640') [ RunTime:0.0000s ]
INFO: [ app_end ] --START--
INFO: Run Behavior\ShowPageTraceBehavior [ RunTime:0.000000s ]
INFO: [ app_end ] --END-- [ RunTime:0.000000s ]

[ 2015-07-16T17:24:26+08:00 ] 127.0.0.1 /bmap/index.php/Home/School/schoolInfo
INFO: [ app_init ] --START--
INFO: Run Behavior\BuildLiteBehavior [ RunTime:0.000000s ]
INFO: [ app_init ] --END-- [ RunTime:0.000000s ]
INFO: [ app_begin ] --START--
INFO: Run Behavior\ReadHtmlCacheBehavior [ RunTime:0.000000s ]
INFO: [ app_begin ] --END-- [ RunTime:0.000000s ]
SQL: select fields_name as "field",fields_type as "type",fields_not_null as "null",fields_key_name as "key",fields_default as "default",fields_default as "extra" from table_msg('tp_schools'); [ RunTime:0.1504s ]
SQL: SELECT location FROM tp_schools  [ RunTime:0.0156s ]
SQL: SELECT * FROM tp_schools  [ RunTime:0.0000s ]
SQL: select ST_AsText('010100002031BF0D0062669FC728825C40E544BB0A29A33640') [ RunTime:0.0000s ]
SQL: select ST_AsText('010100002031BF0D006C7A50508A825C408E5BCCCF0DA93640') [ RunTime:0.0156s ]
SQL: select ST_AsText('010100002031BF0D001E6B4606B9795C401ADD41EC4C953640') [ RunTime:0.0010s ]
SQL: select ST_AsText('010100002031BF0D00FF774485EA795C40FBCC599F72903640') [ RunTime:0.0000s ]
SQL: select ST_AsText('010100002031BF0D00B3D2A41474785C405BE9B5D958913640') [ RunTime:0.0000s ]
SQL: select ST_AsText('010100002031BF0D008869DFDC5F775C40D40CA9A278953640') [ RunTime:0.0000s ]
SQL: select ST_AsText('010100002031BF0D00D4450A65E1795C408BA8893E1FC93640') [ RunTime:0.0000s ]
SQL: select ST_AsText('010100002031BF0D00E06932E36D835C4097E4805D4DB63640') [ RunTime:0.0000s ]
SQL: select ST_AsText('010100002031BF0D001BBCAFCA85745C40BC1FB75F3EAD3640') [ RunTime:0.0000s ]
INFO: [ app_end ] --START--
INFO: Run Behavior\ShowPageTraceBehavior [ RunTime:0.015625s ]
INFO: [ app_end ] --END-- [ RunTime:0.015625s ]

[ 2015-07-16T17:24:26+08:00 ] 127.0.0.1 /bmap/index.php/Home/School/schoolInfo
INFO: [ app_init ] --START--
INFO: Run Behavior\BuildLiteBehavior [ RunTime:0.000000s ]
INFO: [ app_init ] --END-- [ RunTime:0.000977s ]
INFO: [ app_begin ] --START--
INFO: Run Behavior\ReadHtmlCacheBehavior [ RunTime:0.000977s ]
INFO: [ app_begin ] --END-- [ RunTime:0.000977s ]
SQL: select fields_name as "field",fields_type as "type",fields_not_null as "null",fields_key_name as "key",fields_default as "default",fields_default as "extra" from table_msg('tp_schools'); [ RunTime:0.1357s ]
SQL: SELECT location FROM tp_schools  [ RunTime:0.0215s ]
SQL: SELECT * FROM tp_schools  [ RunTime:0.0000s ]
SQL: select ST_AsText('010100002031BF0D0062669FC728825C40E544BB0A29A33640') [ RunTime:0.0000s ]
SQL: select ST_AsText('010100002031BF0D006C7A50508A825C408E5BCCCF0DA93640') [ RunTime:0.0000s ]
SQL: select ST_AsText('010100002031BF0D001E6B4606B9795C401ADD41EC4C953640') [ RunTime:0.0000s ]
SQL: select ST_AsText('010100002031BF0D00FF774485EA795C40FBCC599F72903640') [ RunTime:0.0000s ]
SQL: select ST_AsText('010100002031BF0D00B3D2A41474785C405BE9B5D958913640') [ RunTime:0.0000s ]
SQL: select ST_AsText('010100002031BF0D008869DFDC5F775C40D40CA9A278953640') [ RunTime:0.0156s ]
SQL: select ST_AsText('010100002031BF0D00D4450A65E1795C408BA8893E1FC93640') [ RunTime:0.0000s ]
SQL: select ST_AsText('010100002031BF0D00E06932E36D835C4097E4805D4DB63640') [ RunTime:0.0000s ]
SQL: select ST_AsText('010100002031BF0D001BBCAFCA85745C40BC1FB75F3EAD3640') [ RunTime:0.0000s ]
INFO: [ app_end ] --START--
INFO: Run Behavior\ShowPageTraceBehavior [ RunTime:0.000000s ]
INFO: [ app_end ] --END-- [ RunTime:0.000000s ]

[ 2015-07-16T17:24:30+08:00 ] 127.0.0.1 /bmap/index.php/Home/School/schoolInfo
INFO: [ app_init ] --START--
INFO: Run Behavior\BuildLiteBehavior [ RunTime:0.000000s ]
INFO: [ app_init ] --END-- [ RunTime:0.000976s ]
INFO: [ app_begin ] --START--
INFO: Run Behavior\ReadHtmlCacheBehavior [ RunTime:0.002930s ]
INFO: [ app_begin ] --END-- [ RunTime:0.002930s ]
SQL: select fields_name as "field",fields_type as "type",fields_not_null as "null",fields_key_name as "key",fields_default as "default",fields_default as "extra" from table_msg('tp_schools'); [ RunTime:0.1396s ]
SQL: SELECT location FROM tp_schools  [ RunTime:0.2861s ]
SQL: SELECT * FROM tp_schools  [ RunTime:0.0049s ]
SQL: select ST_AsText('010100002031BF0D0062669FC728825C40E544BB0A29A33640') [ RunTime:0.0020s ]
SQL: select ST_AsText('010100002031BF0D006C7A50508A825C408E5BCCCF0DA93640') [ RunTime:0.0010s ]
SQL: select ST_AsText('010100002031BF0D001E6B4606B9795C401ADD41EC4C953640') [ RunTime:0.0010s ]
SQL: select ST_AsText('010100002031BF0D00FF774485EA795C40FBCC599F72903640') [ RunTime:0.0010s ]
SQL: select ST_AsText('010100002031BF0D00B3D2A41474785C405BE9B5D958913640') [ RunTime:0.0010s ]
SQL: select ST_AsText('010100002031BF0D008869DFDC5F775C40D40CA9A278953640') [ RunTime:0.0000s ]
SQL: select ST_AsText('010100002031BF0D00D4450A65E1795C408BA8893E1FC93640') [ RunTime:0.0010s ]
SQL: select ST_AsText('010100002031BF0D00E06932E36D835C4097E4805D4DB63640') [ RunTime:0.0010s ]
SQL: select ST_AsText('010100002031BF0D001BBCAFCA85745C40BC1FB75F3EAD3640') [ RunTime:0.0010s ]
INFO: [ app_end ] --START--
INFO: Run Behavior\ShowPageTraceBehavior [ RunTime:0.000976s ]
INFO: [ app_end ] --END-- [ RunTime:0.000976s ]

[ 2015-07-16T17:24:49+08:00 ] 127.0.0.1 /bmap/index.php/Home/School/searchSchool?searchInfo=123
INFO: [ app_init ] --START--
INFO: Run Behavior\BuildLiteBehavior [ RunTime:0.000000s ]
INFO: [ app_init ] --END-- [ RunTime:0.000977s ]
INFO: [ app_begin ] --START--
INFO: Run Behavior\ReadHtmlCacheBehavior [ RunTime:0.000000s ]
INFO: [ app_begin ] --END-- [ RunTime:0.000000s ]
SQL: select fields_name as "field",fields_type as "type",fields_not_null as "null",fields_key_name as "key",fields_default as "default",fields_default as "extra" from table_msg('tp_schools'); [ RunTime:0.1250s ]
SQL: SELECT * FROM tp_schools WHERE schoolname LIKE '%123%'  [ RunTime:0.0000s ]
SQL: SELECT location FROM tp_schools WHERE schoolname LIKE '%123%'  [ RunTime:0.0000s ]
INFO: [ app_end ] --START--
INFO: Run Behavior\ShowPageTraceBehavior [ RunTime:0.000000s ]
INFO: [ app_end ] --END-- [ RunTime:0.000000s ]

[ 2015-07-16T17:24:55+08:00 ] 127.0.0.1 /bmap/index.php/Home/School/schoolInfo
INFO: [ app_init ] --START--
INFO: Run Behavior\BuildLiteBehavior [ RunTime:0.000000s ]
INFO: [ app_init ] --END-- [ RunTime:0.000977s ]
INFO: [ app_begin ] --START--
INFO: Run Behavior\ReadHtmlCacheBehavior [ RunTime:0.000977s ]
INFO: [ app_begin ] --END-- [ RunTime:0.000977s ]
SQL: select fields_name as "field",fields_type as "type",fields_not_null as "null",fields_key_name as "key",fields_default as "default",fields_default as "extra" from table_msg('tp_schools'); [ RunTime:0.1631s ]
SQL: SELECT location FROM tp_schools  [ RunTime:0.1709s ]
SQL: SELECT * FROM tp_schools  [ RunTime:0.0010s ]
SQL: select ST_AsText('010100002031BF0D0062669FC728825C40E544BB0A29A33640') [ RunTime:0.0020s ]
SQL: select ST_AsText('010100002031BF0D006C7A50508A825C408E5BCCCF0DA93640') [ RunTime:0.0010s ]
SQL: select ST_AsText('010100002031BF0D001E6B4606B9795C401ADD41EC4C953640') [ RunTime:0.0010s ]
SQL: select ST_AsText('010100002031BF0D00FF774485EA795C40FBCC599F72903640') [ RunTime:0.0020s ]
SQL: select ST_AsText('010100002031BF0D00B3D2A41474785C405BE9B5D958913640') [ RunTime:0.0010s ]
SQL: select ST_AsText('010100002031BF0D008869DFDC5F775C40D40CA9A278953640') [ RunTime:0.0010s ]
SQL: select ST_AsText('010100002031BF0D00D4450A65E1795C408BA8893E1FC93640') [ RunTime:0.0010s ]
SQL: select ST_AsText('010100002031BF0D00E06932E36D835C4097E4805D4DB63640') [ RunTime:0.0000s ]
SQL: select ST_AsText('010100002031BF0D001BBCAFCA85745C40BC1FB75F3EAD3640') [ RunTime:0.0029s ]
INFO: [ app_end ] --START--
INFO: Run Behavior\ShowPageTraceBehavior [ RunTime:0.003906s ]
INFO: [ app_end ] --END-- [ RunTime:0.003906s ]

[ 2015-07-16T17:25:00+08:00 ] 127.0.0.1 /bmap/index.php/Home/Login/loginbefore
INFO: [ app_init ] --START--
INFO: Run Behavior\BuildLiteBehavior [ RunTime:0.000000s ]
INFO: [ app_init ] --END-- [ RunTime:0.000976s ]

[ 2015-07-16T17:25:00+08:00 ] 127.0.0.1 /bmap/index.php/Home/Public/verify
INFO: [ app_init ] --START--
INFO: Run Behavior\BuildLiteBehavior [ RunTime:0.000000s ]
INFO: [ app_init ] --END-- [ RunTime:0.000977s ]

[ 2015-07-16T17:25:11+08:00 ] 127.0.0.1 /bmap/index.php/Home/School/schoolInfo
INFO: [ app_init ] --START--
INFO: Run Behavior\BuildLiteBehavior [ RunTime:0.000000s ]
INFO: [ app_init ] --END-- [ RunTime:0.000976s ]
INFO: [ app_begin ] --START--
INFO: Run Behavior\ReadHtmlCacheBehavior [ RunTime:0.001954s ]
INFO: [ app_begin ] --END-- [ RunTime:0.001954s ]
SQL: select fields_name as "field",fields_type as "type",fields_not_null as "null",fields_key_name as "key",fields_default as "default",fields_default as "extra" from table_msg('tp_schools'); [ RunTime:0.1455s ]
SQL: SELECT location FROM tp_schools  [ RunTime:0.3320s ]
SQL: SELECT * FROM tp_schools  [ RunTime:0.0010s ]
SQL: select ST_AsText('010100002031BF0D0062669FC728825C40E544BB0A29A33640') [ RunTime:0.0029s ]
SQL: select ST_AsText('010100002031BF0D006C7A50508A825C408E5BCCCF0DA93640') [ RunTime:0.0254s ]
SQL: select ST_AsText('010100002031BF0D001E6B4606B9795C401ADD41EC4C953640') [ RunTime:0.0020s ]
SQL: select ST_AsText('010100002031BF0D00FF774485EA795C40FBCC599F72903640') [ RunTime:0.0010s ]
SQL: select ST_AsText('010100002031BF0D00B3D2A41474785C405BE9B5D958913640') [ RunTime:0.0010s ]
SQL: select ST_AsText('010100002031BF0D008869DFDC5F775C40D40CA9A278953640') [ RunTime:0.0010s ]
SQL: select ST_AsText('010100002031BF0D00D4450A65E1795C408BA8893E1FC93640') [ RunTime:0.0020s ]
SQL: select ST_AsText('010100002031BF0D00E06932E36D835C4097E4805D4DB63640') [ RunTime:0.0010s ]
SQL: select ST_AsText('010100002031BF0D001BBCAFCA85745C40BC1FB75F3EAD3640') [ RunTime:0.0020s ]
INFO: [ app_end ] --START--
INFO: Run Behavior\ShowPageTraceBehavior [ RunTime:0.000976s ]
INFO: [ app_end ] --END-- [ RunTime:0.001953s ]

[ 2015-07-16T17:25:36+08:00 ] 127.0.0.1 /bmap/index.php/Home/Login/doLogin
INFO: [ app_init ] --START--
INFO: Run Behavior\BuildLiteBehavior [ RunTime:0.000000s ]
INFO: [ app_init ] --END-- [ RunTime:0.000977s ]

[ 2015-07-16T17:25:44+08:00 ] 127.0.0.1 /bmap/index.php/Home/Register/checkName?usernamezc=
INFO: [ app_init ] --START--
INFO: Run Behavior\BuildLiteBehavior [ RunTime:0.000000s ]
INFO: [ app_init ] --END-- [ RunTime:0.000976s ]
INFO: [ app_begin ] --START--
INFO: Run Behavior\ReadHtmlCacheBehavior [ RunTime:0.001953s ]
INFO: [ app_begin ] --END-- [ RunTime:0.002930s ]
SQL: select fields_name as "field",fields_type as "type",fields_not_null as "null",fields_key_name as "key",fields_default as "default",fields_default as "extra" from table_msg('tp_user'); [ RunTime:0.1826s ]
SQL: SELECT COUNT(*) AS tp_count FROM tp_user WHERE username = '' LIMIT 1   [ RunTime:0.0156s ]
INFO: [ app_end ] --START--
INFO: Run Behavior\ShowPageTraceBehavior [ RunTime:0.000000s ]
INFO: [ app_end ] --END-- [ RunTime:0.000000s ]

[ 2015-07-16T17:25:48+08:00 ] 127.0.0.1 /bmap/index.php/Home/Register/checkName?usernamezc=111
INFO: [ app_init ] --START--
INFO: Run Behavior\BuildLiteBehavior [ RunTime:0.000000s ]
INFO: [ app_init ] --END-- [ RunTime:0.017579s ]
INFO: [ app_begin ] --START--
INFO: Run Behavior\ReadHtmlCacheBehavior [ RunTime:0.000976s ]
INFO: [ app_begin ] --END-- [ RunTime:0.000976s ]
SQL: select fields_name as "field",fields_type as "type",fields_not_null as "null",fields_key_name as "key",fields_default as "default",fields_default as "extra" from table_msg('tp_user'); [ RunTime:0.0938s ]
SQL: SELECT COUNT(*) AS tp_count FROM tp_user WHERE username = '111' LIMIT 1   [ RunTime:0.0000s ]
INFO: [ app_end ] --START--
INFO: Run Behavior\ShowPageTraceBehavior [ RunTime:0.000000s ]
INFO: [ app_end ] --END-- [ RunTime:0.000000s ]

[ 2015-07-16T17:25:58+08:00 ] 127.0.0.1 /bmap/index.php/Home/Register/checkName?usernamezc=czt
INFO: [ app_init ] --START--
INFO: Run Behavior\BuildLiteBehavior [ RunTime:0.000000s ]
INFO: [ app_init ] --END-- [ RunTime:0.000976s ]
INFO: [ app_begin ] --START--
INFO: Run Behavior\ReadHtmlCacheBehavior [ RunTime:0.001953s ]
INFO: [ app_begin ] --END-- [ RunTime:0.001953s ]
SQL: select fields_name as "field",fields_type as "type",fields_not_null as "null",fields_key_name as "key",fields_default as "default",fields_default as "extra" from table_msg('tp_user'); [ RunTime:0.0781s ]
SQL: SELECT COUNT(*) AS tp_count FROM tp_user WHERE username = 'czt' LIMIT 1   [ RunTime:0.0000s ]
INFO: [ app_end ] --START--
INFO: Run Behavior\ShowPageTraceBehavior [ RunTime:0.000000s ]
INFO: [ app_end ] --END-- [ RunTime:0.000000s ]

[ 2015-07-16T17:26:07+08:00 ] 127.0.0.1 /bmap/index.php/Home/Register/checkName?usernamezc=
INFO: [ app_init ] --START--
INFO: Run Behavior\BuildLiteBehavior [ RunTime:0.000000s ]
INFO: [ app_init ] --END-- [ RunTime:0.000977s ]
INFO: [ app_begin ] --START--
INFO: Run Behavior\ReadHtmlCacheBehavior [ RunTime:0.001953s ]
INFO: [ app_begin ] --END-- [ RunTime:0.001953s ]
SQL: select fields_name as "field",fields_type as "type",fields_not_null as "null",fields_key_name as "key",fields_default as "default",fields_default as "extra" from table_msg('tp_user'); [ RunTime:0.0938s ]
SQL: SELECT COUNT(*) AS tp_count FROM tp_user WHERE username = '' LIMIT 1   [ RunTime:0.0000s ]
INFO: [ app_end ] --START--
INFO: Run Behavior\ShowPageTraceBehavior [ RunTime:0.000000s ]
INFO: [ app_end ] --END-- [ RunTime:0.000000s ]

[ 2015-07-16T17:26:08+08:00 ] 127.0.0.1 /bmap/index.php/Home/Register/checkName?usernamezc=
INFO: [ app_init ] --START--
INFO: Run Behavior\BuildLiteBehavior [ RunTime:0.000000s ]
INFO: [ app_init ] --END-- [ RunTime:0.000976s ]
INFO: [ app_begin ] --START--
INFO: Run Behavior\ReadHtmlCacheBehavior [ RunTime:0.001954s ]
INFO: [ app_begin ] --END-- [ RunTime:0.001954s ]
SQL: select fields_name as "field",fields_type as "type",fields_not_null as "null",fields_key_name as "key",fields_default as "default",fields_default as "extra" from table_msg('tp_user'); [ RunTime:0.0469s ]
SQL: SELECT COUNT(*) AS tp_count FROM tp_user WHERE username = '' LIMIT 1   [ RunTime:0.0156s ]
INFO: [ app_end ] --START--
INFO: Run Behavior\ShowPageTraceBehavior [ RunTime:0.000000s ]
INFO: [ app_end ] --END-- [ RunTime:0.000000s ]

[ 2015-07-16T17:26:12+08:00 ] 127.0.0.1 /bmap/index.php/Home/Register/checkName?usernamezc=111
INFO: [ app_init ] --START--
INFO: Run Behavior\BuildLiteBehavior [ RunTime:0.000000s ]
INFO: [ app_init ] --END-- [ RunTime:0.000977s ]
INFO: [ app_begin ] --START--
INFO: Run Behavior\ReadHtmlCacheBehavior [ RunTime:0.001953s ]
INFO: [ app_begin ] --END-- [ RunTime:0.001953s ]
SQL: select fields_name as "field",fields_type as "type",fields_not_null as "null",fields_key_name as "key",fields_default as "default",fields_default as "extra" from table_msg('tp_user'); [ RunTime:0.0781s ]
SQL: SELECT COUNT(*) AS tp_count FROM tp_user WHERE username = '111' LIMIT 1   [ RunTime:0.0156s ]
INFO: [ app_end ] --START--
INFO: Run Behavior\ShowPageTraceBehavior [ RunTime:0.000000s ]
INFO: [ app_end ] --END-- [ RunTime:0.000000s ]

[ 2015-07-16T17:26:20+08:00 ] 127.0.0.1 /bmap/index.php/Home/Register/checkName?usernamezc=
INFO: [ app_init ] --START--
INFO: Run Behavior\BuildLiteBehavior [ RunTime:0.000000s ]
INFO: [ app_init ] --END-- [ RunTime:0.017578s ]
INFO: [ app_begin ] --START--
INFO: Run Behavior\ReadHtmlCacheBehavior [ RunTime:0.001953s ]
INFO: [ app_begin ] --END-- [ RunTime:0.001953s ]
SQL: select fields_name as "field",fields_type as "type",fields_not_null as "null",fields_key_name as "key",fields_default as "default",fields_default as "extra" from table_msg('tp_user'); [ RunTime:0.1123s ]
SQL: SELECT COUNT(*) AS tp_count FROM tp_user WHERE username = '' LIMIT 1   [ RunTime:0.0156s ]
INFO: [ app_end ] --START--
INFO: Run Behavior\ShowPageTraceBehavior [ RunTime:0.000000s ]
INFO: [ app_end ] --END-- [ RunTime:0.000000s ]

[ 2015-07-16T17:26:21+08:00 ] 127.0.0.1 /bmap/index.php/Home/Register/checkName?usernamezc=
INFO: [ app_init ] --START--
INFO: Run Behavior\BuildLiteBehavior [ RunTime:0.000000s ]
INFO: [ app_init ] --END-- [ RunTime:0.007812s ]
INFO: [ app_begin ] --START--
INFO: Run Behavior\ReadHtmlCacheBehavior [ RunTime:0.000977s ]
INFO: [ app_begin ] --END-- [ RunTime:0.000977s ]
SQL: select fields_name as "field",fields_type as "type",fields_not_null as "null",fields_key_name as "key",fields_default as "default",fields_default as "extra" from table_msg('tp_user'); [ RunTime:0.0625s ]
SQL: SELECT COUNT(*) AS tp_count FROM tp_user WHERE username = '' LIMIT 1   [ RunTime:0.0000s ]
INFO: [ app_end ] --START--
INFO: Run Behavior\ShowPageTraceBehavior [ RunTime:0.000000s ]
INFO: [ app_end ] --END-- [ RunTime:0.000000s ]

[ 2015-07-16T23:53:50+08:00 ] 127.0.0.1 /bmap/
INFO: [ app_init ] --START--
INFO: Run Behavior\BuildLiteBehavior [ RunTime:0.000000s ]
INFO: [ app_init ] --END-- [ RunTime:0.000000s ]

[ 2015-07-16T23:53:51+08:00 ] 127.0.0.1 /bmap/index.php/Home/Login/loginbefore
INFO: [ app_init ] --START--
INFO: Run Behavior\BuildLiteBehavior [ RunTime:0.000000s ]
INFO: [ app_init ] --END-- [ RunTime:0.000976s ]

[ 2015-07-16T23:53:52+08:00 ] 127.0.0.1 /bmap/index.php/Home/Public/verify
INFO: [ app_init ] --START--
INFO: Run Behavior\BuildLiteBehavior [ RunTime:0.000000s ]
INFO: [ app_init ] --END-- [ RunTime:0.000977s ]

[ 2015-07-16T23:54:03+08:00 ] 127.0.0.1 /bmap/index.php/Home/School/schoolInfo
INFO: [ app_init ] --START--
INFO: Run Behavior\BuildLiteBehavior [ RunTime:0.000000s ]
INFO: [ app_init ] --END-- [ RunTime:0.000977s ]
INFO: [ app_begin ] --START--
INFO: Run Behavior\ReadHtmlCacheBehavior [ RunTime:0.002930s ]
INFO: [ app_begin ] --END-- [ RunTime:0.002930s ]
SQL: select fields_name as "field",fields_type as "type",fields_not_null as "null",fields_key_name as "key",fields_default as "default",fields_default as "extra" from table_msg('tp_schools'); [ RunTime:1.6133s ]
SQL: SELECT location FROM tp_schools  [ RunTime:0.8545s ]
SQL: SELECT * FROM tp_schools  [ RunTime:0.0000s ]
SQL: select ST_AsText('010100002031BF0D0062669FC728825C40E544BB0A29A33640') [ RunTime:0.0313s ]
SQL: select ST_AsText('010100002031BF0D006C7A50508A825C408E5BCCCF0DA93640') [ RunTime:0.0000s ]
SQL: select ST_AsText('010100002031BF0D001E6B4606B9795C401ADD41EC4C953640') [ RunTime:0.0000s ]
SQL: select ST_AsText('010100002031BF0D00FF774485EA795C40FBCC599F72903640') [ RunTime:0.0000s ]
SQL: select ST_AsText('010100002031BF0D00B3D2A41474785C405BE9B5D958913640') [ RunTime:0.0000s ]
SQL: select ST_AsText('010100002031BF0D008869DFDC5F775C40D40CA9A278953640') [ RunTime:0.0000s ]
SQL: select ST_AsText('010100002031BF0D00D4450A65E1795C408BA8893E1FC93640') [ RunTime:0.0000s ]
SQL: select ST_AsText('010100002031BF0D00E06932E36D835C4097E4805D4DB63640') [ RunTime:0.0000s ]
SQL: select ST_AsText('010100002031BF0D001BBCAFCA85745C40BC1FB75F3EAD3640') [ RunTime:0.0000s ]
INFO: [ app_end ] --START--
INFO: Run Behavior\ShowPageTraceBehavior [ RunTime:0.002930s ]
INFO: [ app_end ] --END-- [ RunTime:0.002930s ]

[ 2015-07-16T23:54:09+08:00 ] 127.0.0.1 /bmap/index.php/Home/School/searchSchool?searchInfo=%E6%B0%91%E6%B2%BB
INFO: [ app_init ] --START--
INFO: Run Behavior\BuildLiteBehavior [ RunTime:0.000000s ]
INFO: [ app_init ] --END-- [ RunTime:0.000976s ]
INFO: [ app_begin ] --START--
INFO: Run Behavior\ReadHtmlCacheBehavior [ RunTime:0.001954s ]
INFO: [ app_begin ] --END-- [ RunTime:0.001954s ]
SQL: select fields_name as "field",fields_type as "type",fields_not_null as "null",fields_key_name as "key",fields_default as "default",fields_default as "extra" from table_msg('tp_schools'); [ RunTime:0.1094s ]
SQL: SELECT * FROM tp_schools WHERE schoolname LIKE '%民治%'  [ RunTime:0.1250s ]
SQL: SELECT location FROM tp_schools WHERE schoolname LIKE '%民治%'  [ RunTime:0.0000s ]
SQL: select ST_AsText('010100002031BF0D0062669FC728825C40E544BB0A29A33640') [ RunTime:0.0000s ]
INFO: [ app_end ] --START--
INFO: Run Behavior\ShowPageTraceBehavior [ RunTime:0.000000s ]
INFO: [ app_end ] --END-- [ RunTime:0.000000s ]

[ 2015-07-16T23:54:12+08:00 ] 127.0.0.1 /bmap/index.php/Home/School/schoolInfo
INFO: [ app_init ] --START--
INFO: Run Behavior\BuildLiteBehavior [ RunTime:0.000000s ]
INFO: [ app_init ] --END-- [ RunTime:0.000976s ]
INFO: [ app_begin ] --START--
INFO: Run Behavior\ReadHtmlCacheBehavior [ RunTime:0.001953s ]
INFO: [ app_begin ] --END-- [ RunTime:0.001953s ]
SQL: select fields_name as "field",fields_type as "type",fields_not_null as "null",fields_key_name as "key",fields_default as "default",fields_default as "extra" from table_msg('tp_schools'); [ RunTime:0.1270s ]
SQL: SELECT location FROM tp_schools  [ RunTime:0.0195s ]
SQL: SELECT * FROM tp_schools  [ RunTime:0.0010s ]
SQL: select ST_AsText('010100002031BF0D0062669FC728825C40E544BB0A29A33640') [ RunTime:0.0029s ]
SQL: select ST_AsText('010100002031BF0D006C7A50508A825C408E5BCCCF0DA93640') [ RunTime:0.0010s ]
SQL: select ST_AsText('010100002031BF0D001E6B4606B9795C401ADD41EC4C953640') [ RunTime:0.0020s ]
SQL: select ST_AsText('010100002031BF0D00FF774485EA795C40FBCC599F72903640') [ RunTime:0.0010s ]
SQL: select ST_AsText('010100002031BF0D00B3D2A41474785C405BE9B5D958913640') [ RunTime:0.0010s ]
SQL: select ST_AsText('010100002031BF0D008869DFDC5F775C40D40CA9A278953640') [ RunTime:0.0010s ]
SQL: select ST_AsText('010100002031BF0D00D4450A65E1795C408BA8893E1FC93640') [ RunTime:0.0010s ]
SQL: select ST_AsText('010100002031BF0D00E06932E36D835C4097E4805D4DB63640') [ RunTime:0.0010s ]
SQL: select ST_AsText('010100002031BF0D001BBCAFCA85745C40BC1FB75F3EAD3640') [ RunTime:0.0010s ]
INFO: [ app_end ] --START--
INFO: Run Behavior\ShowPageTraceBehavior [ RunTime:0.001953s ]
INFO: [ app_end ] --END-- [ RunTime:0.002929s ]

[ 2015-07-16T23:54:16+08:00 ] 127.0.0.1 /bmap/index.php/Home/School/schoolInfo
INFO: [ app_init ] --START--
INFO: Run Behavior\BuildLiteBehavior [ RunTime:0.000000s ]
INFO: [ app_init ] --END-- [ RunTime:0.000000s ]
INFO: [ app_begin ] --START--
INFO: Run Behavior\ReadHtmlCacheBehavior [ RunTime:0.015625s ]
INFO: [ app_begin ] --END-- [ RunTime:0.015625s ]
SQL: select fields_name as "field",fields_type as "type",fields_not_null as "null",fields_key_name as "key",fields_default as "default",fields_default as "extra" from table_msg('tp_schools'); [ RunTime:0.1396s ]
SQL: SELECT location FROM tp_schools  [ RunTime:0.1436s ]
SQL: SELECT * FROM tp_schools  [ RunTime:0.0000s ]
SQL: select ST_AsText('010100002031BF0D0062669FC728825C40E544BB0A29A33640') [ RunTime:0.0000s ]
SQL: select ST_AsText('010100002031BF0D006C7A50508A825C408E5BCCCF0DA93640') [ RunTime:0.0156s ]
SQL: select ST_AsText('010100002031BF0D001E6B4606B9795C401ADD41EC4C953640') [ RunTime:0.0000s ]
SQL: select ST_AsText('010100002031BF0D00FF774485EA795C40FBCC599F72903640') [ RunTime:0.0000s ]
SQL: select ST_AsText('010100002031BF0D00B3D2A41474785C405BE9B5D958913640') [ RunTime:0.0000s ]
SQL: select ST_AsText('010100002031BF0D008869DFDC5F775C40D40CA9A278953640') [ RunTime:0.0000s ]
SQL: select ST_AsText('010100002031BF0D00D4450A65E1795C408BA8893E1FC93640') [ RunTime:0.0000s ]
SQL: select ST_AsText('010100002031BF0D00E06932E36D835C4097E4805D4DB63640') [ RunTime:0.0000s ]
SQL: select ST_AsText('010100002031BF0D001BBCAFCA85745C40BC1FB75F3EAD3640') [ RunTime:0.0000s ]
INFO: [ app_end ] --START--
INFO: Run Behavior\ShowPageTraceBehavior [ RunTime:0.000000s ]
INFO: [ app_end ] --END-- [ RunTime:0.000000s ]

[ 2015-07-16T23:54:19+08:00 ] 127.0.0.1 /bmap/index.php/Home/School/schoolInfo
INFO: [ app_init ] --START--
INFO: Run Behavior\BuildLiteBehavior [ RunTime:0.000000s ]
INFO: [ app_init ] --END-- [ RunTime:0.000977s ]
INFO: [ app_begin ] --START--
INFO: Run Behavior\ReadHtmlCacheBehavior [ RunTime:0.001953s ]
INFO: [ app_begin ] --END-- [ RunTime:0.001953s ]
SQL: select fields_name as "field",fields_type as "type",fields_not_null as "null",fields_key_name as "key",fields_default as "default",fields_default as "extra" from table_msg('tp_schools'); [ RunTime:0.1074s ]
SQL: SELECT location FROM tp_schools  [ RunTime:0.0352s ]
SQL: SELECT * FROM tp_schools  [ RunTime:0.0020s ]
SQL: select ST_AsText('010100002031BF0D0062669FC728825C40E544BB0A29A33640') [ RunTime:0.0020s ]
SQL: select ST_AsText('010100002031BF0D006C7A50508A825C408E5BCCCF0DA93640') [ RunTime:0.0000s ]
SQL: select ST_AsText('010100002031BF0D001E6B4606B9795C401ADD41EC4C953640') [ RunTime:0.0000s ]
SQL: select ST_AsText('010100002031BF0D00FF774485EA795C40FBCC599F72903640') [ RunTime:0.0010s ]
SQL: select ST_AsText('010100002031BF0D00B3D2A41474785C405BE9B5D958913640') [ RunTime:0.0010s ]
SQL: select ST_AsText('010100002031BF0D008869DFDC5F775C40D40CA9A278953640') [ RunTime:0.0010s ]
SQL: select ST_AsText('010100002031BF0D00D4450A65E1795C408BA8893E1FC93640') [ RunTime:0.0010s ]
SQL: select ST_AsText('010100002031BF0D00E06932E36D835C4097E4805D4DB63640') [ RunTime:0.0010s ]
SQL: select ST_AsText('010100002031BF0D001BBCAFCA85745C40BC1FB75F3EAD3640') [ RunTime:0.0010s ]
INFO: [ app_end ] --START--
INFO: Run Behavior\ShowPageTraceBehavior [ RunTime:0.001953s ]
INFO: [ app_end ] --END-- [ RunTime:0.001953s ]

[ 2015-07-16T23:54:19+08:00 ] 127.0.0.1 /bmap/index.php/Home/School/schoolInfo
INFO: [ app_init ] --START--
INFO: Run Behavior\BuildLiteBehavior [ RunTime:0.000000s ]
INFO: [ app_init ] --END-- [ RunTime:0.000977s ]
INFO: [ app_begin ] --START--
INFO: Run Behavior\ReadHtmlCacheBehavior [ RunTime:0.000977s ]
INFO: [ app_begin ] --END-- [ RunTime:0.000977s ]
SQL: select fields_name as "field",fields_type as "type",fields_not_null as "null",fields_key_name as "key",fields_default as "default",fields_default as "extra" from table_msg('tp_schools'); [ RunTime:0.0938s ]
SQL: SELECT location FROM tp_schools  [ RunTime:0.0156s ]
SQL: SELECT * FROM tp_schools  [ RunTime:0.0000s ]
SQL: select ST_AsText('010100002031BF0D0062669FC728825C40E544BB0A29A33640') [ RunTime:0.0000s ]
SQL: select ST_AsText('010100002031BF0D006C7A50508A825C408E5BCCCF0DA93640') [ RunTime:0.0000s ]
SQL: select ST_AsText('010100002031BF0D001E6B4606B9795C401ADD41EC4C953640') [ RunTime:0.0000s ]
SQL: select ST_AsText('010100002031BF0D00FF774485EA795C40FBCC599F72903640') [ RunTime:0.0000s ]
SQL: select ST_AsText('010100002031BF0D00B3D2A41474785C405BE9B5D958913640') [ RunTime:0.0000s ]
SQL: select ST_AsText('010100002031BF0D008869DFDC5F775C40D40CA9A278953640') [ RunTime:0.0000s ]
SQL: select ST_AsText('010100002031BF0D00D4450A65E1795C408BA8893E1FC93640') [ RunTime:0.0000s ]
SQL: select ST_AsText('010100002031BF0D00E06932E36D835C4097E4805D4DB63640') [ RunTime:0.0000s ]
SQL: select ST_AsText('010100002031BF0D001BBCAFCA85745C40BC1FB75F3EAD3640') [ RunTime:0.0000s ]
INFO: [ app_end ] --START--
INFO: Run Behavior\ShowPageTraceBehavior [ RunTime:0.000000s ]
INFO: [ app_end ] --END-- [ RunTime:0.000000s ]

[ 2015-07-16T23:58:19+08:00 ] 127.0.0.1 /bmap/index.php/Home/Login/loginbefore
INFO: [ app_init ] --START--
INFO: Run Behavior\BuildLiteBehavior [ RunTime:0.000000s ]
INFO: [ app_init ] --END-- [ RunTime:0.000977s ]

[ 2015-07-16T23:58:19+08:00 ] 127.0.0.1 /bmap/index.php/Home/Public/verify
INFO: [ app_init ] --START--
INFO: Run Behavior\BuildLiteBehavior [ RunTime:0.000000s ]
INFO: [ app_init ] --END-- [ RunTime:0.000976s ]

[ 2015-07-16T23:58:25+08:00 ] 127.0.0.1 /bmap/index.php/Home/School/searchSchool?searchInfo=%E6%B0%91%E6%B2%BB
INFO: [ app_init ] --START--
INFO: Run Behavior\BuildLiteBehavior [ RunTime:0.000000s ]
INFO: [ app_init ] --END-- [ RunTime:0.001953s ]
INFO: [ app_begin ] --START--
INFO: Run Behavior\ReadHtmlCacheBehavior [ RunTime:0.001954s ]
INFO: [ app_begin ] --END-- [ RunTime:0.001954s ]
SQL: select fields_name as "field",fields_type as "type",fields_not_null as "null",fields_key_name as "key",fields_default as "default",fields_default as "extra" from table_msg('tp_schools'); [ RunTime:0.1094s ]
SQL: SELECT * FROM tp_schools WHERE schoolname LIKE '%民治%'  [ RunTime:0.1250s ]
SQL: SELECT location FROM tp_schools WHERE schoolname LIKE '%民治%'  [ RunTime:0.0000s ]
SQL: select ST_AsText('010100002031BF0D0062669FC728825C40E544BB0A29A33640') [ RunTime:0.0000s ]
INFO: [ app_end ] --START--
INFO: Run Behavior\ShowPageTraceBehavior [ RunTime:0.000000s ]
INFO: [ app_end ] --END-- [ RunTime:0.000000s ]

[ 2015-07-16T23:58:32+08:00 ] 127.0.0.1 /bmap/index.php/Home/School/schoolInfo
INFO: [ app_init ] --START--
INFO: Run Behavior\BuildLiteBehavior [ RunTime:0.000976s ]
INFO: [ app_init ] --END-- [ RunTime:0.000976s ]
INFO: [ app_begin ] --START--
INFO: Run Behavior\ReadHtmlCacheBehavior [ RunTime:0.001953s ]
INFO: [ app_begin ] --END-- [ RunTime:0.001953s ]
SQL: select fields_name as "field",fields_type as "type",fields_not_null as "null",fields_key_name as "key",fields_default as "default",fields_default as "extra" from table_msg('tp_schools'); [ RunTime:0.1113s ]
SQL: SELECT location FROM tp_schools  [ RunTime:0.1504s ]
SQL: SELECT * FROM tp_schools  [ RunTime:0.0000s ]
SQL: select ST_AsText('010100002031BF0D0062669FC728825C40E544BB0A29A33640') [ RunTime:0.0156s ]
SQL: select ST_AsText('010100002031BF0D006C7A50508A825C408E5BCCCF0DA93640') [ RunTime:0.0000s ]
SQL: select ST_AsText('010100002031BF0D001E6B4606B9795C401ADD41EC4C953640') [ RunTime:0.0000s ]
SQL: select ST_AsText('010100002031BF0D00FF774485EA795C40FBCC599F72903640') [ RunTime:0.0000s ]
SQL: select ST_AsText('010100002031BF0D00B3D2A41474785C405BE9B5D958913640') [ RunTime:0.0000s ]
SQL: select ST_AsText('010100002031BF0D008869DFDC5F775C40D40CA9A278953640') [ RunTime:0.0000s ]
SQL: select ST_AsText('010100002031BF0D00D4450A65E1795C408BA8893E1FC93640') [ RunTime:0.0000s ]
SQL: select ST_AsText('010100002031BF0D00E06932E36D835C4097E4805D4DB63640') [ RunTime:0.0000s ]
SQL: select ST_AsText('010100002031BF0D001BBCAFCA85745C40BC1FB75F3EAD3640') [ RunTime:0.0000s ]
INFO: [ app_end ] --START--
INFO: Run Behavior\ShowPageTraceBehavior [ RunTime:0.015625s ]
INFO: [ app_end ] --END-- [ RunTime:0.015625s ]

[ 2015-07-16T23:58:35+08:00 ] 127.0.0.1 /bmap/index.php/Home/School/schoolInfo
INFO: [ app_init ] --START--
INFO: Run Behavior\BuildLiteBehavior [ RunTime:0.000000s ]
INFO: [ app_init ] --END-- [ RunTime:0.000977s ]
INFO: [ app_begin ] --START--
INFO: Run Behavior\ReadHtmlCacheBehavior [ RunTime:0.001953s ]
INFO: [ app_begin ] --END-- [ RunTime:0.001953s ]
SQL: select fields_name as "field",fields_type as "type",fields_not_null as "null",fields_key_name as "key",fields_default as "default",fields_default as "extra" from table_msg('tp_schools'); [ RunTime:0.0938s ]
SQL: SELECT location FROM tp_schools  [ RunTime:0.0156s ]
SQL: SELECT * FROM tp_schools  [ RunTime:0.0000s ]
SQL: select ST_AsText('010100002031BF0D0062669FC728825C40E544BB0A29A33640') [ RunTime:0.0000s ]
SQL: select ST_AsText('010100002031BF0D006C7A50508A825C408E5BCCCF0DA93640') [ RunTime:0.0000s ]
SQL: select ST_AsText('010100002031BF0D001E6B4606B9795C401ADD41EC4C953640') [ RunTime:0.0000s ]
SQL: select ST_AsText('010100002031BF0D00FF774485EA795C40FBCC599F72903640') [ RunTime:0.0000s ]
SQL: select ST_AsText('010100002031BF0D00B3D2A41474785C405BE9B5D958913640') [ RunTime:0.0000s ]
SQL: select ST_AsText('010100002031BF0D008869DFDC5F775C40D40CA9A278953640') [ RunTime:0.0156s ]
SQL: select ST_AsText('010100002031BF0D00D4450A65E1795C408BA8893E1FC93640') [ RunTime:0.0000s ]
SQL: select ST_AsText('010100002031BF0D00E06932E36D835C4097E4805D4DB63640') [ RunTime:0.0000s ]
SQL: select ST_AsText('010100002031BF0D001BBCAFCA85745C40BC1FB75F3EAD3640') [ RunTime:0.0000s ]
INFO: [ app_end ] --START--
INFO: Run Behavior\ShowPageTraceBehavior [ RunTime:0.000000s ]
INFO: [ app_end ] --END-- [ RunTime:0.000000s ]

