[ 2015-07-15T12:51:59+08:00 ] 127.0.0.1 /bmap/index.php/Home/Login/loginbefore
INFO: [ app_init ] --START--
INFO: Run Behavior\BuildLiteBehavior [ RunTime:0.000000s ]
INFO: [ app_init ] --END-- [ RunTime:0.064454s ]

[ 2015-07-15T12:52:00+08:00 ] 127.0.0.1 /bmap/index.php/Home/Public/verify
INFO: [ app_init ] --START--
INFO: Run Behavior\BuildLiteBehavior [ RunTime:0.000000s ]
INFO: [ app_init ] --END-- [ RunTime:0.001953s ]

[ 2015-07-15T13:06:33+08:00 ] 127.0.0.1 /bmap/index.php/Home/Login/loginbefore
INFO: [ app_init ] --START--
INFO: Run Behavior\BuildLiteBehavior [ RunTime:0.000000s ]
INFO: [ app_init ] --END-- [ RunTime:0.001953s ]

[ 2015-07-15T13:06:34+08:00 ] 127.0.0.1 /bmap/index.php/Home/Public/verify
INFO: [ app_init ] --START--
INFO: Run Behavior\BuildLiteBehavior [ RunTime:0.000976s ]
INFO: [ app_init ] --END-- [ RunTime:0.000976s ]

[ 2015-07-15T13:18:44+08:00 ] 127.0.0.1 /bmap/index.php/Home/Login/loginbefore
INFO: [ app_init ] --START--
INFO: Run Behavior\BuildLiteBehavior [ RunTime:0.000000s ]
INFO: [ app_init ] --END-- [ RunTime:0.000976s ]

[ 2015-07-15T13:18:44+08:00 ] 127.0.0.1 /bmap/index.php/Home/Public/verify
INFO: [ app_init ] --START--
INFO: Run Behavior\BuildLiteBehavior [ RunTime:0.000000s ]
INFO: [ app_init ] --END-- [ RunTime:0.001953s ]

[ 2015-07-15T13:19:15+08:00 ] 127.0.0.1 /bmap/index.php/Home/Login/loginbefore
INFO: [ app_init ] --START--
INFO: Run Behavior\BuildLiteBehavior [ RunTime:0.000000s ]
INFO: [ app_init ] --END-- [ RunTime:0.001953s ]

[ 2015-07-15T13:19:16+08:00 ] 127.0.0.1 /bmap/index.php/Home/Public/verify
INFO: [ app_init ] --START--
INFO: Run Behavior\BuildLiteBehavior [ RunTime:0.000000s ]
INFO: [ app_init ] --END-- [ RunTime:0.002930s ]

[ 2015-07-15T13:19:46+08:00 ] 127.0.0.1 /bmap/index.php/Home/Login/loginbefore
INFO: [ app_init ] --START--
INFO: Run Behavior\BuildLiteBehavior [ RunTime:0.000000s ]
INFO: [ app_init ] --END-- [ RunTime:0.000977s ]

[ 2015-07-15T13:19:46+08:00 ] 127.0.0.1 /bmap/index.php/Home/Public/verify
INFO: [ app_init ] --START--
INFO: Run Behavior\BuildLiteBehavior [ RunTime:0.000000s ]
INFO: [ app_init ] --END-- [ RunTime:0.000976s ]

[ 2015-07-15T13:20:53+08:00 ] 127.0.0.1 /bmap/index.php/Home/Login/loginbefore
INFO: [ app_init ] --START--
INFO: Run Behavior\BuildLiteBehavior [ RunTime:0.000000s ]
INFO: [ app_init ] --END-- [ RunTime:0.000977s ]

[ 2015-07-15T13:20:54+08:00 ] 127.0.0.1 /bmap/index.php/Home/Public/verify
INFO: [ app_init ] --START--
INFO: Run Behavior\BuildLiteBehavior [ RunTime:0.000977s ]
INFO: [ app_init ] --END-- [ RunTime:0.001954s ]

[ 2015-07-15T13:21:11+08:00 ] 127.0.0.1 /bmap/index.php/Home/Login/loginbefore
INFO: [ app_init ] --START--
INFO: Run Behavior\BuildLiteBehavior [ RunTime:0.000000s ]
INFO: [ app_init ] --END-- [ RunTime:0.000977s ]

[ 2015-07-15T13:21:11+08:00 ] 127.0.0.1 /bmap/index.php/Home/Public/verify
INFO: [ app_init ] --START--
INFO: Run Behavior\BuildLiteBehavior [ RunTime:0.000000s ]
INFO: [ app_init ] --END-- [ RunTime:0.000976s ]

[ 2015-07-15T13:24:32+08:00 ] 127.0.0.1 /bmap/index.php/Home/Login/loginbefore
INFO: [ app_init ] --START--
INFO: Run Behavior\BuildLiteBehavior [ RunTime:0.000000s ]
INFO: [ app_init ] --END-- [ RunTime:0.001953s ]

[ 2015-07-15T13:24:32+08:00 ] 127.0.0.1 /bmap/index.php/Home/Public/verify
INFO: [ app_init ] --START--
INFO: Run Behavior\BuildLiteBehavior [ RunTime:0.000000s ]
INFO: [ app_init ] --END-- [ RunTime:0.000977s ]

[ 2015-07-15T13:25:04+08:00 ] 127.0.0.1 /bmap/index.php/Home/Login/loginbefore
INFO: [ app_init ] --START--
INFO: Run Behavior\BuildLiteBehavior [ RunTime:0.000000s ]
INFO: [ app_init ] --END-- [ RunTime:0.021484s ]

[ 2015-07-15T13:25:04+08:00 ] 127.0.0.1 /bmap/index.php/Home/Public/verify
INFO: [ app_init ] --START--
INFO: Run Behavior\BuildLiteBehavior [ RunTime:0.000000s ]
INFO: [ app_init ] --END-- [ RunTime:0.000977s ]

[ 2015-07-15T13:26:18+08:00 ] 127.0.0.1 /bmap/index.php/Home/Login/loginbefore
INFO: [ app_init ] --START--
INFO: Run Behavior\BuildLiteBehavior [ RunTime:0.000000s ]
INFO: [ app_init ] --END-- [ RunTime:0.000977s ]

[ 2015-07-15T13:26:18+08:00 ] 127.0.0.1 /bmap/index.php/Home/Public/verify
INFO: [ app_init ] --START--
INFO: Run Behavior\BuildLiteBehavior [ RunTime:0.000000s ]
INFO: [ app_init ] --END-- [ RunTime:0.000977s ]

[ 2015-07-15T13:26:36+08:00 ] 127.0.0.1 /bmap/index.php/Home/Login/loginbefore
INFO: [ app_init ] --START--
INFO: Run Behavior\BuildLiteBehavior [ RunTime:0.000000s ]
INFO: [ app_init ] --END-- [ RunTime:0.002929s ]

[ 2015-07-15T13:26:36+08:00 ] 127.0.0.1 /bmap/index.php/Home/Public/verify
INFO: [ app_init ] --START--
INFO: Run Behavior\BuildLiteBehavior [ RunTime:0.000000s ]
INFO: [ app_init ] --END-- [ RunTime:0.000977s ]

[ 2015-07-15T13:27:41+08:00 ] 127.0.0.1 /bmap/index.php/Home/Login/loginbefore
INFO: [ app_init ] --START--
INFO: Run Behavior\BuildLiteBehavior [ RunTime:0.000000s ]
INFO: [ app_init ] --END-- [ RunTime:0.000977s ]

[ 2015-07-15T13:27:41+08:00 ] 127.0.0.1 /bmap/index.php/Home/Public/verify
INFO: [ app_init ] --START--
INFO: Run Behavior\BuildLiteBehavior [ RunTime:0.000976s ]
INFO: [ app_init ] --END-- [ RunTime:0.015625s ]

[ 2015-07-15T13:27:55+08:00 ] 127.0.0.1 /bmap/index.php/Home/Login/loginbefore
INFO: [ app_init ] --START--
INFO: Run Behavior\BuildLiteBehavior [ RunTime:0.000000s ]
INFO: [ app_init ] --END-- [ RunTime:0.001953s ]

[ 2015-07-15T13:27:56+08:00 ] 127.0.0.1 /bmap/index.php/Home/Public/verify
INFO: [ app_init ] --START--
INFO: Run Behavior\BuildLiteBehavior [ RunTime:0.000000s ]
INFO: [ app_init ] --END-- [ RunTime:0.000976s ]

[ 2015-07-15T13:29:09+08:00 ] 127.0.0.1 /bmap/index.php/Home/Login/loginbefore
INFO: [ app_init ] --START--
INFO: Run Behavior\BuildLiteBehavior [ RunTime:0.000000s ]
INFO: [ app_init ] --END-- [ RunTime:0.000976s ]

[ 2015-07-15T13:29:09+08:00 ] 127.0.0.1 /bmap/index.php/Home/Public/verify
INFO: [ app_init ] --START--
INFO: Run Behavior\BuildLiteBehavior [ RunTime:0.000000s ]
INFO: [ app_init ] --END-- [ RunTime:0.000977s ]

[ 2015-07-15T13:29:41+08:00 ] 127.0.0.1 /bmap/index.php/Home/Login/loginbefore
INFO: [ app_init ] --START--
INFO: Run Behavior\BuildLiteBehavior [ RunTime:0.000000s ]
INFO: [ app_init ] --END-- [ RunTime:0.000977s ]

[ 2015-07-15T13:29:41+08:00 ] 127.0.0.1 /bmap/index.php/Home/Public/verify
INFO: [ app_init ] --START--
INFO: Run Behavior\BuildLiteBehavior [ RunTime:0.000000s ]
INFO: [ app_init ] --END-- [ RunTime:0.005859s ]

[ 2015-07-15T13:30:01+08:00 ] 127.0.0.1 /bmap/index.php/Home/Login/loginbefore
INFO: [ app_init ] --START--
INFO: Run Behavior\BuildLiteBehavior [ RunTime:0.000000s ]
INFO: [ app_init ] --END-- [ RunTime:0.001953s ]

[ 2015-07-15T13:30:01+08:00 ] 127.0.0.1 /bmap/index.php/Home/Public/verify
INFO: [ app_init ] --START--
INFO: Run Behavior\BuildLiteBehavior [ RunTime:0.000000s ]
INFO: [ app_init ] --END-- [ RunTime:0.000976s ]

[ 2015-07-15T13:30:41+08:00 ] 127.0.0.1 /bmap/index.php/Home/Login/loginbefore
INFO: [ app_init ] --START--
INFO: Run Behavior\BuildLiteBehavior [ RunTime:0.000000s ]
INFO: [ app_init ] --END-- [ RunTime:0.000977s ]

[ 2015-07-15T13:30:41+08:00 ] 127.0.0.1 /bmap/index.php/Home/Public/verify
INFO: [ app_init ] --START--
INFO: Run Behavior\BuildLiteBehavior [ RunTime:0.000000s ]
INFO: [ app_init ] --END-- [ RunTime:0.000977s ]

[ 2015-07-15T13:31:06+08:00 ] 127.0.0.1 /bmap/index.php/Home/Login/loginbefore
INFO: [ app_init ] --START--
INFO: Run Behavior\BuildLiteBehavior [ RunTime:0.000000s ]
INFO: [ app_init ] --END-- [ RunTime:0.000977s ]

[ 2015-07-15T13:31:06+08:00 ] 127.0.0.1 /bmap/index.php/Home/Public/verify
INFO: [ app_init ] --START--
INFO: Run Behavior\BuildLiteBehavior [ RunTime:0.000000s ]
INFO: [ app_init ] --END-- [ RunTime:0.000976s ]

[ 2015-07-15T13:31:16+08:00 ] 127.0.0.1 /bmap/index.php/Home/Login/loginbefore
INFO: [ app_init ] --START--
INFO: Run Behavior\BuildLiteBehavior [ RunTime:0.000000s ]
INFO: [ app_init ] --END-- [ RunTime:0.000976s ]

[ 2015-07-15T13:31:17+08:00 ] 127.0.0.1 /bmap/index.php/Home/Public/verify
INFO: [ app_init ] --START--
INFO: Run Behavior\BuildLiteBehavior [ RunTime:0.000000s ]
INFO: [ app_init ] --END-- [ RunTime:0.001954s ]

[ 2015-07-15T13:34:46+08:00 ] 127.0.0.1 /bmap/index.php/Home/Login/loginbefore
INFO: [ app_init ] --START--
INFO: Run Behavior\BuildLiteBehavior [ RunTime:0.000000s ]
INFO: [ app_init ] --END-- [ RunTime:0.000976s ]

[ 2015-07-15T13:34:46+08:00 ] 127.0.0.1 /bmap/index.php/Home/Public/verify
INFO: [ app_init ] --START--
INFO: Run Behavior\BuildLiteBehavior [ RunTime:0.000000s ]
INFO: [ app_init ] --END-- [ RunTime:0.000977s ]

[ 2015-07-15T13:36:26+08:00 ] 127.0.0.1 /bmap/index.php/Home/Login/loginbefore
INFO: [ app_init ] --START--
INFO: Run Behavior\BuildLiteBehavior [ RunTime:0.000000s ]
INFO: [ app_init ] --END-- [ RunTime:0.001953s ]

[ 2015-07-15T13:36:26+08:00 ] 127.0.0.1 /bmap/index.php/Home/Public/verify
INFO: [ app_init ] --START--
INFO: Run Behavior\BuildLiteBehavior [ RunTime:0.000000s ]
INFO: [ app_init ] --END-- [ RunTime:0.000976s ]

[ 2015-07-15T13:36:47+08:00 ] 127.0.0.1 /bmap/index.php/Home/Login/loginbefore
INFO: [ app_init ] --START--
INFO: Run Behavior\BuildLiteBehavior [ RunTime:0.000000s ]
INFO: [ app_init ] --END-- [ RunTime:0.006836s ]

[ 2015-07-15T13:36:47+08:00 ] 127.0.0.1 /bmap/index.php/Home/Public/verify
INFO: [ app_init ] --START--
INFO: Run Behavior\BuildLiteBehavior [ RunTime:0.000000s ]
INFO: [ app_init ] --END-- [ RunTime:0.005860s ]

[ 2015-07-15T13:37:44+08:00 ] 127.0.0.1 /bmap/index.php/Home/Login/loginbefore
INFO: [ app_init ] --START--
INFO: Run Behavior\BuildLiteBehavior [ RunTime:0.000000s ]
INFO: [ app_init ] --END-- [ RunTime:0.000976s ]

[ 2015-07-15T13:37:44+08:00 ] 127.0.0.1 /bmap/index.php/Home/Public/verify
INFO: [ app_init ] --START--
INFO: Run Behavior\BuildLiteBehavior [ RunTime:0.000000s ]
INFO: [ app_init ] --END-- [ RunTime:0.000977s ]

[ 2015-07-15T13:38:58+08:00 ] 127.0.0.1 /bmap/index.php/Home/Login/loginbefore
INFO: [ app_init ] --START--
INFO: Run Behavior\BuildLiteBehavior [ RunTime:0.000000s ]
INFO: [ app_init ] --END-- [ RunTime:0.000977s ]

[ 2015-07-15T13:38:58+08:00 ] 127.0.0.1 /bmap/index.php/Home/Public/verify
INFO: [ app_init ] --START--
INFO: Run Behavior\BuildLiteBehavior [ RunTime:0.000000s ]
INFO: [ app_init ] --END-- [ RunTime:0.004883s ]

[ 2015-07-15T13:40:09+08:00 ] 127.0.0.1 /bmap/index.php/Home/Login/loginbefore
INFO: [ app_init ] --START--
INFO: Run Behavior\BuildLiteBehavior [ RunTime:0.000000s ]
INFO: [ app_init ] --END-- [ RunTime:0.001954s ]

[ 2015-07-15T13:40:09+08:00 ] 127.0.0.1 /bmap/index.php/Home/Public/verify
INFO: [ app_init ] --START--
INFO: Run Behavior\BuildLiteBehavior [ RunTime:0.000000s ]
INFO: [ app_init ] --END-- [ RunTime:0.001954s ]

[ 2015-07-15T13:40:40+08:00 ] 127.0.0.1 /bmap/index.php/Home/Login/loginbefore
INFO: [ app_init ] --START--
INFO: Run Behavior\BuildLiteBehavior [ RunTime:0.000000s ]
INFO: [ app_init ] --END-- [ RunTime:0.001953s ]

[ 2015-07-15T13:40:40+08:00 ] 127.0.0.1 /bmap/index.php/Home/Public/verify
INFO: [ app_init ] --START--
INFO: Run Behavior\BuildLiteBehavior [ RunTime:0.000000s ]
INFO: [ app_init ] --END-- [ RunTime:0.000977s ]

[ 2015-07-15T13:45:13+08:00 ] 127.0.0.1 /bmap/index.php/Home/Login/loginbefore
INFO: [ app_init ] --START--
INFO: Run Behavior\BuildLiteBehavior [ RunTime:0.000000s ]
INFO: [ app_init ] --END-- [ RunTime:0.000977s ]

[ 2015-07-15T13:45:14+08:00 ] 127.0.0.1 /bmap/index.php/Home/Public/verify
INFO: [ app_init ] --START--
INFO: Run Behavior\BuildLiteBehavior [ RunTime:0.000000s ]
INFO: [ app_init ] --END-- [ RunTime:0.000977s ]

[ 2015-07-15T13:45:27+08:00 ] 127.0.0.1 /bmap/index.php/Home/Login/loginbefore
INFO: [ app_init ] --START--
INFO: Run Behavior\BuildLiteBehavior [ RunTime:0.000977s ]
INFO: [ app_init ] --END-- [ RunTime:0.010742s ]

[ 2015-07-15T13:45:28+08:00 ] 127.0.0.1 /bmap/index.php/Home/Public/verify
INFO: [ app_init ] --START--
INFO: Run Behavior\BuildLiteBehavior [ RunTime:0.000000s ]
INFO: [ app_init ] --END-- [ RunTime:0.000976s ]

[ 2015-07-15T13:50:42+08:00 ] 127.0.0.1 /bmap/index.php/Home/Login/loginbefore
INFO: [ app_init ] --START--
INFO: Run Behavior\BuildLiteBehavior [ RunTime:0.000000s ]
INFO: [ app_init ] --END-- [ RunTime:0.000976s ]

[ 2015-07-15T13:50:43+08:00 ] 127.0.0.1 /bmap/index.php/Home/Public/verify
INFO: [ app_init ] --START--
INFO: Run Behavior\BuildLiteBehavior [ RunTime:0.000000s ]
INFO: [ app_init ] --END-- [ RunTime:0.000976s ]

[ 2015-07-15T13:51:16+08:00 ] 127.0.0.1 /bmap/index.php/Home/Login/loginbefore
INFO: [ app_init ] --START--
INFO: Run Behavior\BuildLiteBehavior [ RunTime:0.000000s ]
INFO: [ app_init ] --END-- [ RunTime:0.000977s ]

[ 2015-07-15T13:51:16+08:00 ] 127.0.0.1 /bmap/index.php/Home/Public/verify
INFO: [ app_init ] --START--
INFO: Run Behavior\BuildLiteBehavior [ RunTime:0.000000s ]
INFO: [ app_init ] --END-- [ RunTime:0.000977s ]

[ 2015-07-15T13:52:26+08:00 ] 127.0.0.1 /bmap/index.php/Home/Login/loginbefore
INFO: [ app_init ] --START--
INFO: Run Behavior\BuildLiteBehavior [ RunTime:0.000000s ]
INFO: [ app_init ] --END-- [ RunTime:0.003907s ]

[ 2015-07-15T13:52:27+08:00 ] 127.0.0.1 /bmap/index.php/Home/Public/verify
INFO: [ app_init ] --START--
INFO: Run Behavior\BuildLiteBehavior [ RunTime:0.000977s ]
INFO: [ app_init ] --END-- [ RunTime:0.001954s ]

[ 2015-07-15T13:53:00+08:00 ] 127.0.0.1 /bmap/index.php/Home/Login/loginbefore
INFO: [ app_init ] --START--
INFO: Run Behavior\BuildLiteBehavior [ RunTime:0.000000s ]
INFO: [ app_init ] --END-- [ RunTime:0.000976s ]

[ 2015-07-15T13:53:00+08:00 ] 127.0.0.1 /bmap/index.php/Home/Public/verify
INFO: [ app_init ] --START--
INFO: Run Behavior\BuildLiteBehavior [ RunTime:0.000000s ]
INFO: [ app_init ] --END-- [ RunTime:0.001953s ]

[ 2015-07-15T13:53:24+08:00 ] 127.0.0.1 /bmap/index.php/Home/Login/loginbefore
INFO: [ app_init ] --START--
INFO: Run Behavior\BuildLiteBehavior [ RunTime:0.000000s ]
INFO: [ app_init ] --END-- [ RunTime:0.000977s ]

[ 2015-07-15T13:53:24+08:00 ] 127.0.0.1 /bmap/index.php/Home/Public/verify
INFO: [ app_init ] --START--
INFO: Run Behavior\BuildLiteBehavior [ RunTime:0.000000s ]
INFO: [ app_init ] --END-- [ RunTime:0.000976s ]

[ 2015-07-15T13:51:54+08:00 ] 127.0.0.1 /bmap/index.php/Home/Login/loginbefore
INFO: [ app_init ] --START--
INFO: Run Behavior\BuildLiteBehavior [ RunTime:0.000000s ]
INFO: [ app_init ] --END-- [ RunTime:0.001953s ]

[ 2015-07-15T13:51:54+08:00 ] 127.0.0.1 /bmap/index.php/Home/Public/verify
INFO: [ app_init ] --START--
INFO: Run Behavior\BuildLiteBehavior [ RunTime:0.000000s ]
INFO: [ app_init ] --END-- [ RunTime:0.001953s ]

[ 2015-07-15T14:00:45+08:00 ] 127.0.0.1 /bmap/index.php/Home/Login/loginbefore
INFO: [ app_init ] --START--
INFO: Run Behavior\BuildLiteBehavior [ RunTime:0.000000s ]
INFO: [ app_init ] --END-- [ RunTime:0.000977s ]

[ 2015-07-15T14:00:45+08:00 ] 127.0.0.1 /bmap/index.php/Home/Public/verify
INFO: [ app_init ] --START--
INFO: Run Behavior\BuildLiteBehavior [ RunTime:0.000000s ]
INFO: [ app_init ] --END-- [ RunTime:0.000977s ]

[ 2015-07-15T14:03:03+08:00 ] 127.0.0.1 /bmap/index.php/Home/Login/loginbefore
INFO: [ app_init ] --START--
INFO: Run Behavior\BuildLiteBehavior [ RunTime:0.000000s ]
INFO: [ app_init ] --END-- [ RunTime:0.000976s ]

[ 2015-07-15T14:03:04+08:00 ] 127.0.0.1 /bmap/index.php/Home/Public/verify
INFO: [ app_init ] --START--
INFO: Run Behavior\BuildLiteBehavior [ RunTime:0.000000s ]
INFO: [ app_init ] --END-- [ RunTime:0.000976s ]

[ 2015-07-15T14:03:27+08:00 ] 127.0.0.1 /bmap/index.php/Home/Login/loginbefore
INFO: [ app_init ] --START--
INFO: Run Behavior\BuildLiteBehavior [ RunTime:0.000000s ]
INFO: [ app_init ] --END-- [ RunTime:0.000976s ]

[ 2015-07-15T14:03:27+08:00 ] 127.0.0.1 /bmap/index.php/Home/Public/verify
INFO: [ app_init ] --START--
INFO: Run Behavior\BuildLiteBehavior [ RunTime:0.000000s ]
INFO: [ app_init ] --END-- [ RunTime:0.000976s ]

[ 2015-07-15T14:06:02+08:00 ] 127.0.0.1 /bmap/index.php/Home/Login/loginbefore
INFO: [ app_init ] --START--
INFO: Run Behavior\BuildLiteBehavior [ RunTime:0.000000s ]
INFO: [ app_init ] --END-- [ RunTime:0.002929s ]

[ 2015-07-15T14:06:03+08:00 ] 127.0.0.1 /bmap/index.php/Home/Public/verify
INFO: [ app_init ] --START--
INFO: Run Behavior\BuildLiteBehavior [ RunTime:0.000000s ]
INFO: [ app_init ] --END-- [ RunTime:0.000976s ]

[ 2015-07-15T14:07:10+08:00 ] 127.0.0.1 /bmap/index.php/Home/Login/loginbefore
INFO: [ app_init ] --START--
INFO: Run Behavior\BuildLiteBehavior [ RunTime:0.000000s ]
INFO: [ app_init ] --END-- [ RunTime:0.000976s ]

[ 2015-07-15T14:07:10+08:00 ] 127.0.0.1 /bmap/index.php/Home/Public/verify
INFO: [ app_init ] --START--
INFO: Run Behavior\BuildLiteBehavior [ RunTime:0.000000s ]
INFO: [ app_init ] --END-- [ RunTime:0.000977s ]

[ 2015-07-15T14:07:44+08:00 ] 127.0.0.1 /bmap/index.php/Home/Login/loginbefore
INFO: [ app_init ] --START--
INFO: Run Behavior\BuildLiteBehavior [ RunTime:0.012695s ]
INFO: [ app_init ] --END-- [ RunTime:0.013672s ]

[ 2015-07-15T14:07:45+08:00 ] 127.0.0.1 /bmap/index.php/Home/Public/verify
INFO: [ app_init ] --START--
INFO: Run Behavior\BuildLiteBehavior [ RunTime:0.000000s ]
INFO: [ app_init ] --END-- [ RunTime:0.000977s ]

[ 2015-07-15T14:08:41+08:00 ] 127.0.0.1 /bmap/index.php/Home/Login/loginbefore
INFO: [ app_init ] --START--
INFO: Run Behavior\BuildLiteBehavior [ RunTime:0.000000s ]
INFO: [ app_init ] --END-- [ RunTime:0.000976s ]

[ 2015-07-15T14:08:42+08:00 ] 127.0.0.1 /bmap/index.php/Home/Public/verify
INFO: [ app_init ] --START--
INFO: Run Behavior\BuildLiteBehavior [ RunTime:0.000000s ]
INFO: [ app_init ] --END-- [ RunTime:0.006836s ]

[ 2015-07-15T14:09:06+08:00 ] 127.0.0.1 /bmap/index.php/Home/Login/loginbefore
INFO: [ app_init ] --START--
INFO: Run Behavior\BuildLiteBehavior [ RunTime:0.000000s ]
INFO: [ app_init ] --END-- [ RunTime:0.013672s ]

[ 2015-07-15T14:09:06+08:00 ] 127.0.0.1 /bmap/index.php/Home/Public/verify
INFO: [ app_init ] --START--
INFO: Run Behavior\BuildLiteBehavior [ RunTime:0.000000s ]
INFO: [ app_init ] --END-- [ RunTime:0.000977s ]

[ 2015-07-15T14:09:56+08:00 ] 127.0.0.1 /bmap/index.php/Home/Login/loginbefore
INFO: [ app_init ] --START--
INFO: Run Behavior\BuildLiteBehavior [ RunTime:0.000000s ]
INFO: [ app_init ] --END-- [ RunTime:0.000977s ]

[ 2015-07-15T14:09:57+08:00 ] 127.0.0.1 /bmap/index.php/Home/Public/verify
INFO: [ app_init ] --START--
INFO: Run Behavior\BuildLiteBehavior [ RunTime:0.000000s ]
INFO: [ app_init ] --END-- [ RunTime:0.003906s ]

[ 2015-07-15T14:12:53+08:00 ] 127.0.0.1 /bmap/index.php/Home/Login/loginbefore
INFO: [ app_init ] --START--
INFO: Run Behavior\BuildLiteBehavior [ RunTime:0.000000s ]
INFO: [ app_init ] --END-- [ RunTime:0.024414s ]

[ 2015-07-15T14:12:54+08:00 ] 127.0.0.1 /bmap/index.php/Home/Public/verify
INFO: [ app_init ] --START--
INFO: Run Behavior\BuildLiteBehavior [ RunTime:0.000000s ]
INFO: [ app_init ] --END-- [ RunTime:0.000977s ]

[ 2015-07-15T14:15:43+08:00 ] 127.0.0.1 /bmap/index.php/Home/Login/loginbefore
INFO: [ app_init ] --START--
INFO: Run Behavior\BuildLiteBehavior [ RunTime:0.000000s ]
INFO: [ app_init ] --END-- [ RunTime:0.000976s ]

[ 2015-07-15T14:15:43+08:00 ] 127.0.0.1 /bmap/index.php/Home/Public/verify
INFO: [ app_init ] --START--
INFO: Run Behavior\BuildLiteBehavior [ RunTime:0.000000s ]
INFO: [ app_init ] --END-- [ RunTime:0.002929s ]

[ 2015-07-15T14:22:23+08:00 ] 127.0.0.1 /bmap/index.php/Home/Login/loginbefore
INFO: [ app_init ] --START--
INFO: Run Behavior\BuildLiteBehavior [ RunTime:0.000000s ]
INFO: [ app_init ] --END-- [ RunTime:0.000977s ]

[ 2015-07-15T14:22:23+08:00 ] 127.0.0.1 /bmap/index.php/Home/Public/verify
INFO: [ app_init ] --START--
INFO: Run Behavior\BuildLiteBehavior [ RunTime:0.000000s ]
INFO: [ app_init ] --END-- [ RunTime:0.000976s ]

[ 2015-07-15T14:25:23+08:00 ] 127.0.0.1 /bmap/index.php/Home/Login/loginbefore
INFO: [ app_init ] --START--
INFO: Run Behavior\BuildLiteBehavior [ RunTime:0.000000s ]
INFO: [ app_init ] --END-- [ RunTime:0.165039s ]

[ 2015-07-15T14:25:24+08:00 ] 127.0.0.1 /bmap/index.php/Home/Public/verify
INFO: [ app_init ] --START--
INFO: Run Behavior\BuildLiteBehavior [ RunTime:0.000000s ]
INFO: [ app_init ] --END-- [ RunTime:0.000977s ]

[ 2015-07-15T14:26:00+08:00 ] 127.0.0.1 /bmap/index.php/Home/Login/loginbefore
INFO: [ app_init ] --START--
INFO: Run Behavior\BuildLiteBehavior [ RunTime:0.000000s ]
INFO: [ app_init ] --END-- [ RunTime:0.001953s ]

[ 2015-07-15T14:26:01+08:00 ] 127.0.0.1 /bmap/index.php/Home/Public/verify
INFO: [ app_init ] --START--
INFO: Run Behavior\BuildLiteBehavior [ RunTime:0.000000s ]
INFO: [ app_init ] --END-- [ RunTime:0.000000s ]

[ 2015-07-15T14:27:02+08:00 ] 127.0.0.1 /bmap/index.php/Home/Login/loginbefore
INFO: [ app_init ] --START--
INFO: Run Behavior\BuildLiteBehavior [ RunTime:0.000976s ]
INFO: [ app_init ] --END-- [ RunTime:0.000976s ]

[ 2015-07-15T14:27:02+08:00 ] 127.0.0.1 /bmap/index.php/Home/Public/verify
INFO: [ app_init ] --START--
INFO: Run Behavior\BuildLiteBehavior [ RunTime:0.000000s ]
INFO: [ app_init ] --END-- [ RunTime:0.000976s ]

[ 2015-07-15T14:28:09+08:00 ] 127.0.0.1 /bmap/index.php/Home/Login/loginbefore
INFO: [ app_init ] --START--
INFO: Run Behavior\BuildLiteBehavior [ RunTime:0.000000s ]
INFO: [ app_init ] --END-- [ RunTime:0.001954s ]

[ 2015-07-15T14:28:09+08:00 ] 127.0.0.1 /bmap/index.php/Home/Public/verify
INFO: [ app_init ] --START--
INFO: Run Behavior\BuildLiteBehavior [ RunTime:0.000000s ]
INFO: [ app_init ] --END-- [ RunTime:0.000976s ]

[ 2015-07-15T14:28:27+08:00 ] 127.0.0.1 /bmap/index.php/Home/Login/loginbefore
INFO: [ app_init ] --START--
INFO: Run Behavior\BuildLiteBehavior [ RunTime:0.000000s ]
INFO: [ app_init ] --END-- [ RunTime:0.000977s ]

[ 2015-07-15T14:28:27+08:00 ] 127.0.0.1 /bmap/index.php/Home/Public/verify
INFO: [ app_init ] --START--
INFO: Run Behavior\BuildLiteBehavior [ RunTime:0.000000s ]
INFO: [ app_init ] --END-- [ RunTime:0.000976s ]

[ 2015-07-15T14:32:09+08:00 ] 127.0.0.1 /bmap/index.php/Home/Login/loginbefore
INFO: [ app_init ] --START--
INFO: Run Behavior\BuildLiteBehavior [ RunTime:0.000000s ]
INFO: [ app_init ] --END-- [ RunTime:0.000977s ]

[ 2015-07-15T14:32:10+08:00 ] 127.0.0.1 /bmap/index.php/Home/Public/verify
INFO: [ app_init ] --START--
INFO: Run Behavior\BuildLiteBehavior [ RunTime:0.000000s ]
INFO: [ app_init ] --END-- [ RunTime:0.000977s ]

[ 2015-07-15T14:33:25+08:00 ] 127.0.0.1 /bmap/index.php/Home/Login/loginbefore
INFO: [ app_init ] --START--
INFO: Run Behavior\BuildLiteBehavior [ RunTime:0.000000s ]
INFO: [ app_init ] --END-- [ RunTime:0.000000s ]

[ 2015-07-15T14:33:26+08:00 ] 127.0.0.1 /bmap/index.php/Home/Public/verify
INFO: [ app_init ] --START--
INFO: Run Behavior\BuildLiteBehavior [ RunTime:0.000000s ]
INFO: [ app_init ] --END-- [ RunTime:0.001953s ]

[ 2015-07-15T14:33:33+08:00 ] 127.0.0.1 /bmap/index.php/Home/Login/loginbefore
INFO: [ app_init ] --START--
INFO: Run Behavior\BuildLiteBehavior [ RunTime:0.000000s ]
INFO: [ app_init ] --END-- [ RunTime:0.000977s ]

[ 2015-07-15T14:33:33+08:00 ] 127.0.0.1 /bmap/index.php/Home/Public/verify
INFO: [ app_init ] --START--
INFO: Run Behavior\BuildLiteBehavior [ RunTime:0.000000s ]
INFO: [ app_init ] --END-- [ RunTime:0.004883s ]

[ 2015-07-15T14:34:45+08:00 ] 127.0.0.1 /bmap/index.php/Home/Login/loginbefore
INFO: [ app_init ] --START--
INFO: Run Behavior\BuildLiteBehavior [ RunTime:0.000000s ]
INFO: [ app_init ] --END-- [ RunTime:0.002930s ]

[ 2015-07-15T14:34:45+08:00 ] 127.0.0.1 /bmap/index.php/Home/Public/verify
INFO: [ app_init ] --START--
INFO: Run Behavior\BuildLiteBehavior [ RunTime:0.000000s ]
INFO: [ app_init ] --END-- [ RunTime:0.000976s ]

[ 2015-07-15T14:35:00+08:00 ] 127.0.0.1 /bmap/index.php/Home/Login/loginbefore
INFO: [ app_init ] --START--
INFO: Run Behavior\BuildLiteBehavior [ RunTime:0.000000s ]
INFO: [ app_init ] --END-- [ RunTime:0.001953s ]

[ 2015-07-15T14:35:00+08:00 ] 127.0.0.1 /bmap/index.php/Home/Public/verify
INFO: [ app_init ] --START--
INFO: Run Behavior\BuildLiteBehavior [ RunTime:0.000000s ]
INFO: [ app_init ] --END-- [ RunTime:0.000976s ]

[ 2015-07-15T14:35:15+08:00 ] 127.0.0.1 /bmap/index.php/Home/Login/loginbefore
INFO: [ app_init ] --START--
INFO: Run Behavior\BuildLiteBehavior [ RunTime:0.000000s ]
INFO: [ app_init ] --END-- [ RunTime:0.019531s ]

[ 2015-07-15T14:35:15+08:00 ] 127.0.0.1 /bmap/index.php/Home/Public/verify
INFO: [ app_init ] --START--
INFO: Run Behavior\BuildLiteBehavior [ RunTime:0.000000s ]
INFO: [ app_init ] --END-- [ RunTime:0.000976s ]

[ 2015-07-15T14:51:35+08:00 ] 127.0.0.1 /bmap/index.php/Home/Login/loginbefore
INFO: [ app_init ] --START--
INFO: Run Behavior\BuildLiteBehavior [ RunTime:0.000000s ]
INFO: [ app_init ] --END-- [ RunTime:0.000976s ]

[ 2015-07-15T14:51:35+08:00 ] 127.0.0.1 /bmap/index.php/Home/Public/verify
INFO: [ app_init ] --START--
INFO: Run Behavior\BuildLiteBehavior [ RunTime:0.000000s ]
INFO: [ app_init ] --END-- [ RunTime:0.000976s ]

[ 2015-07-15T14:51:46+08:00 ] 127.0.0.1 /bmap/index.php/Home/School/schoolInfo
INFO: [ app_init ] --START--
INFO: Run Behavior\BuildLiteBehavior [ RunTime:0.000000s ]
INFO: [ app_init ] --END-- [ RunTime:0.001953s ]
INFO: [ app_begin ] --START--
INFO: Run Behavior\ReadHtmlCacheBehavior [ RunTime:0.000976s ]
INFO: [ app_begin ] --END-- [ RunTime:0.000976s ]
SQL: select fields_name as "field",fields_type as "type",fields_not_null as "null",fields_key_name as "key",fields_default as "default",fields_default as "extra" from table_msg('tp_schools'); [ RunTime:4.5625s ]
SQL: SELECT location FROM tp_schools  [ RunTime:1.6865s ]
SQL: SELECT * FROM tp_schools  [ RunTime:0.0010s ]
SQL: select ST_AsText('010100002031BF0D0062669FC728825C40E544BB0A29A33640') [ RunTime:0.0332s ]
SQL: select ST_AsText('010100002031BF0D006C7A50508A825C408E5BCCCF0DA93640') [ RunTime:0.0020s ]
SQL: select ST_AsText('010100002031BF0D001E6B4606B9795C401ADD41EC4C953640') [ RunTime:0.0010s ]
SQL: select ST_AsText('010100002031BF0D00FF774485EA795C40FBCC599F72903640') [ RunTime:0.0010s ]
SQL: select ST_AsText('010100002031BF0D00B3D2A41474785C405BE9B5D958913640') [ RunTime:0.0010s ]
SQL: select ST_AsText('010100002031BF0D008869DFDC5F775C40D40CA9A278953640') [ RunTime:0.0010s ]
SQL: select ST_AsText('010100002031BF0D00D4450A65E1795C408BA8893E1FC93640') [ RunTime:0.0020s ]
SQL: select ST_AsText('010100002031BF0D00E06932E36D835C4097E4805D4DB63640') [ RunTime:0.0010s ]
SQL: select ST_AsText('010100002031BF0D001BBCAFCA85745C40BC1FB75F3EAD3640') [ RunTime:0.0010s ]
INFO: [ app_end ] --START--
INFO: Run Behavior\ShowPageTraceBehavior [ RunTime:0.000977s ]
INFO: [ app_end ] --END-- [ RunTime:0.000977s ]

[ 2015-07-15T14:51:49+08:00 ] 127.0.0.1 /bmap/index.php/Home/Login/loginbefore
INFO: [ app_init ] --START--
INFO: Run Behavior\BuildLiteBehavior [ RunTime:0.000000s ]
INFO: [ app_init ] --END-- [ RunTime:0.001953s ]

[ 2015-07-15T14:51:49+08:00 ] 127.0.0.1 /bmap/index.php/Home/Public/verify
INFO: [ app_init ] --START--
INFO: Run Behavior\BuildLiteBehavior [ RunTime:0.000000s ]
INFO: [ app_init ] --END-- [ RunTime:0.000977s ]

[ 2015-07-15T14:51:52+08:00 ] 127.0.0.1 /bmap/index.php/Home/School/schoolInfo
INFO: [ app_init ] --START--
INFO: Run Behavior\BuildLiteBehavior [ RunTime:0.000000s ]
INFO: [ app_init ] --END-- [ RunTime:0.000976s ]
INFO: [ app_begin ] --START--
INFO: Run Behavior\ReadHtmlCacheBehavior [ RunTime:0.000977s ]
INFO: [ app_begin ] --END-- [ RunTime:0.000977s ]
SQL: select fields_name as "field",fields_type as "type",fields_not_null as "null",fields_key_name as "key",fields_default as "default",fields_default as "extra" from table_msg('tp_schools'); [ RunTime:0.1719s ]
SQL: SELECT location FROM tp_schools  [ RunTime:0.1797s ]
SQL: SELECT * FROM tp_schools  [ RunTime:0.0000s ]
SQL: select ST_AsText('010100002031BF0D0062669FC728825C40E544BB0A29A33640') [ RunTime:0.0000s ]
SQL: select ST_AsText('010100002031BF0D006C7A50508A825C408E5BCCCF0DA93640') [ RunTime:0.0156s ]
SQL: select ST_AsText('010100002031BF0D001E6B4606B9795C401ADD41EC4C953640') [ RunTime:0.0000s ]
SQL: select ST_AsText('010100002031BF0D00FF774485EA795C40FBCC599F72903640') [ RunTime:0.0000s ]
SQL: select ST_AsText('010100002031BF0D00B3D2A41474785C405BE9B5D958913640') [ RunTime:0.0000s ]
SQL: select ST_AsText('010100002031BF0D008869DFDC5F775C40D40CA9A278953640') [ RunTime:0.0000s ]
SQL: select ST_AsText('010100002031BF0D00D4450A65E1795C408BA8893E1FC93640') [ RunTime:0.0000s ]
SQL: select ST_AsText('010100002031BF0D00E06932E36D835C4097E4805D4DB63640') [ RunTime:0.0000s ]
SQL: select ST_AsText('010100002031BF0D001BBCAFCA85745C40BC1FB75F3EAD3640') [ RunTime:0.0000s ]
INFO: [ app_end ] --START--
INFO: Run Behavior\ShowPageTraceBehavior [ RunTime:0.000000s ]
INFO: [ app_end ] --END-- [ RunTime:0.000000s ]

[ 2015-07-15T14:51:56+08:00 ] 127.0.0.1 /bmap/index.php/Home/Login/loginbefore
INFO: [ app_init ] --START--
INFO: Run Behavior\BuildLiteBehavior [ RunTime:0.000000s ]
INFO: [ app_init ] --END-- [ RunTime:0.000977s ]

[ 2015-07-15T14:51:56+08:00 ] 127.0.0.1 /bmap/index.php/Home/Public/verify
INFO: [ app_init ] --START--
INFO: Run Behavior\BuildLiteBehavior [ RunTime:0.000000s ]
INFO: [ app_init ] --END-- [ RunTime:0.000977s ]

[ 2015-07-15T14:51:59+08:00 ] 127.0.0.1 /bmap/index.php/Home/School/schoolInfo
INFO: [ app_init ] --START--
INFO: Run Behavior\BuildLiteBehavior [ RunTime:0.000000s ]
INFO: [ app_init ] --END-- [ RunTime:0.000977s ]
INFO: [ app_begin ] --START--
INFO: Run Behavior\ReadHtmlCacheBehavior [ RunTime:0.001953s ]
INFO: [ app_begin ] --END-- [ RunTime:0.001953s ]
SQL: select fields_name as "field",fields_type as "type",fields_not_null as "null",fields_key_name as "key",fields_default as "default",fields_default as "extra" from table_msg('tp_schools'); [ RunTime:0.1348s ]
SQL: SELECT location FROM tp_schools  [ RunTime:0.1611s ]
SQL: SELECT * FROM tp_schools  [ RunTime:0.0010s ]
SQL: select ST_AsText('010100002031BF0D0062669FC728825C40E544BB0A29A33640') [ RunTime:0.0020s ]
SQL: select ST_AsText('010100002031BF0D006C7A50508A825C408E5BCCCF0DA93640') [ RunTime:0.0010s ]
SQL: select ST_AsText('010100002031BF0D001E6B4606B9795C401ADD41EC4C953640') [ RunTime:0.0000s ]
SQL: select ST_AsText('010100002031BF0D00FF774485EA795C40FBCC599F72903640') [ RunTime:0.0010s ]
SQL: select ST_AsText('010100002031BF0D00B3D2A41474785C405BE9B5D958913640') [ RunTime:0.0010s ]
SQL: select ST_AsText('010100002031BF0D008869DFDC5F775C40D40CA9A278953640') [ RunTime:0.0010s ]
SQL: select ST_AsText('010100002031BF0D00D4450A65E1795C408BA8893E1FC93640') [ RunTime:0.0010s ]
SQL: select ST_AsText('010100002031BF0D00E06932E36D835C4097E4805D4DB63640') [ RunTime:0.0020s ]
SQL: select ST_AsText('010100002031BF0D001BBCAFCA85745C40BC1FB75F3EAD3640') [ RunTime:0.0010s ]
INFO: [ app_end ] --START--
INFO: Run Behavior\ShowPageTraceBehavior [ RunTime:0.000977s ]
INFO: [ app_end ] --END-- [ RunTime:0.001953s ]

[ 2015-07-15T14:53:29+08:00 ] 127.0.0.1 /bmap/index.php/Home/Login/loginbefore
INFO: [ app_init ] --START--
INFO: Run Behavior\BuildLiteBehavior [ RunTime:0.000000s ]
INFO: [ app_init ] --END-- [ RunTime:0.000977s ]

[ 2015-07-15T14:53:29+08:00 ] 127.0.0.1 /bmap/index.php/Home/Public/verify
INFO: [ app_init ] --START--
INFO: Run Behavior\BuildLiteBehavior [ RunTime:0.000000s ]
INFO: [ app_init ] --END-- [ RunTime:0.000977s ]

[ 2015-07-15T15:05:16+08:00 ] 127.0.0.1 /bmap/index.php/Home/Login/loginbefore
INFO: [ app_init ] --START--
INFO: Run Behavior\BuildLiteBehavior [ RunTime:0.000977s ]
INFO: [ app_init ] --END-- [ RunTime:0.000977s ]

[ 2015-07-15T15:05:16+08:00 ] 127.0.0.1 /bmap/index.php/Home/Public/verify
INFO: [ app_init ] --START--
INFO: Run Behavior\BuildLiteBehavior [ RunTime:0.000000s ]
INFO: [ app_init ] --END-- [ RunTime:0.000977s ]

[ 2015-07-15T15:05:52+08:00 ] 127.0.0.1 /bmap/index.php/Home/Login/loginbefore
INFO: [ app_init ] --START--
INFO: Run Behavior\BuildLiteBehavior [ RunTime:0.000000s ]
INFO: [ app_init ] --END-- [ RunTime:0.000977s ]

[ 2015-07-15T15:05:52+08:00 ] 127.0.0.1 /bmap/index.php/Home/Public/verify
INFO: [ app_init ] --START--
INFO: Run Behavior\BuildLiteBehavior [ RunTime:0.000000s ]
INFO: [ app_init ] --END-- [ RunTime:0.000976s ]

[ 2015-07-15T15:06:29+08:00 ] 127.0.0.1 /bmap/index.php/Home/Login/loginbefore
INFO: [ app_init ] --START--
INFO: Run Behavior\BuildLiteBehavior [ RunTime:0.000000s ]
INFO: [ app_init ] --END-- [ RunTime:0.000976s ]

[ 2015-07-15T15:06:29+08:00 ] 127.0.0.1 /bmap/index.php/Home/Public/verify
INFO: [ app_init ] --START--
INFO: Run Behavior\BuildLiteBehavior [ RunTime:0.000000s ]
INFO: [ app_init ] --END-- [ RunTime:0.000977s ]

[ 2015-07-15T15:07:32+08:00 ] 127.0.0.1 /bmap/index.php/Home/Login/loginbefore
INFO: [ app_init ] --START--
INFO: Run Behavior\BuildLiteBehavior [ RunTime:0.000000s ]
INFO: [ app_init ] --END-- [ RunTime:0.000976s ]

[ 2015-07-15T15:07:33+08:00 ] 127.0.0.1 /bmap/index.php/Home/Public/verify
INFO: [ app_init ] --START--
INFO: Run Behavior\BuildLiteBehavior [ RunTime:0.000000s ]
INFO: [ app_init ] --END-- [ RunTime:0.000976s ]

[ 2015-07-15T15:08:20+08:00 ] 127.0.0.1 /bmap/index.php/Home/Public/verify
INFO: [ app_init ] --START--
INFO: Run Behavior\BuildLiteBehavior [ RunTime:0.000000s ]
INFO: [ app_init ] --END-- [ RunTime:0.001953s ]

[ 2015-07-15T15:09:28+08:00 ] 127.0.0.1 /bmap/index.php/Home/Login/loginbefore
INFO: [ app_init ] --START--
INFO: Run Behavior\BuildLiteBehavior [ RunTime:0.000000s ]
INFO: [ app_init ] --END-- [ RunTime:0.000976s ]

[ 2015-07-15T15:09:28+08:00 ] 127.0.0.1 /bmap/index.php/Home/Public/verify
INFO: [ app_init ] --START--
INFO: Run Behavior\BuildLiteBehavior [ RunTime:0.000000s ]
INFO: [ app_init ] --END-- [ RunTime:0.000976s ]

[ 2015-07-15T15:11:26+08:00 ] 127.0.0.1 /bmap/index.php/Home/Login/loginbefore
INFO: [ app_init ] --START--
INFO: Run Behavior\BuildLiteBehavior [ RunTime:0.000977s ]
INFO: [ app_init ] --END-- [ RunTime:0.000977s ]

[ 2015-07-15T15:11:27+08:00 ] 127.0.0.1 /bmap/index.php/Home/Public/verify
INFO: [ app_init ] --START--
INFO: Run Behavior\BuildLiteBehavior [ RunTime:0.000976s ]
INFO: [ app_init ] --END-- [ RunTime:0.001953s ]

[ 2015-07-15T15:12:48+08:00 ] 127.0.0.1 /bmap/index.php/Home/Login/loginbefore
INFO: [ app_init ] --START--
INFO: Run Behavior\BuildLiteBehavior [ RunTime:0.000000s ]
INFO: [ app_init ] --END-- [ RunTime:0.000976s ]

[ 2015-07-15T15:12:49+08:00 ] 127.0.0.1 /bmap/index.php/Home/Public/verify
INFO: [ app_init ] --START--
INFO: Run Behavior\BuildLiteBehavior [ RunTime:0.000000s ]
INFO: [ app_init ] --END-- [ RunTime:0.000976s ]

[ 2015-07-15T15:13:57+08:00 ] 127.0.0.1 /bmap/index.php/Home/Login/loginbefore
INFO: [ app_init ] --START--
INFO: Run Behavior\BuildLiteBehavior [ RunTime:0.000000s ]
INFO: [ app_init ] --END-- [ RunTime:0.001953s ]

[ 2015-07-15T15:13:58+08:00 ] 127.0.0.1 /bmap/index.php/Home/Public/verify
INFO: [ app_init ] --START--
INFO: Run Behavior\BuildLiteBehavior [ RunTime:0.000000s ]
INFO: [ app_init ] --END-- [ RunTime:0.000976s ]

[ 2015-07-15T15:33:33+08:00 ] 127.0.0.1 /bmap/index.php/Home/Login/loginbefore
INFO: [ app_init ] --START--
INFO: Run Behavior\BuildLiteBehavior [ RunTime:0.000000s ]
INFO: [ app_init ] --END-- [ RunTime:0.000977s ]

[ 2015-07-15T15:33:33+08:00 ] 127.0.0.1 /bmap/index.php/Home/Public/verify
INFO: [ app_init ] --START--
INFO: Run Behavior\BuildLiteBehavior [ RunTime:0.000000s ]
INFO: [ app_init ] --END-- [ RunTime:0.000976s ]

[ 2015-07-15T15:33:57+08:00 ] 127.0.0.1 /bmap/index.php/Home/Login/loginbefore
INFO: [ app_init ] --START--
INFO: Run Behavior\BuildLiteBehavior [ RunTime:0.000000s ]
INFO: [ app_init ] --END-- [ RunTime:0.000977s ]

[ 2015-07-15T15:33:58+08:00 ] 127.0.0.1 /bmap/index.php/Home/Public/verify
INFO: [ app_init ] --START--
INFO: Run Behavior\BuildLiteBehavior [ RunTime:0.000000s ]
INFO: [ app_init ] --END-- [ RunTime:0.000976s ]

[ 2015-07-15T15:34:14+08:00 ] 127.0.0.1 /bmap/index.php/Home/Login/loginbefore
INFO: [ app_init ] --START--
INFO: Run Behavior\BuildLiteBehavior [ RunTime:0.000000s ]
INFO: [ app_init ] --END-- [ RunTime:0.000976s ]

[ 2015-07-15T15:34:14+08:00 ] 127.0.0.1 /bmap/index.php/Home/Public/verify
INFO: [ app_init ] --START--
INFO: Run Behavior\BuildLiteBehavior [ RunTime:0.000000s ]
INFO: [ app_init ] --END-- [ RunTime:0.000977s ]

[ 2015-07-15T15:34:23+08:00 ] 127.0.0.1 /bmap/index.php/Home/Login/loginbefore
INFO: [ app_init ] --START--
INFO: Run Behavior\BuildLiteBehavior [ RunTime:0.000000s ]
INFO: [ app_init ] --END-- [ RunTime:0.002930s ]

[ 2015-07-15T15:34:23+08:00 ] 127.0.0.1 /bmap/index.php/Home/Public/verify
INFO: [ app_init ] --START--
INFO: Run Behavior\BuildLiteBehavior [ RunTime:0.000000s ]
INFO: [ app_init ] --END-- [ RunTime:0.001953s ]

[ 2015-07-15T16:45:10+08:00 ] 127.0.0.1 /bmap/index.php/Home/Login/loginbefore
INFO: [ app_init ] --START--
INFO: Run Behavior\BuildLiteBehavior [ RunTime:0.000000s ]
INFO: [ app_init ] --END-- [ RunTime:0.000976s ]

[ 2015-07-15T16:45:11+08:00 ] 127.0.0.1 /bmap/index.php/Home/Public/verify
INFO: [ app_init ] --START--
INFO: Run Behavior\BuildLiteBehavior [ RunTime:0.000000s ]
INFO: [ app_init ] --END-- [ RunTime:0.000976s ]

[ 2015-07-15T16:48:18+08:00 ] 127.0.0.1 /bmap/index.php/Home/Login/loginbefore
INFO: [ app_init ] --START--
INFO: Run Behavior\BuildLiteBehavior [ RunTime:0.000000s ]
INFO: [ app_init ] --END-- [ RunTime:0.000976s ]

[ 2015-07-15T16:48:18+08:00 ] 127.0.0.1 /bmap/index.php/Home/Public/verify
INFO: [ app_init ] --START--
INFO: Run Behavior\BuildLiteBehavior [ RunTime:0.000000s ]
INFO: [ app_init ] --END-- [ RunTime:0.000976s ]

[ 2015-07-15T16:48:53+08:00 ] 127.0.0.1 /bmap/index.php/Home/Login/loginbefore
INFO: [ app_init ] --START--
INFO: Run Behavior\BuildLiteBehavior [ RunTime:0.000000s ]
INFO: [ app_init ] --END-- [ RunTime:0.000976s ]

[ 2015-07-15T16:48:53+08:00 ] 127.0.0.1 /bmap/index.php/Home/Public/verify
INFO: [ app_init ] --START--
INFO: Run Behavior\BuildLiteBehavior [ RunTime:0.000000s ]
INFO: [ app_init ] --END-- [ RunTime:0.000977s ]

[ 2015-07-15T16:50:48+08:00 ] 127.0.0.1 /bmap/index.php/Home/Login/loginbefore
INFO: [ app_init ] --START--
INFO: Run Behavior\BuildLiteBehavior [ RunTime:0.000000s ]
INFO: [ app_init ] --END-- [ RunTime:0.000977s ]

[ 2015-07-15T16:50:48+08:00 ] 127.0.0.1 /bmap/index.php/Home/Public/verify
INFO: [ app_init ] --START--
INFO: Run Behavior\BuildLiteBehavior [ RunTime:0.000000s ]
INFO: [ app_init ] --END-- [ RunTime:0.000977s ]

[ 2015-07-15T16:51:16+08:00 ] 127.0.0.1 /bmap/index.php/Home/Login/loginbefore
INFO: [ app_init ] --START--
INFO: Run Behavior\BuildLiteBehavior [ RunTime:0.000976s ]
INFO: [ app_init ] --END-- [ RunTime:0.001953s ]

[ 2015-07-15T16:51:17+08:00 ] 127.0.0.1 /bmap/index.php/Home/Public/verify
INFO: [ app_init ] --START--
INFO: Run Behavior\BuildLiteBehavior [ RunTime:0.000000s ]
INFO: [ app_init ] --END-- [ RunTime:0.005859s ]

[ 2015-07-15T17:10:05+08:00 ] 127.0.0.1 /bmap/index.php/Home/Login/loginbefore
INFO: [ app_init ] --START--
INFO: Run Behavior\BuildLiteBehavior [ RunTime:0.000000s ]
INFO: [ app_init ] --END-- [ RunTime:0.000976s ]

[ 2015-07-15T17:10:06+08:00 ] 127.0.0.1 /bmap/index.php/Home/Public/verify
INFO: [ app_init ] --START--
INFO: Run Behavior\BuildLiteBehavior [ RunTime:0.000000s ]
INFO: [ app_init ] --END-- [ RunTime:0.001953s ]

[ 2015-07-15T17:10:55+08:00 ] 127.0.0.1 /bmap/index.php/Home/Login/loginbefore
INFO: [ app_init ] --START--
INFO: Run Behavior\BuildLiteBehavior [ RunTime:0.000000s ]
INFO: [ app_init ] --END-- [ RunTime:0.002930s ]

[ 2015-07-15T17:10:56+08:00 ] 127.0.0.1 /bmap/index.php/Home/Public/verify
INFO: [ app_init ] --START--
INFO: Run Behavior\BuildLiteBehavior [ RunTime:0.000000s ]
INFO: [ app_init ] --END-- [ RunTime:0.000977s ]

[ 2015-07-15T17:22:55+08:00 ] 127.0.0.1 /bmap/index.php/Home/Login/loginbefore
INFO: [ app_init ] --START--
INFO: Run Behavior\BuildLiteBehavior [ RunTime:0.000000s ]
INFO: [ app_init ] --END-- [ RunTime:0.000976s ]

[ 2015-07-15T17:22:55+08:00 ] 127.0.0.1 /bmap/index.php/Home/Public/verify
INFO: [ app_init ] --START--
INFO: Run Behavior\BuildLiteBehavior [ RunTime:0.000977s ]
INFO: [ app_init ] --END-- [ RunTime:0.001953s ]

[ 2015-07-15T17:24:05+08:00 ] 127.0.0.1 /bmap/index.php/Home/Login/loginbefore
INFO: [ app_init ] --START--
INFO: Run Behavior\BuildLiteBehavior [ RunTime:0.000000s ]
INFO: [ app_init ] --END-- [ RunTime:0.000977s ]

[ 2015-07-15T17:24:05+08:00 ] 127.0.0.1 /bmap/index.php/Home/Public/verify
INFO: [ app_init ] --START--
INFO: Run Behavior\BuildLiteBehavior [ RunTime:0.000000s ]
INFO: [ app_init ] --END-- [ RunTime:0.000976s ]

[ 2015-07-15T17:25:26+08:00 ] 127.0.0.1 /bmap/index.php/Home/Login/loginbefore
INFO: [ app_init ] --START--
INFO: Run Behavior\BuildLiteBehavior [ RunTime:0.000000s ]
INFO: [ app_init ] --END-- [ RunTime:0.001953s ]

[ 2015-07-15T17:25:26+08:00 ] 127.0.0.1 /bmap/index.php/Home/Public/verify
INFO: [ app_init ] --START--
INFO: Run Behavior\BuildLiteBehavior [ RunTime:0.000000s ]
INFO: [ app_init ] --END-- [ RunTime:0.008790s ]

[ 2015-07-15T17:27:54+08:00 ] 127.0.0.1 /bmap/index.php/Home/Login/loginbefore
INFO: [ app_init ] --START--
INFO: Run Behavior\BuildLiteBehavior [ RunTime:0.000000s ]
INFO: [ app_init ] --END-- [ RunTime:0.000977s ]

[ 2015-07-15T17:27:54+08:00 ] 127.0.0.1 /bmap/index.php/Home/Public/verify
INFO: [ app_init ] --START--
INFO: Run Behavior\BuildLiteBehavior [ RunTime:0.000000s ]
INFO: [ app_init ] --END-- [ RunTime:0.000977s ]

[ 2015-07-15T17:28:47+08:00 ] 127.0.0.1 /bmap/index.php/Home/Login/loginbefore
INFO: [ app_init ] --START--
INFO: Run Behavior\BuildLiteBehavior [ RunTime:0.000000s ]
INFO: [ app_init ] --END-- [ RunTime:0.000976s ]

[ 2015-07-15T17:28:48+08:00 ] 127.0.0.1 /bmap/index.php/Home/Public/verify
INFO: [ app_init ] --START--
INFO: Run Behavior\BuildLiteBehavior [ RunTime:0.000000s ]
INFO: [ app_init ] --END-- [ RunTime:0.001953s ]

[ 2015-07-15T17:30:50+08:00 ] 127.0.0.1 /bmap/index.php/Home/Login/loginbefore
INFO: [ app_init ] --START--
INFO: Run Behavior\BuildLiteBehavior [ RunTime:0.000000s ]
INFO: [ app_init ] --END-- [ RunTime:0.000977s ]

[ 2015-07-15T17:30:50+08:00 ] 127.0.0.1 /bmap/index.php/Home/Public/verify
INFO: [ app_init ] --START--
INFO: Run Behavior\BuildLiteBehavior [ RunTime:0.000000s ]
INFO: [ app_init ] --END-- [ RunTime:0.001953s ]

[ 2015-07-15T19:05:31+08:00 ] 127.0.0.1 /bmap/index.php/Home/Login/loginbefore
INFO: [ app_init ] --START--
INFO: Run Behavior\BuildLiteBehavior [ RunTime:0.000000s ]
INFO: [ app_init ] --END-- [ RunTime:0.000977s ]

[ 2015-07-15T19:05:34+08:00 ] 127.0.0.1 /bmap/index.php/Home/Public/verify
INFO: [ app_init ] --START--
INFO: Run Behavior\BuildLiteBehavior [ RunTime:0.000977s ]
INFO: [ app_init ] --END-- [ RunTime:0.000977s ]

[ 2015-07-15T19:06:32+08:00 ] 127.0.0.1 /bmap/index.php/Home/Login/loginbefore
INFO: [ app_init ] --START--
INFO: Run Behavior\BuildLiteBehavior [ RunTime:0.000000s ]
INFO: [ app_init ] --END-- [ RunTime:0.001953s ]

[ 2015-07-15T19:06:32+08:00 ] 127.0.0.1 /bmap/index.php/Home/Public/verify
INFO: [ app_init ] --START--
INFO: Run Behavior\BuildLiteBehavior [ RunTime:0.000000s ]
INFO: [ app_init ] --END-- [ RunTime:0.001953s ]

[ 2015-07-15T19:30:29+08:00 ] 127.0.0.1 /bmap/index.php/Home/Login/loginbefore
INFO: [ app_init ] --START--
INFO: Run Behavior\BuildLiteBehavior [ RunTime:0.000000s ]
INFO: [ app_init ] --END-- [ RunTime:0.000976s ]

[ 2015-07-15T19:30:29+08:00 ] 127.0.0.1 /bmap/index.php/Home/Public/verify
INFO: [ app_init ] --START--
INFO: Run Behavior\BuildLiteBehavior [ RunTime:0.000000s ]
INFO: [ app_init ] --END-- [ RunTime:0.000977s ]

[ 2015-07-15T19:30:33+08:00 ] 127.0.0.1 /bmap/index.php/Home/School/searchSchool
INFO: [ app_init ] --START--
INFO: Run Behavior\BuildLiteBehavior [ RunTime:0.000000s ]
INFO: [ app_init ] --END-- [ RunTime:0.000977s ]

[ 2015-07-15T19:30:43+08:00 ] 127.0.0.1 /bmap/index.php/Home/School/searchSchool
INFO: [ app_init ] --START--
INFO: Run Behavior\BuildLiteBehavior [ RunTime:0.000000s ]
INFO: [ app_init ] --END-- [ RunTime:0.000000s ]

[ 2015-07-15T19:31:10+08:00 ] 127.0.0.1 /bmap/index.php/Home/Login/loginbefore
INFO: [ app_init ] --START--
INFO: Run Behavior\BuildLiteBehavior [ RunTime:0.000000s ]
INFO: [ app_init ] --END-- [ RunTime:0.000977s ]

[ 2015-07-15T19:31:10+08:00 ] 127.0.0.1 /bmap/index.php/Home/Public/verify
INFO: [ app_init ] --START--
INFO: Run Behavior\BuildLiteBehavior [ RunTime:0.000000s ]
INFO: [ app_init ] --END-- [ RunTime:0.004883s ]

[ 2015-07-15T19:31:17+08:00 ] 127.0.0.1 /bmap/index.php/Home/School/searchSchool
INFO: [ app_init ] --START--
INFO: Run Behavior\BuildLiteBehavior [ RunTime:0.000000s ]
INFO: [ app_init ] --END-- [ RunTime:0.000977s ]

[ 2015-07-15T19:31:54+08:00 ] 127.0.0.1 /bmap/index.php/Home/Login/loginbefore
INFO: [ app_init ] --START--
INFO: Run Behavior\BuildLiteBehavior [ RunTime:0.000000s ]
INFO: [ app_init ] --END-- [ RunTime:0.001954s ]

[ 2015-07-15T19:31:54+08:00 ] 127.0.0.1 /bmap/index.php/Home/Public/verify
INFO: [ app_init ] --START--
INFO: Run Behavior\BuildLiteBehavior [ RunTime:0.000000s ]
INFO: [ app_init ] --END-- [ RunTime:0.000976s ]

[ 2015-07-15T19:31:59+08:00 ] 127.0.0.1 /bmap/index.php/Home/School/searchSchool
INFO: [ app_init ] --START--
INFO: Run Behavior\BuildLiteBehavior [ RunTime:0.000000s ]
INFO: [ app_init ] --END-- [ RunTime:0.000977s ]

[ 2015-07-15T19:31:53+08:00 ] 127.0.0.1 /bmap/index.php/Home/School/searchSchool
INFO: [ app_init ] --START--
INFO: Run Behavior\BuildLiteBehavior [ RunTime:0.000000s ]
INFO: [ app_init ] --END-- [ RunTime:0.010742s ]

[ 2015-07-15T19:31:56+08:00 ] 127.0.0.1 /bmap/index.php/Home/Login/loginbefore
INFO: [ app_init ] --START--
INFO: Run Behavior\BuildLiteBehavior [ RunTime:0.000000s ]
INFO: [ app_init ] --END-- [ RunTime:0.031250s ]

[ 2015-07-15T19:31:56+08:00 ] 127.0.0.1 /bmap/index.php/Home/Public/verify
INFO: [ app_init ] --START--
INFO: Run Behavior\BuildLiteBehavior [ RunTime:0.000000s ]
INFO: [ app_init ] --END-- [ RunTime:0.012695s ]

[ 2015-07-15T19:32:00+08:00 ] 127.0.0.1 /bmap/index.php/Home/School/searchSchool
INFO: [ app_init ] --START--
INFO: Run Behavior\BuildLiteBehavior [ RunTime:0.000000s ]
INFO: [ app_init ] --END-- [ RunTime:0.008789s ]

[ 2015-07-15T19:38:23+08:00 ] 127.0.0.1 /bmap/index.php/Home/School/searchSchool
INFO: [ app_init ] --START--
INFO: Run Behavior\BuildLiteBehavior [ RunTime:0.000976s ]
INFO: [ app_init ] --END-- [ RunTime:0.001953s ]

[ 2015-07-15T19:41:08+08:00 ] 127.0.0.1 /bmap/index.php/Home/School/searchSchool
INFO: [ app_init ] --START--
INFO: Run Behavior\BuildLiteBehavior [ RunTime:0.000000s ]
INFO: [ app_init ] --END-- [ RunTime:0.000977s ]

[ 2015-07-15T19:47:44+08:00 ] 127.0.0.1 /bmap/index.php/Home/Login/loginbefore
INFO: [ app_init ] --START--
INFO: Run Behavior\BuildLiteBehavior [ RunTime:0.000000s ]
INFO: [ app_init ] --END-- [ RunTime:0.001953s ]

[ 2015-07-15T19:47:44+08:00 ] 127.0.0.1 /bmap/index.php/Home/Public/verify
INFO: [ app_init ] --START--
INFO: Run Behavior\BuildLiteBehavior [ RunTime:0.000000s ]
INFO: [ app_init ] --END-- [ RunTime:0.000977s ]

[ 2015-07-15T19:47:51+08:00 ] 127.0.0.1 /bmap/index.php/Home/School/searchSchool
INFO: [ app_init ] --START--
INFO: Run Behavior\BuildLiteBehavior [ RunTime:0.000000s ]
INFO: [ app_init ] --END-- [ RunTime:0.000000s ]

[ 2015-07-15T19:49:11+08:00 ] 127.0.0.1 /bmap/index.php/Home/Login/loginbefore
INFO: [ app_init ] --START--
INFO: Run Behavior\BuildLiteBehavior [ RunTime:0.000000s ]
INFO: [ app_init ] --END-- [ RunTime:0.000976s ]

[ 2015-07-15T19:49:12+08:00 ] 127.0.0.1 /bmap/index.php/Home/Public/verify
INFO: [ app_init ] --START--
INFO: Run Behavior\BuildLiteBehavior [ RunTime:0.000000s ]
INFO: [ app_init ] --END-- [ RunTime:0.002930s ]

[ 2015-07-15T19:49:19+08:00 ] 127.0.0.1 /bmap/index.php/Home/School/searchSchool
INFO: [ app_init ] --START--
INFO: Run Behavior\BuildLiteBehavior [ RunTime:0.000000s ]
INFO: [ app_init ] --END-- [ RunTime:0.000976s ]

