[ 2015-07-14T19:44:02+08:00 ] 127.0.0.1 /bmap/index.php/Home/Login/loginbefore
INFO: [ app_init ] --START--
INFO: Run Behavior\BuildLiteBehavior [ RunTime:0.000000s ]
INFO: [ app_init ] --END-- [ RunTime:0.000976s ]

[ 2015-07-14T19:44:03+08:00 ] 127.0.0.1 /bmap/index.php/Home/Public/verify
INFO: [ app_init ] --START--
INFO: Run Behavior\BuildLiteBehavior [ RunTime:0.000000s ]
INFO: [ app_init ] --END-- [ RunTime:0.000976s ]

[ 2015-07-14T19:46:45+08:00 ] 127.0.0.1 /bmap/index.php/Home/Login/schoolInfo
INFO: [ app_init ] --START--
INFO: Run Behavior\BuildLiteBehavior [ RunTime:0.000000s ]
INFO: [ app_init ] --END-- [ RunTime:0.000976s ]
INFO: [ app_begin ] --START--
INFO: Run Behavior\ReadHtmlCacheBehavior [ RunTime:0.001953s ]
INFO: [ app_begin ] --END-- [ RunTime:0.001953s ]
SQL: select fields_name as "field",fields_type as "type",fields_not_null as "null",fields_key_name as "key",fields_default as "default",fields_default as "extra" from table_msg('tp_schools'); [ RunTime:0.4385s ]
SQL: SELECT location FROM tp_schools  [ RunTime:0.6660s ]
SQL: SELECT * FROM tp_schools  [ RunTime:0.0000s ]
SQL: select ST_AsText('010100002031BF0D0062669FC728825C40E544BB0A29A33640') [ RunTime:0.0313s ]
SQL: select ST_AsText('010100002031BF0D006C7A50508A825C408E5BCCCF0DA93640') [ RunTime:0.0000s ]
SQL: select ST_AsText('010100002031BF0D001E6B4606B9795C401ADD41EC4C953640') [ RunTime:0.0000s ]
SQL: select ST_AsText('010100002031BF0D00FF774485EA795C40FBCC599F72903640') [ RunTime:0.0000s ]
SQL: select ST_AsText('010100002031BF0D00B3D2A41474785C405BE9B5D958913640') [ RunTime:0.0000s ]
SQL: select ST_AsText('010100002031BF0D008869DFDC5F775C40D40CA9A278953640') [ RunTime:0.0000s ]
SQL: select ST_AsText('010100002031BF0D00D4450A65E1795C408BA8893E1FC93640') [ RunTime:0.0166s ]
SQL: select ST_AsText('010100002031BF0D00E06932E36D835C4097E4805D4DB63640') [ RunTime:0.0010s ]
SQL: select ST_AsText('010100002031BF0D001BBCAFCA85745C40BC1FB75F3EAD3640') [ RunTime:0.0000s ]
INFO: [ app_end ] --START--
INFO: Run Behavior\ShowPageTraceBehavior [ RunTime:0.001953s ]
INFO: [ app_end ] --END-- [ RunTime:0.001953s ]

[ 2015-07-14T19:48:15+08:00 ] 127.0.0.1 /bmap/index.php/Home/Login/loginbefore
INFO: [ app_init ] --START--
INFO: Run Behavior\BuildLiteBehavior [ RunTime:0.000000s ]
INFO: [ app_init ] --END-- [ RunTime:0.015625s ]

[ 2015-07-14T19:48:16+08:00 ] 127.0.0.1 /bmap/index.php/Home/Public/verify
INFO: [ app_init ] --START--
INFO: Run Behavior\BuildLiteBehavior [ RunTime:0.000977s ]
INFO: [ app_init ] --END-- [ RunTime:0.002930s ]

[ 2015-07-14T19:48:18+08:00 ] 127.0.0.1 /bmap/index.php/Home/Login/schoolInfo
INFO: [ app_init ] --START--
INFO: Run Behavior\BuildLiteBehavior [ RunTime:0.000000s ]
INFO: [ app_init ] --END-- [ RunTime:0.000976s ]
INFO: [ app_begin ] --START--
INFO: Run Behavior\ReadHtmlCacheBehavior [ RunTime:0.001953s ]
INFO: [ app_begin ] --END-- [ RunTime:0.001953s ]
SQL: select fields_name as "field",fields_type as "type",fields_not_null as "null",fields_key_name as "key",fields_default as "default",fields_default as "extra" from table_msg('tp_schools'); [ RunTime:0.1660s ]
SQL: SELECT location FROM tp_schools  [ RunTime:0.1670s ]
SQL: SELECT * FROM tp_schools  [ RunTime:0.0020s ]
SQL: select ST_AsText('010100002031BF0D0062669FC728825C40E544BB0A29A33640') [ RunTime:0.0029s ]
SQL: select ST_AsText('010100002031BF0D006C7A50508A825C408E5BCCCF0DA93640') [ RunTime:0.0010s ]
SQL: select ST_AsText('010100002031BF0D001E6B4606B9795C401ADD41EC4C953640') [ RunTime:0.0010s ]
SQL: select ST_AsText('010100002031BF0D00FF774485EA795C40FBCC599F72903640') [ RunTime:0.0010s ]
SQL: select ST_AsText('010100002031BF0D00B3D2A41474785C405BE9B5D958913640') [ RunTime:0.0010s ]
SQL: select ST_AsText('010100002031BF0D008869DFDC5F775C40D40CA9A278953640') [ RunTime:0.0010s ]
SQL: select ST_AsText('010100002031BF0D00D4450A65E1795C408BA8893E1FC93640') [ RunTime:0.0010s ]
SQL: select ST_AsText('010100002031BF0D00E06932E36D835C4097E4805D4DB63640') [ RunTime:0.0010s ]
SQL: select ST_AsText('010100002031BF0D001BBCAFCA85745C40BC1FB75F3EAD3640') [ RunTime:0.0010s ]
INFO: [ app_end ] --START--
INFO: Run Behavior\ShowPageTraceBehavior [ RunTime:0.001953s ]
INFO: [ app_end ] --END-- [ RunTime:0.001953s ]

[ 2015-07-14T19:52:09+08:00 ] 127.0.0.1 /bmap/index.php/Home/Login/loginbefore
INFO: [ app_init ] --START--
INFO: Run Behavior\BuildLiteBehavior [ RunTime:0.000000s ]
INFO: [ app_init ] --END-- [ RunTime:0.000977s ]

[ 2015-07-14T19:52:09+08:00 ] 127.0.0.1 /bmap/index.php/Home/Public/verify
INFO: [ app_init ] --START--
INFO: Run Behavior\BuildLiteBehavior [ RunTime:0.000000s ]
INFO: [ app_init ] --END-- [ RunTime:0.000976s ]

[ 2015-07-14T19:52:14+08:00 ] 127.0.0.1 /bmap/index.php/Home/Login/loginbefore
INFO: [ app_init ] --START--
INFO: Run Behavior\BuildLiteBehavior [ RunTime:0.000000s ]
INFO: [ app_init ] --END-- [ RunTime:0.000976s ]

[ 2015-07-14T19:52:15+08:00 ] 127.0.0.1 /bmap/index.php/Home/Public/verify
INFO: [ app_init ] --START--
INFO: Run Behavior\BuildLiteBehavior [ RunTime:0.000000s ]
INFO: [ app_init ] --END-- [ RunTime:0.000976s ]

[ 2015-07-14T19:53:05+08:00 ] 127.0.0.1 /bmap/index.php/Home/Login/loginbefore
INFO: [ app_init ] --START--
INFO: Run Behavior\BuildLiteBehavior [ RunTime:0.000000s ]
INFO: [ app_init ] --END-- [ RunTime:0.002930s ]

[ 2015-07-14T19:53:05+08:00 ] 127.0.0.1 /bmap/index.php/Home/Public/verify
INFO: [ app_init ] --START--
INFO: Run Behavior\BuildLiteBehavior [ RunTime:0.000000s ]
INFO: [ app_init ] --END-- [ RunTime:0.000976s ]

[ 2015-07-14T19:53:08+08:00 ] 127.0.0.1 /bmap/index.php/Home/Login/schoolInfo
INFO: [ app_init ] --START--
INFO: Run Behavior\BuildLiteBehavior [ RunTime:0.000000s ]
INFO: [ app_init ] --END-- [ RunTime:0.000976s ]
INFO: [ app_begin ] --START--
INFO: Run Behavior\ReadHtmlCacheBehavior [ RunTime:0.000977s ]
INFO: [ app_begin ] --END-- [ RunTime:0.000977s ]
SQL: select fields_name as "field",fields_type as "type",fields_not_null as "null",fields_key_name as "key",fields_default as "default",fields_default as "extra" from table_msg('tp_schools'); [ RunTime:0.3359s ]
SQL: SELECT location FROM tp_schools  [ RunTime:0.2178s ]
SQL: SELECT * FROM tp_schools  [ RunTime:0.0010s ]
SQL: select ST_AsText('010100002031BF0D0062669FC728825C40E544BB0A29A33640') [ RunTime:0.0029s ]
SQL: select ST_AsText('010100002031BF0D006C7A50508A825C408E5BCCCF0DA93640') [ RunTime:0.0000s ]
SQL: select ST_AsText('010100002031BF0D001E6B4606B9795C401ADD41EC4C953640') [ RunTime:0.0010s ]
SQL: select ST_AsText('010100002031BF0D00FF774485EA795C40FBCC599F72903640') [ RunTime:0.0010s ]
SQL: select ST_AsText('010100002031BF0D00B3D2A41474785C405BE9B5D958913640') [ RunTime:0.0010s ]
SQL: select ST_AsText('010100002031BF0D008869DFDC5F775C40D40CA9A278953640') [ RunTime:0.0039s ]
SQL: select ST_AsText('010100002031BF0D00D4450A65E1795C408BA8893E1FC93640') [ RunTime:0.0010s ]
SQL: select ST_AsText('010100002031BF0D00E06932E36D835C4097E4805D4DB63640') [ RunTime:0.0010s ]
SQL: select ST_AsText('010100002031BF0D001BBCAFCA85745C40BC1FB75F3EAD3640') [ RunTime:0.0010s ]
INFO: [ app_end ] --START--
INFO: Run Behavior\ShowPageTraceBehavior [ RunTime:0.001953s ]
INFO: [ app_end ] --END-- [ RunTime:0.001953s ]

[ 2015-07-14T19:57:41+08:00 ] 127.0.0.1 /bmap/index.php/Home/Login/loginbefore
INFO: [ app_init ] --START--
INFO: Run Behavior\BuildLiteBehavior [ RunTime:0.000000s ]
INFO: [ app_init ] --END-- [ RunTime:0.000977s ]

[ 2015-07-14T19:57:41+08:00 ] 127.0.0.1 /bmap/index.php/Home/Public/verify
INFO: [ app_init ] --START--
INFO: Run Behavior\BuildLiteBehavior [ RunTime:0.000000s ]
INFO: [ app_init ] --END-- [ RunTime:0.001953s ]

[ 2015-07-14T19:57:43+08:00 ] 127.0.0.1 /bmap/index.php/Home/Login/schoolInfo
INFO: [ app_init ] --START--
INFO: Run Behavior\BuildLiteBehavior [ RunTime:0.000000s ]
INFO: [ app_init ] --END-- [ RunTime:0.000977s ]
INFO: [ app_begin ] --START--
INFO: Run Behavior\ReadHtmlCacheBehavior [ RunTime:0.001953s ]
INFO: [ app_begin ] --END-- [ RunTime:0.001953s ]
SQL: select fields_name as "field",fields_type as "type",fields_not_null as "null",fields_key_name as "key",fields_default as "default",fields_default as "extra" from table_msg('tp_schools'); [ RunTime:0.1680s ]
SQL: SELECT location FROM tp_schools  [ RunTime:0.1309s ]
SQL: SELECT * FROM tp_schools  [ RunTime:0.0000s ]
SQL: select ST_AsText('010100002031BF0D0062669FC728825C40E544BB0A29A33640') [ RunTime:0.0156s ]
SQL: select ST_AsText('010100002031BF0D006C7A50508A825C408E5BCCCF0DA93640') [ RunTime:0.0000s ]
SQL: select ST_AsText('010100002031BF0D001E6B4606B9795C401ADD41EC4C953640') [ RunTime:0.0000s ]
SQL: select ST_AsText('010100002031BF0D00FF774485EA795C40FBCC599F72903640') [ RunTime:0.0000s ]
SQL: select ST_AsText('010100002031BF0D00B3D2A41474785C405BE9B5D958913640') [ RunTime:0.0000s ]
SQL: select ST_AsText('010100002031BF0D008869DFDC5F775C40D40CA9A278953640') [ RunTime:0.0000s ]
SQL: select ST_AsText('010100002031BF0D00D4450A65E1795C408BA8893E1FC93640') [ RunTime:0.0000s ]
SQL: select ST_AsText('010100002031BF0D00E06932E36D835C4097E4805D4DB63640') [ RunTime:0.0000s ]
SQL: select ST_AsText('010100002031BF0D001BBCAFCA85745C40BC1FB75F3EAD3640') [ RunTime:0.0000s ]
INFO: [ app_end ] --START--
INFO: Run Behavior\ShowPageTraceBehavior [ RunTime:0.000000s ]
INFO: [ app_end ] --END-- [ RunTime:0.000000s ]

[ 2015-07-14T20:02:25+08:00 ] 127.0.0.1 /bmap/index.php/Home/Login/loginbefore
INFO: [ app_init ] --START--
INFO: Run Behavior\BuildLiteBehavior [ RunTime:0.000000s ]
INFO: [ app_init ] --END-- [ RunTime:0.000977s ]

[ 2015-07-14T20:02:25+08:00 ] 127.0.0.1 /bmap/index.php/Home/Public/verify
INFO: [ app_init ] --START--
INFO: Run Behavior\BuildLiteBehavior [ RunTime:0.000000s ]
INFO: [ app_init ] --END-- [ RunTime:0.000977s ]

[ 2015-07-14T20:02:29+08:00 ] 127.0.0.1 /bmap/index.php/Home/Login/schoolInfo
INFO: [ app_init ] --START--
INFO: Run Behavior\BuildLiteBehavior [ RunTime:0.000000s ]
INFO: [ app_init ] --END-- [ RunTime:0.000976s ]
INFO: [ app_begin ] --START--
INFO: Run Behavior\ReadHtmlCacheBehavior [ RunTime:0.000977s ]
INFO: [ app_begin ] --END-- [ RunTime:0.001954s ]
SQL: select fields_name as "field",fields_type as "type",fields_not_null as "null",fields_key_name as "key",fields_default as "default",fields_default as "extra" from table_msg('tp_schools'); [ RunTime:0.1152s ]
SQL: SELECT location FROM tp_schools  [ RunTime:0.1416s ]
SQL: SELECT * FROM tp_schools  [ RunTime:0.0010s ]
SQL: select ST_AsText('010100002031BF0D0062669FC728825C40E544BB0A29A33640') [ RunTime:0.0020s ]
SQL: select ST_AsText('010100002031BF0D006C7A50508A825C408E5BCCCF0DA93640') [ RunTime:0.0000s ]
SQL: select ST_AsText('010100002031BF0D001E6B4606B9795C401ADD41EC4C953640') [ RunTime:0.0010s ]
SQL: select ST_AsText('010100002031BF0D00FF774485EA795C40FBCC599F72903640') [ RunTime:0.0010s ]
SQL: select ST_AsText('010100002031BF0D00B3D2A41474785C405BE9B5D958913640') [ RunTime:0.0010s ]
SQL: select ST_AsText('010100002031BF0D008869DFDC5F775C40D40CA9A278953640') [ RunTime:0.0010s ]
SQL: select ST_AsText('010100002031BF0D00D4450A65E1795C408BA8893E1FC93640') [ RunTime:0.0010s ]
SQL: select ST_AsText('010100002031BF0D00E06932E36D835C4097E4805D4DB63640') [ RunTime:0.0010s ]
SQL: select ST_AsText('010100002031BF0D001BBCAFCA85745C40BC1FB75F3EAD3640') [ RunTime:0.0039s ]
INFO: [ app_end ] --START--
INFO: Run Behavior\ShowPageTraceBehavior [ RunTime:0.001953s ]
INFO: [ app_end ] --END-- [ RunTime:0.001953s ]

[ 2015-07-14T20:04:03+08:00 ] 127.0.0.1 /bmap/index.php/Home/Login/loginbefore
INFO: [ app_init ] --START--
INFO: Run Behavior\BuildLiteBehavior [ RunTime:0.000000s ]
INFO: [ app_init ] --END-- [ RunTime:0.000977s ]

[ 2015-07-14T20:04:04+08:00 ] 127.0.0.1 /bmap/index.php/Home/Public/verify
INFO: [ app_init ] --START--
INFO: Run Behavior\BuildLiteBehavior [ RunTime:0.000000s ]
INFO: [ app_init ] --END-- [ RunTime:0.000977s ]

[ 2015-07-14T20:04:06+08:00 ] 127.0.0.1 /bmap/index.php/Home/Login/schoolInfo
INFO: [ app_init ] --START--
INFO: Run Behavior\BuildLiteBehavior [ RunTime:0.000000s ]
INFO: [ app_init ] --END-- [ RunTime:0.000976s ]
INFO: [ app_begin ] --START--
INFO: Run Behavior\ReadHtmlCacheBehavior [ RunTime:0.001953s ]
INFO: [ app_begin ] --END-- [ RunTime:0.001953s ]
SQL: select fields_name as "field",fields_type as "type",fields_not_null as "null",fields_key_name as "key",fields_default as "default",fields_default as "extra" from table_msg('tp_schools'); [ RunTime:0.1270s ]
SQL: SELECT location FROM tp_schools  [ RunTime:0.2021s ]
SQL: SELECT * FROM tp_schools  [ RunTime:0.0010s ]
SQL: select ST_AsText('010100002031BF0D0062669FC728825C40E544BB0A29A33640') [ RunTime:0.0020s ]
SQL: select ST_AsText('010100002031BF0D006C7A50508A825C408E5BCCCF0DA93640') [ RunTime:0.0010s ]
SQL: select ST_AsText('010100002031BF0D001E6B4606B9795C401ADD41EC4C953640') [ RunTime:0.0010s ]
SQL: select ST_AsText('010100002031BF0D00FF774485EA795C40FBCC599F72903640') [ RunTime:0.0010s ]
SQL: select ST_AsText('010100002031BF0D00B3D2A41474785C405BE9B5D958913640') [ RunTime:0.0010s ]
SQL: select ST_AsText('010100002031BF0D008869DFDC5F775C40D40CA9A278953640') [ RunTime:0.0010s ]
SQL: select ST_AsText('010100002031BF0D00D4450A65E1795C408BA8893E1FC93640') [ RunTime:0.0010s ]
SQL: select ST_AsText('010100002031BF0D00E06932E36D835C4097E4805D4DB63640') [ RunTime:0.0010s ]
SQL: select ST_AsText('010100002031BF0D001BBCAFCA85745C40BC1FB75F3EAD3640') [ RunTime:0.0010s ]
INFO: [ app_end ] --START--
INFO: Run Behavior\ShowPageTraceBehavior [ RunTime:0.000976s ]
INFO: [ app_end ] --END-- [ RunTime:0.000976s ]

[ 2015-07-14T20:04:48+08:00 ] 127.0.0.1 /bmap/index.php/Home/Login/loginbefore
INFO: [ app_init ] --START--
INFO: Run Behavior\BuildLiteBehavior [ RunTime:0.000000s ]
INFO: [ app_init ] --END-- [ RunTime:0.000977s ]

[ 2015-07-14T20:04:48+08:00 ] 127.0.0.1 /bmap/index.php/Home/Public/verify
INFO: [ app_init ] --START--
INFO: Run Behavior\BuildLiteBehavior [ RunTime:0.000000s ]
INFO: [ app_init ] --END-- [ RunTime:0.000976s ]

[ 2015-07-14T20:04:51+08:00 ] 127.0.0.1 /bmap/index.php/Home/Login/schoolInfo
INFO: [ app_init ] --START--
INFO: Run Behavior\BuildLiteBehavior [ RunTime:0.000976s ]
INFO: [ app_init ] --END-- [ RunTime:0.000976s ]
INFO: [ app_begin ] --START--
INFO: Run Behavior\ReadHtmlCacheBehavior [ RunTime:0.000977s ]
INFO: [ app_begin ] --END-- [ RunTime:0.000977s ]
SQL: select fields_name as "field",fields_type as "type",fields_not_null as "null",fields_key_name as "key",fields_default as "default",fields_default as "extra" from table_msg('tp_schools'); [ RunTime:0.1348s ]
SQL: SELECT location FROM tp_schools  [ RunTime:0.1406s ]
SQL: SELECT * FROM tp_schools  [ RunTime:0.0010s ]
SQL: select ST_AsText('010100002031BF0D0062669FC728825C40E544BB0A29A33640') [ RunTime:0.0049s ]
SQL: select ST_AsText('010100002031BF0D006C7A50508A825C408E5BCCCF0DA93640') [ RunTime:0.0020s ]
SQL: select ST_AsText('010100002031BF0D001E6B4606B9795C401ADD41EC4C953640') [ RunTime:0.0010s ]
SQL: select ST_AsText('010100002031BF0D00FF774485EA795C40FBCC599F72903640') [ RunTime:0.0010s ]
SQL: select ST_AsText('010100002031BF0D00B3D2A41474785C405BE9B5D958913640') [ RunTime:0.0029s ]
SQL: select ST_AsText('010100002031BF0D008869DFDC5F775C40D40CA9A278953640') [ RunTime:0.0010s ]
SQL: select ST_AsText('010100002031BF0D00D4450A65E1795C408BA8893E1FC93640') [ RunTime:0.0010s ]
SQL: select ST_AsText('010100002031BF0D00E06932E36D835C4097E4805D4DB63640') [ RunTime:0.0010s ]
SQL: select ST_AsText('010100002031BF0D001BBCAFCA85745C40BC1FB75F3EAD3640') [ RunTime:0.0010s ]
INFO: [ app_end ] --START--
INFO: Run Behavior\ShowPageTraceBehavior [ RunTime:0.001953s ]
INFO: [ app_end ] --END-- [ RunTime:0.001953s ]

[ 2015-07-14T20:05:03+08:00 ] 127.0.0.1 /bmap/index.php/Home/Login/loginbefore
INFO: [ app_init ] --START--
INFO: Run Behavior\BuildLiteBehavior [ RunTime:0.000977s ]
INFO: [ app_init ] --END-- [ RunTime:0.001953s ]

[ 2015-07-14T20:05:03+08:00 ] 127.0.0.1 /bmap/index.php/Home/Public/verify
INFO: [ app_init ] --START--
INFO: Run Behavior\BuildLiteBehavior [ RunTime:0.000000s ]
INFO: [ app_init ] --END-- [ RunTime:0.000977s ]

[ 2015-07-14T20:05:06+08:00 ] 127.0.0.1 /bmap/index.php/Home/Login/schoolInfo
INFO: [ app_init ] --START--
INFO: Run Behavior\BuildLiteBehavior [ RunTime:0.000000s ]
INFO: [ app_init ] --END-- [ RunTime:0.000977s ]
INFO: [ app_begin ] --START--
INFO: Run Behavior\ReadHtmlCacheBehavior [ RunTime:0.000976s ]
INFO: [ app_begin ] --END-- [ RunTime:0.000976s ]
SQL: select fields_name as "field",fields_type as "type",fields_not_null as "null",fields_key_name as "key",fields_default as "default",fields_default as "extra" from table_msg('tp_schools'); [ RunTime:0.1309s ]
SQL: SELECT location FROM tp_schools  [ RunTime:0.1846s ]
SQL: SELECT * FROM tp_schools  [ RunTime:0.0010s ]
SQL: select ST_AsText('010100002031BF0D0062669FC728825C40E544BB0A29A33640') [ RunTime:0.0020s ]
SQL: select ST_AsText('010100002031BF0D006C7A50508A825C408E5BCCCF0DA93640') [ RunTime:0.0010s ]
SQL: select ST_AsText('010100002031BF0D001E6B4606B9795C401ADD41EC4C953640') [ RunTime:0.0010s ]
SQL: select ST_AsText('010100002031BF0D00FF774485EA795C40FBCC599F72903640') [ RunTime:0.0049s ]
SQL: select ST_AsText('010100002031BF0D00B3D2A41474785C405BE9B5D958913640') [ RunTime:0.0010s ]
SQL: select ST_AsText('010100002031BF0D008869DFDC5F775C40D40CA9A278953640') [ RunTime:0.0010s ]
SQL: select ST_AsText('010100002031BF0D00D4450A65E1795C408BA8893E1FC93640') [ RunTime:0.0010s ]
SQL: select ST_AsText('010100002031BF0D00E06932E36D835C4097E4805D4DB63640') [ RunTime:0.0010s ]
SQL: select ST_AsText('010100002031BF0D001BBCAFCA85745C40BC1FB75F3EAD3640') [ RunTime:0.0010s ]
INFO: [ app_end ] --START--
INFO: Run Behavior\ShowPageTraceBehavior [ RunTime:0.000976s ]
INFO: [ app_end ] --END-- [ RunTime:0.001953s ]

[ 2015-07-14T20:05:28+08:00 ] 127.0.0.1 /bmap/index.php/Home/Login/loginbefore
INFO: [ app_init ] --START--
INFO: Run Behavior\BuildLiteBehavior [ RunTime:0.000000s ]
INFO: [ app_init ] --END-- [ RunTime:0.001953s ]

[ 2015-07-14T20:05:29+08:00 ] 127.0.0.1 /bmap/index.php/Home/Public/verify
INFO: [ app_init ] --START--
INFO: Run Behavior\BuildLiteBehavior [ RunTime:0.000000s ]
INFO: [ app_init ] --END-- [ RunTime:0.000977s ]

[ 2015-07-14T20:05:31+08:00 ] 127.0.0.1 /bmap/index.php/Home/Login/schoolInfo
INFO: [ app_init ] --START--
INFO: Run Behavior\BuildLiteBehavior [ RunTime:0.000000s ]
INFO: [ app_init ] --END-- [ RunTime:0.000976s ]
INFO: [ app_begin ] --START--
INFO: Run Behavior\ReadHtmlCacheBehavior [ RunTime:0.002930s ]
INFO: [ app_begin ] --END-- [ RunTime:0.002930s ]
SQL: select fields_name as "field",fields_type as "type",fields_not_null as "null",fields_key_name as "key",fields_default as "default",fields_default as "extra" from table_msg('tp_schools'); [ RunTime:0.1338s ]
SQL: SELECT location FROM tp_schools  [ RunTime:0.1689s ]
SQL: SELECT * FROM tp_schools  [ RunTime:0.0010s ]
SQL: select ST_AsText('010100002031BF0D0062669FC728825C40E544BB0A29A33640') [ RunTime:0.0020s ]
SQL: select ST_AsText('010100002031BF0D006C7A50508A825C408E5BCCCF0DA93640') [ RunTime:0.0010s ]
SQL: select ST_AsText('010100002031BF0D001E6B4606B9795C401ADD41EC4C953640') [ RunTime:0.0010s ]
SQL: select ST_AsText('010100002031BF0D00FF774485EA795C40FBCC599F72903640') [ RunTime:0.0010s ]
SQL: select ST_AsText('010100002031BF0D00B3D2A41474785C405BE9B5D958913640') [ RunTime:0.0010s ]
SQL: select ST_AsText('010100002031BF0D008869DFDC5F775C40D40CA9A278953640') [ RunTime:0.0010s ]
SQL: select ST_AsText('010100002031BF0D00D4450A65E1795C408BA8893E1FC93640') [ RunTime:0.0010s ]
SQL: select ST_AsText('010100002031BF0D00E06932E36D835C4097E4805D4DB63640') [ RunTime:0.0010s ]
SQL: select ST_AsText('010100002031BF0D001BBCAFCA85745C40BC1FB75F3EAD3640') [ RunTime:0.0010s ]
INFO: [ app_end ] --START--
INFO: Run Behavior\ShowPageTraceBehavior [ RunTime:0.001953s ]
INFO: [ app_end ] --END-- [ RunTime:0.001953s ]

[ 2015-07-14T20:15:33+08:00 ] 127.0.0.1 /bmap/index.php/Home/Login/loginbefore
INFO: [ app_init ] --START--
INFO: Run Behavior\BuildLiteBehavior [ RunTime:0.000000s ]
INFO: [ app_init ] --END-- [ RunTime:0.000977s ]

[ 2015-07-14T20:15:33+08:00 ] 127.0.0.1 /bmap/index.php/Home/Public/verify
INFO: [ app_init ] --START--
INFO: Run Behavior\BuildLiteBehavior [ RunTime:0.000000s ]
INFO: [ app_init ] --END-- [ RunTime:0.000976s ]

[ 2015-07-14T20:15:39+08:00 ] 127.0.0.1 /bmap/index.php/Home/Login/schoolInfo
INFO: [ app_init ] --START--
INFO: Run Behavior\BuildLiteBehavior [ RunTime:0.000000s ]
INFO: [ app_init ] --END-- [ RunTime:0.000976s ]
INFO: [ app_begin ] --START--
INFO: Run Behavior\ReadHtmlCacheBehavior [ RunTime:0.001953s ]
INFO: [ app_begin ] --END-- [ RunTime:0.001953s ]
SQL: select fields_name as "field",fields_type as "type",fields_not_null as "null",fields_key_name as "key",fields_default as "default",fields_default as "extra" from table_msg('tp_schools'); [ RunTime:0.1855s ]
SQL: SELECT location FROM tp_schools  [ RunTime:0.1582s ]
SQL: SELECT * FROM tp_schools  [ RunTime:0.0020s ]
SQL: select ST_AsText('010100002031BF0D0062669FC728825C40E544BB0A29A33640') [ RunTime:0.0020s ]
SQL: select ST_AsText('010100002031BF0D006C7A50508A825C408E5BCCCF0DA93640') [ RunTime:0.0000s ]
SQL: select ST_AsText('010100002031BF0D001E6B4606B9795C401ADD41EC4C953640') [ RunTime:0.0000s ]
SQL: select ST_AsText('010100002031BF0D00FF774485EA795C40FBCC599F72903640') [ RunTime:0.0010s ]
SQL: select ST_AsText('010100002031BF0D00B3D2A41474785C405BE9B5D958913640') [ RunTime:0.0010s ]
SQL: select ST_AsText('010100002031BF0D008869DFDC5F775C40D40CA9A278953640') [ RunTime:0.0020s ]
SQL: select ST_AsText('010100002031BF0D00D4450A65E1795C408BA8893E1FC93640') [ RunTime:0.0010s ]
SQL: select ST_AsText('010100002031BF0D00E06932E36D835C4097E4805D4DB63640') [ RunTime:0.0010s ]
SQL: select ST_AsText('010100002031BF0D001BBCAFCA85745C40BC1FB75F3EAD3640') [ RunTime:0.0010s ]
INFO: [ app_end ] --START--
INFO: Run Behavior\ShowPageTraceBehavior [ RunTime:0.001954s ]
INFO: [ app_end ] --END-- [ RunTime:0.001954s ]

[ 2015-07-14T20:24:38+08:00 ] 127.0.0.1 /bmap/index.php/Home/Login/loginbefore
INFO: [ app_init ] --START--
INFO: Run Behavior\BuildLiteBehavior [ RunTime:0.000000s ]
INFO: [ app_init ] --END-- [ RunTime:0.000977s ]

[ 2015-07-14T20:24:38+08:00 ] 127.0.0.1 /bmap/index.php/Home/Public/verify
INFO: [ app_init ] --START--
INFO: Run Behavior\BuildLiteBehavior [ RunTime:0.000000s ]
INFO: [ app_init ] --END-- [ RunTime:0.000977s ]

[ 2015-07-14T20:25:40+08:00 ] 127.0.0.1 /bmap/index.php/Home/Login/loginbefore
INFO: [ app_init ] --START--
INFO: Run Behavior\BuildLiteBehavior [ RunTime:0.000000s ]
INFO: [ app_init ] --END-- [ RunTime:0.000977s ]

[ 2015-07-14T20:25:40+08:00 ] 127.0.0.1 /bmap/index.php/Home/Public/verify
INFO: [ app_init ] --START--
INFO: Run Behavior\BuildLiteBehavior [ RunTime:0.000000s ]
INFO: [ app_init ] --END-- [ RunTime:0.000976s ]

[ 2015-07-14T20:26:27+08:00 ] 127.0.0.1 /bmap/index.php/Home/Login/loginbefore
INFO: [ app_init ] --START--
INFO: Run Behavior\BuildLiteBehavior [ RunTime:0.000000s ]
INFO: [ app_init ] --END-- [ RunTime:0.000976s ]

[ 2015-07-14T20:26:27+08:00 ] 127.0.0.1 /bmap/index.php/Home/Public/verify
INFO: [ app_init ] --START--
INFO: Run Behavior\BuildLiteBehavior [ RunTime:0.000000s ]
INFO: [ app_init ] --END-- [ RunTime:0.000977s ]

[ 2015-07-14T20:26:47+08:00 ] 127.0.0.1 /bmap/index.php/Home/Login/loginbefore
INFO: [ app_init ] --START--
INFO: Run Behavior\BuildLiteBehavior [ RunTime:0.000000s ]
INFO: [ app_init ] --END-- [ RunTime:0.000977s ]

[ 2015-07-14T20:26:47+08:00 ] 127.0.0.1 /bmap/index.php/Home/Public/verify
INFO: [ app_init ] --START--
INFO: Run Behavior\BuildLiteBehavior [ RunTime:0.000000s ]
INFO: [ app_init ] --END-- [ RunTime:0.000977s ]

[ 2015-07-14T20:27:04+08:00 ] 127.0.0.1 /bmap/index.php/Home/Login/loginbefore
INFO: [ app_init ] --START--
INFO: Run Behavior\BuildLiteBehavior [ RunTime:0.000000s ]
INFO: [ app_init ] --END-- [ RunTime:0.000977s ]

[ 2015-07-14T20:27:04+08:00 ] 127.0.0.1 /bmap/index.php/Home/Public/verify
INFO: [ app_init ] --START--
INFO: Run Behavior\BuildLiteBehavior [ RunTime:0.000000s ]
INFO: [ app_init ] --END-- [ RunTime:0.000977s ]

[ 2015-07-14T20:27:26+08:00 ] 127.0.0.1 /bmap/index.php/Home/Login/loginbefore
INFO: [ app_init ] --START--
INFO: Run Behavior\BuildLiteBehavior [ RunTime:0.000000s ]
INFO: [ app_init ] --END-- [ RunTime:0.000976s ]

[ 2015-07-14T20:27:26+08:00 ] 127.0.0.1 /bmap/index.php/Home/Public/verify
INFO: [ app_init ] --START--
INFO: Run Behavior\BuildLiteBehavior [ RunTime:0.000000s ]
INFO: [ app_init ] --END-- [ RunTime:0.002930s ]

[ 2015-07-14T20:30:23+08:00 ] 127.0.0.1 /bmap/index.php/Home/Login/loginbefore
INFO: [ app_init ] --START--
INFO: Run Behavior\BuildLiteBehavior [ RunTime:0.000000s ]
INFO: [ app_init ] --END-- [ RunTime:0.000977s ]

[ 2015-07-14T20:30:23+08:00 ] 127.0.0.1 /bmap/index.php/Home/Public/verify
INFO: [ app_init ] --START--
INFO: Run Behavior\BuildLiteBehavior [ RunTime:0.000000s ]
INFO: [ app_init ] --END-- [ RunTime:0.000976s ]

[ 2015-07-14T20:31:52+08:00 ] 127.0.0.1 /bmap/index.php/Home/Login/loginbefore
INFO: [ app_init ] --START--
INFO: Run Behavior\BuildLiteBehavior [ RunTime:0.000000s ]
INFO: [ app_init ] --END-- [ RunTime:0.000977s ]

[ 2015-07-14T20:31:52+08:00 ] 127.0.0.1 /bmap/index.php/Home/Public/verify
INFO: [ app_init ] --START--
INFO: Run Behavior\BuildLiteBehavior [ RunTime:0.000000s ]
INFO: [ app_init ] --END-- [ RunTime:0.000976s ]

[ 2015-07-14T20:32:26+08:00 ] 127.0.0.1 /bmap/index.php/Home/Login/loginbefore
INFO: [ app_init ] --START--
INFO: Run Behavior\BuildLiteBehavior [ RunTime:0.000976s ]
INFO: [ app_init ] --END-- [ RunTime:0.000976s ]

[ 2015-07-14T20:32:27+08:00 ] 127.0.0.1 /bmap/index.php/Home/Public/verify
INFO: [ app_init ] --START--
INFO: Run Behavior\BuildLiteBehavior [ RunTime:0.000000s ]
INFO: [ app_init ] --END-- [ RunTime:0.000976s ]

[ 2015-07-14T20:33:05+08:00 ] 127.0.0.1 /bmap/index.php/Home/Login/loginbefore
INFO: [ app_init ] --START--
INFO: Run Behavior\BuildLiteBehavior [ RunTime:0.000000s ]
INFO: [ app_init ] --END-- [ RunTime:0.001953s ]

[ 2015-07-14T20:33:05+08:00 ] 127.0.0.1 /bmap/index.php/Home/Public/verify
INFO: [ app_init ] --START--
INFO: Run Behavior\BuildLiteBehavior [ RunTime:0.000000s ]
INFO: [ app_init ] --END-- [ RunTime:0.000976s ]

[ 2015-07-14T20:33:38+08:00 ] 127.0.0.1 /bmap/index.php/Home/Login/loginbefore
INFO: [ app_init ] --START--
INFO: Run Behavior\BuildLiteBehavior [ RunTime:0.000000s ]
INFO: [ app_init ] --END-- [ RunTime:0.000976s ]

[ 2015-07-14T20:33:38+08:00 ] 127.0.0.1 /bmap/index.php/Home/Public/verify
INFO: [ app_init ] --START--
INFO: Run Behavior\BuildLiteBehavior [ RunTime:0.000000s ]
INFO: [ app_init ] --END-- [ RunTime:0.000976s ]

[ 2015-07-14T20:33:42+08:00 ] 127.0.0.1 /bmap/index.php/Home/Login/loginbefore
INFO: [ app_init ] --START--
INFO: Run Behavior\BuildLiteBehavior [ RunTime:0.000000s ]
INFO: [ app_init ] --END-- [ RunTime:0.000976s ]

[ 2015-07-14T20:33:42+08:00 ] 127.0.0.1 /bmap/index.php/Home/Public/verify
INFO: [ app_init ] --START--
INFO: Run Behavior\BuildLiteBehavior [ RunTime:0.000000s ]
INFO: [ app_init ] --END-- [ RunTime:0.000977s ]

[ 2015-07-14T20:35:16+08:00 ] 127.0.0.1 /bmap/index.php/Home/Login/loginbefore
INFO: [ app_init ] --START--
INFO: Run Behavior\BuildLiteBehavior [ RunTime:0.000000s ]
INFO: [ app_init ] --END-- [ RunTime:0.004883s ]

[ 2015-07-14T20:35:16+08:00 ] 127.0.0.1 /bmap/index.php/Home/Public/verify
INFO: [ app_init ] --START--
INFO: Run Behavior\BuildLiteBehavior [ RunTime:0.000000s ]
INFO: [ app_init ] --END-- [ RunTime:0.000976s ]

[ 2015-07-14T20:36:42+08:00 ] 127.0.0.1 /bmap/index.php/Home/Login/loginbefore
INFO: [ app_init ] --START--
INFO: Run Behavior\BuildLiteBehavior [ RunTime:0.000000s ]
INFO: [ app_init ] --END-- [ RunTime:0.000977s ]

[ 2015-07-14T20:36:42+08:00 ] 127.0.0.1 /bmap/index.php/Home/Public/verify
INFO: [ app_init ] --START--
INFO: Run Behavior\BuildLiteBehavior [ RunTime:0.000000s ]
INFO: [ app_init ] --END-- [ RunTime:0.000977s ]

[ 2015-07-14T20:37:15+08:00 ] 127.0.0.1 /bmap/index.php/Home/Login/loginbefore
INFO: [ app_init ] --START--
INFO: Run Behavior\BuildLiteBehavior [ RunTime:0.000000s ]
INFO: [ app_init ] --END-- [ RunTime:0.000977s ]

[ 2015-07-14T20:37:15+08:00 ] 127.0.0.1 /bmap/index.php/Home/Public/verify
INFO: [ app_init ] --START--
INFO: Run Behavior\BuildLiteBehavior [ RunTime:0.000000s ]
INFO: [ app_init ] --END-- [ RunTime:0.000977s ]

[ 2015-07-14T20:39:45+08:00 ] 127.0.0.1 /bmap/index.php/Home/Login/loginbefore
INFO: [ app_init ] --START--
INFO: Run Behavior\BuildLiteBehavior [ RunTime:0.000000s ]
INFO: [ app_init ] --END-- [ RunTime:0.000976s ]

[ 2015-07-14T20:39:45+08:00 ] 127.0.0.1 /bmap/index.php/Home/Public/verify
INFO: [ app_init ] --START--
INFO: Run Behavior\BuildLiteBehavior [ RunTime:0.000000s ]
INFO: [ app_init ] --END-- [ RunTime:0.000977s ]

[ 2015-07-14T20:40:32+08:00 ] 127.0.0.1 /bmap/index.php/Home/Login/loginbefore
INFO: [ app_init ] --START--
INFO: Run Behavior\BuildLiteBehavior [ RunTime:0.000000s ]
INFO: [ app_init ] --END-- [ RunTime:0.000977s ]

[ 2015-07-14T20:40:32+08:00 ] 127.0.0.1 /bmap/index.php/Home/Public/verify
INFO: [ app_init ] --START--
INFO: Run Behavior\BuildLiteBehavior [ RunTime:0.000000s ]
INFO: [ app_init ] --END-- [ RunTime:0.000000s ]

[ 2015-07-14T20:41:21+08:00 ] 127.0.0.1 /bmap/index.php/Home/Login/loginbefore
INFO: [ app_init ] --START--
INFO: Run Behavior\BuildLiteBehavior [ RunTime:0.000000s ]
INFO: [ app_init ] --END-- [ RunTime:0.003906s ]

[ 2015-07-14T20:41:21+08:00 ] 127.0.0.1 /bmap/index.php/Home/Public/verify
INFO: [ app_init ] --START--
INFO: Run Behavior\BuildLiteBehavior [ RunTime:0.000000s ]
INFO: [ app_init ] --END-- [ RunTime:0.000977s ]

[ 2015-07-14T20:44:35+08:00 ] 127.0.0.1 /bmap/index.php/Home/Login/loginbefore
INFO: [ app_init ] --START--
INFO: Run Behavior\BuildLiteBehavior [ RunTime:0.000000s ]
INFO: [ app_init ] --END-- [ RunTime:0.000977s ]

[ 2015-07-14T20:44:35+08:00 ] 127.0.0.1 /bmap/index.php/Home/Public/verify
INFO: [ app_init ] --START--
INFO: Run Behavior\BuildLiteBehavior [ RunTime:0.000000s ]
INFO: [ app_init ] --END-- [ RunTime:0.000977s ]

[ 2015-07-14T20:44:59+08:00 ] 127.0.0.1 /bmap/index.php/Home/Login/loginbefore
INFO: [ app_init ] --START--
INFO: Run Behavior\BuildLiteBehavior [ RunTime:0.000000s ]
INFO: [ app_init ] --END-- [ RunTime:0.002929s ]

[ 2015-07-14T20:44:59+08:00 ] 127.0.0.1 /bmap/index.php/Home/Public/verify
INFO: [ app_init ] --START--
INFO: Run Behavior\BuildLiteBehavior [ RunTime:0.000000s ]
INFO: [ app_init ] --END-- [ RunTime:0.000976s ]

[ 2015-07-14T20:46:52+08:00 ] 127.0.0.1 /bmap/index.php/Home/Login/loginbefore
INFO: [ app_init ] --START--
INFO: Run Behavior\BuildLiteBehavior [ RunTime:0.000000s ]
INFO: [ app_init ] --END-- [ RunTime:0.000977s ]

[ 2015-07-14T20:46:53+08:00 ] 127.0.0.1 /bmap/index.php/Home/Public/verify
INFO: [ app_init ] --START--
INFO: Run Behavior\BuildLiteBehavior [ RunTime:0.000977s ]
INFO: [ app_init ] --END-- [ RunTime:0.001953s ]

[ 2015-07-14T20:47:38+08:00 ] 127.0.0.1 /bmap/index.php/Home/Login/loginbefore
INFO: [ app_init ] --START--
INFO: Run Behavior\BuildLiteBehavior [ RunTime:0.000000s ]
INFO: [ app_init ] --END-- [ RunTime:0.000976s ]

[ 2015-07-14T20:47:39+08:00 ] 127.0.0.1 /bmap/index.php/Home/Public/verify
INFO: [ app_init ] --START--
INFO: Run Behavior\BuildLiteBehavior [ RunTime:0.000000s ]
INFO: [ app_init ] --END-- [ RunTime:0.000977s ]

[ 2015-07-14T20:48:07+08:00 ] 127.0.0.1 /bmap/index.php/Home/Login/loginbefore
INFO: [ app_init ] --START--
INFO: Run Behavior\BuildLiteBehavior [ RunTime:0.000000s ]
INFO: [ app_init ] --END-- [ RunTime:0.000976s ]

[ 2015-07-14T20:48:07+08:00 ] 127.0.0.1 /bmap/index.php/Home/Public/verify
INFO: [ app_init ] --START--
INFO: Run Behavior\BuildLiteBehavior [ RunTime:0.000000s ]
INFO: [ app_init ] --END-- [ RunTime:0.000976s ]

[ 2015-07-14T20:49:09+08:00 ] 127.0.0.1 /bmap/index.php/Home/Login/loginbefore
INFO: [ app_init ] --START--
INFO: Run Behavior\BuildLiteBehavior [ RunTime:0.000000s ]
INFO: [ app_init ] --END-- [ RunTime:0.000976s ]

[ 2015-07-14T20:49:09+08:00 ] 127.0.0.1 /bmap/index.php/Home/Public/verify
INFO: [ app_init ] --START--
INFO: Run Behavior\BuildLiteBehavior [ RunTime:0.000000s ]
INFO: [ app_init ] --END-- [ RunTime:0.001953s ]

[ 2015-07-14T20:50:28+08:00 ] 127.0.0.1 /bmap/index.php/Home/Login/loginbefore
INFO: [ app_init ] --START--
INFO: Run Behavior\BuildLiteBehavior [ RunTime:0.000976s ]
INFO: [ app_init ] --END-- [ RunTime:0.001953s ]

[ 2015-07-14T20:50:28+08:00 ] 127.0.0.1 /bmap/index.php/Home/Public/verify
INFO: [ app_init ] --START--
INFO: Run Behavior\BuildLiteBehavior [ RunTime:0.000000s ]
INFO: [ app_init ] --END-- [ RunTime:0.000976s ]

[ 2015-07-14T20:50:58+08:00 ] 127.0.0.1 /bmap/index.php/Home/Login/loginbefore
INFO: [ app_init ] --START--
INFO: Run Behavior\BuildLiteBehavior [ RunTime:0.000000s ]
INFO: [ app_init ] --END-- [ RunTime:0.000977s ]

[ 2015-07-14T20:50:58+08:00 ] 127.0.0.1 /bmap/index.php/Home/Public/verify
INFO: [ app_init ] --START--
INFO: Run Behavior\BuildLiteBehavior [ RunTime:0.000000s ]
INFO: [ app_init ] --END-- [ RunTime:0.000977s ]

[ 2015-07-14T20:53:05+08:00 ] 127.0.0.1 /bmap/index.php/Home/Login/loginbefore
INFO: [ app_init ] --START--
INFO: Run Behavior\BuildLiteBehavior [ RunTime:0.000000s ]
INFO: [ app_init ] --END-- [ RunTime:0.000977s ]

[ 2015-07-14T20:53:05+08:00 ] 127.0.0.1 /bmap/index.php/Home/Public/verify
INFO: [ app_init ] --START--
INFO: Run Behavior\BuildLiteBehavior [ RunTime:0.000000s ]
INFO: [ app_init ] --END-- [ RunTime:0.000976s ]

[ 2015-07-14T20:53:25+08:00 ] 127.0.0.1 /bmap/index.php/Home/Login/loginbefore
INFO: [ app_init ] --START--
INFO: Run Behavior\BuildLiteBehavior [ RunTime:0.000000s ]
INFO: [ app_init ] --END-- [ RunTime:0.000977s ]

[ 2015-07-14T20:53:26+08:00 ] 127.0.0.1 /bmap/index.php/Home/Public/verify
INFO: [ app_init ] --START--
INFO: Run Behavior\BuildLiteBehavior [ RunTime:0.000000s ]
INFO: [ app_init ] --END-- [ RunTime:0.000977s ]

[ 2015-07-14T20:53:39+08:00 ] 127.0.0.1 /bmap/index.php/Home/Login/loginbefore
INFO: [ app_init ] --START--
INFO: Run Behavior\BuildLiteBehavior [ RunTime:0.000000s ]
INFO: [ app_init ] --END-- [ RunTime:0.001953s ]

[ 2015-07-14T20:53:39+08:00 ] 127.0.0.1 /bmap/index.php/Home/Public/verify
INFO: [ app_init ] --START--
INFO: Run Behavior\BuildLiteBehavior [ RunTime:0.000000s ]
INFO: [ app_init ] --END-- [ RunTime:0.000977s ]

[ 2015-07-14T21:01:12+08:00 ] 127.0.0.1 /bmap/index.php/Home/Login/loginbefore
INFO: [ app_init ] --START--
INFO: Run Behavior\BuildLiteBehavior [ RunTime:0.000000s ]
INFO: [ app_init ] --END-- [ RunTime:0.001953s ]

[ 2015-07-14T21:01:12+08:00 ] 127.0.0.1 /bmap/index.php/Home/Public/verify
INFO: [ app_init ] --START--
INFO: Run Behavior\BuildLiteBehavior [ RunTime:0.000000s ]
INFO: [ app_init ] --END-- [ RunTime:0.002930s ]

[ 2015-07-14T21:02:26+08:00 ] 127.0.0.1 /bmap/index.php/Home/Login/loginbefore
INFO: [ app_init ] --START--
INFO: Run Behavior\BuildLiteBehavior [ RunTime:0.000000s ]
INFO: [ app_init ] --END-- [ RunTime:0.000977s ]

[ 2015-07-14T21:02:26+08:00 ] 127.0.0.1 /bmap/index.php/Home/Public/verify
INFO: [ app_init ] --START--
INFO: Run Behavior\BuildLiteBehavior [ RunTime:0.000977s ]
INFO: [ app_init ] --END-- [ RunTime:0.000977s ]

[ 2015-07-14T21:04:08+08:00 ] 127.0.0.1 /bmap/index.php/Home/Login/loginbefore
INFO: [ app_init ] --START--
INFO: Run Behavior\BuildLiteBehavior [ RunTime:0.000000s ]
INFO: [ app_init ] --END-- [ RunTime:0.000976s ]

[ 2015-07-14T21:04:08+08:00 ] 127.0.0.1 /bmap/index.php/Home/Public/verify
INFO: [ app_init ] --START--
INFO: Run Behavior\BuildLiteBehavior [ RunTime:0.000000s ]
INFO: [ app_init ] --END-- [ RunTime:0.000977s ]

[ 2015-07-14T21:11:41+08:00 ] 127.0.0.1 /bmap/index.php/Home/Login/loginbefore
INFO: [ app_init ] --START--
INFO: Run Behavior\BuildLiteBehavior [ RunTime:0.000000s ]
INFO: [ app_init ] --END-- [ RunTime:0.001953s ]

[ 2015-07-14T21:11:41+08:00 ] 127.0.0.1 /bmap/index.php/Home/Public/verify
INFO: [ app_init ] --START--
INFO: Run Behavior\BuildLiteBehavior [ RunTime:0.000000s ]
INFO: [ app_init ] --END-- [ RunTime:0.001953s ]

[ 2015-07-14T21:11:48+08:00 ] 127.0.0.1 /bmap/index.php/Home/Login/loginbefore
INFO: [ app_init ] --START--
INFO: Run Behavior\BuildLiteBehavior [ RunTime:0.000000s ]
INFO: [ app_init ] --END-- [ RunTime:0.000977s ]

[ 2015-07-14T21:11:48+08:00 ] 127.0.0.1 /bmap/index.php/Home/Public/verify
INFO: [ app_init ] --START--
INFO: Run Behavior\BuildLiteBehavior [ RunTime:0.000000s ]
INFO: [ app_init ] --END-- [ RunTime:0.000976s ]

[ 2015-07-14T21:12:11+08:00 ] 127.0.0.1 /bmap/index.php/Home/Login/loginbefore
INFO: [ app_init ] --START--
INFO: Run Behavior\BuildLiteBehavior [ RunTime:0.000000s ]
INFO: [ app_init ] --END-- [ RunTime:0.000977s ]

[ 2015-07-14T21:12:11+08:00 ] 127.0.0.1 /bmap/index.php/Home/Public/verify
INFO: [ app_init ] --START--
INFO: Run Behavior\BuildLiteBehavior [ RunTime:0.000000s ]
INFO: [ app_init ] --END-- [ RunTime:0.000976s ]

[ 2015-07-14T21:13:47+08:00 ] 127.0.0.1 /bmap/index.php/Home/Login/loginbefore
INFO: [ app_init ] --START--
INFO: Run Behavior\BuildLiteBehavior [ RunTime:0.000000s ]
INFO: [ app_init ] --END-- [ RunTime:0.000976s ]

[ 2015-07-14T21:13:47+08:00 ] 127.0.0.1 /bmap/index.php/Home/Public/verify
INFO: [ app_init ] --START--
INFO: Run Behavior\BuildLiteBehavior [ RunTime:0.000976s ]
INFO: [ app_init ] --END-- [ RunTime:0.001953s ]

[ 2015-07-14T21:15:01+08:00 ] 127.0.0.1 /bmap/index.php/Home/Login/loginbefore
INFO: [ app_init ] --START--
INFO: Run Behavior\BuildLiteBehavior [ RunTime:0.000000s ]
INFO: [ app_init ] --END-- [ RunTime:0.000976s ]

[ 2015-07-14T21:15:01+08:00 ] 127.0.0.1 /bmap/index.php/Home/Public/verify
INFO: [ app_init ] --START--
INFO: Run Behavior\BuildLiteBehavior [ RunTime:0.000000s ]
INFO: [ app_init ] --END-- [ RunTime:0.000976s ]

[ 2015-07-14T21:16:27+08:00 ] 127.0.0.1 /bmap/index.php/Home/Login/loginbefore
INFO: [ app_init ] --START--
INFO: Run Behavior\BuildLiteBehavior [ RunTime:0.000000s ]
INFO: [ app_init ] --END-- [ RunTime:0.007812s ]

[ 2015-07-14T21:16:27+08:00 ] 127.0.0.1 /bmap/index.php/Home/Public/verify
INFO: [ app_init ] --START--
INFO: Run Behavior\BuildLiteBehavior [ RunTime:0.000000s ]
INFO: [ app_init ] --END-- [ RunTime:0.001953s ]

[ 2015-07-14T21:16:41+08:00 ] 127.0.0.1 /bmap/index.php/Home/Login/loginbefore
INFO: [ app_init ] --START--
INFO: Run Behavior\BuildLiteBehavior [ RunTime:0.000000s ]
INFO: [ app_init ] --END-- [ RunTime:0.000977s ]

[ 2015-07-14T21:16:41+08:00 ] 127.0.0.1 /bmap/index.php/Home/Public/verify
INFO: [ app_init ] --START--
INFO: Run Behavior\BuildLiteBehavior [ RunTime:0.000000s ]
INFO: [ app_init ] --END-- [ RunTime:0.000977s ]

[ 2015-07-14T21:16:53+08:00 ] 127.0.0.1 /bmap/index.php/Home/Login/loginbefore
INFO: [ app_init ] --START--
INFO: Run Behavior\BuildLiteBehavior [ RunTime:0.000000s ]
INFO: [ app_init ] --END-- [ RunTime:0.000977s ]

[ 2015-07-14T21:16:53+08:00 ] 127.0.0.1 /bmap/index.php/Home/Public/verify
INFO: [ app_init ] --START--
INFO: Run Behavior\BuildLiteBehavior [ RunTime:0.000000s ]
INFO: [ app_init ] --END-- [ RunTime:0.000976s ]

[ 2015-07-14T21:18:18+08:00 ] 127.0.0.1 /bmap/index.php/Home/Login/loginbefore
INFO: [ app_init ] --START--
INFO: Run Behavior\BuildLiteBehavior [ RunTime:0.000000s ]
INFO: [ app_init ] --END-- [ RunTime:0.001953s ]

[ 2015-07-14T21:18:19+08:00 ] 127.0.0.1 /bmap/index.php/Home/Public/verify
INFO: [ app_init ] --START--
INFO: Run Behavior\BuildLiteBehavior [ RunTime:0.000000s ]
INFO: [ app_init ] --END-- [ RunTime:0.000976s ]

[ 2015-07-14T21:20:07+08:00 ] 127.0.0.1 /bmap/index.php/Home/Login/loginbefore
INFO: [ app_init ] --START--
INFO: Run Behavior\BuildLiteBehavior [ RunTime:0.000000s ]
INFO: [ app_init ] --END-- [ RunTime:0.000977s ]

[ 2015-07-14T21:20:07+08:00 ] 127.0.0.1 /bmap/index.php/Home/Public/verify
INFO: [ app_init ] --START--
INFO: Run Behavior\BuildLiteBehavior [ RunTime:0.000000s ]
INFO: [ app_init ] --END-- [ RunTime:0.000977s ]

[ 2015-07-14T21:21:17+08:00 ] 127.0.0.1 /bmap/index.php/Home/Login/loginbefore
INFO: [ app_init ] --START--
INFO: Run Behavior\BuildLiteBehavior [ RunTime:0.000000s ]
INFO: [ app_init ] --END-- [ RunTime:0.000977s ]

[ 2015-07-14T21:21:17+08:00 ] 127.0.0.1 /bmap/index.php/Home/Public/verify
INFO: [ app_init ] --START--
INFO: Run Behavior\BuildLiteBehavior [ RunTime:0.000000s ]
INFO: [ app_init ] --END-- [ RunTime:0.000977s ]

[ 2015-07-14T21:21:39+08:00 ] 127.0.0.1 /bmap/index.php/Home/Login/loginbefore
INFO: [ app_init ] --START--
INFO: Run Behavior\BuildLiteBehavior [ RunTime:0.000000s ]
INFO: [ app_init ] --END-- [ RunTime:0.001953s ]

[ 2015-07-14T21:21:40+08:00 ] 127.0.0.1 /bmap/index.php/Home/Public/verify
INFO: [ app_init ] --START--
INFO: Run Behavior\BuildLiteBehavior [ RunTime:0.000000s ]
INFO: [ app_init ] --END-- [ RunTime:0.000977s ]

[ 2015-07-14T21:23:25+08:00 ] 127.0.0.1 /bmap/index.php/Home/Login/loginbefore
INFO: [ app_init ] --START--
INFO: Run Behavior\BuildLiteBehavior [ RunTime:0.000000s ]
INFO: [ app_init ] --END-- [ RunTime:0.000977s ]

[ 2015-07-14T21:23:25+08:00 ] 127.0.0.1 /bmap/index.php/Home/Public/verify
INFO: [ app_init ] --START--
INFO: Run Behavior\BuildLiteBehavior [ RunTime:0.000000s ]
INFO: [ app_init ] --END-- [ RunTime:0.000977s ]

[ 2015-07-14T21:25:18+08:00 ] 127.0.0.1 /bmap/index.php/Home/Login/loginbefore
INFO: [ app_init ] --START--
INFO: Run Behavior\BuildLiteBehavior [ RunTime:0.000000s ]
INFO: [ app_init ] --END-- [ RunTime:0.001953s ]

[ 2015-07-14T21:25:18+08:00 ] 127.0.0.1 /bmap/index.php/Home/Public/verify
INFO: [ app_init ] --START--
INFO: Run Behavior\BuildLiteBehavior [ RunTime:0.000000s ]
INFO: [ app_init ] --END-- [ RunTime:0.000977s ]

[ 2015-07-14T21:25:34+08:00 ] 127.0.0.1 /bmap/index.php/Home/Login/loginbefore
INFO: [ app_init ] --START--
INFO: Run Behavior\BuildLiteBehavior [ RunTime:0.000000s ]
INFO: [ app_init ] --END-- [ RunTime:0.000977s ]

[ 2015-07-14T21:25:34+08:00 ] 127.0.0.1 /bmap/index.php/Home/Public/verify
INFO: [ app_init ] --START--
INFO: Run Behavior\BuildLiteBehavior [ RunTime:0.000000s ]
INFO: [ app_init ] --END-- [ RunTime:0.000976s ]

[ 2015-07-14T21:31:49+08:00 ] 127.0.0.1 /bmap/index.php/Home/Login/loginbefore
INFO: [ app_init ] --START--
INFO: Run Behavior\BuildLiteBehavior [ RunTime:0.000000s ]
INFO: [ app_init ] --END-- [ RunTime:0.001953s ]

[ 2015-07-14T21:31:49+08:00 ] 127.0.0.1 /bmap/index.php/Home/Public/verify
INFO: [ app_init ] --START--
INFO: Run Behavior\BuildLiteBehavior [ RunTime:0.000977s ]
INFO: [ app_init ] --END-- [ RunTime:0.001953s ]

[ 2015-07-14T21:40:17+08:00 ] 127.0.0.1 /bmap/index.php/Home/Login/loginbefore
INFO: [ app_init ] --START--
INFO: Run Behavior\BuildLiteBehavior [ RunTime:0.000000s ]
INFO: [ app_init ] --END-- [ RunTime:0.000977s ]

[ 2015-07-14T21:40:17+08:00 ] 127.0.0.1 /bmap/index.php/Home/Public/verify
INFO: [ app_init ] --START--
INFO: Run Behavior\BuildLiteBehavior [ RunTime:0.000977s ]
INFO: [ app_init ] --END-- [ RunTime:0.000977s ]

[ 2015-07-14T21:41:03+08:00 ] 127.0.0.1 /bmap/index.php/Home/Login/loginbefore
INFO: [ app_init ] --START--
INFO: Run Behavior\BuildLiteBehavior [ RunTime:0.000000s ]
INFO: [ app_init ] --END-- [ RunTime:0.001953s ]

[ 2015-07-14T21:41:03+08:00 ] 127.0.0.1 /bmap/index.php/Home/Public/verify
INFO: [ app_init ] --START--
INFO: Run Behavior\BuildLiteBehavior [ RunTime:0.000000s ]
INFO: [ app_init ] --END-- [ RunTime:0.000977s ]

[ 2015-07-14T21:42:14+08:00 ] 127.0.0.1 /bmap/index.php/Home/Login/loginbefore
INFO: [ app_init ] --START--
INFO: Run Behavior\BuildLiteBehavior [ RunTime:0.000000s ]
INFO: [ app_init ] --END-- [ RunTime:0.000976s ]

[ 2015-07-14T21:42:14+08:00 ] 127.0.0.1 /bmap/index.php/Home/Public/verify
INFO: [ app_init ] --START--
INFO: Run Behavior\BuildLiteBehavior [ RunTime:0.000000s ]
INFO: [ app_init ] --END-- [ RunTime:0.000977s ]

[ 2015-07-14T21:44:38+08:00 ] 127.0.0.1 /bmap/index.php/Home/Login/loginbefore
INFO: [ app_init ] --START--
INFO: Run Behavior\BuildLiteBehavior [ RunTime:0.000000s ]
INFO: [ app_init ] --END-- [ RunTime:0.001953s ]

[ 2015-07-14T21:44:38+08:00 ] 127.0.0.1 /bmap/index.php/Home/Public/verify
INFO: [ app_init ] --START--
INFO: Run Behavior\BuildLiteBehavior [ RunTime:0.000000s ]
INFO: [ app_init ] --END-- [ RunTime:0.000976s ]

[ 2015-07-14T21:45:22+08:00 ] 127.0.0.1 /bmap/index.php/Home/Login/loginbefore
INFO: [ app_init ] --START--
INFO: Run Behavior\BuildLiteBehavior [ RunTime:0.000000s ]
INFO: [ app_init ] --END-- [ RunTime:0.001954s ]

[ 2015-07-14T21:45:22+08:00 ] 127.0.0.1 /bmap/index.php/Home/Public/verify
INFO: [ app_init ] --START--
INFO: Run Behavior\BuildLiteBehavior [ RunTime:0.000000s ]
INFO: [ app_init ] --END-- [ RunTime:0.000976s ]

[ 2015-07-14T21:47:38+08:00 ] 127.0.0.1 /bmap/index.php/Home/Login/loginbefore
INFO: [ app_init ] --START--
INFO: Run Behavior\BuildLiteBehavior [ RunTime:0.000000s ]
INFO: [ app_init ] --END-- [ RunTime:0.000977s ]

[ 2015-07-14T21:47:38+08:00 ] 127.0.0.1 /bmap/index.php/Home/Public/verify
INFO: [ app_init ] --START--
INFO: Run Behavior\BuildLiteBehavior [ RunTime:0.000000s ]
INFO: [ app_init ] --END-- [ RunTime:0.000977s ]

[ 2015-07-14T21:47:51+08:00 ] 127.0.0.1 /bmap/index.php/Home/Login/loginbefore
INFO: [ app_init ] --START--
INFO: Run Behavior\BuildLiteBehavior [ RunTime:0.000000s ]
INFO: [ app_init ] --END-- [ RunTime:0.000977s ]

[ 2015-07-14T21:47:52+08:00 ] 127.0.0.1 /bmap/index.php/Home/Public/verify
INFO: [ app_init ] --START--
INFO: Run Behavior\BuildLiteBehavior [ RunTime:0.000000s ]
INFO: [ app_init ] --END-- [ RunTime:0.000977s ]

[ 2015-07-14T21:48:43+08:00 ] 127.0.0.1 /bmap/index.php/Home/Login/loginbefore
INFO: [ app_init ] --START--
INFO: Run Behavior\BuildLiteBehavior [ RunTime:0.000000s ]
INFO: [ app_init ] --END-- [ RunTime:0.000976s ]

[ 2015-07-14T21:48:43+08:00 ] 127.0.0.1 /bmap/index.php/Home/Public/verify
INFO: [ app_init ] --START--
INFO: Run Behavior\BuildLiteBehavior [ RunTime:0.000000s ]
INFO: [ app_init ] --END-- [ RunTime:0.000977s ]

[ 2015-07-14T21:50:09+08:00 ] 127.0.0.1 /bmap/index.php/Home/Login/loginbefore
INFO: [ app_init ] --START--
INFO: Run Behavior\BuildLiteBehavior [ RunTime:0.000000s ]
INFO: [ app_init ] --END-- [ RunTime:0.000976s ]

[ 2015-07-14T21:50:09+08:00 ] 127.0.0.1 /bmap/index.php/Home/Public/verify
INFO: [ app_init ] --START--
INFO: Run Behavior\BuildLiteBehavior [ RunTime:0.000000s ]
INFO: [ app_init ] --END-- [ RunTime:0.000977s ]

[ 2015-07-14T21:51:34+08:00 ] 127.0.0.1 /bmap/index.php/Home/Login/loginbefore
INFO: [ app_init ] --START--
INFO: Run Behavior\BuildLiteBehavior [ RunTime:0.000000s ]
INFO: [ app_init ] --END-- [ RunTime:0.000976s ]

[ 2015-07-14T21:51:34+08:00 ] 127.0.0.1 /bmap/index.php/Home/Public/verify
INFO: [ app_init ] --START--
INFO: Run Behavior\BuildLiteBehavior [ RunTime:0.000000s ]
INFO: [ app_init ] --END-- [ RunTime:0.000976s ]

[ 2015-07-14T21:56:42+08:00 ] 127.0.0.1 /bmap/index.php/Home/Login/loginbefore
INFO: [ app_init ] --START--
INFO: Run Behavior\BuildLiteBehavior [ RunTime:0.000000s ]
INFO: [ app_init ] --END-- [ RunTime:0.001953s ]

[ 2015-07-14T21:56:42+08:00 ] 127.0.0.1 /bmap/index.php/Home/Public/verify
INFO: [ app_init ] --START--
INFO: Run Behavior\BuildLiteBehavior [ RunTime:0.000000s ]
INFO: [ app_init ] --END-- [ RunTime:0.000977s ]

[ 2015-07-14T21:59:58+08:00 ] 127.0.0.1 /bmap/index.php/Home/Login/loginbefore
INFO: [ app_init ] --START--
INFO: Run Behavior\BuildLiteBehavior [ RunTime:0.000000s ]
INFO: [ app_init ] --END-- [ RunTime:0.000977s ]

[ 2015-07-14T21:59:59+08:00 ] 127.0.0.1 /bmap/index.php/Home/Public/verify
INFO: [ app_init ] --START--
INFO: Run Behavior\BuildLiteBehavior [ RunTime:0.000976s ]
INFO: [ app_init ] --END-- [ RunTime:0.001953s ]

[ 2015-07-14T22:00:40+08:00 ] 127.0.0.1 /bmap/index.php/Home/Login/loginbefore
INFO: [ app_init ] --START--
INFO: Run Behavior\BuildLiteBehavior [ RunTime:0.000977s ]
INFO: [ app_init ] --END-- [ RunTime:0.001953s ]

[ 2015-07-14T22:00:40+08:00 ] 127.0.0.1 /bmap/index.php/Home/Public/verify
INFO: [ app_init ] --START--
INFO: Run Behavior\BuildLiteBehavior [ RunTime:0.000000s ]
INFO: [ app_init ] --END-- [ RunTime:0.000976s ]

[ 2015-07-14T22:03:33+08:00 ] 127.0.0.1 /bmap/index.php/Home/Login/loginbefore
INFO: [ app_init ] --START--
INFO: Run Behavior\BuildLiteBehavior [ RunTime:0.000000s ]
INFO: [ app_init ] --END-- [ RunTime:0.000976s ]

[ 2015-07-14T22:03:33+08:00 ] 127.0.0.1 /bmap/index.php/Home/Public/verify
INFO: [ app_init ] --START--
INFO: Run Behavior\BuildLiteBehavior [ RunTime:0.000000s ]
INFO: [ app_init ] --END-- [ RunTime:0.000976s ]

[ 2015-07-14T22:05:11+08:00 ] 127.0.0.1 /bmap/index.php/Home/Login/loginbefore
INFO: [ app_init ] --START--
INFO: Run Behavior\BuildLiteBehavior [ RunTime:0.000000s ]
INFO: [ app_init ] --END-- [ RunTime:0.000977s ]

[ 2015-07-14T22:05:11+08:00 ] 127.0.0.1 /bmap/index.php/Home/Public/verify
INFO: [ app_init ] --START--
INFO: Run Behavior\BuildLiteBehavior [ RunTime:0.000000s ]
INFO: [ app_init ] --END-- [ RunTime:0.000977s ]

[ 2015-07-14T22:05:25+08:00 ] 127.0.0.1 /bmap/index.php/Home/Login/loginbefore
INFO: [ app_init ] --START--
INFO: Run Behavior\BuildLiteBehavior [ RunTime:0.000000s ]
INFO: [ app_init ] --END-- [ RunTime:0.000977s ]

[ 2015-07-14T22:05:26+08:00 ] 127.0.0.1 /bmap/index.php/Home/Public/verify
INFO: [ app_init ] --START--
INFO: Run Behavior\BuildLiteBehavior [ RunTime:0.000000s ]
INFO: [ app_init ] --END-- [ RunTime:0.000976s ]

[ 2015-07-14T22:05:59+08:00 ] 127.0.0.1 /bmap/index.php/Home/Login/loginbefore
INFO: [ app_init ] --START--
INFO: Run Behavior\BuildLiteBehavior [ RunTime:0.000000s ]
INFO: [ app_init ] --END-- [ RunTime:0.000976s ]

[ 2015-07-14T22:05:59+08:00 ] 127.0.0.1 /bmap/index.php/Home/Public/verify
INFO: [ app_init ] --START--
INFO: Run Behavior\BuildLiteBehavior [ RunTime:0.000000s ]
INFO: [ app_init ] --END-- [ RunTime:0.000977s ]

[ 2015-07-14T22:06:38+08:00 ] 127.0.0.1 /bmap/index.php/Home/Login/loginbefore
INFO: [ app_init ] --START--
INFO: Run Behavior\BuildLiteBehavior [ RunTime:0.000000s ]
INFO: [ app_init ] --END-- [ RunTime:0.000977s ]

[ 2015-07-14T22:06:39+08:00 ] 127.0.0.1 /bmap/index.php/Home/Public/verify
INFO: [ app_init ] --START--
INFO: Run Behavior\BuildLiteBehavior [ RunTime:0.000000s ]
INFO: [ app_init ] --END-- [ RunTime:0.000976s ]

[ 2015-07-14T22:07:48+08:00 ] 127.0.0.1 /bmap/index.php/Home/Login/loginbefore
INFO: [ app_init ] --START--
INFO: Run Behavior\BuildLiteBehavior [ RunTime:0.000000s ]
INFO: [ app_init ] --END-- [ RunTime:0.000977s ]

[ 2015-07-14T22:07:48+08:00 ] 127.0.0.1 /bmap/index.php/Home/Public/verify
INFO: [ app_init ] --START--
INFO: Run Behavior\BuildLiteBehavior [ RunTime:0.000000s ]
INFO: [ app_init ] --END-- [ RunTime:0.000976s ]

[ 2015-07-14T22:07:53+08:00 ] 127.0.0.1 /bmap/index.php/Home/Login/loginbefore
INFO: [ app_init ] --START--
INFO: Run Behavior\BuildLiteBehavior [ RunTime:0.000000s ]
INFO: [ app_init ] --END-- [ RunTime:0.000976s ]

[ 2015-07-14T22:07:53+08:00 ] 127.0.0.1 /bmap/index.php/Home/Public/verify
INFO: [ app_init ] --START--
INFO: Run Behavior\BuildLiteBehavior [ RunTime:0.000000s ]
INFO: [ app_init ] --END-- [ RunTime:0.001953s ]

[ 2015-07-14T22:08:16+08:00 ] 127.0.0.1 /bmap/index.php/Home/Login/loginbefore
INFO: [ app_init ] --START--
INFO: Run Behavior\BuildLiteBehavior [ RunTime:0.000000s ]
INFO: [ app_init ] --END-- [ RunTime:0.000977s ]

[ 2015-07-14T22:08:16+08:00 ] 127.0.0.1 /bmap/index.php/Home/Public/verify
INFO: [ app_init ] --START--
INFO: Run Behavior\BuildLiteBehavior [ RunTime:0.000000s ]
INFO: [ app_init ] --END-- [ RunTime:0.001953s ]

[ 2015-07-14T22:08:30+08:00 ] 127.0.0.1 /bmap/index.php/Home/Login/loginbefore
INFO: [ app_init ] --START--
INFO: Run Behavior\BuildLiteBehavior [ RunTime:0.000000s ]
INFO: [ app_init ] --END-- [ RunTime:0.000977s ]

[ 2015-07-14T22:08:30+08:00 ] 127.0.0.1 /bmap/index.php/Home/Public/verify
INFO: [ app_init ] --START--
INFO: Run Behavior\BuildLiteBehavior [ RunTime:0.000000s ]
INFO: [ app_init ] --END-- [ RunTime:0.001953s ]

[ 2015-07-14T22:08:36+08:00 ] 127.0.0.1 /bmap/index.php/Home/Login/schoolInfo
INFO: [ app_init ] --START--
INFO: Run Behavior\BuildLiteBehavior [ RunTime:0.000000s ]
INFO: [ app_init ] --END-- [ RunTime:0.000977s ]
INFO: [ app_begin ] --START--
INFO: Run Behavior\ReadHtmlCacheBehavior [ RunTime:0.001953s ]
INFO: [ app_begin ] --END-- [ RunTime:0.001953s ]
SQL: select fields_name as "field",fields_type as "type",fields_not_null as "null",fields_key_name as "key",fields_default as "default",fields_default as "extra" from table_msg('tp_schools'); [ RunTime:0.6807s ]
SQL: SELECT location FROM tp_schools  [ RunTime:1.4336s ]
SQL: SELECT * FROM tp_schools  [ RunTime:0.0010s ]
SQL: select ST_AsText('010100002031BF0D0062669FC728825C40E544BB0A29A33640') [ RunTime:0.0029s ]
SQL: select ST_AsText('010100002031BF0D006C7A50508A825C408E5BCCCF0DA93640') [ RunTime:0.0010s ]
SQL: select ST_AsText('010100002031BF0D001E6B4606B9795C401ADD41EC4C953640') [ RunTime:0.0010s ]
SQL: select ST_AsText('010100002031BF0D00FF774485EA795C40FBCC599F72903640') [ RunTime:0.0010s ]
SQL: select ST_AsText('010100002031BF0D00B3D2A41474785C405BE9B5D958913640') [ RunTime:0.0010s ]
SQL: select ST_AsText('010100002031BF0D008869DFDC5F775C40D40CA9A278953640') [ RunTime:0.0010s ]
SQL: select ST_AsText('010100002031BF0D00D4450A65E1795C408BA8893E1FC93640') [ RunTime:0.0010s ]
SQL: select ST_AsText('010100002031BF0D00E06932E36D835C4097E4805D4DB63640') [ RunTime:0.0010s ]
SQL: select ST_AsText('010100002031BF0D001BBCAFCA85745C40BC1FB75F3EAD3640') [ RunTime:0.0010s ]
INFO: [ app_end ] --START--
INFO: Run Behavior\ShowPageTraceBehavior [ RunTime:0.000976s ]
INFO: [ app_end ] --END-- [ RunTime:0.000976s ]

[ 2015-07-14T22:12:10+08:00 ] 127.0.0.1 /bmap/index.php/Home/Login/loginbefore
INFO: [ app_init ] --START--
INFO: Run Behavior\BuildLiteBehavior [ RunTime:0.000000s ]
INFO: [ app_init ] --END-- [ RunTime:0.000977s ]

[ 2015-07-14T22:12:11+08:00 ] 127.0.0.1 /bmap/index.php/Home/Public/verify
INFO: [ app_init ] --START--
INFO: Run Behavior\BuildLiteBehavior [ RunTime:0.000000s ]
INFO: [ app_init ] --END-- [ RunTime:0.000976s ]

[ 2015-07-14T22:12:15+08:00 ] 127.0.0.1 /bmap/index.php/Home/Login/schoolInfo
INFO: [ app_init ] --START--
INFO: Run Behavior\BuildLiteBehavior [ RunTime:0.000000s ]
INFO: [ app_init ] --END-- [ RunTime:0.000977s ]
INFO: [ app_begin ] --START--
INFO: Run Behavior\ReadHtmlCacheBehavior [ RunTime:0.002930s ]
INFO: [ app_begin ] --END-- [ RunTime:0.002930s ]
SQL: select fields_name as "field",fields_type as "type",fields_not_null as "null",fields_key_name as "key",fields_default as "default",fields_default as "extra" from table_msg('tp_schools'); [ RunTime:0.1416s ]
SQL: SELECT location FROM tp_schools  [ RunTime:0.1572s ]
SQL: SELECT * FROM tp_schools  [ RunTime:0.0000s ]
SQL: select ST_AsText('010100002031BF0D0062669FC728825C40E544BB0A29A33640') [ RunTime:0.0000s ]
SQL: select ST_AsText('010100002031BF0D006C7A50508A825C408E5BCCCF0DA93640') [ RunTime:0.0000s ]
SQL: select ST_AsText('010100002031BF0D001E6B4606B9795C401ADD41EC4C953640') [ RunTime:0.0000s ]
SQL: select ST_AsText('010100002031BF0D00FF774485EA795C40FBCC599F72903640') [ RunTime:0.0000s ]
SQL: select ST_AsText('010100002031BF0D00B3D2A41474785C405BE9B5D958913640') [ RunTime:0.0000s ]
SQL: select ST_AsText('010100002031BF0D008869DFDC5F775C40D40CA9A278953640') [ RunTime:0.0000s ]
SQL: select ST_AsText('010100002031BF0D00D4450A65E1795C408BA8893E1FC93640') [ RunTime:0.0000s ]
SQL: select ST_AsText('010100002031BF0D00E06932E36D835C4097E4805D4DB63640') [ RunTime:0.0000s ]
SQL: select ST_AsText('010100002031BF0D001BBCAFCA85745C40BC1FB75F3EAD3640') [ RunTime:0.0000s ]
INFO: [ app_end ] --START--
INFO: Run Behavior\ShowPageTraceBehavior [ RunTime:0.016601s ]
INFO: [ app_end ] --END-- [ RunTime:0.016601s ]

[ 2015-07-14T22:12:37+08:00 ] 127.0.0.1 /bmap/index.php/Home/Login/loginbefore
INFO: [ app_init ] --START--
INFO: Run Behavior\BuildLiteBehavior [ RunTime:0.000000s ]
INFO: [ app_init ] --END-- [ RunTime:0.000977s ]

[ 2015-07-14T22:12:37+08:00 ] 127.0.0.1 /bmap/index.php/Home/Public/verify
INFO: [ app_init ] --START--
INFO: Run Behavior\BuildLiteBehavior [ RunTime:0.000000s ]
INFO: [ app_init ] --END-- [ RunTime:0.000977s ]

[ 2015-07-14T22:12:40+08:00 ] 127.0.0.1 /bmap/index.php/Home/Login/schoolInfo
INFO: [ app_init ] --START--
INFO: Run Behavior\BuildLiteBehavior [ RunTime:0.000000s ]
INFO: [ app_init ] --END-- [ RunTime:0.000976s ]
INFO: [ app_begin ] --START--
INFO: Run Behavior\ReadHtmlCacheBehavior [ RunTime:0.001954s ]
INFO: [ app_begin ] --END-- [ RunTime:0.001954s ]
SQL: select fields_name as "field",fields_type as "type",fields_not_null as "null",fields_key_name as "key",fields_default as "default",fields_default as "extra" from table_msg('tp_schools'); [ RunTime:0.1592s ]
SQL: SELECT location FROM tp_schools  [ RunTime:0.1406s ]
SQL: SELECT * FROM tp_schools  [ RunTime:0.0000s ]
SQL: select ST_AsText('010100002031BF0D0062669FC728825C40E544BB0A29A33640') [ RunTime:0.0000s ]
SQL: select ST_AsText('010100002031BF0D006C7A50508A825C408E5BCCCF0DA93640') [ RunTime:0.0000s ]
SQL: select ST_AsText('010100002031BF0D001E6B4606B9795C401ADD41EC4C953640') [ RunTime:0.0156s ]
SQL: select ST_AsText('010100002031BF0D00FF774485EA795C40FBCC599F72903640') [ RunTime:0.0000s ]
SQL: select ST_AsText('010100002031BF0D00B3D2A41474785C405BE9B5D958913640') [ RunTime:0.0000s ]
SQL: select ST_AsText('010100002031BF0D008869DFDC5F775C40D40CA9A278953640') [ RunTime:0.0000s ]
SQL: select ST_AsText('010100002031BF0D00D4450A65E1795C408BA8893E1FC93640') [ RunTime:0.0000s ]
SQL: select ST_AsText('010100002031BF0D00E06932E36D835C4097E4805D4DB63640') [ RunTime:0.0000s ]
SQL: select ST_AsText('010100002031BF0D001BBCAFCA85745C40BC1FB75F3EAD3640') [ RunTime:0.0000s ]
INFO: [ app_end ] --START--
INFO: Run Behavior\ShowPageTraceBehavior [ RunTime:0.000000s ]
INFO: [ app_end ] --END-- [ RunTime:0.000000s ]

[ 2015-07-14T22:12:46+08:00 ] 127.0.0.1 /bmap/index.php/Home/Login/loginbefore
INFO: [ app_init ] --START--
INFO: Run Behavior\BuildLiteBehavior [ RunTime:0.000000s ]
INFO: [ app_init ] --END-- [ RunTime:0.002929s ]

[ 2015-07-14T22:12:46+08:00 ] 127.0.0.1 /bmap/index.php/Home/Public/verify
INFO: [ app_init ] --START--
INFO: Run Behavior\BuildLiteBehavior [ RunTime:0.000000s ]
INFO: [ app_init ] --END-- [ RunTime:0.000977s ]

[ 2015-07-14T22:12:54+08:00 ] 127.0.0.1 /bmap/index.php/Home/Login/schoolInfo
INFO: [ app_init ] --START--
INFO: Run Behavior\BuildLiteBehavior [ RunTime:0.000000s ]
INFO: [ app_init ] --END-- [ RunTime:0.000977s ]
INFO: [ app_begin ] --START--
INFO: Run Behavior\ReadHtmlCacheBehavior [ RunTime:0.001953s ]
INFO: [ app_begin ] --END-- [ RunTime:0.001953s ]
SQL: select fields_name as "field",fields_type as "type",fields_not_null as "null",fields_key_name as "key",fields_default as "default",fields_default as "extra" from table_msg('tp_schools'); [ RunTime:0.1318s ]
SQL: SELECT location FROM tp_schools  [ RunTime:0.1426s ]
SQL: SELECT * FROM tp_schools  [ RunTime:0.0000s ]
SQL: select ST_AsText('010100002031BF0D0062669FC728825C40E544BB0A29A33640') [ RunTime:0.0000s ]
SQL: select ST_AsText('010100002031BF0D006C7A50508A825C408E5BCCCF0DA93640') [ RunTime:0.0166s ]
SQL: select ST_AsText('010100002031BF0D001E6B4606B9795C401ADD41EC4C953640') [ RunTime:0.0020s ]
SQL: select ST_AsText('010100002031BF0D00FF774485EA795C40FBCC599F72903640') [ RunTime:0.0000s ]
SQL: select ST_AsText('010100002031BF0D00B3D2A41474785C405BE9B5D958913640') [ RunTime:0.0156s ]
SQL: select ST_AsText('010100002031BF0D008869DFDC5F775C40D40CA9A278953640') [ RunTime:0.0000s ]
SQL: select ST_AsText('010100002031BF0D00D4450A65E1795C408BA8893E1FC93640') [ RunTime:0.0000s ]
SQL: select ST_AsText('010100002031BF0D00E06932E36D835C4097E4805D4DB63640') [ RunTime:0.0000s ]
SQL: select ST_AsText('010100002031BF0D001BBCAFCA85745C40BC1FB75F3EAD3640') [ RunTime:0.0000s ]
INFO: [ app_end ] --START--
INFO: Run Behavior\ShowPageTraceBehavior [ RunTime:0.000000s ]
INFO: [ app_end ] --END-- [ RunTime:0.000000s ]

[ 2015-07-14T22:17:03+08:00 ] 127.0.0.1 /bmap/index.php/Home/Login/loginbefore
INFO: [ app_init ] --START--
INFO: Run Behavior\BuildLiteBehavior [ RunTime:0.000000s ]
INFO: [ app_init ] --END-- [ RunTime:0.000977s ]

[ 2015-07-14T22:17:03+08:00 ] 127.0.0.1 /bmap/index.php/Home/Public/verify
INFO: [ app_init ] --START--
INFO: Run Behavior\BuildLiteBehavior [ RunTime:0.000000s ]
INFO: [ app_init ] --END-- [ RunTime:0.000977s ]

[ 2015-07-14T22:17:09+08:00 ] 127.0.0.1 /bmap/index.php/Home/Login/schoolInfo
INFO: [ app_init ] --START--
INFO: Run Behavior\BuildLiteBehavior [ RunTime:0.000000s ]
INFO: [ app_init ] --END-- [ RunTime:0.001953s ]
INFO: [ app_begin ] --START--
INFO: Run Behavior\ReadHtmlCacheBehavior [ RunTime:0.001953s ]
INFO: [ app_begin ] --END-- [ RunTime:0.001953s ]
SQL: select fields_name as "field",fields_type as "type",fields_not_null as "null",fields_key_name as "key",fields_default as "default",fields_default as "extra" from table_msg('tp_schools'); [ RunTime:0.1602s ]
SQL: SELECT location FROM tp_schools  [ RunTime:0.1729s ]
SQL: SELECT * FROM tp_schools  [ RunTime:0.0029s ]
SQL: select ST_AsText('010100002031BF0D0062669FC728825C40E544BB0A29A33640') [ RunTime:0.0039s ]
SQL: select ST_AsText('010100002031BF0D006C7A50508A825C408E5BCCCF0DA93640') [ RunTime:0.0010s ]
SQL: select ST_AsText('010100002031BF0D001E6B4606B9795C401ADD41EC4C953640') [ RunTime:0.0049s ]
SQL: select ST_AsText('010100002031BF0D00FF774485EA795C40FBCC599F72903640') [ RunTime:0.0020s ]
SQL: select ST_AsText('010100002031BF0D00B3D2A41474785C405BE9B5D958913640') [ RunTime:0.0020s ]
SQL: select ST_AsText('010100002031BF0D008869DFDC5F775C40D40CA9A278953640') [ RunTime:0.0020s ]
SQL: select ST_AsText('010100002031BF0D00D4450A65E1795C408BA8893E1FC93640') [ RunTime:0.0029s ]
SQL: select ST_AsText('010100002031BF0D00E06932E36D835C4097E4805D4DB63640') [ RunTime:0.0020s ]
SQL: select ST_AsText('010100002031BF0D001BBCAFCA85745C40BC1FB75F3EAD3640') [ RunTime:0.0020s ]
INFO: [ app_end ] --START--
INFO: Run Behavior\ShowPageTraceBehavior [ RunTime:0.000976s ]
INFO: [ app_end ] --END-- [ RunTime:0.000976s ]

[ 2015-07-14T22:19:10+08:00 ] 127.0.0.1 /bmap/index.php/Home/Login/loginbefore
INFO: [ app_init ] --START--
INFO: Run Behavior\BuildLiteBehavior [ RunTime:0.000000s ]
INFO: [ app_init ] --END-- [ RunTime:0.004883s ]

[ 2015-07-14T22:19:11+08:00 ] 127.0.0.1 /bmap/index.php/Home/Public/verify
INFO: [ app_init ] --START--
INFO: Run Behavior\BuildLiteBehavior [ RunTime:0.000000s ]
INFO: [ app_init ] --END-- [ RunTime:0.000976s ]

[ 2015-07-14T22:19:22+08:00 ] 127.0.0.1 /bmap/index.php/Home/Login/loginbefore
INFO: [ app_init ] --START--
INFO: Run Behavior\BuildLiteBehavior [ RunTime:0.000000s ]
INFO: [ app_init ] --END-- [ RunTime:0.000976s ]

[ 2015-07-14T22:19:22+08:00 ] 127.0.0.1 /bmap/index.php/Home/Public/verify
INFO: [ app_init ] --START--
INFO: Run Behavior\BuildLiteBehavior [ RunTime:0.000000s ]
INFO: [ app_init ] --END-- [ RunTime:0.000977s ]

[ 2015-07-14T22:19:35+08:00 ] 127.0.0.1 /bmap/index.php/Home/Login/loginbefore
INFO: [ app_init ] --START--
INFO: Run Behavior\BuildLiteBehavior [ RunTime:0.000000s ]
INFO: [ app_init ] --END-- [ RunTime:0.002929s ]

[ 2015-07-14T22:19:35+08:00 ] 127.0.0.1 /bmap/index.php/Home/Public/verify
INFO: [ app_init ] --START--
INFO: Run Behavior\BuildLiteBehavior [ RunTime:0.000000s ]
INFO: [ app_init ] --END-- [ RunTime:0.000977s ]

[ 2015-07-14T22:19:56+08:00 ] 127.0.0.1 /bmap/index.php/Home/Login/loginbefore
INFO: [ app_init ] --START--
INFO: Run Behavior\BuildLiteBehavior [ RunTime:0.000000s ]
INFO: [ app_init ] --END-- [ RunTime:0.000976s ]

[ 2015-07-14T22:19:56+08:00 ] 127.0.0.1 /bmap/index.php/Home/Public/verify
INFO: [ app_init ] --START--
INFO: Run Behavior\BuildLiteBehavior [ RunTime:0.000000s ]
INFO: [ app_init ] --END-- [ RunTime:0.000976s ]

[ 2015-07-14T22:20:49+08:00 ] 127.0.0.1 /bmap/index.php/Home/Login/loginbefore
INFO: [ app_init ] --START--
INFO: Run Behavior\BuildLiteBehavior [ RunTime:0.000000s ]
INFO: [ app_init ] --END-- [ RunTime:0.000977s ]

[ 2015-07-14T22:20:50+08:00 ] 127.0.0.1 /bmap/index.php/Home/Public/verify
INFO: [ app_init ] --START--
INFO: Run Behavior\BuildLiteBehavior [ RunTime:0.000000s ]
INFO: [ app_init ] --END-- [ RunTime:0.000976s ]

[ 2015-07-14T22:22:05+08:00 ] 127.0.0.1 /bmap/index.php/Home/Login/loginbefore
INFO: [ app_init ] --START--
INFO: Run Behavior\BuildLiteBehavior [ RunTime:0.000976s ]
INFO: [ app_init ] --END-- [ RunTime:0.001953s ]

[ 2015-07-14T22:22:05+08:00 ] 127.0.0.1 /bmap/index.php/Home/Public/verify
INFO: [ app_init ] --START--
INFO: Run Behavior\BuildLiteBehavior [ RunTime:0.000977s ]
INFO: [ app_init ] --END-- [ RunTime:0.001953s ]

[ 2015-07-14T22:24:39+08:00 ] 127.0.0.1 /bmap/index.php/Home/Login/loginbefore
INFO: [ app_init ] --START--
INFO: Run Behavior\BuildLiteBehavior [ RunTime:0.000000s ]
INFO: [ app_init ] --END-- [ RunTime:0.000976s ]

[ 2015-07-14T22:24:40+08:00 ] 127.0.0.1 /bmap/index.php/Home/Public/verify
INFO: [ app_init ] --START--
INFO: Run Behavior\BuildLiteBehavior [ RunTime:0.000000s ]
INFO: [ app_init ] --END-- [ RunTime:0.000976s ]

[ 2015-07-14T22:24:46+08:00 ] 127.0.0.1 /bmap/index.php/Home/Login/schoolInfo
INFO: [ app_init ] --START--
INFO: Run Behavior\BuildLiteBehavior [ RunTime:0.000000s ]
INFO: [ app_init ] --END-- [ RunTime:0.001953s ]
INFO: [ app_begin ] --START--
INFO: Run Behavior\ReadHtmlCacheBehavior [ RunTime:0.001953s ]
INFO: [ app_begin ] --END-- [ RunTime:0.001953s ]
SQL: select fields_name as "field",fields_type as "type",fields_not_null as "null",fields_key_name as "key",fields_default as "default",fields_default as "extra" from table_msg('tp_schools'); [ RunTime:0.2861s ]
SQL: SELECT location FROM tp_schools  [ RunTime:0.2051s ]
SQL: SELECT * FROM tp_schools  [ RunTime:0.0010s ]
SQL: select ST_AsText('010100002031BF0D0062669FC728825C40E544BB0A29A33640') [ RunTime:0.0020s ]
SQL: select ST_AsText('010100002031BF0D006C7A50508A825C408E5BCCCF0DA93640') [ RunTime:0.0020s ]
SQL: select ST_AsText('010100002031BF0D001E6B4606B9795C401ADD41EC4C953640') [ RunTime:0.0010s ]
SQL: select ST_AsText('010100002031BF0D00FF774485EA795C40FBCC599F72903640') [ RunTime:0.0010s ]
SQL: select ST_AsText('010100002031BF0D00B3D2A41474785C405BE9B5D958913640') [ RunTime:0.0010s ]
SQL: select ST_AsText('010100002031BF0D008869DFDC5F775C40D40CA9A278953640') [ RunTime:0.0000s ]
SQL: select ST_AsText('010100002031BF0D00D4450A65E1795C408BA8893E1FC93640') [ RunTime:0.0010s ]
SQL: select ST_AsText('010100002031BF0D00E06932E36D835C4097E4805D4DB63640') [ RunTime:0.0010s ]
SQL: select ST_AsText('010100002031BF0D001BBCAFCA85745C40BC1FB75F3EAD3640') [ RunTime:0.0000s ]
INFO: [ app_end ] --START--
INFO: Run Behavior\ShowPageTraceBehavior [ RunTime:0.001953s ]
INFO: [ app_end ] --END-- [ RunTime:0.001953s ]

[ 2015-07-14T22:29:40+08:00 ] 127.0.0.1 /bmap/index.php/Home/Login/loginbefore
INFO: [ app_init ] --START--
INFO: Run Behavior\BuildLiteBehavior [ RunTime:0.000000s ]
INFO: [ app_init ] --END-- [ RunTime:0.000976s ]

[ 2015-07-14T22:29:40+08:00 ] 127.0.0.1 /bmap/index.php/Home/Public/verify
INFO: [ app_init ] --START--
INFO: Run Behavior\BuildLiteBehavior [ RunTime:0.000976s ]
INFO: [ app_init ] --END-- [ RunTime:0.000976s ]

[ 2015-07-14T22:32:52+08:00 ] 127.0.0.1 /bmap/index.php/Home/Login/loginbefore
INFO: [ app_init ] --START--
INFO: Run Behavior\BuildLiteBehavior [ RunTime:0.000000s ]
INFO: [ app_init ] --END-- [ RunTime:0.060547s ]

[ 2015-07-14T22:32:52+08:00 ] 127.0.0.1 /bmap/index.php/Home/Public/verify
INFO: [ app_init ] --START--
INFO: Run Behavior\BuildLiteBehavior [ RunTime:0.000976s ]
INFO: [ app_init ] --END-- [ RunTime:0.001953s ]

[ 2015-07-14T22:34:40+08:00 ] 127.0.0.1 /bmap/index.php/Home/Login/loginbefore
INFO: [ app_init ] --START--
INFO: Run Behavior\BuildLiteBehavior [ RunTime:0.000000s ]
INFO: [ app_init ] --END-- [ RunTime:0.000976s ]

[ 2015-07-14T22:34:40+08:00 ] 127.0.0.1 /bmap/index.php/Home/Public/verify
INFO: [ app_init ] --START--
INFO: Run Behavior\BuildLiteBehavior [ RunTime:0.000000s ]
INFO: [ app_init ] --END-- [ RunTime:0.001953s ]

[ 2015-07-14T22:35:29+08:00 ] 127.0.0.1 /bmap/index.php/Home/Login/loginbefore
INFO: [ app_init ] --START--
INFO: Run Behavior\BuildLiteBehavior [ RunTime:0.000000s ]
INFO: [ app_init ] --END-- [ RunTime:0.001953s ]

[ 2015-07-14T22:35:29+08:00 ] 127.0.0.1 /bmap/index.php/Home/Public/verify
INFO: [ app_init ] --START--
INFO: Run Behavior\BuildLiteBehavior [ RunTime:0.000000s ]
INFO: [ app_init ] --END-- [ RunTime:0.000977s ]

[ 2015-07-14T22:35:53+08:00 ] 127.0.0.1 /bmap/index.php/Home/Login/loginbefore
INFO: [ app_init ] --START--
INFO: Run Behavior\BuildLiteBehavior [ RunTime:0.000000s ]
INFO: [ app_init ] --END-- [ RunTime:0.000976s ]

[ 2015-07-14T22:35:53+08:00 ] 127.0.0.1 /bmap/index.php/Home/Public/verify
INFO: [ app_init ] --START--
INFO: Run Behavior\BuildLiteBehavior [ RunTime:0.000000s ]
INFO: [ app_init ] --END-- [ RunTime:0.000977s ]

[ 2015-07-14T22:38:26+08:00 ] 127.0.0.1 /bmap/index.php/Home/Login/loginbefore
INFO: [ app_init ] --START--
INFO: Run Behavior\BuildLiteBehavior [ RunTime:0.000000s ]
INFO: [ app_init ] --END-- [ RunTime:0.001954s ]

[ 2015-07-14T22:38:26+08:00 ] 127.0.0.1 /bmap/index.php/Home/Public/verify
INFO: [ app_init ] --START--
INFO: Run Behavior\BuildLiteBehavior [ RunTime:0.000000s ]
INFO: [ app_init ] --END-- [ RunTime:0.001953s ]

[ 2015-07-14T22:38:55+08:00 ] 127.0.0.1 /bmap/index.php/Home/Login/loginbefore
INFO: [ app_init ] --START--
INFO: Run Behavior\BuildLiteBehavior [ RunTime:0.000000s ]
INFO: [ app_init ] --END-- [ RunTime:0.000976s ]

[ 2015-07-14T22:38:56+08:00 ] 127.0.0.1 /bmap/index.php/Home/Public/verify
INFO: [ app_init ] --START--
INFO: Run Behavior\BuildLiteBehavior [ RunTime:0.000000s ]
INFO: [ app_init ] --END-- [ RunTime:0.000977s ]

[ 2015-07-14T22:39:08+08:00 ] 127.0.0.1 /bmap/index.php/Home/Login/loginbefore
INFO: [ app_init ] --START--
INFO: Run Behavior\BuildLiteBehavior [ RunTime:0.000000s ]
INFO: [ app_init ] --END-- [ RunTime:0.001953s ]

[ 2015-07-14T22:39:08+08:00 ] 127.0.0.1 /bmap/index.php/Home/Public/verify
INFO: [ app_init ] --START--
INFO: Run Behavior\BuildLiteBehavior [ RunTime:0.000000s ]
INFO: [ app_init ] --END-- [ RunTime:0.001953s ]

[ 2015-07-14T22:40:31+08:00 ] 127.0.0.1 /bmap/index.php/Home/Login/loginbefore
INFO: [ app_init ] --START--
INFO: Run Behavior\BuildLiteBehavior [ RunTime:0.000000s ]
INFO: [ app_init ] --END-- [ RunTime:0.001953s ]

[ 2015-07-14T22:40:31+08:00 ] 127.0.0.1 /bmap/index.php/Home/Public/verify
INFO: [ app_init ] --START--
INFO: Run Behavior\BuildLiteBehavior [ RunTime:0.000000s ]
INFO: [ app_init ] --END-- [ RunTime:0.001953s ]

[ 2015-07-14T22:41:32+08:00 ] 127.0.0.1 /bmap/index.php/Home/Login/loginbefore
INFO: [ app_init ] --START--
INFO: Run Behavior\BuildLiteBehavior [ RunTime:0.000977s ]
INFO: [ app_init ] --END-- [ RunTime:0.000977s ]

[ 2015-07-14T22:41:33+08:00 ] 127.0.0.1 /bmap/index.php/Home/Public/verify
INFO: [ app_init ] --START--
INFO: Run Behavior\BuildLiteBehavior [ RunTime:0.000000s ]
INFO: [ app_init ] --END-- [ RunTime:0.001953s ]

[ 2015-07-14T22:44:39+08:00 ] 127.0.0.1 /bmap/index.php/Home/Login/loginbefore
INFO: [ app_init ] --START--
INFO: Run Behavior\BuildLiteBehavior [ RunTime:0.000000s ]
INFO: [ app_init ] --END-- [ RunTime:0.000977s ]

[ 2015-07-14T22:44:39+08:00 ] 127.0.0.1 /bmap/index.php/Home/Public/verify
INFO: [ app_init ] --START--
INFO: Run Behavior\BuildLiteBehavior [ RunTime:0.000000s ]
INFO: [ app_init ] --END-- [ RunTime:0.000976s ]

[ 2015-07-14T22:46:03+08:00 ] 127.0.0.1 /bmap/index.php/Home/Login/loginbefore
INFO: [ app_init ] --START--
INFO: Run Behavior\BuildLiteBehavior [ RunTime:0.000000s ]
INFO: [ app_init ] --END-- [ RunTime:0.000977s ]

[ 2015-07-14T22:46:03+08:00 ] 127.0.0.1 /bmap/index.php/Home/Public/verify
INFO: [ app_init ] --START--
INFO: Run Behavior\BuildLiteBehavior [ RunTime:0.000000s ]
INFO: [ app_init ] --END-- [ RunTime:0.002930s ]

[ 2015-07-14T22:46:40+08:00 ] 127.0.0.1 /bmap/index.php/Home/Login/loginbefore
INFO: [ app_init ] --START--
INFO: Run Behavior\BuildLiteBehavior [ RunTime:0.000000s ]
INFO: [ app_init ] --END-- [ RunTime:0.000977s ]

[ 2015-07-14T22:46:41+08:00 ] 127.0.0.1 /bmap/index.php/Home/Public/verify
INFO: [ app_init ] --START--
INFO: Run Behavior\BuildLiteBehavior [ RunTime:0.000000s ]
INFO: [ app_init ] --END-- [ RunTime:0.000976s ]

[ 2015-07-14T22:46:57+08:00 ] 127.0.0.1 /bmap/index.php/Home/Login/loginbefore
INFO: [ app_init ] --START--
INFO: Run Behavior\BuildLiteBehavior [ RunTime:0.000000s ]
INFO: [ app_init ] --END-- [ RunTime:0.000977s ]

[ 2015-07-14T22:46:57+08:00 ] 127.0.0.1 /bmap/index.php/Home/Public/verify
INFO: [ app_init ] --START--
INFO: Run Behavior\BuildLiteBehavior [ RunTime:0.000000s ]
INFO: [ app_init ] --END-- [ RunTime:0.000977s ]

[ 2015-07-14T22:47:17+08:00 ] 127.0.0.1 /bmap/index.php/Home/Login/loginbefore
INFO: [ app_init ] --START--
INFO: Run Behavior\BuildLiteBehavior [ RunTime:0.000000s ]
INFO: [ app_init ] --END-- [ RunTime:0.000976s ]

[ 2015-07-14T22:47:17+08:00 ] 127.0.0.1 /bmap/index.php/Home/Public/verify
INFO: [ app_init ] --START--
INFO: Run Behavior\BuildLiteBehavior [ RunTime:0.000000s ]
INFO: [ app_init ] --END-- [ RunTime:0.000976s ]

[ 2015-07-14T22:47:58+08:00 ] 127.0.0.1 /bmap/index.php/Home/Login/loginbefore
INFO: [ app_init ] --START--
INFO: Run Behavior\BuildLiteBehavior [ RunTime:0.000000s ]
INFO: [ app_init ] --END-- [ RunTime:0.000976s ]

[ 2015-07-14T22:47:58+08:00 ] 127.0.0.1 /bmap/index.php/Home/Public/verify
INFO: [ app_init ] --START--
INFO: Run Behavior\BuildLiteBehavior [ RunTime:0.000000s ]
INFO: [ app_init ] --END-- [ RunTime:0.002930s ]

[ 2015-07-14T22:48:12+08:00 ] 127.0.0.1 /bmap/index.php/Home/Login/loginbefore
INFO: [ app_init ] --START--
INFO: Run Behavior\BuildLiteBehavior [ RunTime:0.000000s ]
INFO: [ app_init ] --END-- [ RunTime:0.001953s ]

[ 2015-07-14T22:48:12+08:00 ] 127.0.0.1 /bmap/index.php/Home/Public/verify
INFO: [ app_init ] --START--
INFO: Run Behavior\BuildLiteBehavior [ RunTime:0.000000s ]
INFO: [ app_init ] --END-- [ RunTime:0.000977s ]

[ 2015-07-14T22:48:22+08:00 ] 127.0.0.1 /bmap/index.php/Home/Login/loginbefore
INFO: [ app_init ] --START--
INFO: Run Behavior\BuildLiteBehavior [ RunTime:0.000000s ]
INFO: [ app_init ] --END-- [ RunTime:0.001953s ]

[ 2015-07-14T22:48:22+08:00 ] 127.0.0.1 /bmap/index.php/Home/Public/verify
INFO: [ app_init ] --START--
INFO: Run Behavior\BuildLiteBehavior [ RunTime:0.000977s ]
INFO: [ app_init ] --END-- [ RunTime:0.001953s ]

[ 2015-07-14T22:49:34+08:00 ] 127.0.0.1 /bmap/index.php/Home/Login/loginbefore
INFO: [ app_init ] --START--
INFO: Run Behavior\BuildLiteBehavior [ RunTime:0.000000s ]
INFO: [ app_init ] --END-- [ RunTime:0.001953s ]

[ 2015-07-14T22:49:34+08:00 ] 127.0.0.1 /bmap/index.php/Home/Public/verify
INFO: [ app_init ] --START--
INFO: Run Behavior\BuildLiteBehavior [ RunTime:0.000000s ]
INFO: [ app_init ] --END-- [ RunTime:0.001953s ]

[ 2015-07-14T22:51:33+08:00 ] 127.0.0.1 /bmap/index.php/Home/Login/loginbefore
INFO: [ app_init ] --START--
INFO: Run Behavior\BuildLiteBehavior [ RunTime:0.000000s ]
INFO: [ app_init ] --END-- [ RunTime:0.000977s ]

[ 2015-07-14T22:51:33+08:00 ] 127.0.0.1 /bmap/index.php/Home/Public/verify
INFO: [ app_init ] --START--
INFO: Run Behavior\BuildLiteBehavior [ RunTime:0.000000s ]
INFO: [ app_init ] --END-- [ RunTime:0.000976s ]

[ 2015-07-14T22:52:36+08:00 ] 127.0.0.1 /bmap/index.php/Home/Login/loginbefore
INFO: [ app_init ] --START--
INFO: Run Behavior\BuildLiteBehavior [ RunTime:0.000000s ]
INFO: [ app_init ] --END-- [ RunTime:0.000976s ]

[ 2015-07-14T22:52:36+08:00 ] 127.0.0.1 /bmap/index.php/Home/Public/verify
INFO: [ app_init ] --START--
INFO: Run Behavior\BuildLiteBehavior [ RunTime:0.000000s ]
INFO: [ app_init ] --END-- [ RunTime:0.000976s ]

[ 2015-07-14T22:52:44+08:00 ] 127.0.0.1 /bmap/index.php/Home/Login/loginbefore
INFO: [ app_init ] --START--
INFO: Run Behavior\BuildLiteBehavior [ RunTime:0.000000s ]
INFO: [ app_init ] --END-- [ RunTime:0.001953s ]

[ 2015-07-14T22:52:44+08:00 ] 127.0.0.1 /bmap/index.php/Home/Public/verify
INFO: [ app_init ] --START--
INFO: Run Behavior\BuildLiteBehavior [ RunTime:0.000977s ]
INFO: [ app_init ] --END-- [ RunTime:0.000977s ]

[ 2015-07-14T22:52:59+08:00 ] 127.0.0.1 /bmap/index.php/Home/Login/loginbefore
INFO: [ app_init ] --START--
INFO: Run Behavior\BuildLiteBehavior [ RunTime:0.000000s ]
INFO: [ app_init ] --END-- [ RunTime:0.000976s ]

[ 2015-07-14T22:52:59+08:00 ] 127.0.0.1 /bmap/index.php/Home/Public/verify
INFO: [ app_init ] --START--
INFO: Run Behavior\BuildLiteBehavior [ RunTime:0.000000s ]
INFO: [ app_init ] --END-- [ RunTime:0.000977s ]

[ 2015-07-14T22:53:18+08:00 ] 127.0.0.1 /bmap/index.php/Home/Login/loginbefore
INFO: [ app_init ] --START--
INFO: Run Behavior\BuildLiteBehavior [ RunTime:0.000000s ]
INFO: [ app_init ] --END-- [ RunTime:0.000977s ]

[ 2015-07-14T22:53:18+08:00 ] 127.0.0.1 /bmap/index.php/Home/Public/verify
INFO: [ app_init ] --START--
INFO: Run Behavior\BuildLiteBehavior [ RunTime:0.000000s ]
INFO: [ app_init ] --END-- [ RunTime:0.000976s ]

[ 2015-07-14T22:53:33+08:00 ] 127.0.0.1 /bmap/index.php/Home/Login/loginbefore
INFO: [ app_init ] --START--
INFO: Run Behavior\BuildLiteBehavior [ RunTime:0.000000s ]
INFO: [ app_init ] --END-- [ RunTime:0.000977s ]

[ 2015-07-14T22:53:33+08:00 ] 127.0.0.1 /bmap/index.php/Home/Public/verify
INFO: [ app_init ] --START--
INFO: Run Behavior\BuildLiteBehavior [ RunTime:0.000000s ]
INFO: [ app_init ] --END-- [ RunTime:0.001953s ]

[ 2015-07-14T22:55:11+08:00 ] 127.0.0.1 /bmap/index.php/Home/Login/loginbefore
INFO: [ app_init ] --START--
INFO: Run Behavior\BuildLiteBehavior [ RunTime:0.000000s ]
INFO: [ app_init ] --END-- [ RunTime:0.000976s ]

[ 2015-07-14T22:55:11+08:00 ] 127.0.0.1 /bmap/index.php/Home/Public/verify
INFO: [ app_init ] --START--
INFO: Run Behavior\BuildLiteBehavior [ RunTime:0.000000s ]
INFO: [ app_init ] --END-- [ RunTime:0.001953s ]

[ 2015-07-14T22:55:45+08:00 ] 127.0.0.1 /bmap/index.php/Home/Login/loginbefore
INFO: [ app_init ] --START--
INFO: Run Behavior\BuildLiteBehavior [ RunTime:0.000000s ]
INFO: [ app_init ] --END-- [ RunTime:0.000977s ]

[ 2015-07-14T22:55:45+08:00 ] 127.0.0.1 /bmap/index.php/Home/Public/verify
INFO: [ app_init ] --START--
INFO: Run Behavior\BuildLiteBehavior [ RunTime:0.000000s ]
INFO: [ app_init ] --END-- [ RunTime:0.000976s ]

[ 2015-07-14T22:59:17+08:00 ] 127.0.0.1 /bmap/index.php/Home/Login/loginbefore
INFO: [ app_init ] --START--
INFO: Run Behavior\BuildLiteBehavior [ RunTime:0.000000s ]
INFO: [ app_init ] --END-- [ RunTime:0.000977s ]

[ 2015-07-14T22:59:17+08:00 ] 127.0.0.1 /bmap/index.php/Home/Public/verify
INFO: [ app_init ] --START--
INFO: Run Behavior\BuildLiteBehavior [ RunTime:0.000000s ]
INFO: [ app_init ] --END-- [ RunTime:0.001953s ]

[ 2015-07-14T23:00:22+08:00 ] 127.0.0.1 /bmap/index.php/Home/Login/loginbefore
INFO: [ app_init ] --START--
INFO: Run Behavior\BuildLiteBehavior [ RunTime:0.000000s ]
INFO: [ app_init ] --END-- [ RunTime:0.000977s ]

[ 2015-07-14T23:00:23+08:00 ] 127.0.0.1 /bmap/index.php/Home/Public/verify
INFO: [ app_init ] --START--
INFO: Run Behavior\BuildLiteBehavior [ RunTime:0.000000s ]
INFO: [ app_init ] --END-- [ RunTime:0.000976s ]

[ 2015-07-14T23:00:49+08:00 ] 127.0.0.1 /bmap/index.php/Home/Login/loginbefore
INFO: [ app_init ] --START--
INFO: Run Behavior\BuildLiteBehavior [ RunTime:0.000000s ]
INFO: [ app_init ] --END-- [ RunTime:0.000977s ]

[ 2015-07-14T23:00:49+08:00 ] 127.0.0.1 /bmap/index.php/Home/Public/verify
INFO: [ app_init ] --START--
INFO: Run Behavior\BuildLiteBehavior [ RunTime:0.000000s ]
INFO: [ app_init ] --END-- [ RunTime:0.000977s ]

[ 2015-07-14T23:03:55+08:00 ] 127.0.0.1 /bmap/index.php/Home/Login/loginbefore
INFO: [ app_init ] --START--
INFO: Run Behavior\BuildLiteBehavior [ RunTime:0.000000s ]
INFO: [ app_init ] --END-- [ RunTime:0.000976s ]

[ 2015-07-14T23:03:55+08:00 ] 127.0.0.1 /bmap/index.php/Home/Public/verify
INFO: [ app_init ] --START--
INFO: Run Behavior\BuildLiteBehavior [ RunTime:0.000000s ]
INFO: [ app_init ] --END-- [ RunTime:0.009766s ]

[ 2015-07-14T23:04:20+08:00 ] 127.0.0.1 /bmap/index.php/Home/Login/loginbefore
INFO: [ app_init ] --START--
INFO: Run Behavior\BuildLiteBehavior [ RunTime:0.000000s ]
INFO: [ app_init ] --END-- [ RunTime:0.000976s ]

[ 2015-07-14T23:04:20+08:00 ] 127.0.0.1 /bmap/index.php/Home/Public/verify
INFO: [ app_init ] --START--
INFO: Run Behavior\BuildLiteBehavior [ RunTime:0.000000s ]
INFO: [ app_init ] --END-- [ RunTime:0.000977s ]

[ 2015-07-14T23:04:56+08:00 ] 127.0.0.1 /bmap/index.php/Home/Login/loginbefore
INFO: [ app_init ] --START--
INFO: Run Behavior\BuildLiteBehavior [ RunTime:0.000000s ]
INFO: [ app_init ] --END-- [ RunTime:0.001953s ]

[ 2015-07-14T23:04:56+08:00 ] 127.0.0.1 /bmap/index.php/Home/Public/verify
INFO: [ app_init ] --START--
INFO: Run Behavior\BuildLiteBehavior [ RunTime:0.000000s ]
INFO: [ app_init ] --END-- [ RunTime:0.000977s ]

[ 2015-07-14T23:06:19+08:00 ] 127.0.0.1 /bmap/index.php/Home/Login/loginbefore
INFO: [ app_init ] --START--
INFO: Run Behavior\BuildLiteBehavior [ RunTime:0.000000s ]
INFO: [ app_init ] --END-- [ RunTime:0.000977s ]

[ 2015-07-14T23:06:19+08:00 ] 127.0.0.1 /bmap/index.php/Home/Public/verify
INFO: [ app_init ] --START--
INFO: Run Behavior\BuildLiteBehavior [ RunTime:0.000000s ]
INFO: [ app_init ] --END-- [ RunTime:0.000976s ]

[ 2015-07-14T23:06:40+08:00 ] 127.0.0.1 /bmap/index.php/Home/Login/loginbefore
INFO: [ app_init ] --START--
INFO: Run Behavior\BuildLiteBehavior [ RunTime:0.000000s ]
INFO: [ app_init ] --END-- [ RunTime:0.002930s ]

[ 2015-07-14T23:06:40+08:00 ] 127.0.0.1 /bmap/index.php/Home/Public/verify
INFO: [ app_init ] --START--
INFO: Run Behavior\BuildLiteBehavior [ RunTime:0.000000s ]
INFO: [ app_init ] --END-- [ RunTime:0.000977s ]

[ 2015-07-14T23:07:15+08:00 ] 127.0.0.1 /bmap/index.php/Home/Login/loginbefore
INFO: [ app_init ] --START--
INFO: Run Behavior\BuildLiteBehavior [ RunTime:0.000000s ]
INFO: [ app_init ] --END-- [ RunTime:0.000977s ]

[ 2015-07-14T23:07:15+08:00 ] 127.0.0.1 /bmap/index.php/Home/Public/verify
INFO: [ app_init ] --START--
INFO: Run Behavior\BuildLiteBehavior [ RunTime:0.000000s ]
INFO: [ app_init ] --END-- [ RunTime:0.005860s ]

[ 2015-07-14T23:07:34+08:00 ] 127.0.0.1 /bmap/index.php/Home/Login/loginbefore
INFO: [ app_init ] --START--
INFO: Run Behavior\BuildLiteBehavior [ RunTime:0.000000s ]
INFO: [ app_init ] --END-- [ RunTime:0.000977s ]

[ 2015-07-14T23:07:34+08:00 ] 127.0.0.1 /bmap/index.php/Home/Public/verify
INFO: [ app_init ] --START--
INFO: Run Behavior\BuildLiteBehavior [ RunTime:0.000000s ]
INFO: [ app_init ] --END-- [ RunTime:0.000977s ]

[ 2015-07-14T23:09:40+08:00 ] 127.0.0.1 /bmap/index.php/Home/Login/loginbefore
INFO: [ app_init ] --START--
INFO: Run Behavior\BuildLiteBehavior [ RunTime:0.000000s ]
INFO: [ app_init ] --END-- [ RunTime:0.000977s ]

[ 2015-07-14T23:09:41+08:00 ] 127.0.0.1 /bmap/index.php/Home/Public/verify
INFO: [ app_init ] --START--
INFO: Run Behavior\BuildLiteBehavior [ RunTime:0.000000s ]
INFO: [ app_init ] --END-- [ RunTime:0.000977s ]

[ 2015-07-14T23:12:25+08:00 ] 127.0.0.1 /bmap/index.php/Home/Login/loginbefore
INFO: [ app_init ] --START--
INFO: Run Behavior\BuildLiteBehavior [ RunTime:0.000000s ]
INFO: [ app_init ] --END-- [ RunTime:0.001953s ]

[ 2015-07-14T23:12:25+08:00 ] 127.0.0.1 /bmap/index.php/Home/Public/verify
INFO: [ app_init ] --START--
INFO: Run Behavior\BuildLiteBehavior [ RunTime:0.000000s ]
INFO: [ app_init ] --END-- [ RunTime:0.000976s ]

[ 2015-07-14T23:13:30+08:00 ] 127.0.0.1 /bmap/index.php/Home/Login/loginbefore
INFO: [ app_init ] --START--
INFO: Run Behavior\BuildLiteBehavior [ RunTime:0.000000s ]
INFO: [ app_init ] --END-- [ RunTime:0.000976s ]

[ 2015-07-14T23:13:30+08:00 ] 127.0.0.1 /bmap/index.php/Home/Public/verify
INFO: [ app_init ] --START--
INFO: Run Behavior\BuildLiteBehavior [ RunTime:0.000000s ]
INFO: [ app_init ] --END-- [ RunTime:0.000977s ]

[ 2015-07-14T23:13:56+08:00 ] 127.0.0.1 /bmap/index.php/Home/Login/loginbefore
INFO: [ app_init ] --START--
INFO: Run Behavior\BuildLiteBehavior [ RunTime:0.000000s ]
INFO: [ app_init ] --END-- [ RunTime:0.000977s ]

[ 2015-07-14T23:13:57+08:00 ] 127.0.0.1 /bmap/index.php/Home/Public/verify
INFO: [ app_init ] --START--
INFO: Run Behavior\BuildLiteBehavior [ RunTime:0.000000s ]
INFO: [ app_init ] --END-- [ RunTime:0.000977s ]

[ 2015-07-14T23:15:39+08:00 ] 127.0.0.1 /bmap/index.php/Home/Login/loginbefore
INFO: [ app_init ] --START--
INFO: Run Behavior\BuildLiteBehavior [ RunTime:0.000000s ]
INFO: [ app_init ] --END-- [ RunTime:0.000976s ]

[ 2015-07-14T23:15:40+08:00 ] 127.0.0.1 /bmap/index.php/Home/Public/verify
INFO: [ app_init ] --START--
INFO: Run Behavior\BuildLiteBehavior [ RunTime:0.000000s ]
INFO: [ app_init ] --END-- [ RunTime:0.001953s ]

[ 2015-07-14T23:16:26+08:00 ] 127.0.0.1 /bmap/index.php/Home/Login/loginbefore
INFO: [ app_init ] --START--
INFO: Run Behavior\BuildLiteBehavior [ RunTime:0.000000s ]
INFO: [ app_init ] --END-- [ RunTime:0.000976s ]

[ 2015-07-14T23:16:27+08:00 ] 127.0.0.1 /bmap/index.php/Home/Public/verify
INFO: [ app_init ] --START--
INFO: Run Behavior\BuildLiteBehavior [ RunTime:0.000000s ]
INFO: [ app_init ] --END-- [ RunTime:0.001954s ]

[ 2015-07-14T23:17:03+08:00 ] 127.0.0.1 /bmap/index.php/Home/Login/loginbefore
INFO: [ app_init ] --START--
INFO: Run Behavior\BuildLiteBehavior [ RunTime:0.000000s ]
INFO: [ app_init ] --END-- [ RunTime:0.000976s ]

[ 2015-07-14T23:17:03+08:00 ] 127.0.0.1 /bmap/index.php/Home/Public/verify
INFO: [ app_init ] --START--
INFO: Run Behavior\BuildLiteBehavior [ RunTime:0.000000s ]
INFO: [ app_init ] --END-- [ RunTime:0.000000s ]

[ 2015-07-14T23:20:14+08:00 ] 127.0.0.1 /bmap/index.php/Home/Login/loginbefore
INFO: [ app_init ] --START--
INFO: Run Behavior\BuildLiteBehavior [ RunTime:0.000977s ]
INFO: [ app_init ] --END-- [ RunTime:0.001953s ]

[ 2015-07-14T23:20:15+08:00 ] 127.0.0.1 /bmap/index.php/Home/Public/verify
INFO: [ app_init ] --START--
INFO: Run Behavior\BuildLiteBehavior [ RunTime:0.000000s ]
INFO: [ app_init ] --END-- [ RunTime:0.000977s ]

[ 2015-07-14T23:22:17+08:00 ] 127.0.0.1 /bmap/index.php/Home/Login/loginbefore
INFO: [ app_init ] --START--
INFO: Run Behavior\BuildLiteBehavior [ RunTime:0.000000s ]
INFO: [ app_init ] --END-- [ RunTime:0.000976s ]

[ 2015-07-14T23:22:17+08:00 ] 127.0.0.1 /bmap/index.php/Home/Public/verify
INFO: [ app_init ] --START--
INFO: Run Behavior\BuildLiteBehavior [ RunTime:0.000000s ]
INFO: [ app_init ] --END-- [ RunTime:0.000977s ]

[ 2015-07-14T23:24:46+08:00 ] 127.0.0.1 /bmap/index.php/Home/Login/loginbefore
INFO: [ app_init ] --START--
INFO: Run Behavior\BuildLiteBehavior [ RunTime:0.000000s ]
INFO: [ app_init ] --END-- [ RunTime:0.000977s ]

[ 2015-07-14T23:24:46+08:00 ] 127.0.0.1 /bmap/index.php/Home/Public/verify
INFO: [ app_init ] --START--
INFO: Run Behavior\BuildLiteBehavior [ RunTime:0.000000s ]
INFO: [ app_init ] --END-- [ RunTime:0.001953s ]

[ 2015-07-14T23:26:23+08:00 ] 127.0.0.1 /bmap/index.php/Home/Login/loginbefore
INFO: [ app_init ] --START--
INFO: Run Behavior\BuildLiteBehavior [ RunTime:0.000000s ]
INFO: [ app_init ] --END-- [ RunTime:0.002930s ]

[ 2015-07-14T23:26:23+08:00 ] 127.0.0.1 /bmap/index.php/Home/Public/verify
INFO: [ app_init ] --START--
INFO: Run Behavior\BuildLiteBehavior [ RunTime:0.000000s ]
INFO: [ app_init ] --END-- [ RunTime:0.000977s ]

[ 2015-07-14T23:26:52+08:00 ] 127.0.0.1 /bmap/index.php/Home/Login/loginbefore
INFO: [ app_init ] --START--
INFO: Run Behavior\BuildLiteBehavior [ RunTime:0.000976s ]
INFO: [ app_init ] --END-- [ RunTime:0.001953s ]

[ 2015-07-14T23:26:53+08:00 ] 127.0.0.1 /bmap/index.php/Home/Public/verify
INFO: [ app_init ] --START--
INFO: Run Behavior\BuildLiteBehavior [ RunTime:0.000000s ]
INFO: [ app_init ] --END-- [ RunTime:0.001953s ]

[ 2015-07-14T23:27:02+08:00 ] 127.0.0.1 /bmap/index.php/Home/Login/loginbefore
INFO: [ app_init ] --START--
INFO: Run Behavior\BuildLiteBehavior [ RunTime:0.000000s ]
INFO: [ app_init ] --END-- [ RunTime:0.002929s ]

[ 2015-07-14T23:27:02+08:00 ] 127.0.0.1 /bmap/index.php/Home/Public/verify
INFO: [ app_init ] --START--
INFO: Run Behavior\BuildLiteBehavior [ RunTime:0.000000s ]
INFO: [ app_init ] --END-- [ RunTime:0.000977s ]

[ 2015-07-14T23:27:09+08:00 ] 127.0.0.1 /bmap/index.php/Home/Login/loginbefore
INFO: [ app_init ] --START--
INFO: Run Behavior\BuildLiteBehavior [ RunTime:0.000000s ]
INFO: [ app_init ] --END-- [ RunTime:0.001953s ]

[ 2015-07-14T23:27:09+08:00 ] 127.0.0.1 /bmap/index.php/Home/Public/verify
INFO: [ app_init ] --START--
INFO: Run Behavior\BuildLiteBehavior [ RunTime:0.000000s ]
INFO: [ app_init ] --END-- [ RunTime:0.000977s ]

[ 2015-07-14T23:27:23+08:00 ] 127.0.0.1 /bmap/index.php/Home/Login/loginbefore
INFO: [ app_init ] --START--
INFO: Run Behavior\BuildLiteBehavior [ RunTime:0.000000s ]
INFO: [ app_init ] --END-- [ RunTime:0.000976s ]

[ 2015-07-14T23:27:23+08:00 ] 127.0.0.1 /bmap/index.php/Home/Public/verify
INFO: [ app_init ] --START--
INFO: Run Behavior\BuildLiteBehavior [ RunTime:0.000000s ]
INFO: [ app_init ] --END-- [ RunTime:0.000976s ]

[ 2015-07-14T23:27:36+08:00 ] 127.0.0.1 /bmap/index.php/Home/Login/loginbefore
INFO: [ app_init ] --START--
INFO: Run Behavior\BuildLiteBehavior [ RunTime:0.000000s ]
INFO: [ app_init ] --END-- [ RunTime:0.000976s ]

[ 2015-07-14T23:27:37+08:00 ] 127.0.0.1 /bmap/index.php/Home/Public/verify
INFO: [ app_init ] --START--
INFO: Run Behavior\BuildLiteBehavior [ RunTime:0.000000s ]
INFO: [ app_init ] --END-- [ RunTime:0.003906s ]

[ 2015-07-14T23:29:40+08:00 ] 127.0.0.1 /bmap/index.php/Home/Login/loginbefore
INFO: [ app_init ] --START--
INFO: Run Behavior\BuildLiteBehavior [ RunTime:0.000000s ]
INFO: [ app_init ] --END-- [ RunTime:0.001953s ]

[ 2015-07-14T23:29:40+08:00 ] 127.0.0.1 /bmap/index.php/Home/Public/verify
INFO: [ app_init ] --START--
INFO: Run Behavior\BuildLiteBehavior [ RunTime:0.000000s ]
INFO: [ app_init ] --END-- [ RunTime:0.000977s ]

[ 2015-07-14T23:31:49+08:00 ] 127.0.0.1 /bmap/index.php/Home/Login/loginbefore
INFO: [ app_init ] --START--
INFO: Run Behavior\BuildLiteBehavior [ RunTime:0.000000s ]
INFO: [ app_init ] --END-- [ RunTime:0.001953s ]

[ 2015-07-14T23:31:49+08:00 ] 127.0.0.1 /bmap/index.php/Home/Public/verify
INFO: [ app_init ] --START--
INFO: Run Behavior\BuildLiteBehavior [ RunTime:0.000000s ]
INFO: [ app_init ] --END-- [ RunTime:0.000976s ]

[ 2015-07-14T23:32:43+08:00 ] 127.0.0.1 /bmap/index.php/Home/Login/loginbefore
INFO: [ app_init ] --START--
INFO: Run Behavior\BuildLiteBehavior [ RunTime:0.000000s ]
INFO: [ app_init ] --END-- [ RunTime:0.000977s ]

[ 2015-07-14T23:32:43+08:00 ] 127.0.0.1 /bmap/index.php/Home/Public/verify
INFO: [ app_init ] --START--
INFO: Run Behavior\BuildLiteBehavior [ RunTime:0.000000s ]
INFO: [ app_init ] --END-- [ RunTime:0.000976s ]

[ 2015-07-14T23:33:53+08:00 ] 127.0.0.1 /bmap/index.php/Home/Login/loginbefore
INFO: [ app_init ] --START--
INFO: Run Behavior\BuildLiteBehavior [ RunTime:0.000000s ]
INFO: [ app_init ] --END-- [ RunTime:0.001953s ]

[ 2015-07-14T23:33:53+08:00 ] 127.0.0.1 /bmap/index.php/Home/Public/verify
INFO: [ app_init ] --START--
INFO: Run Behavior\BuildLiteBehavior [ RunTime:0.000000s ]
INFO: [ app_init ] --END-- [ RunTime:0.000977s ]

[ 2015-07-14T23:35:12+08:00 ] 127.0.0.1 /bmap/index.php/Home/Login/loginbefore
INFO: [ app_init ] --START--
INFO: Run Behavior\BuildLiteBehavior [ RunTime:0.000000s ]
INFO: [ app_init ] --END-- [ RunTime:0.000977s ]

[ 2015-07-14T23:35:13+08:00 ] 127.0.0.1 /bmap/index.php/Home/Public/verify
INFO: [ app_init ] --START--
INFO: Run Behavior\BuildLiteBehavior [ RunTime:0.000976s ]
INFO: [ app_init ] --END-- [ RunTime:0.000976s ]

[ 2015-07-14T23:38:06+08:00 ] 127.0.0.1 /bmap/index.php/Home/Login/loginbefore
INFO: [ app_init ] --START--
INFO: Run Behavior\BuildLiteBehavior [ RunTime:0.000000s ]
INFO: [ app_init ] --END-- [ RunTime:0.003907s ]

[ 2015-07-14T23:38:07+08:00 ] 127.0.0.1 /bmap/index.php/Home/Public/verify
INFO: [ app_init ] --START--
INFO: Run Behavior\BuildLiteBehavior [ RunTime:0.000000s ]
INFO: [ app_init ] --END-- [ RunTime:0.000977s ]

